2023-06-10 19:48:46 [34mdebug[39m: 	CharisPathWay API server is listening at http://:::5555
2023-06-10 19:50:48 [32minfo[39m: 	Requested URL : 
2023-06-10 19:50:48 [32minfo[39m: 	/names_basedon_role
2023-06-10 19:50:48 [32minfo[39m: 	Requested URL : 
2023-06-10 19:50:48 [32minfo[39m: 	/names_basedon_role
2023-06-10 19:50:48 [32minfo[39m: 	Requested URL : 
2023-06-10 19:50:48 [32minfo[39m: 	/names_basedon_role
2023-06-10 19:50:48 [32minfo[39m: 	Requested URL : 
2023-06-10 19:50:48 [32minfo[39m: 	/notification_display
2023-06-10 19:50:48 [32minfo[39m: 	Requested URL : 
2023-06-10 19:50:48 [32minfo[39m: 	/roles
2023-06-10 19:50:48 [32minfo[39m: 	Requested URL : 
2023-06-10 19:50:48 [32minfo[39m: 	/admin_reverted_list_get
2023-06-10 19:50:48 [32minfo[39m: 	SELECT * FROM roles_table where status=1;
2023-06-10 19:50:48 [32minfo[39m: 	select s.message,u.user_name as createdby,s.c_ts as createdtime,s.created_by as reciever_id,u.role as roleid from send_message_dtl_t as s 
join users_dtl_t as u on u.id=s.created_by
 where role_id=1  and name=1 order by s.id desc;
2023-06-10 19:50:48 [32minfo[39m: 	SELECT id,user_name,email FROM users_dtl_t where role=2 and is_active=1;
2023-06-10 19:50:48 [32minfo[39m: 	SELECT * FROM reverted_stud_csv_admin_t 
    where  student_interest='Future Followup' and is_active=1 order by checkbox_save desc;
2023-06-10 19:50:48 [32minfo[39m: 	SELECT id,user_name,email FROM users_dtl_t where role=3 and is_active=1;
2023-06-10 19:50:48 [32minfo[39m: 	SELECT id,user_name,email FROM users_dtl_t where role=4 and is_active=1;
2023-06-10 19:51:30 [32minfo[39m: 	Requested URL : 
2023-06-10 19:51:30 [32minfo[39m: 	/manage_roles_get
2023-06-10 19:51:30 [32minfo[39m: 	SELECT u.id,user_name,role,r.role_name,email,pwd,designation,c_ts as joined_date,phone_no,u.is_active
FROM users_dtl_t as u
join roles_table as r on r.id=u.role where role!=1 and u.is_active=1;
2023-06-10 19:52:35 [32minfo[39m: 	Requested URL : 
2023-06-10 19:52:35 [32minfo[39m: 	/login
2023-06-10 19:52:35 [32minfo[39m: 	SELECT * FROM users_dtl_t where email='Monika.charispathway@gmail.com'
2023-06-10 19:52:35 [32minfo[39m: 	SELECT * FROM users_dtl_t where email='Monika.charispathway@gmail.com' and pwd='1234' 
2023-06-10 19:52:35 [32minfo[39m: 	select * from users_dtl_t where id=1
2023-06-10 19:52:36 [32minfo[39m: 	Requested URL : 
2023-06-10 19:52:36 [32minfo[39m: 	/roles
2023-06-10 19:52:36 [32minfo[39m: 	Requested URL : 
2023-06-10 19:52:36 [32minfo[39m: 	/names_basedon_role
2023-06-10 19:52:36 [32minfo[39m: 	Requested URL : 
2023-06-10 19:52:36 [32minfo[39m: 	/admin_reverted_list_get
2023-06-10 19:52:36 [32minfo[39m: 	Requested URL : 
2023-06-10 19:52:36 [32minfo[39m: 	/names_basedon_role
2023-06-10 19:52:36 [32minfo[39m: 	Requested URL : 
2023-06-10 19:52:36 [32minfo[39m: 	/notification_display
2023-06-10 19:52:36 [32minfo[39m: 	Requested URL : 
2023-06-10 19:52:36 [32minfo[39m: 	/names_basedon_role
2023-06-10 19:52:36 [32minfo[39m: 	SELECT * FROM roles_table where status=1;
2023-06-10 19:52:36 [32minfo[39m: 	SELECT id,user_name,email FROM users_dtl_t where role=2 and is_active=1;
2023-06-10 19:52:36 [32minfo[39m: 	SELECT id,user_name,email FROM users_dtl_t where role=3 and is_active=1;
2023-06-10 19:52:36 [32minfo[39m: 	SELECT id,user_name,email FROM users_dtl_t where role=4 and is_active=1;
2023-06-10 19:52:36 [32minfo[39m: 	select s.message,u.user_name as createdby,s.c_ts as createdtime,s.created_by as reciever_id,u.role as roleid from send_message_dtl_t as s 
join users_dtl_t as u on u.id=s.created_by
 where role_id=1  and name=1 order by s.id desc;
2023-06-10 19:52:36 [32minfo[39m: 	SELECT * FROM reverted_stud_csv_admin_t 
    where  student_interest='Future Followup' and is_active=1 order by checkbox_save desc;
2023-06-10 19:52:40 [32minfo[39m: 	Requested URL : 
2023-06-10 19:52:40 [32minfo[39m: 	/assigned_stud_list_csv
2023-06-10 19:52:40 [32minfo[39m: 	select * from reverted_stud_csv_admin_t where is_active=1 and assigned_to is null
2023-06-10 19:52:46 [32minfo[39m: 	Requested URL : 
2023-06-10 19:52:46 [32minfo[39m: 	/assigned_stud_list_csv
2023-06-10 19:52:47 [32minfo[39m: 	select * from reverted_stud_csv_admin_t where is_active=1 and assigned_to is null
2023-06-10 19:54:16 [32minfo[39m: 	Requested URL : 
2023-06-10 19:54:16 [32minfo[39m: 	/assigned_stud_list_csv
2023-06-10 19:54:16 [32minfo[39m: 	select * from reverted_stud_csv_admin_t where is_active=1 and assigned_to is null
2023-06-10 19:54:18 [32minfo[39m: 	Requested URL : 
2023-06-10 19:54:18 [32minfo[39m: 	/admin_trackprocess_get
2023-06-10 19:54:18 [32minfo[39m: 	   SELECT u2.user_name as consultant_name,u1.user_name as advisor_name,re.assigned_time as 
  advisor_submit_toConsultant,re.cons_admin_trackdate as Consultant_submitted_date_toadmin,u.*,re.* ,stu.*
  FROM reverted_stud_csv_admin_t as re
   left join users_dtl_t as u on u.email = re.email_id
     left join users_dtl_t as u1 on u1.id = re.assigned_by
       left join users_dtl_t as u2 on u2.id = re.assigned_to
       left join student_dtl_t as stu on stu.c_by=u.id
   where track_in_progress=2;
2023-06-10 19:55:41 [32minfo[39m: 	Requested URL : 
2023-06-10 19:55:41 [32minfo[39m: 	/manage_roles_get
2023-06-10 19:55:41 [32minfo[39m: 	SELECT u.id,user_name,role,r.role_name,email,pwd,designation,c_ts as joined_date,phone_no,u.is_active
FROM users_dtl_t as u
join roles_table as r on r.id=u.role where role!=1 and u.is_active=1;
2023-06-10 19:57:12 [32minfo[39m: 	Requested URL : 
2023-06-10 19:57:12 [32minfo[39m: 	/roles
2023-06-10 19:57:12 [32minfo[39m: 	Requested URL : 
2023-06-10 19:57:12 [32minfo[39m: 	/names_basedon_role
2023-06-10 19:57:13 [32minfo[39m: 	SELECT * FROM roles_table where status=1;
2023-06-10 19:57:13 [32minfo[39m: 	Requested URL : 
2023-06-10 19:57:13 [32minfo[39m: 	/names_basedon_role
2023-06-10 19:57:13 [32minfo[39m: 	Requested URL : 
2023-06-10 19:57:13 [32minfo[39m: 	/names_basedon_role
2023-06-10 19:57:13 [32minfo[39m: 	Requested URL : 
2023-06-10 19:57:13 [32minfo[39m: 	/notification_display
2023-06-10 19:57:13 [32minfo[39m: 	Requested URL : 
2023-06-10 19:57:13 [32minfo[39m: 	/admin_reverted_list_get
2023-06-10 19:57:13 [32minfo[39m: 	SELECT id,user_name,email FROM users_dtl_t where role=2 and is_active=1;
2023-06-10 19:57:13 [32minfo[39m: 	SELECT id,user_name,email FROM users_dtl_t where role=3 and is_active=1;
2023-06-10 19:57:13 [32minfo[39m: 	SELECT id,user_name,email FROM users_dtl_t where role=4 and is_active=1;
2023-06-10 19:57:13 [32minfo[39m: 	select s.message,u.user_name as createdby,s.c_ts as createdtime,s.created_by as reciever_id,u.role as roleid from send_message_dtl_t as s 
join users_dtl_t as u on u.id=s.created_by
 where role_id=1  and name=1 order by s.id desc;
2023-06-10 19:57:13 [32minfo[39m: 	SELECT * FROM reverted_stud_csv_admin_t 
    where  student_interest='Future Followup' and is_active=1 order by checkbox_save desc;
2023-06-10 19:57:38 [32minfo[39m: 	Requested URL : 
2023-06-10 19:57:38 [32minfo[39m: 	/admincreateUser
2023-06-10 19:57:38 [32minfo[39m: 	SELECT * FROM users_dtl_t where email='Lekha.charispathway@gmail.com';
2023-06-10 19:57:38 [32minfo[39m: 	insert into users_dtl_t (email, pwd, role, user_name,designation, phone_no, joined_on,offerletter_upload,c_by) 
                values("Lekha.charispathway@gmail.com","U4nwS~!UHJ","2","Lekha","Advisor","9703252120","2023-06-10","./filestorage/create_user_upload20230610195738_Charispathway.pdf",1);
2023-06-10 19:57:38 [32minfo[39m: 	select * from users_dtl_t where id=139;
2023-06-10 19:57:38 [32minfo[39m: 	select * from users_dtl_t where id=1
2023-06-10 19:57:53 [32minfo[39m: 	Requested URL : 
2023-06-10 19:57:53 [32minfo[39m: 	/login
2023-06-10 19:57:53 [32minfo[39m: 	SELECT * FROM users_dtl_t where email='Lekha.charispathway@gmail.com'
2023-06-10 19:57:53 [32minfo[39m: 	SELECT * FROM users_dtl_t where email='Lekha.charispathway@gmail.com' and pwd='U4nwS~!UHJ' 
2023-06-10 19:57:53 [32minfo[39m: 	select * from users_dtl_t where id=1
2023-06-10 19:57:54 [32minfo[39m: 	Requested URL : 
2023-06-10 19:57:54 [32minfo[39m: 	/notification_display
2023-06-10 19:57:54 [32minfo[39m: 	Requested URL : 
2023-06-10 19:57:54 [32minfo[39m: 	/names_basedon_role
2023-06-10 19:57:54 [32minfo[39m: 	Requested URL : 
2023-06-10 19:57:54 [32minfo[39m: 	/names_basedon_role
2023-06-10 19:57:54 [32minfo[39m: 	SELECT id,user_name,email FROM users_dtl_t where role=3 and is_active=1;
2023-06-10 19:57:54 [32minfo[39m: 	SELECT id,user_name,email FROM users_dtl_t where role=2 and is_active=1;
2023-06-10 19:57:54 [32minfo[39m: 	select s.message,u.user_name as createdby,s.c_ts as createdtime,s.created_by as reciever_id,u.role as roleid from send_message_dtl_t as s 
join users_dtl_t as u on u.id=s.created_by
 where role_id=2  and name=139 order by s.id desc;
2023-06-10 19:57:55 [32minfo[39m: 	Requested URL : 
2023-06-10 19:57:55 [32minfo[39m: 	/manage_roles_get
2023-06-10 19:57:55 [32minfo[39m: 	SELECT u.id,user_name,role,r.role_name,email,pwd,designation,c_ts as joined_date,phone_no,u.is_active
FROM users_dtl_t as u
join roles_table as r on r.id=u.role where role!=1 and u.is_active=1;
2023-06-10 19:59:10 [32minfo[39m: 	Requested URL : 
2023-06-10 19:59:10 [32minfo[39m: 	/admincreateUser
2023-06-10 19:59:10 [32minfo[39m: 	SELECT * FROM users_dtl_t where email='sandeepcharispathway@gmail.com';
2023-06-10 19:59:10 [32minfo[39m: 	insert into users_dtl_t (email, pwd, role, user_name,designation, phone_no, joined_on,offerletter_upload,c_by) 
                values("sandeepcharispathway@gmail.com","MYB#LIwUU-","3","sandeep","Consutant","9390038284","2023-06-10","./filestorage/create_user_upload20230610195910_Charispathway.pdf",1);
2023-06-10 19:59:10 [32minfo[39m: 	select * from users_dtl_t where id=140;
2023-06-10 19:59:10 [32minfo[39m: 	select * from users_dtl_t where id=1
2023-06-10 19:59:40 [32minfo[39m: 	Requested URL : 
2023-06-10 19:59:40 [32minfo[39m: 	/notification_display
2023-06-10 19:59:40 [32minfo[39m: 	select s.message,u.user_name as createdby,s.c_ts as createdtime,s.created_by as reciever_id,u.role as roleid from send_message_dtl_t as s 
join users_dtl_t as u on u.id=s.created_by
 where role_id=3  and name=116 order by s.id desc;
2023-06-10 19:59:53 [32minfo[39m: 	Requested URL : 
2023-06-10 19:59:53 [32minfo[39m: 	/login
2023-06-10 19:59:53 [32minfo[39m: 	SELECT * FROM users_dtl_t where email='sandeepcharispathway@gmail.com'
2023-06-10 19:59:53 [32minfo[39m: 	SELECT * FROM users_dtl_t where email='sandeepcharispathway@gmail.com' and pwd='MYB#LIwUU-' 
2023-06-10 19:59:53 [32minfo[39m: 	select * from users_dtl_t where id=1
2023-06-10 19:59:54 [32minfo[39m: 	Requested URL : 
2023-06-10 19:59:54 [32minfo[39m: 	/notification_display
2023-06-10 19:59:54 [32minfo[39m: 	select s.message,u.user_name as createdby,s.c_ts as createdtime,s.created_by as reciever_id,u.role as roleid from send_message_dtl_t as s 
join users_dtl_t as u on u.id=s.created_by
 where role_id=3  and name=140 order by s.id desc;
2023-06-10 20:01:24 [32minfo[39m: 	Requested URL : 
2023-06-10 20:01:24 [32minfo[39m: 	/assigned_stud_list_csv
2023-06-10 20:01:24 [32minfo[39m: 	select * from reverted_stud_csv_admin_t where is_active=1 and assigned_to is null
2023-06-10 20:01:36 [32minfo[39m: 	Requested URL : 
2023-06-10 20:01:36 [32minfo[39m: 	/admin_csv_upload
2023-06-10 20:01:36 [32minfo[39m: 	SET GLOBAL local_infile=1;
2023-06-10 20:01:36 [32minfo[39m: 	LOAD DATA LOCAL INFILE "filestorage/adminCSV/20230610200136_Bookcopy.csv" INTO TABLE reverted_stud_csv_admin_t 
    FIELDS TERMINATED BY ',' 
    LINES TERMINATED BY '
' 
    IGNORE 1 LINES
    (Studen_Name, phone_no, email_id, country_interested);
2023-06-10 20:01:37 [32minfo[39m: 	Requested URL : 
2023-06-10 20:01:37 [32minfo[39m: 	/assigned_stud_list_csv
2023-06-10 20:01:37 [32minfo[39m: 	select * from reverted_stud_csv_admin_t where is_active=1 and assigned_to is null
2023-06-10 20:01:43 [32minfo[39m: 	Requested URL : 
2023-06-10 20:01:43 [32minfo[39m: 	/assigned_stud_list_csv
2023-06-10 20:01:43 [32minfo[39m: 	select * from reverted_stud_csv_admin_t where is_active=1 and assigned_to is null
2023-06-10 20:01:46 [32minfo[39m: 	Requested URL : 
2023-06-10 20:01:46 [32minfo[39m: 	/assigned_stud_list_csv
2023-06-10 20:01:46 [32minfo[39m: 	select * from reverted_stud_csv_admin_t where is_active=1 and assigned_to is null
2023-06-10 20:01:53 [32minfo[39m: 	Requested URL : 
2023-06-10 20:01:53 [32minfo[39m: 	/manage_roles_get
2023-06-10 20:01:53 [32minfo[39m: 	SELECT u.id,user_name,role,r.role_name,email,pwd,designation,c_ts as joined_date,phone_no,u.is_active
FROM users_dtl_t as u
join roles_table as r on r.id=u.role where role!=1 and u.is_active=1;
2023-06-10 20:02:00 [32minfo[39m: 	Requested URL : 
2023-06-10 20:02:00 [32minfo[39m: 	/admin_csv_upload
2023-06-10 20:02:00 [32minfo[39m: 	SET GLOBAL local_infile=1;
2023-06-10 20:02:00 [32minfo[39m: 	LOAD DATA LOCAL INFILE "filestorage/adminCSV/20230610200200_latest_csv.csv" INTO TABLE reverted_stud_csv_admin_t 
    FIELDS TERMINATED BY ',' 
    LINES TERMINATED BY '
' 
    IGNORE 1 LINES
    (Studen_Name, phone_no, email_id, country_interested);
2023-06-10 20:02:01 [32minfo[39m: 	Requested URL : 
2023-06-10 20:02:01 [32minfo[39m: 	/assigned_stud_list_csv
2023-06-10 20:02:01 [32minfo[39m: 	select * from reverted_stud_csv_admin_t where is_active=1 and assigned_to is null
2023-06-10 20:24:17 [32minfo[39m: 	Requested URL : 
2023-06-10 20:24:17 [32minfo[39m: 	/assigned_stud_list_csv
2023-06-10 20:24:18 [32minfo[39m: 	select * from reverted_stud_csv_admin_t where is_active=1 and assigned_to is null
2023-06-10 20:37:43 [32minfo[39m: 	Requested URL : 
2023-06-10 20:37:43 [32minfo[39m: 	/assigned_stud_list_csv
2023-06-10 20:37:43 [32minfo[39m: 	select * from reverted_stud_csv_admin_t where is_active=1 and assigned_to is null
2023-06-10 20:42:26 [32minfo[39m: 	Requested URL : 
2023-06-10 20:42:26 [32minfo[39m: 	/names_basedon_role
2023-06-10 20:42:26 [32minfo[39m: 	Requested URL : 
2023-06-10 20:42:26 [32minfo[39m: 	/names_basedon_role
2023-06-10 20:42:26 [32minfo[39m: 	Requested URL : 
2023-06-10 20:42:26 [32minfo[39m: 	/names_basedon_role
2023-06-10 20:42:26 [32minfo[39m: 	Requested URL : 
2023-06-10 20:42:26 [32minfo[39m: 	/roles
2023-06-10 20:42:26 [32minfo[39m: 	Requested URL : 
2023-06-10 20:42:26 [32minfo[39m: 	/notification_display
2023-06-10 20:42:26 [32minfo[39m: 	Requested URL : 
2023-06-10 20:42:26 [32minfo[39m: 	/admin_reverted_list_get
2023-06-10 20:42:26 [32minfo[39m: 	SELECT * FROM reverted_stud_csv_admin_t 
    where  student_interest='Future Followup' and is_active=1 order by checkbox_save desc;
2023-06-10 20:42:26 [32minfo[39m: 	SELECT id,user_name,email FROM users_dtl_t where role=4 and is_active=1;
2023-06-10 20:42:26 [32minfo[39m: 	SELECT * FROM roles_table where status=1;
2023-06-10 20:42:26 [32minfo[39m: 	SELECT id,user_name,email FROM users_dtl_t where role=3 and is_active=1;
2023-06-10 20:42:26 [32minfo[39m: 	SELECT id,user_name,email FROM users_dtl_t where role=2 and is_active=1;
2023-06-10 20:42:27 [32minfo[39m: 	select s.message,u.user_name as createdby,s.c_ts as createdtime,s.created_by as reciever_id,u.role as roleid from send_message_dtl_t as s 
join users_dtl_t as u on u.id=s.created_by
 where role_id=1  and name=1 order by s.id desc;
2023-06-10 20:42:29 [32minfo[39m: 	Requested URL : 
2023-06-10 20:42:29 [32minfo[39m: 	/assigned_stud_list_csv
2023-06-10 20:42:29 [32minfo[39m: 	select * from reverted_stud_csv_admin_t where is_active=1 and assigned_to is null
2023-06-10 20:53:45 [32minfo[39m: 	Requested URL : 
2023-06-10 20:53:45 [32minfo[39m: 	/assigned_stud_list_csv
2023-06-10 20:53:46 [32minfo[39m: 	select * from reverted_stud_csv_admin_t where is_active=1 and assigned_to is null
2023-06-10 20:54:07 [32minfo[39m: 	Requested URL : 
2023-06-10 20:54:07 [32minfo[39m: 	/names_basedon_role
2023-06-10 20:54:07 [32minfo[39m: 	Requested URL : 
2023-06-10 20:54:07 [32minfo[39m: 	/names_basedon_role
2023-06-10 20:54:07 [32minfo[39m: 	Requested URL : 
2023-06-10 20:54:07 [32minfo[39m: 	/roles
2023-06-10 20:54:07 [32minfo[39m: 	Requested URL : 
2023-06-10 20:54:07 [32minfo[39m: 	/admin_reverted_list_get
2023-06-10 20:54:07 [32minfo[39m: 	Requested URL : 
2023-06-10 20:54:07 [32minfo[39m: 	/names_basedon_role
2023-06-10 20:54:07 [32minfo[39m: 	Requested URL : 
2023-06-10 20:54:07 [32minfo[39m: 	/notification_display
2023-06-10 20:54:07 [32minfo[39m: 	SELECT id,user_name,email FROM users_dtl_t where role=2 and is_active=1;
2023-06-10 20:54:07 [32minfo[39m: 	SELECT * FROM roles_table where status=1;
2023-06-10 20:54:07 [32minfo[39m: 	SELECT id,user_name,email FROM users_dtl_t where role=3 and is_active=1;
2023-06-10 20:54:07 [32minfo[39m: 	SELECT id,user_name,email FROM users_dtl_t where role=4 and is_active=1;
2023-06-10 20:54:07 [32minfo[39m: 	select s.message,u.user_name as createdby,s.c_ts as createdtime,s.created_by as reciever_id,u.role as roleid from send_message_dtl_t as s 
join users_dtl_t as u on u.id=s.created_by
 where role_id=1  and name=1 order by s.id desc;
2023-06-10 20:54:07 [32minfo[39m: 	SELECT * FROM reverted_stud_csv_admin_t 
    where  student_interest='Future Followup' and is_active=1 order by checkbox_save desc;
2023-06-10 20:54:17 [32minfo[39m: 	Requested URL : 
2023-06-10 20:54:17 [32minfo[39m: 	/assigned_stud_list_csv
2023-06-10 20:54:17 [32minfo[39m: 	select * from reverted_stud_csv_admin_t where is_active=1 and assigned_to is null
2023-06-10 20:55:06 [32minfo[39m: 	Requested URL : 
2023-06-10 20:55:06 [32minfo[39m: 	/roles
2023-06-10 20:55:06 [32minfo[39m: 	Requested URL : 
2023-06-10 20:55:06 [32minfo[39m: 	/names_basedon_role
2023-06-10 20:55:06 [32minfo[39m: 	Requested URL : 
2023-06-10 20:55:06 [32minfo[39m: 	/names_basedon_role
2023-06-10 20:55:06 [32minfo[39m: 	Requested URL : 
2023-06-10 20:55:06 [32minfo[39m: 	/admin_reverted_list_get
2023-06-10 20:55:06 [32minfo[39m: 	Requested URL : 
2023-06-10 20:55:06 [32minfo[39m: 	/names_basedon_role
2023-06-10 20:55:06 [32minfo[39m: 	SELECT * FROM roles_table where status=1;
2023-06-10 20:55:06 [32minfo[39m: 	Requested URL : 
2023-06-10 20:55:06 [32minfo[39m: 	/notification_display
2023-06-10 20:55:06 [32minfo[39m: 	SELECT id,user_name,email FROM users_dtl_t where role=2 and is_active=1;
2023-06-10 20:55:06 [32minfo[39m: 	SELECT id,user_name,email FROM users_dtl_t where role=3 and is_active=1;
2023-06-10 20:55:06 [32minfo[39m: 	SELECT id,user_name,email FROM users_dtl_t where role=4 and is_active=1;
2023-06-10 20:55:06 [32minfo[39m: 	SELECT * FROM reverted_stud_csv_admin_t 
    where  student_interest='Future Followup' and is_active=1 order by checkbox_save desc;
2023-06-10 20:55:06 [32minfo[39m: 	select s.message,u.user_name as createdby,s.c_ts as createdtime,s.created_by as reciever_id,u.role as roleid from send_message_dtl_t as s 
join users_dtl_t as u on u.id=s.created_by
 where role_id=1  and name=1 order by s.id desc;
2023-06-10 20:55:08 [32minfo[39m: 	Requested URL : 
2023-06-10 20:55:08 [32minfo[39m: 	/assigned_stud_list_csv
2023-06-10 20:55:08 [32minfo[39m: 	select * from reverted_stud_csv_admin_t where is_active=1 and assigned_to is null
2023-06-10 20:55:22 [32minfo[39m: 	Requested URL : 
2023-06-10 20:55:22 [32minfo[39m: 	/assigned_stud_list_csv
2023-06-10 20:55:23 [32minfo[39m: 	select * from reverted_stud_csv_admin_t where is_active=1 and assigned_to is null
2023-06-10 20:58:06 [32minfo[39m: 	Requested URL : 
2023-06-10 20:58:06 [32minfo[39m: 	/roles
2023-06-10 20:58:06 [32minfo[39m: 	Requested URL : 
2023-06-10 20:58:06 [32minfo[39m: 	/names_basedon_role
2023-06-10 20:58:06 [32minfo[39m: 	Requested URL : 
2023-06-10 20:58:06 [32minfo[39m: 	/names_basedon_role
2023-06-10 20:58:06 [32minfo[39m: 	Requested URL : 
2023-06-10 20:58:06 [32minfo[39m: 	/names_basedon_role
2023-06-10 20:58:06 [32minfo[39m: 	Requested URL : 
2023-06-10 20:58:06 [32minfo[39m: 	/notification_display
2023-06-10 20:58:06 [32minfo[39m: 	Requested URL : 
2023-06-10 20:58:06 [32minfo[39m: 	/admin_reverted_list_get
2023-06-10 20:58:06 [32minfo[39m: 	SELECT id,user_name,email FROM users_dtl_t where role=2 and is_active=1;
2023-06-10 20:58:06 [32minfo[39m: 	SELECT * FROM roles_table where status=1;
2023-06-10 20:58:06 [32minfo[39m: 	SELECT id,user_name,email FROM users_dtl_t where role=4 and is_active=1;
2023-06-10 20:58:06 [32minfo[39m: 	SELECT id,user_name,email FROM users_dtl_t where role=3 and is_active=1;
2023-06-10 20:58:06 [32minfo[39m: 	select s.message,u.user_name as createdby,s.c_ts as createdtime,s.created_by as reciever_id,u.role as roleid from send_message_dtl_t as s 
join users_dtl_t as u on u.id=s.created_by
 where role_id=1  and name=1 order by s.id desc;
2023-06-10 20:58:06 [32minfo[39m: 	SELECT * FROM reverted_stud_csv_admin_t 
    where  student_interest='Future Followup' and is_active=1 order by checkbox_save desc;
2023-06-10 20:58:09 [32minfo[39m: 	Requested URL : 
2023-06-10 20:58:09 [32minfo[39m: 	/assigned_stud_list_csv
2023-06-10 20:58:10 [32minfo[39m: 	select * from reverted_stud_csv_admin_t where is_active=1 and assigned_to is null
2023-06-10 22:01:16 [32minfo[39m: 	Requested URL : 
2023-06-10 22:01:16 [32minfo[39m: 	/trackProcess
2023-06-10 22:01:16 [32minfo[39m: 	 SELECT r.id as prima,r.phone_no as pho,r.*,u.*,stu.* FROM reverted_stud_csv_admin_t  as r
  left join users_dtl_t as u on u.email=r.email_id
  left join student_dtl_t as stu on stu.c_by=u.id
where student_interest="Yes" and assign_indicator=1 and assigned_to=139;
2023-06-10 22:01:25 [32minfo[39m: 	Requested URL : 
2023-06-10 22:01:25 [32minfo[39m: 	/count_check_advisor_form
2023-06-10 22:01:25 [32minfo[39m: 	SELECT * FROM reverted_stud_csv_admin_t
where student_interest="Yes" and assign_indicator=1 and assigned_to=139;
2023-06-10 22:01:31 [32minfo[39m: 	Requested URL : 
2023-06-10 22:01:31 [32minfo[39m: 	/notification_display
2023-06-10 22:01:31 [32minfo[39m: 	Requested URL : 
2023-06-10 22:01:31 [32minfo[39m: 	/names_basedon_role
2023-06-10 22:01:31 [32minfo[39m: 	Requested URL : 
2023-06-10 22:01:31 [32minfo[39m: 	/names_basedon_role
2023-06-10 22:01:31 [32minfo[39m: 	SELECT id,user_name,email FROM users_dtl_t where role=2 and is_active=1;
2023-06-10 22:01:31 [32minfo[39m: 	SELECT id,user_name,email FROM users_dtl_t where role=3 and is_active=1;
2023-06-10 22:01:31 [32minfo[39m: 	select s.message,u.user_name as createdby,s.c_ts as createdtime,s.created_by as reciever_id,u.role as roleid from send_message_dtl_t as s 
join users_dtl_t as u on u.id=s.created_by
 where role_id=2  and name=139 order by s.id desc;
