2023-06-04 09:45:29 [34mdebug[39m: 	CharisPathWay API server is listening at http://:::5555
2023-06-04 09:45:38 [32minfo[39m: 	Requested URL : 
2023-06-04 09:45:38 [32minfo[39m: 	/notification_display
2023-06-04 09:45:38 [32minfo[39m: 	Requested URL : 
2023-06-04 09:45:38 [32minfo[39m: 	/names_basedon_role
2023-06-04 09:45:38 [32minfo[39m: 	Requested URL : 
2023-06-04 09:45:38 [32minfo[39m: 	/names_basedon_role
2023-06-04 09:45:38 [32minfo[39m: 	SELECT id,user_name,email FROM users_dtl_t where role=3 and is_active=1;
2023-06-04 09:45:38 [32minfo[39m: 	SELECT id,user_name,email FROM users_dtl_t where role=2 and is_active=1;
2023-06-04 09:45:38 [32minfo[39m: 	select s.message,u.user_name as createdby,s.c_ts as createdtime,s.created_by as reciever_id,u.role as roleid from send_message_dtl_t as s 
join users_dtl_t as u on u.id=s.created_by
 where role_id=2  and name=115 order by s.id desc;
2023-06-04 09:45:41 [32minfo[39m: 	Requested URL : 
2023-06-04 09:45:41 [32minfo[39m: 	/trackProcess
2023-06-04 09:45:41 [32minfo[39m: 	 SELECT r.id as prima,r.phone_no as pho,r.*,u.*,stu.* FROM reverted_stud_csv_admin_t  as r
  left join users_dtl_t as u on u.email=r.email_id
  left join student_dtl_t as stu on stu.c_by=u.id
where student_interest="Yes" and assign_indicator=1 and assigned_to=115;
2023-06-04 09:49:12 [34mdebug[39m: 	CharisPathWay API server is listening at http://:::5555
2023-06-04 09:49:22 [32minfo[39m: 	Requested URL : 
2023-06-04 09:49:22 [32minfo[39m: 	/admin_trackprocess_get
2023-06-04 09:49:22 [32minfo[39m: 	   SELECT u2.user_name as consultant_name,u1.user_name as advisor_name,re.assigned_time as 
  advisor_submit_toConsultant,re.cons_admin_trackdate as Consultant_submitted_date_toadmin,u.*,re.* ,stu.*
  FROM reverted_stud_csv_admin_t as re
   left join users_dtl_t as u on u.email = re.email_id
     left join users_dtl_t as u1 on u1.id = re.assigned_by
       left join users_dtl_t as u2 on u2.id = re.assigned_to
       left join student_dtl_t as stu on stu.c_by=u.id
   where track_in_progress=2;
2023-06-04 09:49:26 [32minfo[39m: 	Requested URL : 
2023-06-04 09:49:26 [32minfo[39m: 	/filestorage/student_uploads/230603014002_rohit.pdf
2023-06-04 09:49:26 [32minfo[39m: 	Requested URL : 
2023-06-04 09:49:26 [32minfo[39m: 	/filestorage/student_uploads/230603014011_rohit.pdf
2023-06-04 09:49:26 [32minfo[39m: 	Requested URL : 
2023-06-04 09:49:26 [32minfo[39m: 	/filestorage/student_uploads/230603014019_rohit.pdf
2023-06-04 09:50:09 [32minfo[39m: 	Requested URL : 
2023-06-04 09:50:09 [32minfo[39m: 	/filestorage/student_uploads/230603014011_rohit.pdf
2023-06-04 09:50:09 [32minfo[39m: 	Requested URL : 
2023-06-04 09:50:09 [32minfo[39m: 	/filestorage/student_uploads/230603014002_rohit.pdf
2023-06-04 09:50:09 [32minfo[39m: 	Requested URL : 
2023-06-04 09:50:09 [32minfo[39m: 	/filestorage/student_uploads/230603014019_rohit.pdf
2023-06-04 09:52:18 [32minfo[39m: 	Requested URL : 
2023-06-04 09:52:18 [32minfo[39m: 	/names_basedon_role
2023-06-04 09:52:18 [32minfo[39m: 	Requested URL : 
2023-06-04 09:52:18 [32minfo[39m: 	/names_basedon_role
2023-06-04 09:52:18 [32minfo[39m: 	Requested URL : 
2023-06-04 09:52:18 [32minfo[39m: 	/roles
2023-06-04 09:52:18 [32minfo[39m: 	Requested URL : 
2023-06-04 09:52:18 [32minfo[39m: 	/names_basedon_role
2023-06-04 09:52:18 [32minfo[39m: 	SELECT id,user_name,email FROM users_dtl_t where role=2 and is_active=1;
2023-06-04 09:52:18 [32minfo[39m: 	Requested URL : 
2023-06-04 09:52:18 [32minfo[39m: 	/admin_reverted_list_get
2023-06-04 09:52:18 [32minfo[39m: 	Requested URL : 
2023-06-04 09:52:18 [32minfo[39m: 	/notification_display
2023-06-04 09:52:18 [32minfo[39m: 	SELECT * FROM reverted_stud_csv_admin_t 
    where  student_interest='Future Followup' and is_active=1 order by checkbox_save desc;
2023-06-04 09:52:18 [32minfo[39m: 	SELECT * FROM roles_table where status=1;
2023-06-04 09:52:18 [32minfo[39m: 	SELECT id,user_name,email FROM users_dtl_t where role=3 and is_active=1;
2023-06-04 09:52:18 [32minfo[39m: 	select s.message,u.user_name as createdby,s.c_ts as createdtime,s.created_by as reciever_id,u.role as roleid from send_message_dtl_t as s 
join users_dtl_t as u on u.id=s.created_by
 where role_id=1  and name=1 order by s.id desc;
2023-06-04 09:52:18 [32minfo[39m: 	SELECT id,user_name,email FROM users_dtl_t where role=4 and is_active=1;
2023-06-04 09:52:19 [32minfo[39m: 	Requested URL : 
2023-06-04 09:52:19 [32minfo[39m: 	/notification_display
2023-06-04 09:52:19 [32minfo[39m: 	select s.message,u.user_name as createdby,s.c_ts as createdtime,s.created_by as reciever_id,u.role as roleid from send_message_dtl_t as s 
join users_dtl_t as u on u.id=s.created_by
 where role_id=2  and name=115 order by s.id desc;
2023-06-04 09:52:19 [32minfo[39m: 	Requested URL : 
2023-06-04 09:52:19 [32minfo[39m: 	/names_basedon_role
2023-06-04 09:52:19 [32minfo[39m: 	Requested URL : 
2023-06-04 09:52:19 [32minfo[39m: 	/names_basedon_role
2023-06-04 09:52:19 [32minfo[39m: 	SELECT id,user_name,email FROM users_dtl_t where role=3 and is_active=1;
2023-06-04 09:52:19 [32minfo[39m: 	SELECT id,user_name,email FROM users_dtl_t where role=2 and is_active=1;
2023-06-04 09:52:21 [32minfo[39m: 	Requested URL : 
2023-06-04 09:52:21 [32minfo[39m: 	/admin_trackprocess_get
2023-06-04 09:52:21 [32minfo[39m: 	   SELECT u2.user_name as consultant_name,u1.user_name as advisor_name,re.assigned_time as 
  advisor_submit_toConsultant,re.cons_admin_trackdate as Consultant_submitted_date_toadmin,u.*,re.* ,stu.*
  FROM reverted_stud_csv_admin_t as re
   left join users_dtl_t as u on u.email = re.email_id
     left join users_dtl_t as u1 on u1.id = re.assigned_by
       left join users_dtl_t as u2 on u2.id = re.assigned_to
       left join student_dtl_t as stu on stu.c_by=u.id
   where track_in_progress=2;
2023-06-04 09:52:29 [32minfo[39m: 	Requested URL : 
2023-06-04 09:52:29 [32minfo[39m: 	/admin_trackprocess_get
2023-06-04 09:52:29 [32minfo[39m: 	   SELECT u2.user_name as consultant_name,u1.user_name as advisor_name,re.assigned_time as 
  advisor_submit_toConsultant,re.cons_admin_trackdate as Consultant_submitted_date_toadmin,u.*,re.* ,stu.*
  FROM reverted_stud_csv_admin_t as re
   left join users_dtl_t as u on u.email = re.email_id
     left join users_dtl_t as u1 on u1.id = re.assigned_by
       left join users_dtl_t as u2 on u2.id = re.assigned_to
       left join student_dtl_t as stu on stu.c_by=u.id
   where track_in_progress=2;
2023-06-04 09:52:46 [32minfo[39m: 	Requested URL : 
2023-06-04 09:52:46 [32minfo[39m: 	/trackProcess
2023-06-04 09:52:46 [32minfo[39m: 	 SELECT r.id as prima,r.phone_no as pho,r.*,u.*,stu.* FROM reverted_stud_csv_admin_t  as r
  left join users_dtl_t as u on u.email=r.email_id
  left join student_dtl_t as stu on stu.c_by=u.id
where student_interest="Yes" and assign_indicator=1 and assigned_to=115;
2023-06-04 09:52:53 [32minfo[39m: 	Requested URL : 
2023-06-04 09:52:53 [32minfo[39m: 	/admin_trackprocess_get
2023-06-04 09:52:53 [32minfo[39m: 	   SELECT u2.user_name as consultant_name,u1.user_name as advisor_name,re.assigned_time as 
  advisor_submit_toConsultant,re.cons_admin_trackdate as Consultant_submitted_date_toadmin,u.*,re.* ,stu.*
  FROM reverted_stud_csv_admin_t as re
   left join users_dtl_t as u on u.email = re.email_id
     left join users_dtl_t as u1 on u1.id = re.assigned_by
       left join users_dtl_t as u2 on u2.id = re.assigned_to
       left join student_dtl_t as stu on stu.c_by=u.id
   where track_in_progress=2;
2023-06-04 09:54:08 [32minfo[39m: 	Requested URL : 
2023-06-04 09:54:08 [32minfo[39m: 	/names_basedon_role
2023-06-04 09:54:08 [32minfo[39m: 	Requested URL : 
2023-06-04 09:54:08 [32minfo[39m: 	/roles
2023-06-04 09:54:08 [32minfo[39m: 	Requested URL : 
2023-06-04 09:54:08 [32minfo[39m: 	/names_basedon_role
2023-06-04 09:54:08 [32minfo[39m: 	Requested URL : 
2023-06-04 09:54:08 [32minfo[39m: 	/names_basedon_role
2023-06-04 09:54:08 [32minfo[39m: 	SELECT id,user_name,email FROM users_dtl_t where role=2 and is_active=1;
2023-06-04 09:54:08 [32minfo[39m: 	Requested URL : 
2023-06-04 09:54:08 [32minfo[39m: 	/notification_display
2023-06-04 09:54:08 [32minfo[39m: 	Requested URL : 
2023-06-04 09:54:08 [32minfo[39m: 	/admin_reverted_list_get
2023-06-04 09:54:08 [32minfo[39m: 	SELECT * FROM roles_table where status=1;
2023-06-04 09:54:08 [32minfo[39m: 	SELECT id,user_name,email FROM users_dtl_t where role=3 and is_active=1;
2023-06-04 09:54:08 [32minfo[39m: 	SELECT id,user_name,email FROM users_dtl_t where role=4 and is_active=1;
2023-06-04 09:54:08 [32minfo[39m: 	select s.message,u.user_name as createdby,s.c_ts as createdtime,s.created_by as reciever_id,u.role as roleid from send_message_dtl_t as s 
join users_dtl_t as u on u.id=s.created_by
 where role_id=1  and name=1 order by s.id desc;
2023-06-04 09:54:08 [32minfo[39m: 	SELECT * FROM reverted_stud_csv_admin_t 
    where  student_interest='Future Followup' and is_active=1 order by checkbox_save desc;
2023-06-04 09:54:10 [32minfo[39m: 	Requested URL : 
2023-06-04 09:54:10 [32minfo[39m: 	/notification_display
2023-06-04 09:54:10 [32minfo[39m: 	select s.message,u.user_name as createdby,s.c_ts as createdtime,s.created_by as reciever_id,u.role as roleid from send_message_dtl_t as s 
join users_dtl_t as u on u.id=s.created_by
 where role_id=2  and name=115 order by s.id desc;
2023-06-04 09:54:10 [32minfo[39m: 	Requested URL : 
2023-06-04 09:54:10 [32minfo[39m: 	/names_basedon_role
2023-06-04 09:54:10 [32minfo[39m: 	SELECT id,user_name,email FROM users_dtl_t where role=3 and is_active=1;
2023-06-04 09:54:10 [32minfo[39m: 	Requested URL : 
2023-06-04 09:54:10 [32minfo[39m: 	/names_basedon_role
2023-06-04 09:54:10 [32minfo[39m: 	SELECT id,user_name,email FROM users_dtl_t where role=2 and is_active=1;
2023-06-04 09:54:10 [32minfo[39m: 	Requested URL : 
2023-06-04 09:54:10 [32minfo[39m: 	/names_basedon_role
2023-06-04 09:54:10 [32minfo[39m: 	Requested URL : 
2023-06-04 09:54:10 [32minfo[39m: 	/names_basedon_role
2023-06-04 09:54:10 [32minfo[39m: 	Requested URL : 
2023-06-04 09:54:10 [32minfo[39m: 	/names_basedon_role
2023-06-04 09:54:10 [32minfo[39m: 	Requested URL : 
2023-06-04 09:54:10 [32minfo[39m: 	/notification_display
2023-06-04 09:54:10 [32minfo[39m: 	Requested URL : 
2023-06-04 09:54:10 [32minfo[39m: 	/roles
2023-06-04 09:54:10 [32minfo[39m: 	Requested URL : 
2023-06-04 09:54:10 [32minfo[39m: 	/admin_reverted_list_get
2023-06-04 09:54:10 [32minfo[39m: 	SELECT id,user_name,email FROM users_dtl_t where role=2 and is_active=1;
2023-06-04 09:54:10 [32minfo[39m: 	SELECT id,user_name,email FROM users_dtl_t where role=3 and is_active=1;
2023-06-04 09:54:10 [32minfo[39m: 	SELECT id,user_name,email FROM users_dtl_t where role=4 and is_active=1;
2023-06-04 09:54:10 [32minfo[39m: 	select s.message,u.user_name as createdby,s.c_ts as createdtime,s.created_by as reciever_id,u.role as roleid from send_message_dtl_t as s 
join users_dtl_t as u on u.id=s.created_by
 where role_id=1  and name=1 order by s.id desc;
2023-06-04 09:54:10 [32minfo[39m: 	SELECT * FROM roles_table where status=1;
2023-06-04 09:54:10 [32minfo[39m: 	SELECT * FROM reverted_stud_csv_admin_t 
    where  student_interest='Future Followup' and is_active=1 order by checkbox_save desc;
2023-06-04 09:54:15 [32minfo[39m: 	Requested URL : 
2023-06-04 09:54:15 [32minfo[39m: 	/admin_trackprocess_get
2023-06-04 09:54:15 [32minfo[39m: 	   SELECT u2.user_name as consultant_name,u1.user_name as advisor_name,re.assigned_time as 
  advisor_submit_toConsultant,re.cons_admin_trackdate as Consultant_submitted_date_toadmin,u.*,re.* ,stu.*
  FROM reverted_stud_csv_admin_t as re
   left join users_dtl_t as u on u.email = re.email_id
     left join users_dtl_t as u1 on u1.id = re.assigned_by
       left join users_dtl_t as u2 on u2.id = re.assigned_to
       left join student_dtl_t as stu on stu.c_by=u.id
   where track_in_progress=2;
2023-06-04 09:56:07 [34mdebug[39m: 	CharisPathWay API server is listening at http://:::5555
2023-06-04 09:56:12 [34mdebug[39m: 	CharisPathWay API server is listening at http://:::5555
2023-06-04 09:56:16 [32minfo[39m: 	Requested URL : 
2023-06-04 09:56:16 [32minfo[39m: 	/names_basedon_role
2023-06-04 09:56:16 [32minfo[39m: 	Requested URL : 
2023-06-04 09:56:16 [32minfo[39m: 	/names_basedon_role
2023-06-04 09:56:16 [32minfo[39m: 	Requested URL : 
2023-06-04 09:56:16 [32minfo[39m: 	/roles
2023-06-04 09:56:16 [32minfo[39m: 	Requested URL : 
2023-06-04 09:56:16 [32minfo[39m: 	/admin_reverted_list_get
2023-06-04 09:56:16 [32minfo[39m: 	Requested URL : 
2023-06-04 09:56:16 [32minfo[39m: 	/names_basedon_role
2023-06-04 09:56:16 [32minfo[39m: 	Requested URL : 
2023-06-04 09:56:16 [32minfo[39m: 	/notification_display
2023-06-04 09:56:16 [32minfo[39m: 	SELECT id,user_name,email FROM users_dtl_t where role=3 and is_active=1;
2023-06-04 09:56:16 [32minfo[39m: 	SELECT id,user_name,email FROM users_dtl_t where role=2 and is_active=1;
2023-06-04 09:56:16 [32minfo[39m: 	SELECT * FROM roles_table where status=1;
2023-06-04 09:56:16 [32minfo[39m: 	SELECT * FROM reverted_stud_csv_admin_t 
    where  student_interest='Future Followup' and is_active=1 order by checkbox_save desc;
2023-06-04 09:56:16 [32minfo[39m: 	select s.message,u.user_name as createdby,s.c_ts as createdtime,s.created_by as reciever_id,u.role as roleid from send_message_dtl_t as s 
join users_dtl_t as u on u.id=s.created_by
 where role_id=1  and name=1 order by s.id desc;
2023-06-04 09:56:16 [32minfo[39m: 	SELECT id,user_name,email FROM users_dtl_t where role=4 and is_active=1;
2023-06-04 09:56:21 [32minfo[39m: 	Requested URL : 
2023-06-04 09:56:21 [32minfo[39m: 	/admin_trackprocess_get
2023-06-04 09:56:21 [32minfo[39m: 	   SELECT u2.user_name as consultant_name,u1.user_name as advisor_name,re.assigned_time as 
  advisor_submit_toConsultant,re.cons_admin_trackdate as Consultant_submitted_date_toadmin,u.*,re.* ,stu.*
  FROM reverted_stud_csv_admin_t as re
   left join users_dtl_t as u on u.email = re.email_id
     left join users_dtl_t as u1 on u1.id = re.assigned_by
       left join users_dtl_t as u2 on u2.id = re.assigned_to
       left join student_dtl_t as stu on stu.c_by=u.id
   where track_in_progress=2;
2023-06-04 10:38:30 [32minfo[39m: 	Requested URL : 
2023-06-04 10:38:30 [32minfo[39m: 	/names_basedon_role
2023-06-04 10:38:30 [32minfo[39m: 	SELECT id,user_name,email FROM users_dtl_t where role=3 and is_active=1;
2023-06-04 10:38:30 [32minfo[39m: 	Requested URL : 
2023-06-04 10:38:30 [32minfo[39m: 	/names_basedon_role
2023-06-04 10:38:30 [32minfo[39m: 	Requested URL : 
2023-06-04 10:38:30 [32minfo[39m: 	/names_basedon_role
2023-06-04 10:38:30 [32minfo[39m: 	Requested URL : 
2023-06-04 10:38:30 [32minfo[39m: 	/notification_display
2023-06-04 10:38:30 [32minfo[39m: 	Requested URL : 
2023-06-04 10:38:30 [32minfo[39m: 	/roles
2023-06-04 10:38:30 [32minfo[39m: 	Requested URL : 
2023-06-04 10:38:30 [32minfo[39m: 	/admin_reverted_list_get
2023-06-04 10:38:30 [32minfo[39m: 	SELECT id,user_name,email FROM users_dtl_t where role=2 and is_active=1;
2023-06-04 10:38:30 [32minfo[39m: 	select s.message,u.user_name as createdby,s.c_ts as createdtime,s.created_by as reciever_id,u.role as roleid from send_message_dtl_t as s 
join users_dtl_t as u on u.id=s.created_by
 where role_id=1  and name=1 order by s.id desc;
2023-06-04 10:38:30 [32minfo[39m: 	SELECT id,user_name,email FROM users_dtl_t where role=4 and is_active=1;
2023-06-04 10:38:30 [32minfo[39m: 	SELECT * FROM roles_table where status=1;
2023-06-04 10:38:30 [32minfo[39m: 	SELECT * FROM reverted_stud_csv_admin_t 
    where  student_interest='Future Followup' and is_active=1 order by checkbox_save desc;
2023-06-04 10:38:32 [32minfo[39m: 	Requested URL : 
2023-06-04 10:38:32 [32minfo[39m: 	/admin_trackprocess_get
2023-06-04 10:38:32 [32minfo[39m: 	   SELECT u2.user_name as consultant_name,u1.user_name as advisor_name,re.assigned_time as 
  advisor_submit_toConsultant,re.cons_admin_trackdate as Consultant_submitted_date_toadmin,u.*,re.* ,stu.*
  FROM reverted_stud_csv_admin_t as re
   left join users_dtl_t as u on u.email = re.email_id
     left join users_dtl_t as u1 on u1.id = re.assigned_by
       left join users_dtl_t as u2 on u2.id = re.assigned_to
       left join student_dtl_t as stu on stu.c_by=u.id
   where track_in_progress=2;
2023-06-04 10:39:05 [32minfo[39m: 	Requested URL : 
2023-06-04 10:39:05 [32minfo[39m: 	/admin_trackprocess_get
2023-06-04 10:39:05 [32minfo[39m: 	   SELECT u2.user_name as consultant_name,u1.user_name as advisor_name,re.assigned_time as 
  advisor_submit_toConsultant,re.cons_admin_trackdate as Consultant_submitted_date_toadmin,u.*,re.* ,stu.*
  FROM reverted_stud_csv_admin_t as re
   left join users_dtl_t as u on u.email = re.email_id
     left join users_dtl_t as u1 on u1.id = re.assigned_by
       left join users_dtl_t as u2 on u2.id = re.assigned_to
       left join student_dtl_t as stu on stu.c_by=u.id
   where track_in_progress=2;
2023-06-04 10:39:08 [32minfo[39m: 	Requested URL : 
2023-06-04 10:39:08 [32minfo[39m: 	/view_task
2023-06-04 10:39:08 [32minfo[39m: 	SELECT * FROM tasks_dlt_t where c_by=1 and status="In Progress" and is_active=1 order by id desc;
2023-06-04 10:39:13 [32minfo[39m: 	Requested URL : 
2023-06-04 10:39:13 [32minfo[39m: 	/view_task
2023-06-04 10:39:13 [32minfo[39m: 	SELECT * FROM tasks_dlt_t where c_by=1  and   is_active=1 and year(c_ts)='2023' and status='Done' order by id desc;
2023-06-04 10:39:16 [32minfo[39m: 	Requested URL : 
2023-06-04 10:39:16 [32minfo[39m: 	/view_task
2023-06-04 10:39:16 [32minfo[39m: 	SELECT * FROM tasks_dlt_t where c_by=1  and   is_active=1 and year(c_ts)='2023' and status='Progress' order by id desc;
2023-06-04 10:39:26 [32minfo[39m: 	Requested URL : 
2023-06-04 10:39:26 [32minfo[39m: 	/admin_trackprocess_get
2023-06-04 10:39:26 [32minfo[39m: 	   SELECT u2.user_name as consultant_name,u1.user_name as advisor_name,re.assigned_time as 
  advisor_submit_toConsultant,re.cons_admin_trackdate as Consultant_submitted_date_toadmin,u.*,re.* ,stu.*
  FROM reverted_stud_csv_admin_t as re
   left join users_dtl_t as u on u.email = re.email_id
     left join users_dtl_t as u1 on u1.id = re.assigned_by
       left join users_dtl_t as u2 on u2.id = re.assigned_to
       left join student_dtl_t as stu on stu.c_by=u.id
   where track_in_progress=2;
2023-06-04 10:39:28 [32minfo[39m: 	Requested URL : 
2023-06-04 10:39:28 [32minfo[39m: 	/assigned_stud_list_csv
2023-06-04 10:39:28 [32minfo[39m: 	select * from reverted_stud_csv_admin_t where is_active=1 and assigned_to is null
2023-06-04 10:39:52 [32minfo[39m: 	Requested URL : 
2023-06-04 10:39:52 [32minfo[39m: 	/assigned_stud_list_csv
2023-06-04 10:39:52 [32minfo[39m: 	select * from reverted_stud_csv_admin_t where is_active=1 and assigned_to is null
2023-06-04 10:39:58 [32minfo[39m: 	Requested URL : 
2023-06-04 10:39:58 [32minfo[39m: 	/assigned_stud_save_button
2023-06-04 10:39:58 [32minfo[39m: 	update reverted_stud_csv_admin_t set is_active=1, assigned_to=115,assigned_by=1
    where id in (10994);
2023-06-04 10:39:58 [32minfo[39m: 	Requested URL : 
2023-06-04 10:39:58 [32minfo[39m: 	/assigned_stud_list_csv
2023-06-04 10:39:58 [32minfo[39m: 	select * from reverted_stud_csv_admin_t where is_active=1 and assigned_to is null
2023-06-04 10:40:19 [32minfo[39m: 	Requested URL : 
2023-06-04 10:40:19 [32minfo[39m: 	/notification_display
2023-06-04 10:40:19 [32minfo[39m: 	Requested URL : 
2023-06-04 10:40:19 [32minfo[39m: 	/names_basedon_role
2023-06-04 10:40:19 [32minfo[39m: 	Requested URL : 
2023-06-04 10:40:19 [32minfo[39m: 	/names_basedon_role
2023-06-04 10:40:19 [32minfo[39m: 	SELECT id,user_name,email FROM users_dtl_t where role=3 and is_active=1;
2023-06-04 10:40:19 [32minfo[39m: 	SELECT id,user_name,email FROM users_dtl_t where role=2 and is_active=1;
2023-06-04 10:40:19 [32minfo[39m: 	select s.message,u.user_name as createdby,s.c_ts as createdtime,s.created_by as reciever_id,u.role as roleid from send_message_dtl_t as s 
join users_dtl_t as u on u.id=s.created_by
 where role_id=2  and name=115 order by s.id desc;
2023-06-04 10:40:21 [32minfo[39m: 	Requested URL : 
2023-06-04 10:40:21 [32minfo[39m: 	/assigned_stud_list_csv
2023-06-04 10:40:21 [32minfo[39m: 	 select case when assign_indicator=0 then "true" when assign_indicator=1 then '' else '' end as checked,a.*
        from reverted_stud_csv_admin_t as a 
        where   is_active=1 and assigned_to=115 and (student_interest is null or (student_interest='Yes' and assign_indicator=0));
2023-06-04 10:40:28 [32minfo[39m: 	Requested URL : 
2023-06-04 10:40:28 [32minfo[39m: 	/advisor_todo_row_save
2023-06-04 10:40:28 [32minfo[39m: 	update reverted_stud_csv_admin_t set row_time_save='2023-06-04',u_ts='2023-06-04',student_interest='Yes',assign_indicator='1',comments=NULL where id in (10992)
2023-06-04 10:40:28 [32minfo[39m: 	Requested URL : 
2023-06-04 10:40:28 [32minfo[39m: 	/assigned_stud_list_csv
2023-06-04 10:40:28 [32minfo[39m: 	 select case when assign_indicator=0 then "true" when assign_indicator=1 then '' else '' end as checked,a.*
        from reverted_stud_csv_admin_t as a 
        where   is_active=1 and assigned_to=115 and (student_interest is null or (student_interest='Yes' and assign_indicator=0));
2023-06-04 10:40:30 [32minfo[39m: 	Requested URL : 
2023-06-04 10:40:30 [32minfo[39m: 	/trackProcess
2023-06-04 10:40:30 [32minfo[39m: 	 SELECT r.id as prima,r.phone_no as pho,r.*,u.*,stu.* FROM reverted_stud_csv_admin_t  as r
  left join users_dtl_t as u on u.email=r.email_id
  left join student_dtl_t as stu on stu.c_by=u.id
where student_interest="Yes" and assign_indicator=1 and assigned_to=115;
2023-06-04 10:40:42 [32minfo[39m: 	Requested URL : 
2023-06-04 10:40:42 [32minfo[39m: 	/trackProcess
2023-06-04 10:40:42 [32minfo[39m: 	 SELECT r.id as prima,r.phone_no as pho,r.*,u.*,stu.* FROM reverted_stud_csv_admin_t  as r
  left join users_dtl_t as u on u.email=r.email_id
  left join student_dtl_t as stu on stu.c_by=u.id
where student_interest="Yes" and assign_indicator=1 and assigned_to=115;
2023-06-04 10:40:49 [32minfo[39m: 	Requested URL : 
2023-06-04 10:40:49 [32minfo[39m: 	/advisorCreateStud
2023-06-04 10:40:49 [32minfo[39m: 	SELECT * FROM users_dtl_t where email='17jg1a1210.mounika@gvpcew.ac.in';
2023-06-04 10:40:49 [32minfo[39m: 	SELECT * FROM reverted_stud_csv_admin_t where email_id='17jg1a1210.mounika@gvpcew.ac.in';
2023-06-04 10:40:49 [32minfo[39m: 	insert into users_dtl_t (email, pwd, role, user_name, phone_no,c_by) 
              values("17jg1a1210.mounika@gvpcew.ac.in","@WfumlK8ZO",4,"Mounika","6301331713",115);
2023-06-04 10:40:49 [32minfo[39m: 	select * from users_dtl_t where id=136;
2023-06-04 10:40:49 [32minfo[39m: 	select * from users_dtl_t where id=115
2023-06-04 10:41:28 [32minfo[39m: 	Requested URL : 
2023-06-04 10:41:28 [32minfo[39m: 	/manage_roles_get
2023-06-04 10:41:28 [32minfo[39m: 	SELECT u.id,user_name,role,r.role_name,email,pwd,designation,c_ts as joined_date,phone_no,u.is_active
FROM users_dtl_t as u
join roles_table as r on r.id=u.role where role!=1 and u.is_active=1;
2023-06-04 10:42:56 [32minfo[39m: 	Requested URL : 
2023-06-04 10:42:56 [32minfo[39m: 	/manage_roles_get
2023-06-04 10:42:56 [32minfo[39m: 	SELECT u.id,user_name,role,r.role_name,email,pwd,designation,c_ts as joined_date,phone_no,u.is_active
FROM users_dtl_t as u
join roles_table as r on r.id=u.role where role!=1 and u.is_active=1;
2023-06-04 10:43:36 [32minfo[39m: 	Requested URL : 
2023-06-04 10:43:36 [32minfo[39m: 	/notification_display
2023-06-04 10:43:36 [32minfo[39m: 	Requested URL : 
2023-06-04 10:43:36 [32minfo[39m: 	/names_basedon_role
2023-06-04 10:43:36 [32minfo[39m: 	Requested URL : 
2023-06-04 10:43:36 [32minfo[39m: 	/names_basedon_role
2023-06-04 10:43:36 [32minfo[39m: 	SELECT id,user_name,email FROM users_dtl_t where role=3 and is_active=1;
2023-06-04 10:43:36 [32minfo[39m: 	SELECT id,user_name,email FROM users_dtl_t where role=2 and is_active=1;
2023-06-04 10:43:36 [32minfo[39m: 	select s.message,u.user_name as createdby,s.c_ts as createdtime,s.created_by as reciever_id,u.role as roleid from send_message_dtl_t as s 
join users_dtl_t as u on u.id=s.created_by
 where role_id=2  and name=115 order by s.id desc;
2023-06-04 10:43:37 [32minfo[39m: 	Requested URL : 
2023-06-04 10:43:37 [32minfo[39m: 	/trackProcess
2023-06-04 10:43:37 [32minfo[39m: 	 SELECT r.id as prima,r.phone_no as pho,r.*,u.*,stu.* FROM reverted_stud_csv_admin_t  as r
  left join users_dtl_t as u on u.email=r.email_id
  left join student_dtl_t as stu on stu.c_by=u.id
where student_interest="Yes" and assign_indicator=1 and assigned_to=115;
2023-06-04 10:43:44 [32minfo[39m: 	Requested URL : 
2023-06-04 10:43:44 [32minfo[39m: 	/trackProcess
2023-06-04 10:43:44 [32minfo[39m: 	 SELECT r.id as prima,r.phone_no as pho,r.*,u.*,stu.* FROM reverted_stud_csv_admin_t  as r
  left join users_dtl_t as u on u.email=r.email_id
  left join student_dtl_t as stu on stu.c_by=u.id
where student_interest="Yes" and assign_indicator=1 and assigned_to=115;
2023-06-04 10:43:54 [32minfo[39m: 	Requested URL : 
2023-06-04 10:43:54 [32minfo[39m: 	/advisorCreateStud
2023-06-04 10:43:54 [32minfo[39m: 	SELECT * FROM users_dtl_t where email='17jg1a1210.mounika@gvpcew.ac.in';
2023-06-04 10:44:27 [32minfo[39m: 	Requested URL : 
2023-06-04 10:44:27 [32minfo[39m: 	/advisorCreateStud
2023-06-04 10:44:27 [32minfo[39m: 	SELECT * FROM users_dtl_t where email=NULL;
