2023-05-17 21:24:47 [34mdebug[39m: 	CharisPathWay API server is listening at http://:::5555
2023-05-17 21:29:02 [32minfo[39m: 	Requested URL : 
2023-05-17 21:29:02 [32minfo[39m: 	/names_basedon_role
2023-05-17 21:29:02 [32minfo[39m: 	Requested URL : 
2023-05-17 21:29:02 [32minfo[39m: 	/names_basedon_role
2023-05-17 21:29:02 [32minfo[39m: 	Requested URL : 
2023-05-17 21:29:02 [32minfo[39m: 	/names_basedon_role
2023-05-17 21:29:02 [32minfo[39m: 	Requested URL : 
2023-05-17 21:29:02 [32minfo[39m: 	/names_basedon_role
2023-05-17 21:29:02 [32minfo[39m: 	Requested URL : 
2023-05-17 21:29:02 [32minfo[39m: 	/notification_display
2023-05-17 21:29:02 [32minfo[39m: 	Requested URL : 
2023-05-17 21:29:02 [32minfo[39m: 	/roles
2023-05-17 21:29:02 [32minfo[39m: 	Requested URL : 
2023-05-17 21:29:02 [32minfo[39m: 	/names_basedon_role
2023-05-17 21:29:02 [32minfo[39m: 	Requested URL : 
2023-05-17 21:29:02 [32minfo[39m: 	/admin_reverted_list_get
2023-05-17 21:29:02 [32minfo[39m: 	Requested URL : 
2023-05-17 21:29:02 [32minfo[39m: 	/names_basedon_role
2023-05-17 21:29:02 [32minfo[39m: 	Requested URL : 
2023-05-17 21:29:02 [32minfo[39m: 	/notification_display
2023-05-17 21:29:02 [32minfo[39m: 	SELECT id,user_name,email FROM users_dtl_t where role=2 and is_active=1;
2023-05-17 21:29:02 [32minfo[39m: 	SELECT * FROM reverted_stud_csv_admin_t 
    where  student_interest='Future Followup' and is_active=1 order by checkbox_save desc;
2023-05-17 21:29:02 [32minfo[39m: 	SELECT id,user_name,email FROM users_dtl_t where role=4 and is_active=1;
2023-05-17 21:29:02 [32minfo[39m: 	SELECT * FROM roles_table where status=1;
2023-05-17 21:29:02 [32minfo[39m: 	SELECT id,user_name,email FROM users_dtl_t where role=3 and is_active=1;
2023-05-17 21:29:02 [32minfo[39m: 	select s.message,u.user_name as createdby,s.c_ts as createdtime,s.created_by as reciever_id,u.role as roleid from send_message_dtl_t as s 
join users_dtl_t as u on u.id=s.created_by
 where role_id=1  and name=1 order by s.id desc;
2023-05-17 21:29:05 [32minfo[39m: 	Requested URL : 
2023-05-17 21:29:05 [32minfo[39m: 	/assigned_stud_list_csv
2023-05-17 21:29:05 [32minfo[39m: 	Requested URL : 
2023-05-17 21:29:05 [32minfo[39m: 	/assigned_stud_list_csv
2023-05-17 21:29:05 [32minfo[39m: 	select * from reverted_stud_csv_admin_t where is_active=1 and assigned_to is null
2023-05-17 21:29:51 [32minfo[39m: 	Requested URL : 
2023-05-17 21:29:51 [32minfo[39m: 	/names_basedon_role
2023-05-17 21:29:51 [32minfo[39m: 	Requested URL : 
2023-05-17 21:29:51 [32minfo[39m: 	/names_basedon_role
2023-05-17 21:29:51 [32minfo[39m: 	Requested URL : 
2023-05-17 21:29:51 [32minfo[39m: 	/names_basedon_role
2023-05-17 21:29:51 [32minfo[39m: 	Requested URL : 
2023-05-17 21:29:51 [32minfo[39m: 	/names_basedon_role
2023-05-17 21:29:51 [32minfo[39m: 	Requested URL : 
2023-05-17 21:29:51 [32minfo[39m: 	/names_basedon_role
2023-05-17 21:29:51 [32minfo[39m: 	Requested URL : 
2023-05-17 21:29:51 [32minfo[39m: 	/notification_display
2023-05-17 21:29:51 [32minfo[39m: 	Requested URL : 
2023-05-17 21:29:51 [32minfo[39m: 	/roles
2023-05-17 21:29:51 [32minfo[39m: 	Requested URL : 
2023-05-17 21:29:51 [32minfo[39m: 	/names_basedon_role
2023-05-17 21:29:51 [32minfo[39m: 	Requested URL : 
2023-05-17 21:29:51 [32minfo[39m: 	/notification_display
2023-05-17 21:29:51 [32minfo[39m: 	SELECT id,user_name,email FROM users_dtl_t where role=2 and is_active=1;
2023-05-17 21:29:51 [32minfo[39m: 	SELECT id,user_name,email FROM users_dtl_t where role=3 and is_active=1;
2023-05-17 21:29:51 [32minfo[39m: 	Requested URL : 
2023-05-17 21:29:51 [32minfo[39m: 	/admin_reverted_list_get
2023-05-17 21:29:51 [32minfo[39m: 	SELECT * FROM roles_table where status=1;
2023-05-17 21:29:51 [32minfo[39m: 	SELECT id,user_name,email FROM users_dtl_t where role=4 and is_active=1;
2023-05-17 21:29:51 [32minfo[39m: 	select s.message,u.user_name as createdby,s.c_ts as createdtime,s.created_by as reciever_id,u.role as roleid from send_message_dtl_t as s 
join users_dtl_t as u on u.id=s.created_by
 where role_id=1  and name=1 order by s.id desc;
2023-05-17 21:29:51 [32minfo[39m: 	SELECT * FROM reverted_stud_csv_admin_t 
    where  student_interest='Future Followup' and is_active=1 order by checkbox_save desc;
2023-05-17 21:29:53 [32minfo[39m: 	Requested URL : 
2023-05-17 21:29:53 [32minfo[39m: 	/assigned_stud_list_csv
2023-05-17 21:29:53 [32minfo[39m: 	Requested URL : 
2023-05-17 21:29:53 [32minfo[39m: 	/assigned_stud_list_csv
2023-05-17 21:29:53 [32minfo[39m: 	select * from reverted_stud_csv_admin_t where is_active=1 and assigned_to is null
2023-05-17 21:30:06 [32minfo[39m: 	Requested URL : 
2023-05-17 21:30:06 [32minfo[39m: 	/names_basedon_role
2023-05-17 21:30:06 [32minfo[39m: 	Requested URL : 
2023-05-17 21:30:06 [32minfo[39m: 	/names_basedon_role
2023-05-17 21:30:06 [32minfo[39m: 	Requested URL : 
2023-05-17 21:30:06 [32minfo[39m: 	/notification_display
2023-05-17 21:30:06 [32minfo[39m: 	Requested URL : 
2023-05-17 21:30:06 [32minfo[39m: 	/names_basedon_role
2023-05-17 21:30:06 [32minfo[39m: 	Requested URL : 
2023-05-17 21:30:06 [32minfo[39m: 	/names_basedon_role
2023-05-17 21:30:06 [32minfo[39m: 	Requested URL : 
2023-05-17 21:30:06 [32minfo[39m: 	/names_basedon_role
2023-05-17 21:30:06 [32minfo[39m: 	Requested URL : 
2023-05-17 21:30:06 [32minfo[39m: 	/notification_display
2023-05-17 21:30:06 [32minfo[39m: 	Requested URL : 
2023-05-17 21:30:06 [32minfo[39m: 	/names_basedon_role
2023-05-17 21:30:06 [32minfo[39m: 	Requested URL : 
2023-05-17 21:30:06 [32minfo[39m: 	/roles
2023-05-17 21:30:06 [32minfo[39m: 	Requested URL : 
2023-05-17 21:30:06 [32minfo[39m: 	/admin_reverted_list_get
2023-05-17 21:30:06 [32minfo[39m: 	SELECT id,user_name,email FROM users_dtl_t where role=2 and is_active=1;
2023-05-17 21:30:06 [32minfo[39m: 	SELECT id,user_name,email FROM users_dtl_t where role=3 and is_active=1;
2023-05-17 21:30:06 [32minfo[39m: 	SELECT id,user_name,email FROM users_dtl_t where role=4 and is_active=1;
2023-05-17 21:30:06 [32minfo[39m: 	select s.message,u.user_name as createdby,s.c_ts as createdtime,s.created_by as reciever_id,u.role as roleid from send_message_dtl_t as s 
join users_dtl_t as u on u.id=s.created_by
 where role_id=1  and name=1 order by s.id desc;
2023-05-17 21:30:06 [32minfo[39m: 	SELECT * FROM reverted_stud_csv_admin_t 
    where  student_interest='Future Followup' and is_active=1 order by checkbox_save desc;
2023-05-17 21:30:06 [32minfo[39m: 	SELECT * FROM roles_table where status=1;
2023-05-17 21:30:07 [32minfo[39m: 	Requested URL : 
2023-05-17 21:30:07 [32minfo[39m: 	/assigned_stud_list_csv
2023-05-17 21:30:07 [32minfo[39m: 	Requested URL : 
2023-05-17 21:30:07 [32minfo[39m: 	/assigned_stud_list_csv
2023-05-17 21:30:07 [32minfo[39m: 	select * from reverted_stud_csv_admin_t where is_active=1 and assigned_to is null
2023-05-17 21:30:10 [32minfo[39m: 	Requested URL : 
2023-05-17 21:30:10 [32minfo[39m: 	/assigned_stud_list_csv
2023-05-17 21:30:10 [32minfo[39m: 	select * from reverted_stud_csv_admin_t where is_active=1 and assigned_to is null
2023-05-17 21:30:20 [32minfo[39m: 	Requested URL : 
2023-05-17 21:30:20 [32minfo[39m: 	/names_basedon_role
2023-05-17 21:30:20 [32minfo[39m: 	Requested URL : 
2023-05-17 21:30:20 [32minfo[39m: 	/names_basedon_role
2023-05-17 21:30:20 [32minfo[39m: 	Requested URL : 
2023-05-17 21:30:20 [32minfo[39m: 	/names_basedon_role
2023-05-17 21:30:20 [32minfo[39m: 	Requested URL : 
2023-05-17 21:30:20 [32minfo[39m: 	/notification_display
2023-05-17 21:30:20 [32minfo[39m: 	Requested URL : 
2023-05-17 21:30:20 [32minfo[39m: 	/names_basedon_role
2023-05-17 21:30:20 [32minfo[39m: 	Requested URL : 
2023-05-17 21:30:20 [32minfo[39m: 	/roles
2023-05-17 21:30:20 [32minfo[39m: 	Requested URL : 
2023-05-17 21:30:20 [32minfo[39m: 	/admin_reverted_list_get
2023-05-17 21:30:20 [32minfo[39m: 	Requested URL : 
2023-05-17 21:30:20 [32minfo[39m: 	/names_basedon_role
2023-05-17 21:30:20 [32minfo[39m: 	Requested URL : 
2023-05-17 21:30:20 [32minfo[39m: 	/names_basedon_role
2023-05-17 21:30:20 [32minfo[39m: 	Requested URL : 
2023-05-17 21:30:20 [32minfo[39m: 	/notification_display
2023-05-17 21:30:20 [32minfo[39m: 	SELECT id,user_name,email FROM users_dtl_t where role=2 and is_active=1;
2023-05-17 21:30:20 [32minfo[39m: 	SELECT * FROM roles_table where status=1;
2023-05-17 21:30:20 [32minfo[39m: 	SELECT * FROM reverted_stud_csv_admin_t 
    where  student_interest='Future Followup' and is_active=1 order by checkbox_save desc;
2023-05-17 21:30:20 [32minfo[39m: 	SELECT id,user_name,email FROM users_dtl_t where role=3 and is_active=1;
2023-05-17 21:30:20 [32minfo[39m: 	SELECT id,user_name,email FROM users_dtl_t where role=4 and is_active=1;
2023-05-17 21:30:20 [32minfo[39m: 	select s.message,u.user_name as createdby,s.c_ts as createdtime,s.created_by as reciever_id,u.role as roleid from send_message_dtl_t as s 
join users_dtl_t as u on u.id=s.created_by
 where role_id=1  and name=1 order by s.id desc;
2023-05-17 21:30:21 [32minfo[39m: 	Requested URL : 
2023-05-17 21:30:21 [32minfo[39m: 	/assigned_stud_list_csv
2023-05-17 21:30:21 [32minfo[39m: 	Requested URL : 
2023-05-17 21:30:21 [32minfo[39m: 	/assigned_stud_list_csv
2023-05-17 21:30:21 [32minfo[39m: 	select * from reverted_stud_csv_admin_t where is_active=1 and assigned_to is null
2023-05-17 21:30:25 [32minfo[39m: 	Requested URL : 
2023-05-17 21:30:25 [32minfo[39m: 	/admin_trackprocess_get
2023-05-17 21:30:25 [32minfo[39m: 	SELECT * FROM reverted_stud_csv_admin_t as re
  left join users_dtl_t as u on u.email = re.email_id
  where track_in_progress=2;
2023-05-17 21:30:27 [32minfo[39m: 	Requested URL : 
2023-05-17 21:30:27 [32minfo[39m: 	/assigned_stud_list_csv
2023-05-17 21:30:27 [32minfo[39m: 	Requested URL : 
2023-05-17 21:30:27 [32minfo[39m: 	/assigned_stud_list_csv
2023-05-17 21:30:27 [32minfo[39m: 	select * from reverted_stud_csv_admin_t where is_active=1 and assigned_to is null
2023-05-17 21:30:43 [32minfo[39m: 	Requested URL : 
2023-05-17 21:30:43 [32minfo[39m: 	/names_basedon_role
2023-05-17 21:30:43 [32minfo[39m: 	Requested URL : 
2023-05-17 21:30:43 [32minfo[39m: 	/names_basedon_role
2023-05-17 21:30:43 [32minfo[39m: 	Requested URL : 
2023-05-17 21:30:43 [32minfo[39m: 	/names_basedon_role
2023-05-17 21:30:43 [32minfo[39m: 	Requested URL : 
2023-05-17 21:30:43 [32minfo[39m: 	/names_basedon_role
2023-05-17 21:30:43 [32minfo[39m: 	Requested URL : 
2023-05-17 21:30:43 [32minfo[39m: 	/roles
2023-05-17 21:30:43 [32minfo[39m: 	Requested URL : 
2023-05-17 21:30:43 [32minfo[39m: 	/names_basedon_role
2023-05-17 21:30:43 [32minfo[39m: 	Requested URL : 
2023-05-17 21:30:43 [32minfo[39m: 	/names_basedon_role
2023-05-17 21:30:43 [32minfo[39m: 	Requested URL : 
2023-05-17 21:30:43 [32minfo[39m: 	/notification_display
2023-05-17 21:30:43 [32minfo[39m: 	SELECT id,user_name,email FROM users_dtl_t where role=2 and is_active=1;
2023-05-17 21:30:43 [32minfo[39m: 	Requested URL : 
2023-05-17 21:30:43 [32minfo[39m: 	/admin_reverted_list_get
2023-05-17 21:30:43 [32minfo[39m: 	SELECT * FROM roles_table where status=1;
2023-05-17 21:30:43 [32minfo[39m: 	SELECT id,user_name,email FROM users_dtl_t where role=3 and is_active=1;
2023-05-17 21:30:43 [32minfo[39m: 	Requested URL : 
2023-05-17 21:30:43 [32minfo[39m: 	/notification_display
2023-05-17 21:30:43 [32minfo[39m: 	SELECT id,user_name,email FROM users_dtl_t where role=4 and is_active=1;
2023-05-17 21:30:43 [32minfo[39m: 	SELECT * FROM reverted_stud_csv_admin_t 
    where  student_interest='Future Followup' and is_active=1 order by checkbox_save desc;
2023-05-17 21:30:43 [32minfo[39m: 	select s.message,u.user_name as createdby,s.c_ts as createdtime,s.created_by as reciever_id,u.role as roleid from send_message_dtl_t as s 
join users_dtl_t as u on u.id=s.created_by
 where role_id=1  and name=1 order by s.id desc;
2023-05-17 21:30:54 [32minfo[39m: 	Requested URL : 
2023-05-17 21:30:54 [32minfo[39m: 	/assigned_stud_list_csv
2023-05-17 21:30:54 [32minfo[39m: 	Requested URL : 
2023-05-17 21:30:54 [32minfo[39m: 	/assigned_stud_list_csv
2023-05-17 21:30:54 [32minfo[39m: 	select * from reverted_stud_csv_admin_t where is_active=1 and assigned_to is null
2023-05-17 21:33:12 [32minfo[39m: 	Requested URL : 
2023-05-17 21:33:12 [32minfo[39m: 	/names_basedon_role
2023-05-17 21:33:12 [32minfo[39m: 	Requested URL : 
2023-05-17 21:33:12 [32minfo[39m: 	/names_basedon_role
2023-05-17 21:33:12 [32minfo[39m: 	Requested URL : 
2023-05-17 21:33:12 [32minfo[39m: 	/names_basedon_role
2023-05-17 21:33:12 [32minfo[39m: 	Requested URL : 
2023-05-17 21:33:12 [32minfo[39m: 	/names_basedon_role
2023-05-17 21:33:12 [32minfo[39m: 	Requested URL : 
2023-05-17 21:33:12 [32minfo[39m: 	/names_basedon_role
2023-05-17 21:33:12 [32minfo[39m: 	Requested URL : 
2023-05-17 21:33:12 [32minfo[39m: 	/names_basedon_role
2023-05-17 21:33:12 [32minfo[39m: 	SELECT id,user_name,email FROM users_dtl_t where role=3 and is_active=1;
2023-05-17 21:33:12 [32minfo[39m: 	SELECT id,user_name,email FROM users_dtl_t where role=2 and is_active=1;
2023-05-17 21:33:12 [32minfo[39m: 	SELECT id,user_name,email FROM users_dtl_t where role=4 and is_active=1;
2023-05-17 21:33:12 [32minfo[39m: 	Requested URL : 
2023-05-17 21:33:12 [32minfo[39m: 	/roles
2023-05-17 21:33:12 [32minfo[39m: 	SELECT * FROM roles_table where status=1;
2023-05-17 21:33:12 [32minfo[39m: 	Requested URL : 
2023-05-17 21:33:12 [32minfo[39m: 	/notification_display
2023-05-17 21:33:12 [32minfo[39m: 	Requested URL : 
2023-05-17 21:33:12 [32minfo[39m: 	/notification_display
2023-05-17 21:33:12 [32minfo[39m: 	select s.message,u.user_name as createdby,s.c_ts as createdtime,s.created_by as reciever_id,u.role as roleid from send_message_dtl_t as s 
join users_dtl_t as u on u.id=s.created_by
 where role_id=1  and name=1 order by s.id desc;
2023-05-17 21:33:12 [32minfo[39m: 	Requested URL : 
2023-05-17 21:33:12 [32minfo[39m: 	/admin_reverted_list_get
2023-05-17 21:33:12 [32minfo[39m: 	SELECT * FROM reverted_stud_csv_admin_t 
    where  student_interest='Future Followup' and is_active=1 order by checkbox_save desc;
2023-05-17 21:33:14 [32minfo[39m: 	Requested URL : 
2023-05-17 21:33:14 [32minfo[39m: 	/assigned_stud_list_csv
2023-05-17 21:33:14 [32minfo[39m: 	Requested URL : 
2023-05-17 21:33:14 [32minfo[39m: 	/assigned_stud_list_csv
2023-05-17 21:33:14 [32minfo[39m: 	select * from reverted_stud_csv_admin_t where is_active=1 and assigned_to is null
2023-05-17 21:33:17 [32minfo[39m: 	Requested URL : 
2023-05-17 21:33:17 [32minfo[39m: 	/assigned_stud_list_csv
2023-05-17 21:33:17 [32minfo[39m: 	select * from reverted_stud_csv_admin_t where is_active=1 and assigned_to is null
2023-05-17 21:34:21 [32minfo[39m: 	Requested URL : 
2023-05-17 21:34:21 [32minfo[39m: 	/names_basedon_role
2023-05-17 21:34:21 [32minfo[39m: 	Requested URL : 
2023-05-17 21:34:21 [32minfo[39m: 	/names_basedon_role
2023-05-17 21:34:21 [32minfo[39m: 	Requested URL : 
2023-05-17 21:34:21 [32minfo[39m: 	/names_basedon_role
2023-05-17 21:34:21 [32minfo[39m: 	Requested URL : 
2023-05-17 21:34:21 [32minfo[39m: 	/notification_display
2023-05-17 21:34:21 [32minfo[39m: 	Requested URL : 
2023-05-17 21:34:21 [32minfo[39m: 	/names_basedon_role
2023-05-17 21:34:21 [32minfo[39m: 	Requested URL : 
2023-05-17 21:34:21 [32minfo[39m: 	/names_basedon_role
2023-05-17 21:34:21 [32minfo[39m: 	Requested URL : 
2023-05-17 21:34:21 [32minfo[39m: 	/names_basedon_role
2023-05-17 21:34:21 [32minfo[39m: 	Requested URL : 
2023-05-17 21:34:21 [32minfo[39m: 	/notification_display
2023-05-17 21:34:21 [32minfo[39m: 	SELECT id,user_name,email FROM users_dtl_t where role=3 and is_active=1;
2023-05-17 21:34:21 [32minfo[39m: 	SELECT id,user_name,email FROM users_dtl_t where role=2 and is_active=1;
2023-05-17 21:34:21 [32minfo[39m: 	SELECT id,user_name,email FROM users_dtl_t where role=4 and is_active=1;
2023-05-17 21:34:21 [32minfo[39m: 	select s.message,u.user_name as createdby,s.c_ts as createdtime,s.created_by as reciever_id,u.role as roleid from send_message_dtl_t as s 
join users_dtl_t as u on u.id=s.created_by
 where role_id=1  and name=1 order by s.id desc;
2023-05-17 21:34:21 [32minfo[39m: 	Requested URL : 
2023-05-17 21:34:21 [32minfo[39m: 	/roles
2023-05-17 21:34:21 [32minfo[39m: 	SELECT * FROM roles_table where status=1;
2023-05-17 21:34:21 [32minfo[39m: 	Requested URL : 
2023-05-17 21:34:21 [32minfo[39m: 	/admin_reverted_list_get
2023-05-17 21:34:21 [32minfo[39m: 	SELECT * FROM reverted_stud_csv_admin_t 
    where  student_interest='Future Followup' and is_active=1 order by checkbox_save desc;
2023-05-17 21:34:24 [32minfo[39m: 	Requested URL : 
2023-05-17 21:34:24 [32minfo[39m: 	/assigned_stud_list_csv
2023-05-17 21:34:24 [32minfo[39m: 	Requested URL : 
2023-05-17 21:34:24 [32minfo[39m: 	/assigned_stud_list_csv
2023-05-17 21:34:24 [32minfo[39m: 	select * from reverted_stud_csv_admin_t where is_active=1 and assigned_to is null
2023-05-17 21:34:47 [32minfo[39m: 	Requested URL : 
2023-05-17 21:34:47 [32minfo[39m: 	/names_basedon_role
2023-05-17 21:34:47 [32minfo[39m: 	Requested URL : 
2023-05-17 21:34:47 [32minfo[39m: 	/names_basedon_role
2023-05-17 21:34:47 [32minfo[39m: 	Requested URL : 
2023-05-17 21:34:47 [32minfo[39m: 	/names_basedon_role
2023-05-17 21:34:47 [32minfo[39m: 	Requested URL : 
2023-05-17 21:34:47 [32minfo[39m: 	/notification_display
2023-05-17 21:34:47 [32minfo[39m: 	Requested URL : 
2023-05-17 21:34:47 [32minfo[39m: 	/names_basedon_role
2023-05-17 21:34:47 [32minfo[39m: 	Requested URL : 
2023-05-17 21:34:47 [32minfo[39m: 	/names_basedon_role
2023-05-17 21:34:47 [32minfo[39m: 	Requested URL : 
2023-05-17 21:34:47 [32minfo[39m: 	/names_basedon_role
2023-05-17 21:34:47 [32minfo[39m: 	Requested URL : 
2023-05-17 21:34:47 [32minfo[39m: 	/notification_display
2023-05-17 21:34:47 [32minfo[39m: 	Requested URL : 
2023-05-17 21:34:47 [32minfo[39m: 	/admin_reverted_list_get
2023-05-17 21:34:47 [32minfo[39m: 	Requested URL : 
2023-05-17 21:34:47 [32minfo[39m: 	/roles
2023-05-17 21:34:47 [32minfo[39m: 	SELECT id,user_name,email FROM users_dtl_t where role=2 and is_active=1;
2023-05-17 21:34:47 [32minfo[39m: 	SELECT id,user_name,email FROM users_dtl_t where role=3 and is_active=1;
2023-05-17 21:34:47 [32minfo[39m: 	SELECT id,user_name,email FROM users_dtl_t where role=4 and is_active=1;
2023-05-17 21:34:47 [32minfo[39m: 	select s.message,u.user_name as createdby,s.c_ts as createdtime,s.created_by as reciever_id,u.role as roleid from send_message_dtl_t as s 
join users_dtl_t as u on u.id=s.created_by
 where role_id=1  and name=1 order by s.id desc;
2023-05-17 21:34:47 [32minfo[39m: 	SELECT * FROM roles_table where status=1;
2023-05-17 21:34:47 [32minfo[39m: 	SELECT * FROM reverted_stud_csv_admin_t 
    where  student_interest='Future Followup' and is_active=1 order by checkbox_save desc;
2023-05-17 21:34:49 [32minfo[39m: 	Requested URL : 
2023-05-17 21:34:49 [32minfo[39m: 	/assigned_stud_list_csv
2023-05-17 21:34:49 [32minfo[39m: 	Requested URL : 
2023-05-17 21:34:49 [32minfo[39m: 	/assigned_stud_list_csv
2023-05-17 21:34:49 [32minfo[39m: 	select * from reverted_stud_csv_admin_t where is_active=1 and assigned_to is null
2023-05-17 21:35:06 [32minfo[39m: 	Requested URL : 
2023-05-17 21:35:06 [32minfo[39m: 	/names_basedon_role
2023-05-17 21:35:06 [32minfo[39m: 	Requested URL : 
2023-05-17 21:35:06 [32minfo[39m: 	/names_basedon_role
2023-05-17 21:35:06 [32minfo[39m: 	Requested URL : 
2023-05-17 21:35:06 [32minfo[39m: 	/names_basedon_role
2023-05-17 21:35:06 [32minfo[39m: 	Requested URL : 
2023-05-17 21:35:06 [32minfo[39m: 	/notification_display
2023-05-17 21:35:06 [32minfo[39m: 	Requested URL : 
2023-05-17 21:35:06 [32minfo[39m: 	/names_basedon_role
2023-05-17 21:35:06 [32minfo[39m: 	Requested URL : 
2023-05-17 21:35:06 [32minfo[39m: 	/names_basedon_role
2023-05-17 21:35:06 [32minfo[39m: 	Requested URL : 
2023-05-17 21:35:06 [32minfo[39m: 	/names_basedon_role
2023-05-17 21:35:06 [32minfo[39m: 	Requested URL : 
2023-05-17 21:35:06 [32minfo[39m: 	/notification_display
2023-05-17 21:35:06 [32minfo[39m: 	SELECT id,user_name,email FROM users_dtl_t where role=2 and is_active=1;
2023-05-17 21:35:06 [32minfo[39m: 	SELECT id,user_name,email FROM users_dtl_t where role=3 and is_active=1;
2023-05-17 21:35:06 [32minfo[39m: 	SELECT id,user_name,email FROM users_dtl_t where role=4 and is_active=1;
2023-05-17 21:35:06 [32minfo[39m: 	select s.message,u.user_name as createdby,s.c_ts as createdtime,s.created_by as reciever_id,u.role as roleid from send_message_dtl_t as s 
join users_dtl_t as u on u.id=s.created_by
 where role_id=1  and name=1 order by s.id desc;
2023-05-17 21:35:06 [32minfo[39m: 	Requested URL : 
2023-05-17 21:35:06 [32minfo[39m: 	/roles
2023-05-17 21:35:06 [32minfo[39m: 	Requested URL : 
2023-05-17 21:35:06 [32minfo[39m: 	/admin_reverted_list_get
2023-05-17 21:35:06 [32minfo[39m: 	SELECT * FROM roles_table where status=1;
2023-05-17 21:35:06 [32minfo[39m: 	SELECT * FROM reverted_stud_csv_admin_t 
    where  student_interest='Future Followup' and is_active=1 order by checkbox_save desc;
2023-05-17 21:35:17 [32minfo[39m: 	Requested URL : 
2023-05-17 21:35:17 [32minfo[39m: 	/assigned_stud_list_csv
2023-05-17 21:35:17 [32minfo[39m: 	Requested URL : 
2023-05-17 21:35:17 [32minfo[39m: 	/assigned_stud_list_csv
2023-05-17 21:35:17 [32minfo[39m: 	select * from reverted_stud_csv_admin_t where is_active=1 and assigned_to is null
2023-05-17 21:35:25 [32minfo[39m: 	Requested URL : 
2023-05-17 21:35:25 [32minfo[39m: 	/admin_trackprocess_get
2023-05-17 21:35:25 [32minfo[39m: 	SELECT * FROM reverted_stud_csv_admin_t as re
  left join users_dtl_t as u on u.email = re.email_id
  where track_in_progress=2;
2023-05-17 21:35:30 [32minfo[39m: 	Requested URL : 
2023-05-17 21:35:30 [32minfo[39m: 	/view_task
2023-05-17 21:35:30 [32minfo[39m: 	Requested URL : 
2023-05-17 21:35:30 [32minfo[39m: 	/view_task
2023-05-17 21:35:30 [32minfo[39m: 	SELECT * FROM tasks_dlt_t where c_by=1 and status="In Progress" and is_active=1 order by id desc;
2023-05-17 21:35:33 [32minfo[39m: 	Requested URL : 
2023-05-17 21:35:33 [32minfo[39m: 	/manage_roles_get
2023-05-17 21:35:33 [32minfo[39m: 	SELECT u.id,user_name,role,r.role_name,email,pwd,designation,c_ts as joined_date,phone_no,u.is_active
FROM users_dtl_t as u
join roles_table as r on r.id=u.role where role!=1 and u.is_active=1;
2023-05-17 21:35:45 [32minfo[39m: 	Requested URL : 
2023-05-17 21:35:45 [32minfo[39m: 	/names_basedon_role
2023-05-17 21:35:45 [32minfo[39m: 	Requested URL : 
2023-05-17 21:35:45 [32minfo[39m: 	/names_basedon_role
2023-05-17 21:35:45 [32minfo[39m: 	Requested URL : 
2023-05-17 21:35:45 [32minfo[39m: 	/names_basedon_role
2023-05-17 21:35:45 [32minfo[39m: 	Requested URL : 
2023-05-17 21:35:45 [32minfo[39m: 	/notification_display
2023-05-17 21:35:45 [32minfo[39m: 	Requested URL : 
2023-05-17 21:35:45 [32minfo[39m: 	/names_basedon_role
2023-05-17 21:35:45 [32minfo[39m: 	Requested URL : 
2023-05-17 21:35:45 [32minfo[39m: 	/names_basedon_role
2023-05-17 21:35:45 [32minfo[39m: 	Requested URL : 
2023-05-17 21:35:45 [32minfo[39m: 	/names_basedon_role
2023-05-17 21:35:45 [32minfo[39m: 	Requested URL : 
2023-05-17 21:35:45 [32minfo[39m: 	/notification_display
2023-05-17 21:35:45 [32minfo[39m: 	Requested URL : 
2023-05-17 21:35:45 [32minfo[39m: 	/roles
2023-05-17 21:35:45 [32minfo[39m: 	SELECT id,user_name,email FROM users_dtl_t where role=2 and is_active=1;
2023-05-17 21:35:45 [32minfo[39m: 	Requested URL : 
2023-05-17 21:35:45 [32minfo[39m: 	/admin_reverted_list_get
2023-05-17 21:35:45 [32minfo[39m: 	SELECT id,user_name,email FROM users_dtl_t where role=3 and is_active=1;
2023-05-17 21:35:45 [32minfo[39m: 	SELECT id,user_name,email FROM users_dtl_t where role=4 and is_active=1;
2023-05-17 21:35:45 [32minfo[39m: 	select s.message,u.user_name as createdby,s.c_ts as createdtime,s.created_by as reciever_id,u.role as roleid from send_message_dtl_t as s 
join users_dtl_t as u on u.id=s.created_by
 where role_id=1  and name=1 order by s.id desc;
2023-05-17 21:35:45 [32minfo[39m: 	SELECT * FROM roles_table where status=1;
2023-05-17 21:35:45 [32minfo[39m: 	SELECT * FROM reverted_stud_csv_admin_t 
    where  student_interest='Future Followup' and is_active=1 order by checkbox_save desc;
2023-05-17 21:35:47 [32minfo[39m: 	Requested URL : 
2023-05-17 21:35:47 [32minfo[39m: 	/assigned_stud_list_csv
2023-05-17 21:35:47 [32minfo[39m: 	Requested URL : 
2023-05-17 21:35:47 [32minfo[39m: 	/assigned_stud_list_csv
2023-05-17 21:35:47 [32minfo[39m: 	select * from reverted_stud_csv_admin_t where is_active=1 and assigned_to is null
2023-05-17 21:36:02 [32minfo[39m: 	Requested URL : 
2023-05-17 21:36:02 [32minfo[39m: 	/names_basedon_role
2023-05-17 21:36:02 [32minfo[39m: 	Requested URL : 
2023-05-17 21:36:02 [32minfo[39m: 	/names_basedon_role
2023-05-17 21:36:02 [32minfo[39m: 	Requested URL : 
2023-05-17 21:36:02 [32minfo[39m: 	/names_basedon_role
2023-05-17 21:36:02 [32minfo[39m: 	Requested URL : 
2023-05-17 21:36:02 [32minfo[39m: 	/notification_display
2023-05-17 21:36:02 [32minfo[39m: 	Requested URL : 
2023-05-17 21:36:02 [32minfo[39m: 	/names_basedon_role
2023-05-17 21:36:02 [32minfo[39m: 	Requested URL : 
2023-05-17 21:36:02 [32minfo[39m: 	/names_basedon_role
2023-05-17 21:36:02 [32minfo[39m: 	Requested URL : 
2023-05-17 21:36:02 [32minfo[39m: 	/names_basedon_role
2023-05-17 21:36:02 [32minfo[39m: 	Requested URL : 
2023-05-17 21:36:02 [32minfo[39m: 	/notification_display
2023-05-17 21:36:02 [32minfo[39m: 	SELECT id,user_name,email FROM users_dtl_t where role=2 and is_active=1;
2023-05-17 21:36:02 [32minfo[39m: 	SELECT id,user_name,email FROM users_dtl_t where role=3 and is_active=1;
2023-05-17 21:36:02 [32minfo[39m: 	Requested URL : 
2023-05-17 21:36:02 [32minfo[39m: 	/roles
2023-05-17 21:36:02 [32minfo[39m: 	SELECT id,user_name,email FROM users_dtl_t where role=4 and is_active=1;
2023-05-17 21:36:02 [32minfo[39m: 	select s.message,u.user_name as createdby,s.c_ts as createdtime,s.created_by as reciever_id,u.role as roleid from send_message_dtl_t as s 
join users_dtl_t as u on u.id=s.created_by
 where role_id=1  and name=1 order by s.id desc;
2023-05-17 21:36:02 [32minfo[39m: 	Requested URL : 
2023-05-17 21:36:02 [32minfo[39m: 	/admin_reverted_list_get
2023-05-17 21:36:02 [32minfo[39m: 	SELECT * FROM roles_table where status=1;
2023-05-17 21:36:02 [32minfo[39m: 	SELECT * FROM reverted_stud_csv_admin_t 
    where  student_interest='Future Followup' and is_active=1 order by checkbox_save desc;
2023-05-17 21:36:58 [32minfo[39m: 	Requested URL : 
2023-05-17 21:36:58 [32minfo[39m: 	/names_basedon_role
2023-05-17 21:36:58 [32minfo[39m: 	Requested URL : 
2023-05-17 21:36:58 [32minfo[39m: 	/names_basedon_role
2023-05-17 21:36:58 [32minfo[39m: 	Requested URL : 
2023-05-17 21:36:58 [32minfo[39m: 	/names_basedon_role
2023-05-17 21:36:58 [32minfo[39m: 	Requested URL : 
2023-05-17 21:36:58 [32minfo[39m: 	/notification_display
2023-05-17 21:36:58 [32minfo[39m: 	Requested URL : 
2023-05-17 21:36:58 [32minfo[39m: 	/names_basedon_role
2023-05-17 21:36:58 [32minfo[39m: 	Requested URL : 
2023-05-17 21:36:58 [32minfo[39m: 	/names_basedon_role
2023-05-17 21:36:58 [32minfo[39m: 	Requested URL : 
2023-05-17 21:36:58 [32minfo[39m: 	/names_basedon_role
2023-05-17 21:36:58 [32minfo[39m: 	Requested URL : 
2023-05-17 21:36:58 [32minfo[39m: 	/notification_display
2023-05-17 21:36:58 [32minfo[39m: 	SELECT id,user_name,email FROM users_dtl_t where role=3 and is_active=1;
2023-05-17 21:36:58 [32minfo[39m: 	SELECT id,user_name,email FROM users_dtl_t where role=4 and is_active=1;
2023-05-17 21:36:58 [32minfo[39m: 	SELECT id,user_name,email FROM users_dtl_t where role=2 and is_active=1;
2023-05-17 21:36:58 [32minfo[39m: 	select s.message,u.user_name as createdby,s.c_ts as createdtime,s.created_by as reciever_id,u.role as roleid from send_message_dtl_t as s 
join users_dtl_t as u on u.id=s.created_by
 where role_id=1  and name=1 order by s.id desc;
2023-05-17 21:36:58 [32minfo[39m: 	Requested URL : 
2023-05-17 21:36:58 [32minfo[39m: 	/roles
2023-05-17 21:36:58 [32minfo[39m: 	Requested URL : 
2023-05-17 21:36:58 [32minfo[39m: 	/admin_reverted_list_get
2023-05-17 21:36:58 [32minfo[39m: 	SELECT * FROM roles_table where status=1;
2023-05-17 21:36:58 [32minfo[39m: 	SELECT * FROM reverted_stud_csv_admin_t 
    where  student_interest='Future Followup' and is_active=1 order by checkbox_save desc;
2023-05-17 21:37:51 [32minfo[39m: 	Requested URL : 
2023-05-17 21:37:51 [32minfo[39m: 	/admin_csv_upload
2023-05-17 21:37:51 [32minfo[39m: 	Requested URL : 
2023-05-17 21:37:51 [32minfo[39m: 	/admin_csv_upload
2023-05-17 21:37:51 [32minfo[39m: 	SET GLOBAL local_infile=1;
2023-05-17 21:37:51 [32minfo[39m: 	LOAD DATA LOCAL INFILE "filestorage/adminCSV/20230517213751_latest_csv.csv" INTO TABLE reverted_stud_csv_admin_t 
    FIELDS TERMINATED BY ',' 
    LINES TERMINATED BY '
' 
    IGNORE 1 LINES
    (Studen_Name, phone_no, email_id, country_interested);
2023-05-17 21:37:57 [32minfo[39m: 	Requested URL : 
2023-05-17 21:37:57 [32minfo[39m: 	/assigned_stud_list_csv
2023-05-17 21:37:57 [32minfo[39m: 	Requested URL : 
2023-05-17 21:37:57 [32minfo[39m: 	/assigned_stud_list_csv
2023-05-17 21:37:57 [32minfo[39m: 	select * from reverted_stud_csv_admin_t where is_active=1 and assigned_to is null
2023-05-17 21:41:38 [32minfo[39m: 	Requested URL : 
2023-05-17 21:41:38 [32minfo[39m: 	/names_basedon_role
2023-05-17 21:41:38 [32minfo[39m: 	Requested URL : 
2023-05-17 21:41:38 [32minfo[39m: 	/names_basedon_role
2023-05-17 21:41:38 [32minfo[39m: 	Requested URL : 
2023-05-17 21:41:38 [32minfo[39m: 	/names_basedon_role
2023-05-17 21:41:38 [32minfo[39m: 	Requested URL : 
2023-05-17 21:41:38 [32minfo[39m: 	/names_basedon_role
2023-05-17 21:41:38 [32minfo[39m: 	Requested URL : 
2023-05-17 21:41:38 [32minfo[39m: 	/names_basedon_role
2023-05-17 21:41:38 [32minfo[39m: 	Requested URL : 
2023-05-17 21:41:38 [32minfo[39m: 	/notification_display
2023-05-17 21:41:38 [32minfo[39m: 	Requested URL : 
2023-05-17 21:41:38 [32minfo[39m: 	/names_basedon_role
2023-05-17 21:41:38 [32minfo[39m: 	SELECT id,user_name,email FROM users_dtl_t where role=2 and is_active=1;
2023-05-17 21:41:38 [32minfo[39m: 	Requested URL : 
2023-05-17 21:41:38 [32minfo[39m: 	/notification_display
2023-05-17 21:41:38 [32minfo[39m: 	Requested URL : 
2023-05-17 21:41:38 [32minfo[39m: 	/roles
2023-05-17 21:41:38 [32minfo[39m: 	Requested URL : 
2023-05-17 21:41:38 [32minfo[39m: 	/admin_reverted_list_get
2023-05-17 21:41:38 [32minfo[39m: 	SELECT id,user_name,email FROM users_dtl_t where role=3 and is_active=1;
2023-05-17 21:41:38 [32minfo[39m: 	SELECT id,user_name,email FROM users_dtl_t where role=4 and is_active=1;
2023-05-17 21:41:38 [32minfo[39m: 	select s.message,u.user_name as createdby,s.c_ts as createdtime,s.created_by as reciever_id,u.role as roleid from send_message_dtl_t as s 
join users_dtl_t as u on u.id=s.created_by
 where role_id=1  and name=1 order by s.id desc;
2023-05-17 21:41:38 [32minfo[39m: 	SELECT * FROM roles_table where status=1;
2023-05-17 21:41:38 [32minfo[39m: 	SELECT * FROM reverted_stud_csv_admin_t 
    where  student_interest='Future Followup' and is_active=1 order by checkbox_save desc;
2023-05-17 21:41:48 [32minfo[39m: 	Requested URL : 
2023-05-17 21:41:48 [32minfo[39m: 	/admin_csv_upload
2023-05-17 21:41:48 [32minfo[39m: 	SET GLOBAL local_infile=1;
2023-05-17 21:41:48 [32minfo[39m: 	LOAD DATA LOCAL INFILE "filestorage/adminCSV/20230517214148_latest_csv.csv" INTO TABLE reverted_stud_csv_admin_t 
    FIELDS TERMINATED BY ',' 
    LINES TERMINATED BY '
' 
    IGNORE 1 LINES
    (Studen_Name, phone_no, email_id, country_interested);
2023-05-17 21:43:10 [32minfo[39m: 	Requested URL : 
2023-05-17 21:43:10 [32minfo[39m: 	/assigned_stud_list_csv
2023-05-17 21:43:10 [32minfo[39m: 	Requested URL : 
2023-05-17 21:43:10 [32minfo[39m: 	/assigned_stud_list_csv
2023-05-17 21:43:10 [32minfo[39m: 	select * from reverted_stud_csv_admin_t where is_active=1 and assigned_to is null
2023-05-17 21:44:48 [32minfo[39m: 	Requested URL : 
2023-05-17 21:44:48 [32minfo[39m: 	/assigned_stud_list_csv
2023-05-17 21:44:48 [32minfo[39m: 	Requested URL : 
2023-05-17 21:44:48 [32minfo[39m: 	/assigned_stud_list_csv
2023-05-17 21:44:48 [32minfo[39m: 	select * from reverted_stud_csv_admin_t where is_active=1 and assigned_to is null
2023-05-17 21:45:01 [32minfo[39m: 	Requested URL : 
2023-05-17 21:45:01 [32minfo[39m: 	/admin_csv_upload
2023-05-17 21:45:01 [32minfo[39m: 	SET GLOBAL local_infile=1;
2023-05-17 21:45:01 [32minfo[39m: 	LOAD DATA LOCAL INFILE "filestorage/adminCSV/20230517214501_latest_csv.csv" INTO TABLE reverted_stud_csv_admin_t 
    FIELDS TERMINATED BY ',' 
    LINES TERMINATED BY '
' 
    IGNORE 1 LINES
    (Studen_Name, phone_no, email_id, country_interested);
2023-05-17 21:45:04 [32minfo[39m: 	Requested URL : 
2023-05-17 21:45:04 [32minfo[39m: 	/assigned_stud_list_csv
2023-05-17 21:45:04 [32minfo[39m: 	Requested URL : 
2023-05-17 21:45:04 [32minfo[39m: 	/assigned_stud_list_csv
2023-05-17 21:45:04 [32minfo[39m: 	select * from reverted_stud_csv_admin_t where is_active=1 and assigned_to is null
2023-05-17 21:50:28 [32minfo[39m: 	Requested URL : 
2023-05-17 21:50:28 [32minfo[39m: 	/names_basedon_role
2023-05-17 21:50:28 [32minfo[39m: 	Requested URL : 
2023-05-17 21:50:28 [32minfo[39m: 	/names_basedon_role
2023-05-17 21:50:28 [32minfo[39m: 	Requested URL : 
2023-05-17 21:50:28 [32minfo[39m: 	/names_basedon_role
2023-05-17 21:50:28 [32minfo[39m: 	Requested URL : 
2023-05-17 21:50:28 [32minfo[39m: 	/names_basedon_role
2023-05-17 21:50:28 [32minfo[39m: 	Requested URL : 
2023-05-17 21:50:28 [32minfo[39m: 	/names_basedon_role
2023-05-17 21:50:28 [32minfo[39m: 	Requested URL : 
2023-05-17 21:50:28 [32minfo[39m: 	/notification_display
2023-05-17 21:50:28 [32minfo[39m: 	Requested URL : 
2023-05-17 21:50:28 [32minfo[39m: 	/names_basedon_role
2023-05-17 21:50:28 [32minfo[39m: 	Requested URL : 
2023-05-17 21:50:28 [32minfo[39m: 	/roles
2023-05-17 21:50:28 [32minfo[39m: 	Requested URL : 
2023-05-17 21:50:28 [32minfo[39m: 	/notification_display
2023-05-17 21:50:28 [32minfo[39m: 	Requested URL : 
2023-05-17 21:50:28 [32minfo[39m: 	/admin_reverted_list_get
2023-05-17 21:50:28 [32minfo[39m: 	SELECT id,user_name,email FROM users_dtl_t where role=3 and is_active=1;
2023-05-17 21:50:28 [32minfo[39m: 	SELECT id,user_name,email FROM users_dtl_t where role=2 and is_active=1;
2023-05-17 21:50:28 [32minfo[39m: 	SELECT * FROM roles_table where status=1;
2023-05-17 21:50:28 [32minfo[39m: 	SELECT id,user_name,email FROM users_dtl_t where role=4 and is_active=1;
2023-05-17 21:50:28 [32minfo[39m: 	select s.message,u.user_name as createdby,s.c_ts as createdtime,s.created_by as reciever_id,u.role as roleid from send_message_dtl_t as s 
join users_dtl_t as u on u.id=s.created_by
 where role_id=1  and name=1 order by s.id desc;
2023-05-17 21:50:28 [32minfo[39m: 	SELECT * FROM reverted_stud_csv_admin_t 
    where  student_interest='Future Followup' and is_active=1 order by checkbox_save desc;
2023-05-17 21:55:44 [32minfo[39m: 	Requested URL : 
2023-05-17 21:55:44 [32minfo[39m: 	/names_basedon_role
2023-05-17 21:55:44 [32minfo[39m: 	Requested URL : 
2023-05-17 21:55:44 [32minfo[39m: 	/names_basedon_role
2023-05-17 21:55:44 [32minfo[39m: 	Requested URL : 
2023-05-17 21:55:44 [32minfo[39m: 	/names_basedon_role
2023-05-17 21:55:44 [32minfo[39m: 	Requested URL : 
2023-05-17 21:55:44 [32minfo[39m: 	/notification_display
2023-05-17 21:55:44 [32minfo[39m: 	Requested URL : 
2023-05-17 21:55:44 [32minfo[39m: 	/roles
2023-05-17 21:55:44 [32minfo[39m: 	Requested URL : 
2023-05-17 21:55:44 [32minfo[39m: 	/names_basedon_role
2023-05-17 21:55:44 [32minfo[39m: 	Requested URL : 
2023-05-17 21:55:44 [32minfo[39m: 	/names_basedon_role
2023-05-17 21:55:44 [32minfo[39m: 	Requested URL : 
2023-05-17 21:55:44 [32minfo[39m: 	/names_basedon_role
2023-05-17 21:55:44 [32minfo[39m: 	Requested URL : 
2023-05-17 21:55:44 [32minfo[39m: 	/admin_reverted_list_get
2023-05-17 21:55:44 [32minfo[39m: 	Requested URL : 
2023-05-17 21:55:44 [32minfo[39m: 	/notification_display
2023-05-17 21:55:44 [32minfo[39m: 	SELECT id,user_name,email FROM users_dtl_t where role=3 and is_active=1;
2023-05-17 21:55:44 [32minfo[39m: 	SELECT * FROM roles_table where status=1;
2023-05-17 21:55:44 [32minfo[39m: 	SELECT id,user_name,email FROM users_dtl_t where role=4 and is_active=1;
2023-05-17 21:55:44 [32minfo[39m: 	SELECT id,user_name,email FROM users_dtl_t where role=2 and is_active=1;
2023-05-17 21:55:44 [32minfo[39m: 	select s.message,u.user_name as createdby,s.c_ts as createdtime,s.created_by as reciever_id,u.role as roleid from send_message_dtl_t as s 
join users_dtl_t as u on u.id=s.created_by
 where role_id=1  and name=1 order by s.id desc;
2023-05-17 21:55:44 [32minfo[39m: 	SELECT * FROM reverted_stud_csv_admin_t 
    where  student_interest='Future Followup' and is_active=1 order by checkbox_save desc;
2023-05-17 22:03:56 [32minfo[39m: 	Requested URL : 
2023-05-17 22:03:56 [32minfo[39m: 	/names_basedon_role
2023-05-17 22:03:56 [32minfo[39m: 	Requested URL : 
2023-05-17 22:03:56 [32minfo[39m: 	/names_basedon_role
2023-05-17 22:03:56 [32minfo[39m: 	Requested URL : 
2023-05-17 22:03:56 [32minfo[39m: 	/names_basedon_role
2023-05-17 22:03:56 [32minfo[39m: 	Requested URL : 
2023-05-17 22:03:56 [32minfo[39m: 	/names_basedon_role
2023-05-17 22:03:56 [32minfo[39m: 	Requested URL : 
2023-05-17 22:03:56 [32minfo[39m: 	/roles
2023-05-17 22:03:56 [32minfo[39m: 	Requested URL : 
2023-05-17 22:03:56 [32minfo[39m: 	/notification_display
2023-05-17 22:03:56 [32minfo[39m: 	Requested URL : 
2023-05-17 22:03:56 [32minfo[39m: 	/names_basedon_role
2023-05-17 22:03:56 [32minfo[39m: 	Requested URL : 
2023-05-17 22:03:56 [32minfo[39m: 	/names_basedon_role
2023-05-17 22:03:56 [32minfo[39m: 	Requested URL : 
2023-05-17 22:03:56 [32minfo[39m: 	/notification_display
2023-05-17 22:03:56 [32minfo[39m: 	SELECT * FROM roles_table where status=1;
2023-05-17 22:03:56 [32minfo[39m: 	SELECT id,user_name,email FROM users_dtl_t where role=2 and is_active=1;
2023-05-17 22:03:56 [32minfo[39m: 	Requested URL : 
2023-05-17 22:03:56 [32minfo[39m: 	/admin_reverted_list_get
2023-05-17 22:03:56 [32minfo[39m: 	SELECT id,user_name,email FROM users_dtl_t where role=4 and is_active=1;
2023-05-17 22:03:56 [32minfo[39m: 	SELECT id,user_name,email FROM users_dtl_t where role=3 and is_active=1;
2023-05-17 22:03:56 [32minfo[39m: 	select s.message,u.user_name as createdby,s.c_ts as createdtime,s.created_by as reciever_id,u.role as roleid from send_message_dtl_t as s 
join users_dtl_t as u on u.id=s.created_by
 where role_id=1  and name=1 order by s.id desc;
2023-05-17 22:03:56 [32minfo[39m: 	SELECT * FROM reverted_stud_csv_admin_t 
    where  student_interest='Future Followup' and is_active=1 order by checkbox_save desc;
2023-05-17 22:03:58 [32minfo[39m: 	Requested URL : 
2023-05-17 22:03:58 [32minfo[39m: 	/assigned_stud_list_csv
2023-05-17 22:03:58 [32minfo[39m: 	Requested URL : 
2023-05-17 22:03:58 [32minfo[39m: 	/assigned_stud_list_csv
2023-05-17 22:03:58 [32minfo[39m: 	select * from reverted_stud_csv_admin_t where is_active=1 and assigned_to is null
2023-05-17 22:04:38 [32minfo[39m: 	Requested URL : 
2023-05-17 22:04:38 [32minfo[39m: 	/names_basedon_role
2023-05-17 22:04:38 [32minfo[39m: 	Requested URL : 
2023-05-17 22:04:38 [32minfo[39m: 	/names_basedon_role
2023-05-17 22:04:38 [32minfo[39m: 	Requested URL : 
2023-05-17 22:04:38 [32minfo[39m: 	/names_basedon_role
2023-05-17 22:04:38 [32minfo[39m: 	Requested URL : 
2023-05-17 22:04:38 [32minfo[39m: 	/names_basedon_role
2023-05-17 22:04:38 [32minfo[39m: 	Requested URL : 
2023-05-17 22:04:38 [32minfo[39m: 	/names_basedon_role
2023-05-17 22:04:38 [32minfo[39m: 	Requested URL : 
2023-05-17 22:04:38 [32minfo[39m: 	/names_basedon_role
2023-05-17 22:04:38 [32minfo[39m: 	SELECT id,user_name,email FROM users_dtl_t where role=2 and is_active=1;
2023-05-17 22:04:38 [32minfo[39m: 	SELECT id,user_name,email FROM users_dtl_t where role=3 and is_active=1;
2023-05-17 22:04:38 [32minfo[39m: 	Requested URL : 
2023-05-17 22:04:38 [32minfo[39m: 	/notification_display
2023-05-17 22:04:38 [32minfo[39m: 	SELECT id,user_name,email FROM users_dtl_t where role=4 and is_active=1;
2023-05-17 22:04:38 [32minfo[39m: 	Requested URL : 
2023-05-17 22:04:38 [32minfo[39m: 	/roles
2023-05-17 22:04:38 [32minfo[39m: 	Requested URL : 
2023-05-17 22:04:38 [32minfo[39m: 	/admin_reverted_list_get
2023-05-17 22:04:38 [32minfo[39m: 	Requested URL : 
2023-05-17 22:04:38 [32minfo[39m: 	/notification_display
2023-05-17 22:04:38 [32minfo[39m: 	SELECT * FROM reverted_stud_csv_admin_t 
    where  student_interest='Future Followup' and is_active=1 order by checkbox_save desc;
2023-05-17 22:04:38 [32minfo[39m: 	SELECT * FROM roles_table where status=1;
2023-05-17 22:04:38 [32minfo[39m: 	select s.message,u.user_name as createdby,s.c_ts as createdtime,s.created_by as reciever_id,u.role as roleid from send_message_dtl_t as s 
join users_dtl_t as u on u.id=s.created_by
 where role_id=1  and name=1 order by s.id desc;
2023-05-17 22:04:39 [32minfo[39m: 	Requested URL : 
2023-05-17 22:04:39 [32minfo[39m: 	/assigned_stud_list_csv
2023-05-17 22:04:39 [32minfo[39m: 	Requested URL : 
2023-05-17 22:04:39 [32minfo[39m: 	/assigned_stud_list_csv
2023-05-17 22:04:39 [32minfo[39m: 	select * from reverted_stud_csv_admin_t where is_active=1 and assigned_to is null
2023-05-17 22:07:22 [32minfo[39m: 	Requested URL : 
2023-05-17 22:07:22 [32minfo[39m: 	/names_basedon_role
2023-05-17 22:07:22 [32minfo[39m: 	Requested URL : 
2023-05-17 22:07:22 [32minfo[39m: 	/names_basedon_role
2023-05-17 22:07:22 [32minfo[39m: 	Requested URL : 
2023-05-17 22:07:22 [32minfo[39m: 	/names_basedon_role
2023-05-17 22:07:22 [32minfo[39m: 	Requested URL : 
2023-05-17 22:07:22 [32minfo[39m: 	/notification_display
2023-05-17 22:07:22 [32minfo[39m: 	Requested URL : 
2023-05-17 22:07:22 [32minfo[39m: 	/names_basedon_role
2023-05-17 22:07:22 [32minfo[39m: 	Requested URL : 
2023-05-17 22:07:22 [32minfo[39m: 	/names_basedon_role
2023-05-17 22:07:22 [32minfo[39m: 	Requested URL : 
2023-05-17 22:07:22 [32minfo[39m: 	/names_basedon_role
2023-05-17 22:07:22 [32minfo[39m: 	Requested URL : 
2023-05-17 22:07:22 [32minfo[39m: 	/notification_display
2023-05-17 22:07:22 [32minfo[39m: 	SELECT id,user_name,email FROM users_dtl_t where role=2 and is_active=1;
2023-05-17 22:07:22 [32minfo[39m: 	Requested URL : 
2023-05-17 22:07:22 [32minfo[39m: 	/roles
2023-05-17 22:07:22 [32minfo[39m: 	Requested URL : 
2023-05-17 22:07:22 [32minfo[39m: 	/admin_reverted_list_get
2023-05-17 22:07:22 [32minfo[39m: 	SELECT id,user_name,email FROM users_dtl_t where role=4 and is_active=1;
2023-05-17 22:07:22 [32minfo[39m: 	SELECT id,user_name,email FROM users_dtl_t where role=3 and is_active=1;
2023-05-17 22:07:22 [32minfo[39m: 	select s.message,u.user_name as createdby,s.c_ts as createdtime,s.created_by as reciever_id,u.role as roleid from send_message_dtl_t as s 
join users_dtl_t as u on u.id=s.created_by
 where role_id=1  and name=1 order by s.id desc;
2023-05-17 22:07:22 [32minfo[39m: 	SELECT * FROM roles_table where status=1;
2023-05-17 22:07:22 [32minfo[39m: 	SELECT * FROM reverted_stud_csv_admin_t 
    where  student_interest='Future Followup' and is_active=1 order by checkbox_save desc;
2023-05-17 22:25:36 [32minfo[39m: 	Requested URL : 
2023-05-17 22:25:36 [32minfo[39m: 	/names_basedon_role
2023-05-17 22:25:36 [32minfo[39m: 	Requested URL : 
2023-05-17 22:25:36 [32minfo[39m: 	/names_basedon_role
2023-05-17 22:25:36 [32minfo[39m: 	Requested URL : 
2023-05-17 22:25:36 [32minfo[39m: 	/names_basedon_role
2023-05-17 22:25:36 [32minfo[39m: 	Requested URL : 
2023-05-17 22:25:36 [32minfo[39m: 	/names_basedon_role
2023-05-17 22:25:36 [32minfo[39m: 	Requested URL : 
2023-05-17 22:25:36 [32minfo[39m: 	/notification_display
2023-05-17 22:25:36 [32minfo[39m: 	Requested URL : 
2023-05-17 22:25:36 [32minfo[39m: 	/names_basedon_role
2023-05-17 22:25:36 [32minfo[39m: 	Requested URL : 
2023-05-17 22:25:36 [32minfo[39m: 	/roles
2023-05-17 22:25:36 [32minfo[39m: 	Requested URL : 
2023-05-17 22:25:36 [32minfo[39m: 	/admin_reverted_list_get
2023-05-17 22:25:36 [32minfo[39m: 	Requested URL : 
2023-05-17 22:25:36 [32minfo[39m: 	/names_basedon_role
2023-05-17 22:25:36 [32minfo[39m: 	Requested URL : 
2023-05-17 22:25:36 [32minfo[39m: 	/notification_display
2023-05-17 22:25:36 [32minfo[39m: 	SELECT id,user_name,email FROM users_dtl_t where role=4 and is_active=1;
2023-05-17 22:25:36 [32minfo[39m: 	SELECT id,user_name,email FROM users_dtl_t where role=2 and is_active=1;
2023-05-17 22:25:36 [32minfo[39m: 	SELECT id,user_name,email FROM users_dtl_t where role=3 and is_active=1;
2023-05-17 22:25:36 [32minfo[39m: 	select s.message,u.user_name as createdby,s.c_ts as createdtime,s.created_by as reciever_id,u.role as roleid from send_message_dtl_t as s 
join users_dtl_t as u on u.id=s.created_by
 where role_id=1  and name=1 order by s.id desc;
2023-05-17 22:25:36 [32minfo[39m: 	SELECT * FROM roles_table where status=1;
2023-05-17 22:25:36 [32minfo[39m: 	SELECT * FROM reverted_stud_csv_admin_t 
    where  student_interest='Future Followup' and is_active=1 order by checkbox_save desc;
2023-05-17 22:25:39 [32minfo[39m: 	Requested URL : 
2023-05-17 22:25:39 [32minfo[39m: 	/assigned_stud_list_csv
2023-05-17 22:25:40 [32minfo[39m: 	Requested URL : 
2023-05-17 22:25:40 [32minfo[39m: 	/assigned_stud_list_csv
2023-05-17 22:25:40 [32minfo[39m: 	select * from reverted_stud_csv_admin_t where is_active=1 and assigned_to is null
2023-05-17 22:25:53 [32minfo[39m: 	Requested URL : 
2023-05-17 22:25:53 [32minfo[39m: 	/assigned_stud_list_csv
2023-05-17 22:25:53 [32minfo[39m: 	Requested URL : 
2023-05-17 22:25:53 [32minfo[39m: 	/assigned_stud_list_csv
2023-05-17 22:25:54 [32minfo[39m: 	select * from reverted_stud_csv_admin_t where is_active=1 and assigned_to is null
2023-05-17 22:26:30 [32minfo[39m: 	Requested URL : 
2023-05-17 22:26:30 [32minfo[39m: 	/names_basedon_role
2023-05-17 22:26:30 [32minfo[39m: 	Requested URL : 
2023-05-17 22:26:30 [32minfo[39m: 	/names_basedon_role
2023-05-17 22:26:30 [32minfo[39m: 	Requested URL : 
2023-05-17 22:26:30 [32minfo[39m: 	/names_basedon_role
2023-05-17 22:26:30 [32minfo[39m: 	Requested URL : 
2023-05-17 22:26:30 [32minfo[39m: 	/names_basedon_role
2023-05-17 22:26:30 [32minfo[39m: 	Requested URL : 
2023-05-17 22:26:30 [32minfo[39m: 	/names_basedon_role
2023-05-17 22:26:30 [32minfo[39m: 	SELECT id,user_name,email FROM users_dtl_t where role=2 and is_active=1;
2023-05-17 22:26:30 [32minfo[39m: 	SELECT id,user_name,email FROM users_dtl_t where role=3 and is_active=1;
2023-05-17 22:26:30 [32minfo[39m: 	SELECT id,user_name,email FROM users_dtl_t where role=4 and is_active=1;
2023-05-17 22:26:30 [32minfo[39m: 	Requested URL : 
2023-05-17 22:26:30 [32minfo[39m: 	/roles
2023-05-17 22:26:30 [32minfo[39m: 	SELECT * FROM roles_table where status=1;
2023-05-17 22:26:30 [32minfo[39m: 	Requested URL : 
2023-05-17 22:26:30 [32minfo[39m: 	/notification_display
2023-05-17 22:26:30 [32minfo[39m: 	Requested URL : 
2023-05-17 22:26:30 [32minfo[39m: 	/notification_display
2023-05-17 22:26:30 [32minfo[39m: 	select s.message,u.user_name as createdby,s.c_ts as createdtime,s.created_by as reciever_id,u.role as roleid from send_message_dtl_t as s 
join users_dtl_t as u on u.id=s.created_by
 where role_id=1  and name=1 order by s.id desc;
2023-05-17 22:26:30 [32minfo[39m: 	Requested URL : 
2023-05-17 22:26:30 [32minfo[39m: 	/admin_reverted_list_get
2023-05-17 22:26:30 [32minfo[39m: 	SELECT * FROM reverted_stud_csv_admin_t 
    where  student_interest='Future Followup' and is_active=1 order by checkbox_save desc;
2023-05-17 22:26:37 [32minfo[39m: 	Requested URL : 
2023-05-17 22:26:37 [32minfo[39m: 	/assigned_stud_list_csv
2023-05-17 22:26:37 [32minfo[39m: 	Requested URL : 
2023-05-17 22:26:37 [32minfo[39m: 	/assigned_stud_list_csv
2023-05-17 22:26:37 [32minfo[39m: 	select * from reverted_stud_csv_admin_t where is_active=1 and assigned_to is null
2023-05-17 22:27:30 [32minfo[39m: 	Requested URL : 
2023-05-17 22:27:30 [32minfo[39m: 	/names_basedon_role
2023-05-17 22:27:30 [32minfo[39m: 	Requested URL : 
2023-05-17 22:27:30 [32minfo[39m: 	/names_basedon_role
2023-05-17 22:27:30 [32minfo[39m: 	Requested URL : 
2023-05-17 22:27:30 [32minfo[39m: 	/names_basedon_role
2023-05-17 22:27:30 [32minfo[39m: 	Requested URL : 
2023-05-17 22:27:30 [32minfo[39m: 	/names_basedon_role
2023-05-17 22:27:30 [32minfo[39m: 	SELECT id,user_name,email FROM users_dtl_t where role=2 and is_active=1;
2023-05-17 22:27:30 [32minfo[39m: 	SELECT id,user_name,email FROM users_dtl_t where role=3 and is_active=1;
2023-05-17 22:27:30 [32minfo[39m: 	Requested URL : 
2023-05-17 22:27:30 [32minfo[39m: 	/names_basedon_role
2023-05-17 22:27:30 [32minfo[39m: 	SELECT id,user_name,email FROM users_dtl_t where role=4 and is_active=1;
2023-05-17 22:27:30 [32minfo[39m: 	Requested URL : 
2023-05-17 22:27:30 [32minfo[39m: 	/roles
2023-05-17 22:27:30 [32minfo[39m: 	SELECT * FROM roles_table where status=1;
2023-05-17 22:27:30 [32minfo[39m: 	Requested URL : 
2023-05-17 22:27:30 [32minfo[39m: 	/notification_display
2023-05-17 22:27:31 [32minfo[39m: 	Requested URL : 
2023-05-17 22:27:31 [32minfo[39m: 	/admin_reverted_list_get
2023-05-17 22:27:31 [32minfo[39m: 	Requested URL : 
2023-05-17 22:27:31 [32minfo[39m: 	/notification_display
2023-05-17 22:27:31 [32minfo[39m: 	select s.message,u.user_name as createdby,s.c_ts as createdtime,s.created_by as reciever_id,u.role as roleid from send_message_dtl_t as s 
join users_dtl_t as u on u.id=s.created_by
 where role_id=1  and name=1 order by s.id desc;
2023-05-17 22:27:31 [32minfo[39m: 	SELECT * FROM reverted_stud_csv_admin_t 
    where  student_interest='Future Followup' and is_active=1 order by checkbox_save desc;
2023-05-17 22:27:58 [32minfo[39m: 	Requested URL : 
2023-05-17 22:27:58 [32minfo[39m: 	/names_basedon_role
2023-05-17 22:27:58 [32minfo[39m: 	Requested URL : 
2023-05-17 22:27:58 [32minfo[39m: 	/names_basedon_role
2023-05-17 22:27:58 [32minfo[39m: 	Requested URL : 
2023-05-17 22:27:58 [32minfo[39m: 	/names_basedon_role
2023-05-17 22:27:58 [32minfo[39m: 	Requested URL : 
2023-05-17 22:27:58 [32minfo[39m: 	/names_basedon_role
2023-05-17 22:27:58 [32minfo[39m: 	Requested URL : 
2023-05-17 22:27:58 [32minfo[39m: 	/names_basedon_role
2023-05-17 22:27:58 [32minfo[39m: 	Requested URL : 
2023-05-17 22:27:58 [32minfo[39m: 	/names_basedon_role
2023-05-17 22:27:58 [32minfo[39m: 	SELECT id,user_name,email FROM users_dtl_t where role=2 and is_active=1;
2023-05-17 22:27:58 [32minfo[39m: 	SELECT id,user_name,email FROM users_dtl_t where role=3 and is_active=1;
2023-05-17 22:27:58 [32minfo[39m: 	SELECT id,user_name,email FROM users_dtl_t where role=4 and is_active=1;
2023-05-17 22:27:58 [32minfo[39m: 	Requested URL : 
2023-05-17 22:27:58 [32minfo[39m: 	/roles
2023-05-17 22:27:58 [32minfo[39m: 	SELECT * FROM roles_table where status=1;
2023-05-17 22:27:58 [32minfo[39m: 	Requested URL : 
2023-05-17 22:27:58 [32minfo[39m: 	/notification_display
2023-05-17 22:27:58 [32minfo[39m: 	Requested URL : 
2023-05-17 22:27:58 [32minfo[39m: 	/notification_display
2023-05-17 22:27:58 [32minfo[39m: 	select s.message,u.user_name as createdby,s.c_ts as createdtime,s.created_by as reciever_id,u.role as roleid from send_message_dtl_t as s 
join users_dtl_t as u on u.id=s.created_by
 where role_id=1  and name=1 order by s.id desc;
2023-05-17 22:27:58 [32minfo[39m: 	Requested URL : 
2023-05-17 22:27:58 [32minfo[39m: 	/admin_reverted_list_get
2023-05-17 22:27:58 [32minfo[39m: 	SELECT * FROM reverted_stud_csv_admin_t 
    where  student_interest='Future Followup' and is_active=1 order by checkbox_save desc;
2023-05-17 22:35:14 [32minfo[39m: 	Requested URL : 
2023-05-17 22:35:14 [32minfo[39m: 	/names_basedon_role
2023-05-17 22:35:14 [32minfo[39m: 	Requested URL : 
2023-05-17 22:35:14 [32minfo[39m: 	/names_basedon_role
2023-05-17 22:35:14 [32minfo[39m: 	Requested URL : 
2023-05-17 22:35:14 [32minfo[39m: 	/names_basedon_role
2023-05-17 22:35:14 [32minfo[39m: 	Requested URL : 
2023-05-17 22:35:14 [32minfo[39m: 	/names_basedon_role
2023-05-17 22:35:14 [32minfo[39m: 	Requested URL : 
2023-05-17 22:35:14 [32minfo[39m: 	/names_basedon_role
2023-05-17 22:35:14 [32minfo[39m: 	Requested URL : 
2023-05-17 22:35:14 [32minfo[39m: 	/notification_display
2023-05-17 22:35:14 [32minfo[39m: 	Requested URL : 
2023-05-17 22:35:14 [32minfo[39m: 	/names_basedon_role
2023-05-17 22:35:14 [32minfo[39m: 	Requested URL : 
2023-05-17 22:35:14 [32minfo[39m: 	/roles
2023-05-17 22:35:14 [32minfo[39m: 	Requested URL : 
2023-05-17 22:35:14 [32minfo[39m: 	/notification_display
2023-05-17 22:35:14 [32minfo[39m: 	SELECT id,user_name,email FROM users_dtl_t where role=2 and is_active=1;
2023-05-17 22:35:14 [32minfo[39m: 	Requested URL : 
2023-05-17 22:35:14 [32minfo[39m: 	/admin_reverted_list_get
2023-05-17 22:35:14 [32minfo[39m: 	SELECT id,user_name,email FROM users_dtl_t where role=3 and is_active=1;
2023-05-17 22:35:14 [32minfo[39m: 	SELECT id,user_name,email FROM users_dtl_t where role=4 and is_active=1;
2023-05-17 22:35:14 [32minfo[39m: 	SELECT * FROM roles_table where status=1;
2023-05-17 22:35:14 [32minfo[39m: 	select s.message,u.user_name as createdby,s.c_ts as createdtime,s.created_by as reciever_id,u.role as roleid from send_message_dtl_t as s 
join users_dtl_t as u on u.id=s.created_by
 where role_id=1  and name=1 order by s.id desc;
2023-05-17 22:35:14 [32minfo[39m: 	SELECT * FROM reverted_stud_csv_admin_t 
    where  student_interest='Future Followup' and is_active=1 order by checkbox_save desc;
2023-05-17 23:01:14 [32minfo[39m: 	Requested URL : 
2023-05-17 23:01:14 [32minfo[39m: 	/manage_roles_get
2023-05-17 23:01:14 [32minfo[39m: 	SELECT u.id,user_name,role,r.role_name,email,pwd,designation,c_ts as joined_date,phone_no,u.is_active
FROM users_dtl_t as u
join roles_table as r on r.id=u.role where role!=1 and u.is_active=1;
2023-05-17 23:31:51 [32minfo[39m: 	Requested URL : 
2023-05-17 23:31:51 [32minfo[39m: 	/login
2023-05-17 23:31:51 [32minfo[39m: 	Requested URL : 
2023-05-17 23:31:51 [32minfo[39m: 	/login
2023-05-17 23:31:51 [32minfo[39m: 	SELECT * FROM users_dtl_t where email='Monika.charispathway@gmail.com'
2023-05-17 23:31:51 [32minfo[39m: 	SELECT * FROM users_dtl_t where email='Monika.charispathway@gmail.com' and pwd='1234' 
2023-05-17 23:31:51 [32minfo[39m: 	select * from users_dtl_t where id=1
2023-05-17 23:33:04 [32minfo[39m: 	Requested URL : 
2023-05-17 23:33:04 [32minfo[39m: 	/names_basedon_role
2023-05-17 23:33:04 [32minfo[39m: 	Requested URL : 
2023-05-17 23:33:04 [32minfo[39m: 	/names_basedon_role
2023-05-17 23:33:04 [32minfo[39m: 	Requested URL : 
2023-05-17 23:33:04 [32minfo[39m: 	/names_basedon_role
2023-05-17 23:33:04 [32minfo[39m: 	Requested URL : 
2023-05-17 23:33:04 [32minfo[39m: 	/names_basedon_role
2023-05-17 23:33:04 [32minfo[39m: 	Requested URL : 
2023-05-17 23:33:04 [32minfo[39m: 	/names_basedon_role
2023-05-17 23:33:04 [32minfo[39m: 	Requested URL : 
2023-05-17 23:33:04 [32minfo[39m: 	/roles
2023-05-17 23:33:04 [32minfo[39m: 	Requested URL : 
2023-05-17 23:33:04 [32minfo[39m: 	/notification_display
2023-05-17 23:33:04 [32minfo[39m: 	Requested URL : 
2023-05-17 23:33:04 [32minfo[39m: 	/admin_reverted_list_get
2023-05-17 23:33:04 [32minfo[39m: 	Requested URL : 
2023-05-17 23:33:04 [32minfo[39m: 	/names_basedon_role
2023-05-17 23:33:04 [32minfo[39m: 	SELECT id,user_name,email FROM users_dtl_t where role=2 and is_active=1;
2023-05-17 23:33:04 [32minfo[39m: 	Requested URL : 
2023-05-17 23:33:04 [32minfo[39m: 	/notification_display
2023-05-17 23:33:04 [32minfo[39m: 	Requested URL : 
2023-05-17 23:33:04 [32minfo[39m: 	/roles
2023-05-17 23:33:04 [32minfo[39m: 	SELECT id,user_name,email FROM users_dtl_t where role=3 and is_active=1;
2023-05-17 23:33:04 [32minfo[39m: 	Requested URL : 
2023-05-17 23:33:04 [32minfo[39m: 	/admin_reverted_list_get
2023-05-17 23:33:04 [32minfo[39m: 	SELECT id,user_name,email FROM users_dtl_t where role=4 and is_active=1;
2023-05-17 23:33:04 [32minfo[39m: 	select s.message,u.user_name as createdby,s.c_ts as createdtime,s.created_by as reciever_id,u.role as roleid from send_message_dtl_t as s 
join users_dtl_t as u on u.id=s.created_by
 where role_id=1  and name=1 order by s.id desc;
2023-05-17 23:33:04 [32minfo[39m: 	SELECT * FROM roles_table where status=1;
2023-05-17 23:33:04 [32minfo[39m: 	SELECT * FROM reverted_stud_csv_admin_t 
    where  student_interest='Future Followup' and is_active=1 order by checkbox_save desc;
2023-05-17 23:33:54 [32minfo[39m: 	Requested URL : 
2023-05-17 23:33:54 [32minfo[39m: 	/names_basedon_role
2023-05-17 23:33:54 [32minfo[39m: 	Requested URL : 
2023-05-17 23:33:54 [32minfo[39m: 	/names_basedon_role
2023-05-17 23:33:54 [32minfo[39m: 	Requested URL : 
2023-05-17 23:33:54 [32minfo[39m: 	/names_basedon_role
2023-05-17 23:33:54 [32minfo[39m: 	Requested URL : 
2023-05-17 23:33:54 [32minfo[39m: 	/names_basedon_role
2023-05-17 23:33:54 [32minfo[39m: 	Requested URL : 
2023-05-17 23:33:54 [32minfo[39m: 	/names_basedon_role
2023-05-17 23:33:54 [32minfo[39m: 	Requested URL : 
2023-05-17 23:33:54 [32minfo[39m: 	/notification_display
2023-05-17 23:33:54 [32minfo[39m: 	Requested URL : 
2023-05-17 23:33:54 [32minfo[39m: 	/admin_reverted_list_get
2023-05-17 23:33:54 [32minfo[39m: 	Requested URL : 
2023-05-17 23:33:54 [32minfo[39m: 	/roles
2023-05-17 23:33:54 [32minfo[39m: 	Requested URL : 
2023-05-17 23:33:54 [32minfo[39m: 	/names_basedon_role
2023-05-17 23:33:54 [32minfo[39m: 	Requested URL : 
2023-05-17 23:33:54 [32minfo[39m: 	/notification_display
2023-05-17 23:33:54 [32minfo[39m: 	Requested URL : 
2023-05-17 23:33:54 [32minfo[39m: 	/admin_reverted_list_get
2023-05-17 23:33:54 [32minfo[39m: 	SELECT id,user_name,email FROM users_dtl_t where role=2 and is_active=1;
2023-05-17 23:33:54 [32minfo[39m: 	SELECT id,user_name,email FROM users_dtl_t where role=4 and is_active=1;
2023-05-17 23:33:54 [32minfo[39m: 	Requested URL : 
2023-05-17 23:33:54 [32minfo[39m: 	/roles
2023-05-17 23:33:54 [32minfo[39m: 	SELECT id,user_name,email FROM users_dtl_t where role=3 and is_active=1;
2023-05-17 23:33:54 [32minfo[39m: 	select s.message,u.user_name as createdby,s.c_ts as createdtime,s.created_by as reciever_id,u.role as roleid from send_message_dtl_t as s 
join users_dtl_t as u on u.id=s.created_by
 where role_id=1  and name=1 order by s.id desc;
2023-05-17 23:33:54 [32minfo[39m: 	SELECT * FROM reverted_stud_csv_admin_t 
    where  student_interest='Future Followup' and is_active=1 order by checkbox_save desc;
2023-05-17 23:33:54 [32minfo[39m: 	SELECT * FROM roles_table where status=1;
2023-05-17 23:33:58 [32minfo[39m: 	Requested URL : 
2023-05-17 23:33:58 [32minfo[39m: 	/assigned_stud_list_csv
2023-05-17 23:33:58 [32minfo[39m: 	Requested URL : 
2023-05-17 23:33:58 [32minfo[39m: 	/assigned_stud_list_csv
2023-05-17 23:33:58 [32minfo[39m: 	select * from reverted_stud_csv_admin_t where is_active=1 and assigned_to is null
2023-05-17 23:34:10 [32minfo[39m: 	Requested URL : 
2023-05-17 23:34:10 [32minfo[39m: 	/manage_roles_get
2023-05-17 23:34:10 [32minfo[39m: 	SELECT u.id,user_name,role,r.role_name,email,pwd,designation,c_ts as joined_date,phone_no,u.is_active
FROM users_dtl_t as u
join roles_table as r on r.id=u.role where role!=1 and u.is_active=1;
2023-05-17 23:34:56 [32minfo[39m: 	Requested URL : 
2023-05-17 23:34:56 [32minfo[39m: 	/assigned_stud_list_csv
2023-05-17 23:34:56 [32minfo[39m: 	Requested URL : 
2023-05-17 23:34:56 [32minfo[39m: 	/assigned_stud_list_csv
2023-05-17 23:34:56 [32minfo[39m: 	select * from reverted_stud_csv_admin_t where is_active=1 and assigned_to is null
2023-05-17 23:35:14 [32minfo[39m: 	Requested URL : 
2023-05-17 23:35:14 [32minfo[39m: 	/manage_roles_get
2023-05-17 23:35:14 [32minfo[39m: 	Requested URL : 
2023-05-17 23:35:14 [32minfo[39m: 	/manage_roles_get
2023-05-17 23:35:14 [32minfo[39m: 	SELECT u.id,user_name,role,r.role_name,email,pwd,designation,c_ts as joined_date,phone_no,u.is_active
FROM users_dtl_t as u
join roles_table as r on r.id=u.role where role!=1 and u.is_active=1;
2023-05-17 23:35:27 [32minfo[39m: 	Requested URL : 
2023-05-17 23:35:27 [32minfo[39m: 	/manage_roles_get
2023-05-17 23:35:27 [32minfo[39m: 	Requested URL : 
2023-05-17 23:35:27 [32minfo[39m: 	/manage_roles_get
2023-05-17 23:35:27 [32minfo[39m: 	SELECT u.id,user_name,role,r.role_name,email,pwd,designation,c_ts as joined_date,phone_no,u.is_active
FROM users_dtl_t as u
join roles_table as r on r.id=u.role where role!=1 and u.is_active=1;
2023-05-17 23:35:31 [32minfo[39m: 	Requested URL : 
2023-05-17 23:35:31 [32minfo[39m: 	/manage_roles_get
2023-05-17 23:35:31 [32minfo[39m: 	SELECT u.id,user_name,role,r.role_name,email,pwd,designation,c_ts as joined_date,phone_no,u.is_active
FROM users_dtl_t as u
join roles_table as r on r.id=u.role where role!=1 and u.is_active=1;
2023-05-17 23:35:38 [32minfo[39m: 	Requested URL : 
2023-05-17 23:35:38 [32minfo[39m: 	/assigned_stud_list_csv
2023-05-17 23:35:38 [32minfo[39m: 	Requested URL : 
2023-05-17 23:35:38 [32minfo[39m: 	/assigned_stud_list_csv
2023-05-17 23:35:38 [32minfo[39m: 	select * from reverted_stud_csv_admin_t where is_active=1 and assigned_to is null
2023-05-17 23:36:39 [32minfo[39m: 	Requested URL : 
2023-05-17 23:36:39 [32minfo[39m: 	/assigned_stud_list_csv
2023-05-17 23:36:39 [32minfo[39m: 	Requested URL : 
2023-05-17 23:36:39 [32minfo[39m: 	/assigned_stud_list_csv
2023-05-17 23:36:39 [32minfo[39m: 	select * from reverted_stud_csv_admin_t where is_active=1 and assigned_to is null
2023-05-17 23:36:56 [32minfo[39m: 	Requested URL : 
2023-05-17 23:36:56 [32minfo[39m: 	/assigned_stud_list_csv
2023-05-17 23:36:56 [32minfo[39m: 	Requested URL : 
2023-05-17 23:36:56 [32minfo[39m: 	/assigned_stud_list_csv
2023-05-17 23:36:57 [32minfo[39m: 	select * from reverted_stud_csv_admin_t where is_active=1 and assigned_to is null
2023-05-17 23:41:53 [32minfo[39m: 	Requested URL : 
2023-05-17 23:41:53 [32minfo[39m: 	/login
2023-05-17 23:41:53 [32minfo[39m: 	Requested URL : 
2023-05-17 23:41:53 [32minfo[39m: 	/login
2023-05-17 23:41:53 [32minfo[39m: 	SELECT * FROM users_dtl_t where email='Monika.charispathway@gmail.com'
2023-05-17 23:41:53 [32minfo[39m: 	SELECT * FROM users_dtl_t where email='Monika.charispathway@gmail.com' and pwd='1234' 
2023-05-17 23:41:53 [32minfo[39m: 	select * from users_dtl_t where id=1
2023-05-17 23:41:54 [32minfo[39m: 	Requested URL : 
2023-05-17 23:41:54 [32minfo[39m: 	/names_basedon_role
2023-05-17 23:41:54 [32minfo[39m: 	Requested URL : 
2023-05-17 23:41:54 [32minfo[39m: 	/names_basedon_role
2023-05-17 23:41:54 [32minfo[39m: 	Requested URL : 
2023-05-17 23:41:54 [32minfo[39m: 	/names_basedon_role
2023-05-17 23:41:54 [32minfo[39m: 	Requested URL : 
2023-05-17 23:41:54 [32minfo[39m: 	/roles
2023-05-17 23:41:54 [32minfo[39m: 	Requested URL : 
2023-05-17 23:41:54 [32minfo[39m: 	/admin_reverted_list_get
2023-05-17 23:41:54 [32minfo[39m: 	Requested URL : 
2023-05-17 23:41:54 [32minfo[39m: 	/notification_display
2023-05-17 23:41:54 [32minfo[39m: 	Requested URL : 
2023-05-17 23:41:54 [32minfo[39m: 	/names_basedon_role
2023-05-17 23:41:54 [32minfo[39m: 	Requested URL : 
2023-05-17 23:41:54 [32minfo[39m: 	/names_basedon_role
2023-05-17 23:41:54 [32minfo[39m: 	Requested URL : 
2023-05-17 23:41:54 [32minfo[39m: 	/names_basedon_role
2023-05-17 23:41:54 [32minfo[39m: 	Requested URL : 
2023-05-17 23:41:54 [32minfo[39m: 	/notification_display
2023-05-17 23:41:54 [32minfo[39m: 	Requested URL : 
2023-05-17 23:41:54 [32minfo[39m: 	/roles
2023-05-17 23:41:54 [32minfo[39m: 	Requested URL : 
2023-05-17 23:41:54 [32minfo[39m: 	/admin_reverted_list_get
2023-05-17 23:41:54 [32minfo[39m: 	SELECT id,user_name,email FROM users_dtl_t where role=3 and is_active=1;
2023-05-17 23:41:54 [32minfo[39m: 	SELECT id,user_name,email FROM users_dtl_t where role=2 and is_active=1;
2023-05-17 23:41:54 [32minfo[39m: 	SELECT id,user_name,email FROM users_dtl_t where role=4 and is_active=1;
2023-05-17 23:41:54 [32minfo[39m: 	select s.message,u.user_name as createdby,s.c_ts as createdtime,s.created_by as reciever_id,u.role as roleid from send_message_dtl_t as s 
join users_dtl_t as u on u.id=s.created_by
 where role_id=1  and name=1 order by s.id desc;
2023-05-17 23:41:54 [32minfo[39m: 	SELECT * FROM roles_table where status=1;
2023-05-17 23:41:54 [32minfo[39m: 	SELECT * FROM reverted_stud_csv_admin_t 
    where  student_interest='Future Followup' and is_active=1 order by checkbox_save desc;
2023-05-17 23:42:54 [32minfo[39m: 	Requested URL : 
2023-05-17 23:42:54 [32minfo[39m: 	/login
2023-05-17 23:42:54 [32minfo[39m: 	Requested URL : 
2023-05-17 23:42:54 [32minfo[39m: 	/login
2023-05-17 23:42:54 [32minfo[39m: 	SELECT * FROM users_dtl_t where email='Monika.charispathway@gmail.com'
2023-05-17 23:42:54 [32minfo[39m: 	SELECT * FROM users_dtl_t where email='Monika.charispathway@gmail.com' and pwd='1234' 
2023-05-17 23:42:54 [32minfo[39m: 	select * from users_dtl_t where id=1
2023-05-17 23:42:56 [32minfo[39m: 	Requested URL : 
2023-05-17 23:42:56 [32minfo[39m: 	/names_basedon_role
2023-05-17 23:42:56 [32minfo[39m: 	Requested URL : 
2023-05-17 23:42:56 [32minfo[39m: 	/names_basedon_role
2023-05-17 23:42:56 [32minfo[39m: 	Requested URL : 
2023-05-17 23:42:56 [32minfo[39m: 	/names_basedon_role
2023-05-17 23:42:56 [32minfo[39m: 	Requested URL : 
2023-05-17 23:42:56 [32minfo[39m: 	/roles
2023-05-17 23:42:56 [32minfo[39m: 	Requested URL : 
2023-05-17 23:42:56 [32minfo[39m: 	/notification_display
2023-05-17 23:42:56 [32minfo[39m: 	Requested URL : 
2023-05-17 23:42:56 [32minfo[39m: 	/names_basedon_role
2023-05-17 23:42:56 [32minfo[39m: 	Requested URL : 
2023-05-17 23:42:56 [32minfo[39m: 	/names_basedon_role
2023-05-17 23:42:56 [32minfo[39m: 	Requested URL : 
2023-05-17 23:42:56 [32minfo[39m: 	/names_basedon_role
2023-05-17 23:42:56 [32minfo[39m: 	Requested URL : 
2023-05-17 23:42:56 [32minfo[39m: 	/admin_reverted_list_get
2023-05-17 23:42:56 [32minfo[39m: 	Requested URL : 
2023-05-17 23:42:56 [32minfo[39m: 	/roles
2023-05-17 23:42:56 [32minfo[39m: 	Requested URL : 
2023-05-17 23:42:56 [32minfo[39m: 	/notification_display
2023-05-17 23:42:56 [32minfo[39m: 	SELECT id,user_name,email FROM users_dtl_t where role=3 and is_active=1;
2023-05-17 23:42:56 [32minfo[39m: 	SELECT id,user_name,email FROM users_dtl_t where role=2 and is_active=1;
2023-05-17 23:42:56 [32minfo[39m: 	SELECT id,user_name,email FROM users_dtl_t where role=4 and is_active=1;
2023-05-17 23:42:56 [32minfo[39m: 	Requested URL : 
2023-05-17 23:42:56 [32minfo[39m: 	/admin_reverted_list_get
2023-05-17 23:42:56 [32minfo[39m: 	SELECT * FROM roles_table where status=1;
2023-05-17 23:42:56 [32minfo[39m: 	select s.message,u.user_name as createdby,s.c_ts as createdtime,s.created_by as reciever_id,u.role as roleid from send_message_dtl_t as s 
join users_dtl_t as u on u.id=s.created_by
 where role_id=1  and name=1 order by s.id desc;
2023-05-17 23:42:56 [32minfo[39m: 	SELECT * FROM reverted_stud_csv_admin_t 
    where  student_interest='Future Followup' and is_active=1 order by checkbox_save desc;
2023-05-17 23:43:03 [32minfo[39m: 	Requested URL : 
2023-05-17 23:43:03 [32minfo[39m: 	/assigned_stud_list_csv
2023-05-17 23:43:03 [32minfo[39m: 	Requested URL : 
2023-05-17 23:43:03 [32minfo[39m: 	/assigned_stud_list_csv
2023-05-17 23:43:03 [32minfo[39m: 	select * from reverted_stud_csv_admin_t where is_active=1 and assigned_to is null
2023-05-17 23:43:25 [32minfo[39m: 	Requested URL : 
2023-05-17 23:43:25 [32minfo[39m: 	/assigned_stud_list_csv
2023-05-17 23:43:25 [32minfo[39m: 	Requested URL : 
2023-05-17 23:43:25 [32minfo[39m: 	/assigned_stud_list_csv
2023-05-17 23:43:25 [32minfo[39m: 	select * from reverted_stud_csv_admin_t where is_active=1 and assigned_to is null
2023-05-17 23:43:51 [32minfo[39m: 	Requested URL : 
2023-05-17 23:43:51 [32minfo[39m: 	/assigned_stud_save_button
2023-05-17 23:43:51 [32minfo[39m: 	Requested URL : 
2023-05-17 23:43:51 [32minfo[39m: 	/assigned_stud_save_button
2023-05-17 23:43:51 [32minfo[39m: 	Requested URL : 
2023-05-17 23:43:51 [32minfo[39m: 	/assigned_stud_save_button
2023-05-17 23:43:51 [32minfo[39m: 	Requested URL : 
2023-05-17 23:43:51 [32minfo[39m: 	/assigned_stud_save_button
2023-05-17 23:43:51 [32minfo[39m: 	Requested URL : 
2023-05-17 23:43:51 [32minfo[39m: 	/assigned_stud_save_button
2023-05-17 23:43:51 [32minfo[39m: 	Requested URL : 
2023-05-17 23:43:51 [32minfo[39m: 	/assigned_stud_save_button
2023-05-17 23:43:51 [32minfo[39m: 	Requested URL : 
2023-05-17 23:43:51 [32minfo[39m: 	/assigned_stud_save_button
2023-05-17 23:43:51 [32minfo[39m: 	Requested URL : 
2023-05-17 23:43:51 [32minfo[39m: 	/assigned_stud_save_button
2023-05-17 23:43:51 [32minfo[39m: 	Requested URL : 
2023-05-17 23:43:51 [32minfo[39m: 	/assigned_stud_save_button
2023-05-17 23:43:51 [32minfo[39m: 	Requested URL : 
2023-05-17 23:43:51 [32minfo[39m: 	/assigned_stud_save_button
2023-05-17 23:43:51 [32minfo[39m: 	Requested URL : 
2023-05-17 23:43:51 [32minfo[39m: 	/assigned_stud_save_button
2023-05-17 23:43:51 [32minfo[39m: 	Requested URL : 
2023-05-17 23:43:51 [32minfo[39m: 	/assigned_stud_save_button
2023-05-17 23:43:51 [32minfo[39m: 	Requested URL : 
2023-05-17 23:43:51 [32minfo[39m: 	/assigned_stud_save_button
2023-05-17 23:43:51 [32minfo[39m: 	Requested URL : 
2023-05-17 23:43:51 [32minfo[39m: 	/assigned_stud_save_button
2023-05-17 23:43:51 [32minfo[39m: 	Requested URL : 
2023-05-17 23:43:51 [32minfo[39m: 	/assigned_stud_save_button
2023-05-17 23:43:51 [32minfo[39m: 	Requested URL : 
2023-05-17 23:43:51 [32minfo[39m: 	/assigned_stud_save_button
2023-05-17 23:43:51 [32minfo[39m: 	update reverted_stud_csv_admin_t set is_active=1, assigned_to=115,assigned_by=1
    where id in (4944);
2023-05-17 23:43:51 [32minfo[39m: 	update reverted_stud_csv_admin_t set is_active=1, assigned_to=115,assigned_by=1
    where id in (4945);
2023-05-17 23:43:51 [32minfo[39m: 	update reverted_stud_csv_admin_t set is_active=1, assigned_to=115,assigned_by=1
    where id in (4943);
2023-05-17 23:43:51 [32minfo[39m: 	update reverted_stud_csv_admin_t set is_active=1, assigned_to=115,assigned_by=1
    where id in (4947);
2023-05-17 23:43:51 [32minfo[39m: 	update reverted_stud_csv_admin_t set is_active=1, assigned_to=115,assigned_by=1
    where id in (4942);
2023-05-17 23:43:51 [32minfo[39m: 	update reverted_stud_csv_admin_t set is_active=1, assigned_to=115,assigned_by=1
    where id in (4946);
2023-05-17 23:43:51 [32minfo[39m: 	Requested URL : 
2023-05-17 23:43:51 [32minfo[39m: 	/assigned_stud_save_button
2023-05-17 23:43:51 [32minfo[39m: 	Requested URL : 
2023-05-17 23:43:51 [32minfo[39m: 	/assigned_stud_save_button
2023-05-17 23:43:51 [32minfo[39m: 	Requested URL : 
2023-05-17 23:43:51 [32minfo[39m: 	/assigned_stud_save_button
2023-05-17 23:43:51 [32minfo[39m: 	Requested URL : 
2023-05-17 23:43:51 [32minfo[39m: 	/assigned_stud_save_button
2023-05-17 23:43:51 [32minfo[39m: 	Requested URL : 
2023-05-17 23:43:51 [32minfo[39m: 	/assigned_stud_list_csv
2023-05-17 23:43:51 [32minfo[39m: 	update reverted_stud_csv_admin_t set is_active=1, assigned_to=115,assigned_by=1
    where id in (4948);
2023-05-17 23:43:51 [32minfo[39m: 	update reverted_stud_csv_admin_t set is_active=1, assigned_to=115,assigned_by=1
    where id in (4949);
2023-05-17 23:43:51 [32minfo[39m: 	Requested URL : 
2023-05-17 23:43:51 [32minfo[39m: 	/assigned_stud_list_csv
2023-05-17 23:43:51 [32minfo[39m: 	update reverted_stud_csv_admin_t set is_active=1, assigned_to=115,assigned_by=1
    where id in (4950);
2023-05-17 23:43:51 [32minfo[39m: 	update reverted_stud_csv_admin_t set is_active=1, assigned_to=115,assigned_by=1
    where id in (4965);
2023-05-17 23:43:51 [32minfo[39m: 	select * from reverted_stud_csv_admin_t where is_active=1 and assigned_to is null
2023-05-17 23:43:51 [32minfo[39m: 	Requested URL : 
2023-05-17 23:43:51 [32minfo[39m: 	/assigned_stud_list_csv
2023-05-17 23:43:51 [32minfo[39m: 	Requested URL : 
2023-05-17 23:43:51 [32minfo[39m: 	/assigned_stud_list_csv
2023-05-17 23:43:51 [32minfo[39m: 	select * from reverted_stud_csv_admin_t where is_active=1 and assigned_to is null
2023-05-17 23:43:51 [32minfo[39m: 	Requested URL : 
2023-05-17 23:43:51 [32minfo[39m: 	/assigned_stud_list_csv
2023-05-17 23:43:51 [32minfo[39m: 	Requested URL : 
2023-05-17 23:43:51 [32minfo[39m: 	/assigned_stud_list_csv
2023-05-17 23:43:51 [32minfo[39m: 	Requested URL : 
2023-05-17 23:43:51 [32minfo[39m: 	/assigned_stud_list_csv
2023-05-17 23:43:51 [32minfo[39m: 	Requested URL : 
2023-05-17 23:43:51 [32minfo[39m: 	/assigned_stud_list_csv
2023-05-17 23:43:51 [32minfo[39m: 	Requested URL : 
2023-05-17 23:43:51 [32minfo[39m: 	/assigned_stud_list_csv
2023-05-17 23:43:52 [32minfo[39m: 	select * from reverted_stud_csv_admin_t where is_active=1 and assigned_to is null
2023-05-17 23:43:52 [32minfo[39m: 	select * from reverted_stud_csv_admin_t where is_active=1 and assigned_to is null
2023-05-17 23:43:52 [32minfo[39m: 	select * from reverted_stud_csv_admin_t where is_active=1 and assigned_to is null
2023-05-17 23:43:52 [32minfo[39m: 	select * from reverted_stud_csv_admin_t where is_active=1 and assigned_to is null
2023-05-17 23:43:52 [32minfo[39m: 	Requested URL : 
2023-05-17 23:43:52 [32minfo[39m: 	/assigned_stud_list_csv
2023-05-17 23:43:52 [32minfo[39m: 	select * from reverted_stud_csv_admin_t where is_active=1 and assigned_to is null
2023-05-17 23:43:52 [32minfo[39m: 	select * from reverted_stud_csv_admin_t where is_active=1 and assigned_to is null
2023-05-17 23:43:52 [32minfo[39m: 	Requested URL : 
2023-05-17 23:43:52 [32minfo[39m: 	/assigned_stud_list_csv
2023-05-17 23:43:52 [32minfo[39m: 	select * from reverted_stud_csv_admin_t where is_active=1 and assigned_to is null
2023-05-17 23:43:52 [32minfo[39m: 	select * from reverted_stud_csv_admin_t where is_active=1 and assigned_to is null
2023-05-17 23:46:09 [32minfo[39m: 	Requested URL : 
2023-05-17 23:46:09 [32minfo[39m: 	/admin_csv_upload
2023-05-17 23:46:09 [32minfo[39m: 	Requested URL : 
2023-05-17 23:46:09 [32minfo[39m: 	/admin_csv_upload
2023-05-17 23:46:09 [32minfo[39m: 	SET GLOBAL local_infile=1;
2023-05-17 23:46:09 [32minfo[39m: 	LOAD DATA LOCAL INFILE "filestorage/adminCSV/20230517234609_Bookcopy.csv" INTO TABLE reverted_stud_csv_admin_t 
    FIELDS TERMINATED BY ',' 
    LINES TERMINATED BY '
' 
    IGNORE 1 LINES
    (Studen_Name, phone_no, email_id, country_interested);
2023-05-17 23:46:12 [32minfo[39m: 	Requested URL : 
2023-05-17 23:46:12 [32minfo[39m: 	/assigned_stud_list_csv
2023-05-17 23:46:12 [32minfo[39m: 	Requested URL : 
2023-05-17 23:46:12 [32minfo[39m: 	/assigned_stud_list_csv
2023-05-17 23:46:12 [32minfo[39m: 	select * from reverted_stud_csv_admin_t where is_active=1 and assigned_to is null
2023-05-17 23:51:47 [32minfo[39m: 	Requested URL : 
2023-05-17 23:51:47 [32minfo[39m: 	/names_basedon_role
2023-05-17 23:51:47 [32minfo[39m: 	Requested URL : 
2023-05-17 23:51:47 [32minfo[39m: 	/names_basedon_role
2023-05-17 23:51:47 [32minfo[39m: 	Requested URL : 
2023-05-17 23:51:47 [32minfo[39m: 	/names_basedon_role
2023-05-17 23:51:47 [32minfo[39m: 	Requested URL : 
2023-05-17 23:51:47 [32minfo[39m: 	/names_basedon_role
2023-05-17 23:51:47 [32minfo[39m: 	Requested URL : 
2023-05-17 23:51:47 [32minfo[39m: 	/names_basedon_role
2023-05-17 23:51:47 [32minfo[39m: 	Requested URL : 
2023-05-17 23:51:47 [32minfo[39m: 	/names_basedon_role
2023-05-17 23:51:47 [32minfo[39m: 	SELECT id,user_name,email FROM users_dtl_t where role=3 and is_active=1;
2023-05-17 23:51:47 [32minfo[39m: 	SELECT id,user_name,email FROM users_dtl_t where role=2 and is_active=1;
2023-05-17 23:51:47 [32minfo[39m: 	SELECT id,user_name,email FROM users_dtl_t where role=4 and is_active=1;
2023-05-17 23:51:47 [32minfo[39m: 	Requested URL : 
2023-05-17 23:51:47 [32minfo[39m: 	/notification_display
2023-05-17 23:51:47 [32minfo[39m: 	Requested URL : 
2023-05-17 23:51:47 [32minfo[39m: 	/notification_display
2023-05-17 23:51:47 [32minfo[39m: 	select s.message,u.user_name as createdby,s.c_ts as createdtime,s.created_by as reciever_id,u.role as roleid from send_message_dtl_t as s 
join users_dtl_t as u on u.id=s.created_by
 where role_id=1  and name=1 order by s.id desc;
2023-05-17 23:51:47 [32minfo[39m: 	Requested URL : 
2023-05-17 23:51:47 [32minfo[39m: 	/roles
2023-05-17 23:51:47 [32minfo[39m: 	Requested URL : 
2023-05-17 23:51:47 [32minfo[39m: 	/admin_reverted_list_get
2023-05-17 23:51:47 [32minfo[39m: 	Requested URL : 
2023-05-17 23:51:47 [32minfo[39m: 	/roles
2023-05-17 23:51:47 [32minfo[39m: 	SELECT * FROM roles_table where status=1;
2023-05-17 23:51:47 [32minfo[39m: 	Requested URL : 
2023-05-17 23:51:47 [32minfo[39m: 	/admin_reverted_list_get
2023-05-17 23:51:47 [32minfo[39m: 	SELECT * FROM reverted_stud_csv_admin_t 
    where  student_interest='Future Followup' and is_active=1 order by checkbox_save desc;
2023-05-17 23:52:12 [32minfo[39m: 	Requested URL : 
2023-05-17 23:52:12 [32minfo[39m: 	/assigned_stud_list_csv
2023-05-17 23:52:12 [32minfo[39m: 	Requested URL : 
2023-05-17 23:52:12 [32minfo[39m: 	/assigned_stud_list_csv
2023-05-17 23:52:12 [32minfo[39m: 	select * from reverted_stud_csv_admin_t where is_active=1 and assigned_to is null
2023-05-17 23:52:27 [32minfo[39m: 	Requested URL : 
2023-05-17 23:52:27 [32minfo[39m: 	/names_basedon_role
2023-05-17 23:52:27 [32minfo[39m: 	Requested URL : 
2023-05-17 23:52:27 [32minfo[39m: 	/names_basedon_role
2023-05-17 23:52:27 [32minfo[39m: 	Requested URL : 
2023-05-17 23:52:27 [32minfo[39m: 	/names_basedon_role
2023-05-17 23:52:27 [32minfo[39m: 	Requested URL : 
2023-05-17 23:52:27 [32minfo[39m: 	/roles
2023-05-17 23:52:27 [32minfo[39m: 	Requested URL : 
2023-05-17 23:52:27 [32minfo[39m: 	/names_basedon_role
2023-05-17 23:52:27 [32minfo[39m: 	Requested URL : 
2023-05-17 23:52:27 [32minfo[39m: 	/notification_display
2023-05-17 23:52:27 [32minfo[39m: 	Requested URL : 
2023-05-17 23:52:27 [32minfo[39m: 	/admin_reverted_list_get
2023-05-17 23:52:27 [32minfo[39m: 	Requested URL : 
2023-05-17 23:52:27 [32minfo[39m: 	/names_basedon_role
2023-05-17 23:52:27 [32minfo[39m: 	Requested URL : 
2023-05-17 23:52:27 [32minfo[39m: 	/names_basedon_role
2023-05-17 23:52:27 [32minfo[39m: 	Requested URL : 
2023-05-17 23:52:27 [32minfo[39m: 	/notification_display
2023-05-17 23:52:27 [32minfo[39m: 	Requested URL : 
2023-05-17 23:52:27 [32minfo[39m: 	/roles
2023-05-17 23:52:27 [32minfo[39m: 	SELECT id,user_name,email FROM users_dtl_t where role=2 and is_active=1;
2023-05-17 23:52:27 [32minfo[39m: 	Requested URL : 
2023-05-17 23:52:27 [32minfo[39m: 	/admin_reverted_list_get
2023-05-17 23:52:27 [32minfo[39m: 	SELECT * FROM roles_table where status=1;
2023-05-17 23:52:27 [32minfo[39m: 	SELECT id,user_name,email FROM users_dtl_t where role=3 and is_active=1;
2023-05-17 23:52:27 [32minfo[39m: 	SELECT id,user_name,email FROM users_dtl_t where role=4 and is_active=1;
2023-05-17 23:52:27 [32minfo[39m: 	select s.message,u.user_name as createdby,s.c_ts as createdtime,s.created_by as reciever_id,u.role as roleid from send_message_dtl_t as s 
join users_dtl_t as u on u.id=s.created_by
 where role_id=1  and name=1 order by s.id desc;
2023-05-17 23:52:28 [32minfo[39m: 	SELECT * FROM reverted_stud_csv_admin_t 
    where  student_interest='Future Followup' and is_active=1 order by checkbox_save desc;
2023-05-17 23:52:30 [32minfo[39m: 	Requested URL : 
2023-05-17 23:52:30 [32minfo[39m: 	/assigned_stud_list_csv
2023-05-17 23:52:30 [32minfo[39m: 	Requested URL : 
2023-05-17 23:52:30 [32minfo[39m: 	/assigned_stud_list_csv
2023-05-17 23:52:30 [32minfo[39m: 	select * from reverted_stud_csv_admin_t where is_active=1 and assigned_to is null
2023-05-17 23:52:46 [32minfo[39m: 	Requested URL : 
2023-05-17 23:52:46 [32minfo[39m: 	/names_basedon_role
2023-05-17 23:52:46 [32minfo[39m: 	Requested URL : 
2023-05-17 23:52:46 [32minfo[39m: 	/names_basedon_role
2023-05-17 23:52:46 [32minfo[39m: 	Requested URL : 
2023-05-17 23:52:46 [32minfo[39m: 	/names_basedon_role
2023-05-17 23:52:46 [32minfo[39m: 	Requested URL : 
2023-05-17 23:52:46 [32minfo[39m: 	/roles
2023-05-17 23:52:46 [32minfo[39m: 	Requested URL : 
2023-05-17 23:52:46 [32minfo[39m: 	/notification_display
2023-05-17 23:52:46 [32minfo[39m: 	Requested URL : 
2023-05-17 23:52:46 [32minfo[39m: 	/names_basedon_role
2023-05-17 23:52:46 [32minfo[39m: 	Requested URL : 
2023-05-17 23:52:46 [32minfo[39m: 	/names_basedon_role
2023-05-17 23:52:46 [32minfo[39m: 	Requested URL : 
2023-05-17 23:52:46 [32minfo[39m: 	/names_basedon_role
2023-05-17 23:52:46 [32minfo[39m: 	Requested URL : 
2023-05-17 23:52:46 [32minfo[39m: 	/admin_reverted_list_get
2023-05-17 23:52:46 [32minfo[39m: 	Requested URL : 
2023-05-17 23:52:46 [32minfo[39m: 	/notification_display
2023-05-17 23:52:46 [32minfo[39m: 	Requested URL : 
2023-05-17 23:52:46 [32minfo[39m: 	/roles
2023-05-17 23:52:46 [32minfo[39m: 	SELECT id,user_name,email FROM users_dtl_t where role=2 and is_active=1;
2023-05-17 23:52:46 [32minfo[39m: 	SELECT id,user_name,email FROM users_dtl_t where role=3 and is_active=1;
2023-05-17 23:52:46 [32minfo[39m: 	Requested URL : 
2023-05-17 23:52:46 [32minfo[39m: 	/admin_reverted_list_get
2023-05-17 23:52:46 [32minfo[39m: 	SELECT id,user_name,email FROM users_dtl_t where role=4 and is_active=1;
2023-05-17 23:52:46 [32minfo[39m: 	select s.message,u.user_name as createdby,s.c_ts as createdtime,s.created_by as reciever_id,u.role as roleid from send_message_dtl_t as s 
join users_dtl_t as u on u.id=s.created_by
 where role_id=1  and name=1 order by s.id desc;
2023-05-17 23:52:46 [32minfo[39m: 	SELECT * FROM roles_table where status=1;
2023-05-17 23:52:46 [32minfo[39m: 	SELECT * FROM reverted_stud_csv_admin_t 
    where  student_interest='Future Followup' and is_active=1 order by checkbox_save desc;
2023-05-17 23:52:49 [32minfo[39m: 	Requested URL : 
2023-05-17 23:52:49 [32minfo[39m: 	/assigned_stud_list_csv
2023-05-17 23:52:49 [32minfo[39m: 	Requested URL : 
2023-05-17 23:52:49 [32minfo[39m: 	/assigned_stud_list_csv
2023-05-17 23:52:49 [32minfo[39m: 	select * from reverted_stud_csv_admin_t where is_active=1 and assigned_to is null
2023-05-17 23:53:04 [32minfo[39m: 	Requested URL : 
2023-05-17 23:53:04 [32minfo[39m: 	/assigned_stud_list_csv
2023-05-17 23:53:04 [32minfo[39m: 	Requested URL : 
2023-05-17 23:53:04 [32minfo[39m: 	/assigned_stud_list_csv
2023-05-17 23:53:04 [32minfo[39m: 	select * from reverted_stud_csv_admin_t where is_active=1 and assigned_to is null
2023-05-17 23:56:39 [32minfo[39m: 	Requested URL : 
2023-05-17 23:56:39 [32minfo[39m: 	/login
2023-05-17 23:56:39 [32minfo[39m: 	Requested URL : 
2023-05-17 23:56:39 [32minfo[39m: 	/login
2023-05-17 23:56:39 [32minfo[39m: 	SELECT * FROM users_dtl_t where email='Monika.charispathway@gmail.com'
2023-05-17 23:56:39 [32minfo[39m: 	SELECT * FROM users_dtl_t where email='Monika.charispathway@gmail.com' and pwd='1234' 
2023-05-17 23:56:39 [32minfo[39m: 	select * from users_dtl_t where id=1
2023-05-17 23:56:40 [32minfo[39m: 	Requested URL : 
2023-05-17 23:56:40 [32minfo[39m: 	/names_basedon_role
2023-05-17 23:56:40 [32minfo[39m: 	Requested URL : 
2023-05-17 23:56:40 [32minfo[39m: 	/names_basedon_role
2023-05-17 23:56:40 [32minfo[39m: 	Requested URL : 
2023-05-17 23:56:40 [32minfo[39m: 	/names_basedon_role
2023-05-17 23:56:40 [32minfo[39m: 	Requested URL : 
2023-05-17 23:56:40 [32minfo[39m: 	/roles
2023-05-17 23:56:40 [32minfo[39m: 	Requested URL : 
2023-05-17 23:56:40 [32minfo[39m: 	/notification_display
2023-05-17 23:56:40 [32minfo[39m: 	Requested URL : 
2023-05-17 23:56:40 [32minfo[39m: 	/admin_reverted_list_get
2023-05-17 23:56:40 [32minfo[39m: 	Requested URL : 
2023-05-17 23:56:40 [32minfo[39m: 	/names_basedon_role
2023-05-17 23:56:40 [32minfo[39m: 	Requested URL : 
2023-05-17 23:56:40 [32minfo[39m: 	/names_basedon_role
2023-05-17 23:56:40 [32minfo[39m: 	Requested URL : 
2023-05-17 23:56:40 [32minfo[39m: 	/names_basedon_role
2023-05-17 23:56:40 [32minfo[39m: 	Requested URL : 
2023-05-17 23:56:40 [32minfo[39m: 	/notification_display
2023-05-17 23:56:40 [32minfo[39m: 	Requested URL : 
2023-05-17 23:56:40 [32minfo[39m: 	/roles
2023-05-17 23:56:40 [32minfo[39m: 	Requested URL : 
2023-05-17 23:56:40 [32minfo[39m: 	/admin_reverted_list_get
2023-05-17 23:56:40 [32minfo[39m: 	SELECT id,user_name,email FROM users_dtl_t where role=2 and is_active=1;
2023-05-17 23:56:40 [32minfo[39m: 	SELECT id,user_name,email FROM users_dtl_t where role=3 and is_active=1;
2023-05-17 23:56:40 [32minfo[39m: 	SELECT id,user_name,email FROM users_dtl_t where role=4 and is_active=1;
2023-05-17 23:56:40 [32minfo[39m: 	select s.message,u.user_name as createdby,s.c_ts as createdtime,s.created_by as reciever_id,u.role as roleid from send_message_dtl_t as s 
join users_dtl_t as u on u.id=s.created_by
 where role_id=1  and name=1 order by s.id desc;
2023-05-17 23:56:40 [32minfo[39m: 	SELECT * FROM roles_table where status=1;
2023-05-17 23:56:40 [32minfo[39m: 	SELECT * FROM reverted_stud_csv_admin_t 
    where  student_interest='Future Followup' and is_active=1 order by checkbox_save desc;
2023-05-17 23:56:44 [32minfo[39m: 	Requested URL : 
2023-05-17 23:56:44 [32minfo[39m: 	/assigned_stud_list_csv
2023-05-17 23:56:44 [32minfo[39m: 	Requested URL : 
2023-05-17 23:56:44 [32minfo[39m: 	/assigned_stud_list_csv
2023-05-17 23:56:44 [32minfo[39m: 	select * from reverted_stud_csv_admin_t where is_active=1 and assigned_to is null
2023-05-17 23:56:55 [32minfo[39m: 	Requested URL : 
2023-05-17 23:56:55 [32minfo[39m: 	/names_basedon_role
2023-05-17 23:56:55 [32minfo[39m: 	Requested URL : 
2023-05-17 23:56:55 [32minfo[39m: 	/names_basedon_role
2023-05-17 23:56:55 [32minfo[39m: 	Requested URL : 
2023-05-17 23:56:55 [32minfo[39m: 	/names_basedon_role
2023-05-17 23:56:55 [32minfo[39m: 	Requested URL : 
2023-05-17 23:56:55 [32minfo[39m: 	/roles
2023-05-17 23:56:55 [32minfo[39m: 	Requested URL : 
2023-05-17 23:56:55 [32minfo[39m: 	/names_basedon_role
2023-05-17 23:56:55 [32minfo[39m: 	Requested URL : 
2023-05-17 23:56:55 [32minfo[39m: 	/names_basedon_role
2023-05-17 23:56:55 [32minfo[39m: 	Requested URL : 
2023-05-17 23:56:55 [32minfo[39m: 	/names_basedon_role
2023-05-17 23:56:55 [32minfo[39m: 	Requested URL : 
2023-05-17 23:56:55 [32minfo[39m: 	/admin_reverted_list_get
2023-05-17 23:56:55 [32minfo[39m: 	Requested URL : 
2023-05-17 23:56:55 [32minfo[39m: 	/notification_display
2023-05-17 23:56:55 [32minfo[39m: 	Requested URL : 
2023-05-17 23:56:55 [32minfo[39m: 	/roles
2023-05-17 23:56:55 [32minfo[39m: 	SELECT id,user_name,email FROM users_dtl_t where role=4 and is_active=1;
2023-05-17 23:56:55 [32minfo[39m: 	SELECT id,user_name,email FROM users_dtl_t where role=2 and is_active=1;
2023-05-17 23:56:55 [32minfo[39m: 	SELECT id,user_name,email FROM users_dtl_t where role=3 and is_active=1;
2023-05-17 23:56:55 [32minfo[39m: 	Requested URL : 
2023-05-17 23:56:55 [32minfo[39m: 	/admin_reverted_list_get
2023-05-17 23:56:55 [32minfo[39m: 	Requested URL : 
2023-05-17 23:56:55 [32minfo[39m: 	/notification_display
2023-05-17 23:56:55 [32minfo[39m: 	SELECT * FROM roles_table where status=1;
2023-05-17 23:56:56 [32minfo[39m: 	SELECT * FROM reverted_stud_csv_admin_t 
    where  student_interest='Future Followup' and is_active=1 order by checkbox_save desc;
2023-05-17 23:56:56 [32minfo[39m: 	select s.message,u.user_name as createdby,s.c_ts as createdtime,s.created_by as reciever_id,u.role as roleid from send_message_dtl_t as s 
join users_dtl_t as u on u.id=s.created_by
 where role_id=1  and name=1 order by s.id desc;
2023-05-17 23:56:57 [32minfo[39m: 	Requested URL : 
2023-05-17 23:56:57 [32minfo[39m: 	/assigned_stud_list_csv
2023-05-17 23:56:57 [32minfo[39m: 	Requested URL : 
2023-05-17 23:56:57 [32minfo[39m: 	/assigned_stud_list_csv
2023-05-17 23:56:57 [32minfo[39m: 	select * from reverted_stud_csv_admin_t where is_active=1 and assigned_to is null
