2023-06-02 23:16:42 [34mdebug[39m: 	CharisPathWay API server is listening at http://:::5555
2023-06-02 23:21:52 [32minfo[39m: 	Requested URL : 
2023-06-02 23:21:52 [32minfo[39m: 	/notification_display
2023-06-02 23:21:52 [32minfo[39m: 	Requested URL : 
2023-06-02 23:21:52 [32minfo[39m: 	/notification_display
2023-06-02 23:21:52 [32minfo[39m: 	Requested URL : 
2023-06-02 23:21:52 [32minfo[39m: 	/names_basedon_role
2023-06-02 23:21:52 [32minfo[39m: 	Requested URL : 
2023-06-02 23:21:52 [32minfo[39m: 	/names_basedon_role
2023-06-02 23:21:52 [32minfo[39m: 	Requested URL : 
2023-06-02 23:21:52 [32minfo[39m: 	/names_basedon_role
2023-06-02 23:21:52 [32minfo[39m: 	Requested URL : 
2023-06-02 23:21:52 [32minfo[39m: 	/names_basedon_role
2023-06-02 23:21:53 [32minfo[39m: 	SELECT id,user_name,email FROM users_dtl_t where role=3 and is_active=1;
2023-06-02 23:21:53 [32minfo[39m: 	SELECT id,user_name,email FROM users_dtl_t where role=2 and is_active=1;
2023-06-02 23:21:53 [32minfo[39m: 	select s.message,u.user_name as createdby,s.c_ts as createdtime,s.created_by as reciever_id,u.role as roleid from send_message_dtl_t as s 
join users_dtl_t as u on u.id=s.created_by
 where role_id=2  and name=115 order by s.id desc;
2023-06-02 23:21:56 [32minfo[39m: 	Requested URL : 
2023-06-02 23:21:56 [32minfo[39m: 	/names_basedon_role
2023-06-02 23:21:56 [32minfo[39m: 	Requested URL : 
2023-06-02 23:21:56 [32minfo[39m: 	/names_basedon_role
2023-06-02 23:21:56 [32minfo[39m: 	Requested URL : 
2023-06-02 23:21:56 [32minfo[39m: 	/names_basedon_role
2023-06-02 23:21:56 [32minfo[39m: 	Requested URL : 
2023-06-02 23:21:56 [32minfo[39m: 	/notification_display
2023-06-02 23:21:56 [32minfo[39m: 	Requested URL : 
2023-06-02 23:21:56 [32minfo[39m: 	/notification_display
2023-06-02 23:21:56 [32minfo[39m: 	Requested URL : 
2023-06-02 23:21:56 [32minfo[39m: 	/names_basedon_role
2023-06-02 23:21:57 [32minfo[39m: 	Requested URL : 
2023-06-02 23:21:57 [32minfo[39m: 	/names_basedon_role
2023-06-02 23:21:57 [32minfo[39m: 	Requested URL : 
2023-06-02 23:21:57 [32minfo[39m: 	/names_basedon_role
2023-06-02 23:21:57 [32minfo[39m: 	Requested URL : 
2023-06-02 23:21:57 [32minfo[39m: 	/roles
2023-06-02 23:21:57 [32minfo[39m: 	Requested URL : 
2023-06-02 23:21:57 [32minfo[39m: 	/admin_reverted_list_get
2023-06-02 23:21:57 [32minfo[39m: 	select s.message,u.user_name as createdby,s.c_ts as createdtime,s.created_by as reciever_id,u.role as roleid from send_message_dtl_t as s 
join users_dtl_t as u on u.id=s.created_by
 where role_id=1  and name=1 order by s.id desc;
2023-06-02 23:21:57 [32minfo[39m: 	SELECT id,user_name,email FROM users_dtl_t where role=3 and is_active=1;
2023-06-02 23:21:57 [32minfo[39m: 	SELECT id,user_name,email FROM users_dtl_t where role=4 and is_active=1;
2023-06-02 23:21:57 [32minfo[39m: 	SELECT id,user_name,email FROM users_dtl_t where role=2 and is_active=1;
2023-06-02 23:21:57 [32minfo[39m: 	SELECT * FROM roles_table where status=1;
2023-06-02 23:21:57 [32minfo[39m: 	SELECT * FROM reverted_stud_csv_admin_t 
    where  student_interest='Future Followup' and is_active=1 order by checkbox_save desc;
2023-06-02 23:21:59 [32minfo[39m: 	Requested URL : 
2023-06-02 23:21:59 [32minfo[39m: 	/trackProcess
2023-06-02 23:21:59 [32minfo[39m: 	Requested URL : 
2023-06-02 23:21:59 [32minfo[39m: 	/trackProcess
2023-06-02 23:21:59 [32minfo[39m: 	 SELECT r.id as prima,r.phone_no as pho,r.*,u.*,stu.* FROM reverted_stud_csv_admin_t  as r
  left join users_dtl_t as u on u.email=r.email_id
  left join student_dtl_t as stu on stu.c_by=u.id
where student_interest="Yes" and assign_indicator=1 and assigned_to=115;
2023-06-02 23:22:01 [31merror[39m: 	uncaughtException: Cannot set headers after they are sent to the client
Error [ERR_HTTP_HEADERS_SENT]: Cannot set headers after they are sent to the client
    at new NodeError (node:internal/errors:399:5)
    at ServerResponse.setHeader (node:_http_outgoing:645:11)
    at ServerResponse.header (D:\Projects\cpath_all\chrispathway_backendcode_node_express-main (1)\chrispathway_backendcode_node_express-main\node_modules\express\lib\response.js:794:10)
    at ServerResponse.send (D:\Projects\cpath_all\chrispathway_backendcode_node_express-main (1)\chrispathway_backendcode_node_express-main\node_modules\express\lib\response.js:174:12)
    at ServerResponse.json (D:\Projects\cpath_all\chrispathway_backendcode_node_express-main (1)\chrispathway_backendcode_node_express-main\node_modules\express\lib\response.js:278:15)
    at ServerResponse.send (D:\Projects\cpath_all\chrispathway_backendcode_node_express-main (1)\chrispathway_backendcode_node_express-main\node_modules\express\lib\response.js:162:21)
    at D:\Projects\cpath_all\chrispathway_backendcode_node_express-main (1)\chrispathway_backendcode_node_express-main\controllers\adminCtrl.js:632:13
    at Timeout._onTimeout (D:\Projects\cpath_all\chrispathway_backendcode_node_express-main (1)\chrispathway_backendcode_node_express-main\model\adminModel.js:859:15)
    at listOnTimeout (node:internal/timers:569:17)
    at process.processTimers (node:internal/timers:512:7)
2023-06-02 23:22:01 [31merror[39m: 	uncaughtException: Cannot set headers after they are sent to the client
Error [ERR_HTTP_HEADERS_SENT]: Cannot set headers after they are sent to the client
    at new NodeError (node:internal/errors:399:5)
    at ServerResponse.setHeader (node:_http_outgoing:645:11)
    at ServerResponse.header (D:\Projects\cpath_all\chrispathway_backendcode_node_express-main (1)\chrispathway_backendcode_node_express-main\node_modules\express\lib\response.js:794:10)
    at ServerResponse.send (D:\Projects\cpath_all\chrispathway_backendcode_node_express-main (1)\chrispathway_backendcode_node_express-main\node_modules\express\lib\response.js:174:12)
    at ServerResponse.json (D:\Projects\cpath_all\chrispathway_backendcode_node_express-main (1)\chrispathway_backendcode_node_express-main\node_modules\express\lib\response.js:278:15)
    at ServerResponse.send (D:\Projects\cpath_all\chrispathway_backendcode_node_express-main (1)\chrispathway_backendcode_node_express-main\node_modules\express\lib\response.js:162:21)
    at D:\Projects\cpath_all\chrispathway_backendcode_node_express-main (1)\chrispathway_backendcode_node_express-main\controllers\adminCtrl.js:632:13
    at Timeout._onTimeout (D:\Projects\cpath_all\chrispathway_backendcode_node_express-main (1)\chrispathway_backendcode_node_express-main\model\adminModel.js:859:15)
    at listOnTimeout (node:internal/timers:569:17)
    at process.processTimers (node:internal/timers:512:7)
2023-06-02 23:22:46 [32minfo[39m: 	Requested URL : 
2023-06-02 23:22:46 [32minfo[39m: 	/trackProcess
2023-06-02 23:22:46 [32minfo[39m: 	Requested URL : 
2023-06-02 23:22:46 [32minfo[39m: 	/trackProcess
2023-06-02 23:22:46 [32minfo[39m: 	 SELECT r.id as prima,r.phone_no as pho,r.*,u.*,stu.* FROM reverted_stud_csv_admin_t  as r
  left join users_dtl_t as u on u.email=r.email_id
  left join student_dtl_t as stu on stu.c_by=u.id
where student_interest="Yes" and assign_indicator=1 and assigned_to=115;
2023-06-02 23:22:48 [31merror[39m: 	uncaughtException: Cannot set headers after they are sent to the client
Error [ERR_HTTP_HEADERS_SENT]: Cannot set headers after they are sent to the client
    at new NodeError (node:internal/errors:399:5)
    at ServerResponse.setHeader (node:_http_outgoing:645:11)
    at ServerResponse.header (D:\Projects\cpath_all\chrispathway_backendcode_node_express-main (1)\chrispathway_backendcode_node_express-main\node_modules\express\lib\response.js:794:10)
    at ServerResponse.send (D:\Projects\cpath_all\chrispathway_backendcode_node_express-main (1)\chrispathway_backendcode_node_express-main\node_modules\express\lib\response.js:174:12)
    at ServerResponse.json (D:\Projects\cpath_all\chrispathway_backendcode_node_express-main (1)\chrispathway_backendcode_node_express-main\node_modules\express\lib\response.js:278:15)
    at ServerResponse.send (D:\Projects\cpath_all\chrispathway_backendcode_node_express-main (1)\chrispathway_backendcode_node_express-main\node_modules\express\lib\response.js:162:21)
    at D:\Projects\cpath_all\chrispathway_backendcode_node_express-main (1)\chrispathway_backendcode_node_express-main\controllers\adminCtrl.js:632:13
    at Timeout._onTimeout (D:\Projects\cpath_all\chrispathway_backendcode_node_express-main (1)\chrispathway_backendcode_node_express-main\model\adminModel.js:859:15)
    at listOnTimeout (node:internal/timers:569:17)
    at process.processTimers (node:internal/timers:512:7)
2023-06-02 23:22:48 [31merror[39m: 	uncaughtException: Cannot set headers after they are sent to the client
Error [ERR_HTTP_HEADERS_SENT]: Cannot set headers after they are sent to the client
    at new NodeError (node:internal/errors:399:5)
    at ServerResponse.setHeader (node:_http_outgoing:645:11)
    at ServerResponse.header (D:\Projects\cpath_all\chrispathway_backendcode_node_express-main (1)\chrispathway_backendcode_node_express-main\node_modules\express\lib\response.js:794:10)
    at ServerResponse.send (D:\Projects\cpath_all\chrispathway_backendcode_node_express-main (1)\chrispathway_backendcode_node_express-main\node_modules\express\lib\response.js:174:12)
    at ServerResponse.json (D:\Projects\cpath_all\chrispathway_backendcode_node_express-main (1)\chrispathway_backendcode_node_express-main\node_modules\express\lib\response.js:278:15)
    at ServerResponse.send (D:\Projects\cpath_all\chrispathway_backendcode_node_express-main (1)\chrispathway_backendcode_node_express-main\node_modules\express\lib\response.js:162:21)
    at D:\Projects\cpath_all\chrispathway_backendcode_node_express-main (1)\chrispathway_backendcode_node_express-main\controllers\adminCtrl.js:632:13
    at Timeout._onTimeout (D:\Projects\cpath_all\chrispathway_backendcode_node_express-main (1)\chrispathway_backendcode_node_express-main\model\adminModel.js:859:15)
    at listOnTimeout (node:internal/timers:569:17)
    at process.processTimers (node:internal/timers:512:7)
2023-06-02 23:22:52 [32minfo[39m: 	Requested URL : 
2023-06-02 23:22:52 [32minfo[39m: 	/trackProcess
2023-06-02 23:22:52 [32minfo[39m: 	Requested URL : 
2023-06-02 23:22:52 [32minfo[39m: 	/trackProcess
2023-06-02 23:22:52 [32minfo[39m: 	 SELECT r.id as prima,r.phone_no as pho,r.*,u.*,stu.* FROM reverted_stud_csv_admin_t  as r
  left join users_dtl_t as u on u.email=r.email_id
  left join student_dtl_t as stu on stu.c_by=u.id
where student_interest="Yes" and assign_indicator=1 and assigned_to=115;
2023-06-02 23:22:54 [31merror[39m: 	uncaughtException: Cannot set headers after they are sent to the client
Error [ERR_HTTP_HEADERS_SENT]: Cannot set headers after they are sent to the client
    at new NodeError (node:internal/errors:399:5)
    at ServerResponse.setHeader (node:_http_outgoing:645:11)
    at ServerResponse.header (D:\Projects\cpath_all\chrispathway_backendcode_node_express-main (1)\chrispathway_backendcode_node_express-main\node_modules\express\lib\response.js:794:10)
    at ServerResponse.send (D:\Projects\cpath_all\chrispathway_backendcode_node_express-main (1)\chrispathway_backendcode_node_express-main\node_modules\express\lib\response.js:174:12)
    at ServerResponse.json (D:\Projects\cpath_all\chrispathway_backendcode_node_express-main (1)\chrispathway_backendcode_node_express-main\node_modules\express\lib\response.js:278:15)
    at ServerResponse.send (D:\Projects\cpath_all\chrispathway_backendcode_node_express-main (1)\chrispathway_backendcode_node_express-main\node_modules\express\lib\response.js:162:21)
    at D:\Projects\cpath_all\chrispathway_backendcode_node_express-main (1)\chrispathway_backendcode_node_express-main\controllers\adminCtrl.js:632:13
    at Timeout._onTimeout (D:\Projects\cpath_all\chrispathway_backendcode_node_express-main (1)\chrispathway_backendcode_node_express-main\model\adminModel.js:859:15)
    at listOnTimeout (node:internal/timers:569:17)
    at process.processTimers (node:internal/timers:512:7)
2023-06-02 23:22:54 [31merror[39m: 	uncaughtException: Cannot set headers after they are sent to the client
Error [ERR_HTTP_HEADERS_SENT]: Cannot set headers after they are sent to the client
    at new NodeError (node:internal/errors:399:5)
    at ServerResponse.setHeader (node:_http_outgoing:645:11)
    at ServerResponse.header (D:\Projects\cpath_all\chrispathway_backendcode_node_express-main (1)\chrispathway_backendcode_node_express-main\node_modules\express\lib\response.js:794:10)
    at ServerResponse.send (D:\Projects\cpath_all\chrispathway_backendcode_node_express-main (1)\chrispathway_backendcode_node_express-main\node_modules\express\lib\response.js:174:12)
    at ServerResponse.json (D:\Projects\cpath_all\chrispathway_backendcode_node_express-main (1)\chrispathway_backendcode_node_express-main\node_modules\express\lib\response.js:278:15)
    at ServerResponse.send (D:\Projects\cpath_all\chrispathway_backendcode_node_express-main (1)\chrispathway_backendcode_node_express-main\node_modules\express\lib\response.js:162:21)
    at D:\Projects\cpath_all\chrispathway_backendcode_node_express-main (1)\chrispathway_backendcode_node_express-main\controllers\adminCtrl.js:632:13
    at Timeout._onTimeout (D:\Projects\cpath_all\chrispathway_backendcode_node_express-main (1)\chrispathway_backendcode_node_express-main\model\adminModel.js:859:15)
    at listOnTimeout (node:internal/timers:569:17)
    at process.processTimers (node:internal/timers:512:7)
2023-06-02 23:23:02 [32minfo[39m: 	Requested URL : 
2023-06-02 23:23:02 [32minfo[39m: 	/advisorCreateStud
2023-06-02 23:23:02 [32minfo[39m: 	Requested URL : 
2023-06-02 23:23:02 [32minfo[39m: 	/advisorCreateStud
2023-06-02 23:23:02 [32minfo[39m: 	SELECT * FROM users_dtl_t where email='reema@gmail.com';
2023-06-02 23:23:02 [32minfo[39m: 	SELECT * FROM reverted_stud_csv_admin_t where email_id='reema@gmail.com';
2023-06-02 23:23:02 [32minfo[39m: 	insert into users_dtl_t (email, pwd, role, user_name, phone_no,c_by) 
              values("reema@gmail.com","o-uhvRIqkb",4,"Reema","65465454543",115);
2023-06-02 23:23:02 [32minfo[39m: 	select * from users_dtl_t where id=133;
2023-06-02 23:23:02 [32minfo[39m: 	select * from users_dtl_t where id=115
2023-06-02 23:23:19 [32minfo[39m: 	Requested URL : 
2023-06-02 23:23:19 [32minfo[39m: 	/notification_display
2023-06-02 23:23:19 [32minfo[39m: 	Requested URL : 
2023-06-02 23:23:19 [32minfo[39m: 	/notification_display
2023-06-02 23:23:19 [32minfo[39m: 	select s.message,u.user_name as createdby,s.c_ts as createdtime,s.created_by as reciever_id,u.role as roleid from send_message_dtl_t as s 
join users_dtl_t as u on u.id=s.created_by
 where role_id=3  and name=116 order by s.id desc;
2023-06-02 23:23:41 [32minfo[39m: 	Requested URL : 
2023-06-02 23:23:41 [32minfo[39m: 	/login
2023-06-02 23:23:41 [32minfo[39m: 	Requested URL : 
2023-06-02 23:23:41 [32minfo[39m: 	/login
2023-06-02 23:23:41 [32minfo[39m: 	SELECT * FROM users_dtl_t where email='reema@gmail.com'
2023-06-02 23:23:41 [32minfo[39m: 	SELECT * FROM users_dtl_t where email='reema@gmail.com' and pwd='o-uhvRIqkb' 
2023-06-02 23:23:41 [32minfo[39m: 	select * from users_dtl_t where id=115
2023-06-02 23:23:42 [32minfo[39m: 	Requested URL : 
2023-06-02 23:23:42 [32minfo[39m: 	/notification_display
2023-06-02 23:23:42 [32minfo[39m: 	Requested URL : 
2023-06-02 23:23:42 [32minfo[39m: 	/student_profile_get
2023-06-02 23:23:42 [32minfo[39m: 	Requested URL : 
2023-06-02 23:23:42 [32minfo[39m: 	/notification_display
2023-06-02 23:23:42 [32minfo[39m: 	Requested URL : 
2023-06-02 23:23:42 [32minfo[39m: 	/student_profile_get
2023-06-02 23:23:42 [32minfo[39m: 	select s.message,u.user_name as createdby,s.c_ts as createdtime,s.created_by as reciever_id,u.role as roleid from send_message_dtl_t as s 
join users_dtl_t as u on u.id=s.created_by
 where role_id=4  and name=133 order by s.id desc;
2023-06-02 23:23:42 [32minfo[39m: 	SELECT us.email,us.phone_no,r.country_interested,us.passed_year,
  TOFEL_SCORE,IELTS_SCORE,GPA_SCORE,DULINGO_SCORE,GRE_SCORE,us.c_by,
  r.assigned_to as assign_consultant,r.assigned_by as assigned_advisor
  FROM users_dtl_t as us
  join reverted_stud_csv_admin_t as r on r.email_id=us.email
  left join student_dtl_t as s on s.c_by=us.id
  where us.email="reema@gmail.com";
2023-06-02 23:23:42 [32minfo[39m: 	select user_name from users_dtl_t where id=115;
        select user_name from users_dtl_t where id=1
2023-06-02 23:24:00 [32minfo[39m: 	Requested URL : 
2023-06-02 23:24:00 [32minfo[39m: 	/trackProcess
2023-06-02 23:24:00 [32minfo[39m: 	Requested URL : 
2023-06-02 23:24:00 [32minfo[39m: 	/trackProcess
2023-06-02 23:24:00 [32minfo[39m: 	 SELECT r.id as prima,r.phone_no as pho,r.*,u.*,stu.* FROM reverted_stud_csv_admin_t  as r
  left join users_dtl_t as u on u.email=r.email_id
  left join student_dtl_t as stu on stu.c_by=u.id
where student_interest="Yes" and assign_indicator=1 and assigned_to=115;
2023-06-02 23:24:02 [31merror[39m: 	uncaughtException: Cannot set headers after they are sent to the client
Error [ERR_HTTP_HEADERS_SENT]: Cannot set headers after they are sent to the client
    at new NodeError (node:internal/errors:399:5)
    at ServerResponse.setHeader (node:_http_outgoing:645:11)
    at ServerResponse.header (D:\Projects\cpath_all\chrispathway_backendcode_node_express-main (1)\chrispathway_backendcode_node_express-main\node_modules\express\lib\response.js:794:10)
    at ServerResponse.send (D:\Projects\cpath_all\chrispathway_backendcode_node_express-main (1)\chrispathway_backendcode_node_express-main\node_modules\express\lib\response.js:174:12)
    at ServerResponse.json (D:\Projects\cpath_all\chrispathway_backendcode_node_express-main (1)\chrispathway_backendcode_node_express-main\node_modules\express\lib\response.js:278:15)
    at ServerResponse.send (D:\Projects\cpath_all\chrispathway_backendcode_node_express-main (1)\chrispathway_backendcode_node_express-main\node_modules\express\lib\response.js:162:21)
    at D:\Projects\cpath_all\chrispathway_backendcode_node_express-main (1)\chrispathway_backendcode_node_express-main\controllers\adminCtrl.js:632:13
    at Timeout._onTimeout (D:\Projects\cpath_all\chrispathway_backendcode_node_express-main (1)\chrispathway_backendcode_node_express-main\model\adminModel.js:859:15)
    at listOnTimeout (node:internal/timers:569:17)
    at process.processTimers (node:internal/timers:512:7)
2023-06-02 23:24:02 [31merror[39m: 	uncaughtException: Cannot set headers after they are sent to the client
Error [ERR_HTTP_HEADERS_SENT]: Cannot set headers after they are sent to the client
    at new NodeError (node:internal/errors:399:5)
    at ServerResponse.setHeader (node:_http_outgoing:645:11)
    at ServerResponse.header (D:\Projects\cpath_all\chrispathway_backendcode_node_express-main (1)\chrispathway_backendcode_node_express-main\node_modules\express\lib\response.js:794:10)
    at ServerResponse.send (D:\Projects\cpath_all\chrispathway_backendcode_node_express-main (1)\chrispathway_backendcode_node_express-main\node_modules\express\lib\response.js:174:12)
    at ServerResponse.json (D:\Projects\cpath_all\chrispathway_backendcode_node_express-main (1)\chrispathway_backendcode_node_express-main\node_modules\express\lib\response.js:278:15)
    at ServerResponse.send (D:\Projects\cpath_all\chrispathway_backendcode_node_express-main (1)\chrispathway_backendcode_node_express-main\node_modules\express\lib\response.js:162:21)
    at D:\Projects\cpath_all\chrispathway_backendcode_node_express-main (1)\chrispathway_backendcode_node_express-main\controllers\adminCtrl.js:632:13
    at Timeout._onTimeout (D:\Projects\cpath_all\chrispathway_backendcode_node_express-main (1)\chrispathway_backendcode_node_express-main\model\adminModel.js:859:15)
    at listOnTimeout (node:internal/timers:569:17)
    at process.processTimers (node:internal/timers:512:7)
2023-06-02 23:24:09 [32minfo[39m: 	Requested URL : 
2023-06-02 23:24:09 [32minfo[39m: 	/student_payment_mode
2023-06-02 23:24:09 [32minfo[39m: 	Requested URL : 
2023-06-02 23:24:09 [32minfo[39m: 	/student_payment_mode
2023-06-02 23:24:09 [32minfo[39m: 	update users_dtl_t set payment_mode="Basic" where id=133;
2023-06-02 23:24:13 [32minfo[39m: 	Requested URL : 
2023-06-02 23:24:13 [32minfo[39m: 	/trackProcess
2023-06-02 23:24:13 [32minfo[39m: 	Requested URL : 
2023-06-02 23:24:13 [32minfo[39m: 	/trackProcess
2023-06-02 23:24:13 [32minfo[39m: 	 SELECT r.id as prima,r.phone_no as pho,r.*,u.*,stu.* FROM reverted_stud_csv_admin_t  as r
  left join users_dtl_t as u on u.email=r.email_id
  left join student_dtl_t as stu on stu.c_by=u.id
where student_interest="Yes" and assign_indicator=1 and assigned_to=115;
2023-06-02 23:24:15 [31merror[39m: 	uncaughtException: Cannot set headers after they are sent to the client
Error [ERR_HTTP_HEADERS_SENT]: Cannot set headers after they are sent to the client
    at new NodeError (node:internal/errors:399:5)
    at ServerResponse.setHeader (node:_http_outgoing:645:11)
    at ServerResponse.header (D:\Projects\cpath_all\chrispathway_backendcode_node_express-main (1)\chrispathway_backendcode_node_express-main\node_modules\express\lib\response.js:794:10)
    at ServerResponse.send (D:\Projects\cpath_all\chrispathway_backendcode_node_express-main (1)\chrispathway_backendcode_node_express-main\node_modules\express\lib\response.js:174:12)
    at ServerResponse.json (D:\Projects\cpath_all\chrispathway_backendcode_node_express-main (1)\chrispathway_backendcode_node_express-main\node_modules\express\lib\response.js:278:15)
    at ServerResponse.send (D:\Projects\cpath_all\chrispathway_backendcode_node_express-main (1)\chrispathway_backendcode_node_express-main\node_modules\express\lib\response.js:162:21)
    at D:\Projects\cpath_all\chrispathway_backendcode_node_express-main (1)\chrispathway_backendcode_node_express-main\controllers\adminCtrl.js:632:13
    at Timeout._onTimeout (D:\Projects\cpath_all\chrispathway_backendcode_node_express-main (1)\chrispathway_backendcode_node_express-main\model\adminModel.js:859:15)
    at listOnTimeout (node:internal/timers:569:17)
    at process.processTimers (node:internal/timers:512:7)
2023-06-02 23:24:15 [31merror[39m: 	uncaughtException: Cannot set headers after they are sent to the client
Error [ERR_HTTP_HEADERS_SENT]: Cannot set headers after they are sent to the client
    at new NodeError (node:internal/errors:399:5)
    at ServerResponse.setHeader (node:_http_outgoing:645:11)
    at ServerResponse.header (D:\Projects\cpath_all\chrispathway_backendcode_node_express-main (1)\chrispathway_backendcode_node_express-main\node_modules\express\lib\response.js:794:10)
    at ServerResponse.send (D:\Projects\cpath_all\chrispathway_backendcode_node_express-main (1)\chrispathway_backendcode_node_express-main\node_modules\express\lib\response.js:174:12)
    at ServerResponse.json (D:\Projects\cpath_all\chrispathway_backendcode_node_express-main (1)\chrispathway_backendcode_node_express-main\node_modules\express\lib\response.js:278:15)
    at ServerResponse.send (D:\Projects\cpath_all\chrispathway_backendcode_node_express-main (1)\chrispathway_backendcode_node_express-main\node_modules\express\lib\response.js:162:21)
    at D:\Projects\cpath_all\chrispathway_backendcode_node_express-main (1)\chrispathway_backendcode_node_express-main\controllers\adminCtrl.js:632:13
    at Timeout._onTimeout (D:\Projects\cpath_all\chrispathway_backendcode_node_express-main (1)\chrispathway_backendcode_node_express-main\model\adminModel.js:859:15)
    at listOnTimeout (node:internal/timers:569:17)
    at process.processTimers (node:internal/timers:512:7)
2023-06-02 23:24:18 [32minfo[39m: 	Requested URL : 
2023-06-02 23:24:18 [32minfo[39m: 	/student_upload_get
2023-06-02 23:24:18 [32minfo[39m: 	Requested URL : 
2023-06-02 23:24:18 [32minfo[39m: 	/student_upload_get
2023-06-02 23:24:18 [32minfo[39m: 	select * from student_dtl_t where c_by='133'
2023-06-02 23:24:39 [32minfo[39m: 	Requested URL : 
2023-06-02 23:24:39 [32minfo[39m: 	/student_upload_submit
2023-06-02 23:24:39 [32minfo[39m: 	select * from student_dtl_t where c_by=133
2023-06-02 23:24:39 [32minfo[39m: 	insert into student_dtl_t (Process_fee,c_by) values('20230602232439_White and Black Minimalist Marketing Manager Resume.pdf', '133')
2023-06-02 23:24:39 [32minfo[39m: 	select * from student_dtl_t where c_by=133 and
(SSC is  not null and Intermediate is not null)
2023-06-02 23:24:39 [32minfo[39m: 	Requested URL : 
2023-06-02 23:24:39 [32minfo[39m: 	/student_upload_get
2023-06-02 23:24:39 [32minfo[39m: 	Requested URL : 
2023-06-02 23:24:39 [32minfo[39m: 	/student_upload_get
2023-06-02 23:24:39 [32minfo[39m: 	Requested URL : 
2023-06-02 23:24:39 [32minfo[39m: 	/student_upload_get
2023-06-02 23:24:39 [32minfo[39m: 	Requested URL : 
2023-06-02 23:24:39 [32minfo[39m: 	/student_upload_get
2023-06-02 23:24:39 [32minfo[39m: 	select * from student_dtl_t where c_by='133'
2023-06-02 23:24:39 [32minfo[39m: 	select * from student_dtl_t where c_by='133'
2023-06-02 23:24:49 [32minfo[39m: 	Requested URL : 
2023-06-02 23:24:49 [32minfo[39m: 	/student_upload_submit
2023-06-02 23:24:50 [32minfo[39m: 	select * from student_dtl_t where c_by=133
2023-06-02 23:24:50 [32minfo[39m: 	update student_dtl_t set c_ts="2023-06-02 23:24:50" ,Application_Fee='20230602232450_White and Black Minimalist Marketing Manager Resume.pdf' where c_by=133
2023-06-02 23:24:50 [32minfo[39m: 	select * from student_dtl_t where c_by=133 and
(SSC is  not null and Intermediate is not null)
2023-06-02 23:24:50 [32minfo[39m: 	Requested URL : 
2023-06-02 23:24:50 [32minfo[39m: 	/student_upload_get
2023-06-02 23:24:50 [32minfo[39m: 	Requested URL : 
2023-06-02 23:24:50 [32minfo[39m: 	/student_upload_get
2023-06-02 23:24:50 [32minfo[39m: 	Requested URL : 
2023-06-02 23:24:50 [32minfo[39m: 	/student_upload_get
2023-06-02 23:24:50 [32minfo[39m: 	Requested URL : 
2023-06-02 23:24:50 [32minfo[39m: 	/student_upload_get
2023-06-02 23:24:50 [32minfo[39m: 	select * from student_dtl_t where c_by='133'
2023-06-02 23:24:50 [32minfo[39m: 	select * from student_dtl_t where c_by='133'
2023-06-02 23:26:05 [32minfo[39m: 	Requested URL : 
2023-06-02 23:26:05 [32minfo[39m: 	/student_upload_submit
2023-06-02 23:26:05 [32minfo[39m: 	select * from student_dtl_t where c_by=133
2023-06-02 23:26:05 [32minfo[39m: 	update student_dtl_t set c_ts="2023-06-02 23:26:05" ,SSC='20230602232605_White and Black Minimalist Marketing Manager Resume.pdf' where c_by=133
2023-06-02 23:26:05 [32minfo[39m: 	select * from student_dtl_t where c_by=133 and
(SSC is  not null and Intermediate is not null)
2023-06-02 23:26:05 [32minfo[39m: 	Requested URL : 
2023-06-02 23:26:05 [32minfo[39m: 	/student_upload_get
2023-06-02 23:26:05 [32minfo[39m: 	Requested URL : 
2023-06-02 23:26:05 [32minfo[39m: 	/student_upload_get
2023-06-02 23:26:05 [32minfo[39m: 	Requested URL : 
2023-06-02 23:26:05 [32minfo[39m: 	/student_upload_get
2023-06-02 23:26:05 [32minfo[39m: 	Requested URL : 
2023-06-02 23:26:05 [32minfo[39m: 	/student_upload_get
2023-06-02 23:26:05 [32minfo[39m: 	select * from student_dtl_t where c_by='133'
2023-06-02 23:26:05 [32minfo[39m: 	select * from student_dtl_t where c_by='133'
2023-06-02 23:26:16 [32minfo[39m: 	Requested URL : 
2023-06-02 23:26:16 [32minfo[39m: 	/student_upload_submit
2023-06-02 23:26:16 [32minfo[39m: 	select * from student_dtl_t where c_by=133
2023-06-02 23:26:16 [32minfo[39m: 	update student_dtl_t set c_ts="2023-06-02 23:26:16" ,Intermediate='20230602232616_White and Black Minimalist Marketing Manager Resume.pdf' where c_by=133
2023-06-02 23:26:16 [32minfo[39m: 	select * from student_dtl_t where c_by=133 and
(SSC is  not null and Intermediate is not null)
2023-06-02 23:26:16 [32minfo[39m: 	update student_dtl_t set status="Submitted" where c_by=133
2023-06-02 23:26:16 [32minfo[39m: 	Requested URL : 
2023-06-02 23:26:16 [32minfo[39m: 	/student_upload_get
2023-06-02 23:26:16 [32minfo[39m: 	Requested URL : 
2023-06-02 23:26:16 [32minfo[39m: 	/student_upload_get
2023-06-02 23:26:16 [32minfo[39m: 	Requested URL : 
2023-06-02 23:26:16 [32minfo[39m: 	/student_upload_get
2023-06-02 23:26:16 [32minfo[39m: 	Requested URL : 
2023-06-02 23:26:16 [32minfo[39m: 	/student_upload_get
2023-06-02 23:26:16 [32minfo[39m: 	select * from student_dtl_t where c_by='133'
2023-06-02 23:26:16 [32minfo[39m: 	select * from student_dtl_t where c_by='133'
2023-06-02 23:26:25 [32minfo[39m: 	Requested URL : 
2023-06-02 23:26:25 [32minfo[39m: 	/student_upload_submit
2023-06-02 23:26:25 [32minfo[39m: 	select * from student_dtl_t where c_by=133
2023-06-02 23:26:25 [32minfo[39m: 	update student_dtl_t set c_ts="2023-06-02 23:26:25" ,Btech_Degree_PC='20230602232625_White and Black Minimalist Marketing Manager Resume.pdf' where c_by=133
2023-06-02 23:26:25 [32minfo[39m: 	select * from student_dtl_t where c_by=133 and
(SSC is  not null and Intermediate is not null)
2023-06-02 23:26:25 [32minfo[39m: 	update student_dtl_t set status="Submitted" where c_by=133
2023-06-02 23:26:25 [32minfo[39m: 	Requested URL : 
2023-06-02 23:26:25 [32minfo[39m: 	/student_upload_get
2023-06-02 23:26:25 [32minfo[39m: 	Requested URL : 
2023-06-02 23:26:25 [32minfo[39m: 	/student_upload_get
2023-06-02 23:26:25 [32minfo[39m: 	Requested URL : 
2023-06-02 23:26:25 [32minfo[39m: 	/student_upload_get
2023-06-02 23:26:25 [32minfo[39m: 	Requested URL : 
2023-06-02 23:26:25 [32minfo[39m: 	/student_upload_get
2023-06-02 23:26:25 [32minfo[39m: 	select * from student_dtl_t where c_by='133'
2023-06-02 23:26:25 [32minfo[39m: 	select * from student_dtl_t where c_by='133'
2023-06-02 23:26:28 [32minfo[39m: 	Requested URL : 
2023-06-02 23:26:28 [32minfo[39m: 	/student_upload_get
2023-06-02 23:26:28 [32minfo[39m: 	select * from student_dtl_t where c_by='133'
2023-06-02 23:26:38 [32minfo[39m: 	Requested URL : 
2023-06-02 23:26:38 [32minfo[39m: 	/trackProcess
2023-06-02 23:26:38 [32minfo[39m: 	Requested URL : 
2023-06-02 23:26:38 [32minfo[39m: 	/trackProcess
2023-06-02 23:26:38 [32minfo[39m: 	 SELECT r.id as prima,r.phone_no as pho,r.*,u.*,stu.* FROM reverted_stud_csv_admin_t  as r
  left join users_dtl_t as u on u.email=r.email_id
  left join student_dtl_t as stu on stu.c_by=u.id
where student_interest="Yes" and assign_indicator=1 and assigned_to=115;
2023-06-02 23:26:40 [31merror[39m: 	uncaughtException: Cannot set headers after they are sent to the client
Error [ERR_HTTP_HEADERS_SENT]: Cannot set headers after they are sent to the client
    at new NodeError (node:internal/errors:399:5)
    at ServerResponse.setHeader (node:_http_outgoing:645:11)
    at ServerResponse.header (D:\Projects\cpath_all\chrispathway_backendcode_node_express-main (1)\chrispathway_backendcode_node_express-main\node_modules\express\lib\response.js:794:10)
    at ServerResponse.send (D:\Projects\cpath_all\chrispathway_backendcode_node_express-main (1)\chrispathway_backendcode_node_express-main\node_modules\express\lib\response.js:174:12)
    at ServerResponse.json (D:\Projects\cpath_all\chrispathway_backendcode_node_express-main (1)\chrispathway_backendcode_node_express-main\node_modules\express\lib\response.js:278:15)
    at ServerResponse.send (D:\Projects\cpath_all\chrispathway_backendcode_node_express-main (1)\chrispathway_backendcode_node_express-main\node_modules\express\lib\response.js:162:21)
    at D:\Projects\cpath_all\chrispathway_backendcode_node_express-main (1)\chrispathway_backendcode_node_express-main\controllers\adminCtrl.js:632:13
    at Timeout._onTimeout (D:\Projects\cpath_all\chrispathway_backendcode_node_express-main (1)\chrispathway_backendcode_node_express-main\model\adminModel.js:859:15)
    at listOnTimeout (node:internal/timers:569:17)
    at process.processTimers (node:internal/timers:512:7)
2023-06-02 23:26:40 [31merror[39m: 	uncaughtException: Cannot set headers after they are sent to the client
Error [ERR_HTTP_HEADERS_SENT]: Cannot set headers after they are sent to the client
    at new NodeError (node:internal/errors:399:5)
    at ServerResponse.setHeader (node:_http_outgoing:645:11)
    at ServerResponse.header (D:\Projects\cpath_all\chrispathway_backendcode_node_express-main (1)\chrispathway_backendcode_node_express-main\node_modules\express\lib\response.js:794:10)
    at ServerResponse.send (D:\Projects\cpath_all\chrispathway_backendcode_node_express-main (1)\chrispathway_backendcode_node_express-main\node_modules\express\lib\response.js:174:12)
    at ServerResponse.json (D:\Projects\cpath_all\chrispathway_backendcode_node_express-main (1)\chrispathway_backendcode_node_express-main\node_modules\express\lib\response.js:278:15)
    at ServerResponse.send (D:\Projects\cpath_all\chrispathway_backendcode_node_express-main (1)\chrispathway_backendcode_node_express-main\node_modules\express\lib\response.js:162:21)
    at D:\Projects\cpath_all\chrispathway_backendcode_node_express-main (1)\chrispathway_backendcode_node_express-main\controllers\adminCtrl.js:632:13
    at Timeout._onTimeout (D:\Projects\cpath_all\chrispathway_backendcode_node_express-main (1)\chrispathway_backendcode_node_express-main\model\adminModel.js:859:15)
    at listOnTimeout (node:internal/timers:569:17)
    at process.processTimers (node:internal/timers:512:7)
2023-06-02 23:27:18 [32minfo[39m: 	Requested URL : 
2023-06-02 23:27:18 [32minfo[39m: 	/track_progress_get
2023-06-02 23:27:18 [32minfo[39m: 	SELECT re.id as primaryKey,u1.role as assigned_role,u1.user_name as assigned_by_name,u1.id as assigned_id,re.assigned_time,re.*, u.* FROM reverted_stud_csv_admin_t as re
  left join users_dtl_t as u on u.email = re.email_id
  left join users_dtl_t as u1 on u1.id = re.assigned_by
  where track_in_progress=1;
2023-06-02 23:28:33 [32minfo[39m: 	Requested URL : 
2023-06-02 23:28:33 [32minfo[39m: 	/notification_display
2023-06-02 23:28:33 [32minfo[39m: 	Requested URL : 
2023-06-02 23:28:33 [32minfo[39m: 	/names_basedon_role
2023-06-02 23:28:33 [32minfo[39m: 	Requested URL : 
2023-06-02 23:28:33 [32minfo[39m: 	/names_basedon_role
2023-06-02 23:28:33 [32minfo[39m: 	Requested URL : 
2023-06-02 23:28:33 [32minfo[39m: 	/notification_display
2023-06-02 23:28:33 [32minfo[39m: 	Requested URL : 
2023-06-02 23:28:33 [32minfo[39m: 	/names_basedon_role
2023-06-02 23:28:33 [32minfo[39m: 	select s.message,u.user_name as createdby,s.c_ts as createdtime,s.created_by as reciever_id,u.role as roleid from send_message_dtl_t as s 
join users_dtl_t as u on u.id=s.created_by
 where role_id=2  and name=115 order by s.id desc;
2023-06-02 23:28:33 [32minfo[39m: 	SELECT id,user_name,email FROM users_dtl_t where role=3 and is_active=1;
2023-06-02 23:28:33 [32minfo[39m: 	Requested URL : 
2023-06-02 23:28:33 [32minfo[39m: 	/names_basedon_role
2023-06-02 23:28:33 [32minfo[39m: 	SELECT id,user_name,email FROM users_dtl_t where role=2 and is_active=1;
2023-06-02 23:28:36 [32minfo[39m: 	Requested URL : 
2023-06-02 23:28:36 [32minfo[39m: 	/trackProcess
2023-06-02 23:28:36 [32minfo[39m: 	Requested URL : 
2023-06-02 23:28:36 [32minfo[39m: 	/trackProcess
2023-06-02 23:28:36 [32minfo[39m: 	 SELECT r.id as prima,r.phone_no as pho,r.*,u.*,stu.* FROM reverted_stud_csv_admin_t  as r
  left join users_dtl_t as u on u.email=r.email_id
  left join student_dtl_t as stu on stu.c_by=u.id
where student_interest="Yes" and assign_indicator=1 and assigned_to=115;
2023-06-02 23:28:38 [32minfo[39m: 	Requested URL : 
2023-06-02 23:28:38 [32minfo[39m: 	/notification_display
2023-06-02 23:28:38 [32minfo[39m: 	Requested URL : 
2023-06-02 23:28:38 [32minfo[39m: 	/notification_display
2023-06-02 23:28:38 [32minfo[39m: 	select s.message,u.user_name as createdby,s.c_ts as createdtime,s.created_by as reciever_id,u.role as roleid from send_message_dtl_t as s 
join users_dtl_t as u on u.id=s.created_by
 where role_id=3  and name=116 order by s.id desc;
2023-06-02 23:28:38 [32minfo[39m: 	Requested URL : 
2023-06-02 23:28:38 [32minfo[39m: 	/notification_display
2023-06-02 23:28:38 [32minfo[39m: 	Requested URL : 
2023-06-02 23:28:38 [32minfo[39m: 	/student_profile_get
2023-06-02 23:28:38 [32minfo[39m: 	Requested URL : 
2023-06-02 23:28:38 [32minfo[39m: 	/notification_display
2023-06-02 23:28:38 [32minfo[39m: 	Requested URL : 
2023-06-02 23:28:38 [32minfo[39m: 	/student_profile_get
2023-06-02 23:28:38 [32minfo[39m: 	select s.message,u.user_name as createdby,s.c_ts as createdtime,s.created_by as reciever_id,u.role as roleid from send_message_dtl_t as s 
join users_dtl_t as u on u.id=s.created_by
 where role_id=4  and name=133 order by s.id desc;
2023-06-02 23:28:38 [32minfo[39m: 	SELECT us.email,us.phone_no,r.country_interested,us.passed_year,
  TOFEL_SCORE,IELTS_SCORE,GPA_SCORE,DULINGO_SCORE,GRE_SCORE,us.c_by,
  r.assigned_to as assign_consultant,r.assigned_by as assigned_advisor
  FROM users_dtl_t as us
  join reverted_stud_csv_admin_t as r on r.email_id=us.email
  left join student_dtl_t as s on s.c_by=us.id
  where us.email="reema@gmail.com";
2023-06-02 23:28:38 [32minfo[39m: 	select user_name from users_dtl_t where id=115;
        select user_name from users_dtl_t where id=1
2023-06-02 23:28:38 [31merror[39m: 	uncaughtException: Cannot set headers after they are sent to the client
Error [ERR_HTTP_HEADERS_SENT]: Cannot set headers after they are sent to the client
    at new NodeError (node:internal/errors:399:5)
    at ServerResponse.setHeader (node:_http_outgoing:645:11)
    at ServerResponse.header (D:\Projects\cpath_all\chrispathway_backendcode_node_express-main (1)\chrispathway_backendcode_node_express-main\node_modules\express\lib\response.js:794:10)
    at ServerResponse.send (D:\Projects\cpath_all\chrispathway_backendcode_node_express-main (1)\chrispathway_backendcode_node_express-main\node_modules\express\lib\response.js:174:12)
    at ServerResponse.json (D:\Projects\cpath_all\chrispathway_backendcode_node_express-main (1)\chrispathway_backendcode_node_express-main\node_modules\express\lib\response.js:278:15)
    at ServerResponse.send (D:\Projects\cpath_all\chrispathway_backendcode_node_express-main (1)\chrispathway_backendcode_node_express-main\node_modules\express\lib\response.js:162:21)
    at D:\Projects\cpath_all\chrispathway_backendcode_node_express-main (1)\chrispathway_backendcode_node_express-main\controllers\adminCtrl.js:632:13
    at Timeout._onTimeout (D:\Projects\cpath_all\chrispathway_backendcode_node_express-main (1)\chrispathway_backendcode_node_express-main\model\adminModel.js:859:15)
    at listOnTimeout (node:internal/timers:569:17)
    at process.processTimers (node:internal/timers:512:7)
2023-06-02 23:28:39 [31merror[39m: 	uncaughtException: Cannot set headers after they are sent to the client
Error [ERR_HTTP_HEADERS_SENT]: Cannot set headers after they are sent to the client
    at new NodeError (node:internal/errors:399:5)
    at ServerResponse.setHeader (node:_http_outgoing:645:11)
    at ServerResponse.header (D:\Projects\cpath_all\chrispathway_backendcode_node_express-main (1)\chrispathway_backendcode_node_express-main\node_modules\express\lib\response.js:794:10)
    at ServerResponse.send (D:\Projects\cpath_all\chrispathway_backendcode_node_express-main (1)\chrispathway_backendcode_node_express-main\node_modules\express\lib\response.js:174:12)
    at ServerResponse.json (D:\Projects\cpath_all\chrispathway_backendcode_node_express-main (1)\chrispathway_backendcode_node_express-main\node_modules\express\lib\response.js:278:15)
    at ServerResponse.send (D:\Projects\cpath_all\chrispathway_backendcode_node_express-main (1)\chrispathway_backendcode_node_express-main\node_modules\express\lib\response.js:162:21)
    at D:\Projects\cpath_all\chrispathway_backendcode_node_express-main (1)\chrispathway_backendcode_node_express-main\controllers\adminCtrl.js:632:13
    at Timeout._onTimeout (D:\Projects\cpath_all\chrispathway_backendcode_node_express-main (1)\chrispathway_backendcode_node_express-main\model\adminModel.js:859:15)
    at listOnTimeout (node:internal/timers:569:17)
    at process.processTimers (node:internal/timers:512:7)
2023-06-02 23:28:39 [32minfo[39m: 	Requested URL : 
2023-06-02 23:28:39 [32minfo[39m: 	/names_basedon_role
2023-06-02 23:28:39 [32minfo[39m: 	Requested URL : 
2023-06-02 23:28:39 [32minfo[39m: 	/names_basedon_role
2023-06-02 23:28:39 [32minfo[39m: 	Requested URL : 
2023-06-02 23:28:39 [32minfo[39m: 	/names_basedon_role
2023-06-02 23:28:39 [32minfo[39m: 	Requested URL : 
2023-06-02 23:28:39 [32minfo[39m: 	/notification_display
2023-06-02 23:28:39 [32minfo[39m: 	Requested URL : 
2023-06-02 23:28:39 [32minfo[39m: 	/names_basedon_role
2023-06-02 23:28:39 [32minfo[39m: 	Requested URL : 
2023-06-02 23:28:39 [32minfo[39m: 	/names_basedon_role
2023-06-02 23:28:39 [32minfo[39m: 	Requested URL : 
2023-06-02 23:28:39 [32minfo[39m: 	/names_basedon_role
2023-06-02 23:28:39 [32minfo[39m: 	Requested URL : 
2023-06-02 23:28:39 [32minfo[39m: 	/roles
2023-06-02 23:28:39 [32minfo[39m: 	Requested URL : 
2023-06-02 23:28:39 [32minfo[39m: 	/admin_reverted_list_get
2023-06-02 23:28:39 [32minfo[39m: 	Requested URL : 
2023-06-02 23:28:39 [32minfo[39m: 	/notification_display
2023-06-02 23:28:39 [32minfo[39m: 	SELECT id,user_name,email FROM users_dtl_t where role=3 and is_active=1;
2023-06-02 23:28:39 [32minfo[39m: 	SELECT id,user_name,email FROM users_dtl_t where role=4 and is_active=1;
2023-06-02 23:28:39 [32minfo[39m: 	SELECT id,user_name,email FROM users_dtl_t where role=2 and is_active=1;
2023-06-02 23:28:39 [32minfo[39m: 	SELECT * FROM roles_table where status=1;
2023-06-02 23:28:39 [32minfo[39m: 	select s.message,u.user_name as createdby,s.c_ts as createdtime,s.created_by as reciever_id,u.role as roleid from send_message_dtl_t as s 
join users_dtl_t as u on u.id=s.created_by
 where role_id=1  and name=1 order by s.id desc;
2023-06-02 23:28:39 [32minfo[39m: 	SELECT * FROM reverted_stud_csv_admin_t 
    where  student_interest='Future Followup' and is_active=1 order by checkbox_save desc;
2023-06-02 23:28:42 [32minfo[39m: 	Requested URL : 
2023-06-02 23:28:42 [32minfo[39m: 	/favicon.ico
2023-06-02 23:30:15 [32minfo[39m: 	Requested URL : 
2023-06-02 23:30:16 [32minfo[39m: 	/notification_display
2023-06-02 23:30:16 [32minfo[39m: 	Requested URL : 
2023-06-02 23:30:16 [32minfo[39m: 	/names_basedon_role
2023-06-02 23:30:16 [32minfo[39m: 	Requested URL : 
2023-06-02 23:30:16 [32minfo[39m: 	/names_basedon_role
2023-06-02 23:30:16 [32minfo[39m: 	Requested URL : 
2023-06-02 23:30:16 [32minfo[39m: 	/notification_display
2023-06-02 23:30:16 [32minfo[39m: 	Requested URL : 
2023-06-02 23:30:16 [32minfo[39m: 	/names_basedon_role
2023-06-02 23:30:16 [32minfo[39m: 	Requested URL : 
2023-06-02 23:30:16 [32minfo[39m: 	/names_basedon_role
2023-06-02 23:30:16 [32minfo[39m: 	SELECT id,user_name,email FROM users_dtl_t where role=2 and is_active=1;
2023-06-02 23:30:16 [32minfo[39m: 	SELECT id,user_name,email FROM users_dtl_t where role=3 and is_active=1;
2023-06-02 23:30:16 [32minfo[39m: 	select s.message,u.user_name as createdby,s.c_ts as createdtime,s.created_by as reciever_id,u.role as roleid from send_message_dtl_t as s 
join users_dtl_t as u on u.id=s.created_by
 where role_id=2  and name=115 order by s.id desc;
2023-06-02 23:30:18 [32minfo[39m: 	Requested URL : 
2023-06-02 23:30:18 [32minfo[39m: 	/names_basedon_role
2023-06-02 23:30:18 [32minfo[39m: 	Requested URL : 
2023-06-02 23:30:18 [32minfo[39m: 	/names_basedon_role
2023-06-02 23:30:18 [32minfo[39m: 	Requested URL : 
2023-06-02 23:30:18 [32minfo[39m: 	/names_basedon_role
2023-06-02 23:30:18 [32minfo[39m: 	Requested URL : 
2023-06-02 23:30:18 [32minfo[39m: 	/names_basedon_role
2023-06-02 23:30:18 [32minfo[39m: 	Requested URL : 
2023-06-02 23:30:18 [32minfo[39m: 	/names_basedon_role
2023-06-02 23:30:18 [32minfo[39m: 	Requested URL : 
2023-06-02 23:30:18 [32minfo[39m: 	/names_basedon_role
2023-06-02 23:30:18 [32minfo[39m: 	SELECT id,user_name,email FROM users_dtl_t where role=2 and is_active=1;
2023-06-02 23:30:18 [32minfo[39m: 	SELECT id,user_name,email FROM users_dtl_t where role=3 and is_active=1;
2023-06-02 23:30:18 [32minfo[39m: 	SELECT id,user_name,email FROM users_dtl_t where role=4 and is_active=1;
2023-06-02 23:30:18 [32minfo[39m: 	Requested URL : 
2023-06-02 23:30:18 [32minfo[39m: 	/notification_display
2023-06-02 23:30:18 [32minfo[39m: 	Requested URL : 
2023-06-02 23:30:18 [32minfo[39m: 	/notification_display
2023-06-02 23:30:18 [32minfo[39m: 	Requested URL : 
2023-06-02 23:30:18 [32minfo[39m: 	/roles
2023-06-02 23:30:18 [32minfo[39m: 	Requested URL : 
2023-06-02 23:30:18 [32minfo[39m: 	/admin_reverted_list_get
2023-06-02 23:30:19 [32minfo[39m: 	select s.message,u.user_name as createdby,s.c_ts as createdtime,s.created_by as reciever_id,u.role as roleid from send_message_dtl_t as s 
join users_dtl_t as u on u.id=s.created_by
 where role_id=1  and name=1 order by s.id desc;
2023-06-02 23:30:19 [32minfo[39m: 	SELECT * FROM roles_table where status=1;
2023-06-02 23:30:19 [32minfo[39m: 	SELECT * FROM reverted_stud_csv_admin_t 
    where  student_interest='Future Followup' and is_active=1 order by checkbox_save desc;
2023-06-02 23:30:19 [32minfo[39m: 	Requested URL : 
2023-06-02 23:30:19 [32minfo[39m: 	/notification_display
2023-06-02 23:30:19 [32minfo[39m: 	Requested URL : 
2023-06-02 23:30:19 [32minfo[39m: 	/notification_display
2023-06-02 23:30:19 [32minfo[39m: 	select s.message,u.user_name as createdby,s.c_ts as createdtime,s.created_by as reciever_id,u.role as roleid from send_message_dtl_t as s 
join users_dtl_t as u on u.id=s.created_by
 where role_id=3  and name=116 order by s.id desc;
2023-06-02 23:30:19 [32minfo[39m: 	Requested URL : 
2023-06-02 23:30:19 [32minfo[39m: 	/notification_display
2023-06-02 23:30:19 [32minfo[39m: 	Requested URL : 
2023-06-02 23:30:19 [32minfo[39m: 	/student_profile_get
2023-06-02 23:30:19 [32minfo[39m: 	Requested URL : 
2023-06-02 23:30:19 [32minfo[39m: 	/notification_display
2023-06-02 23:30:19 [32minfo[39m: 	Requested URL : 
2023-06-02 23:30:19 [32minfo[39m: 	/student_profile_get
2023-06-02 23:30:19 [32minfo[39m: 	select s.message,u.user_name as createdby,s.c_ts as createdtime,s.created_by as reciever_id,u.role as roleid from send_message_dtl_t as s 
join users_dtl_t as u on u.id=s.created_by
 where role_id=4  and name=133 order by s.id desc;
2023-06-02 23:30:19 [32minfo[39m: 	SELECT us.email,us.phone_no,r.country_interested,us.passed_year,
  TOFEL_SCORE,IELTS_SCORE,GPA_SCORE,DULINGO_SCORE,GRE_SCORE,us.c_by,
  r.assigned_to as assign_consultant,r.assigned_by as assigned_advisor
  FROM users_dtl_t as us
  join reverted_stud_csv_admin_t as r on r.email_id=us.email
  left join student_dtl_t as s on s.c_by=us.id
  where us.email="reema@gmail.com";
2023-06-02 23:30:19 [32minfo[39m: 	select user_name from users_dtl_t where id=115;
        select user_name from users_dtl_t where id=1
2023-06-02 23:30:20 [32minfo[39m: 	Requested URL : 
2023-06-02 23:30:20 [32minfo[39m: 	/trackProcess
2023-06-02 23:30:20 [32minfo[39m: 	Requested URL : 
2023-06-02 23:30:20 [32minfo[39m: 	/trackProcess
2023-06-02 23:30:20 [32minfo[39m: 	 SELECT r.id as prima,r.phone_no as pho,r.*,u.*,stu.* FROM reverted_stud_csv_admin_t  as r
  left join users_dtl_t as u on u.email=r.email_id
  left join student_dtl_t as stu on stu.c_by=u.id
where student_interest="Yes" and assign_indicator=1 and assigned_to=115;
2023-06-02 23:30:22 [31merror[39m: 	uncaughtException: Cannot set headers after they are sent to the client
Error [ERR_HTTP_HEADERS_SENT]: Cannot set headers after they are sent to the client
    at new NodeError (node:internal/errors:399:5)
    at ServerResponse.setHeader (node:_http_outgoing:645:11)
    at ServerResponse.header (D:\Projects\cpath_all\chrispathway_backendcode_node_express-main (1)\chrispathway_backendcode_node_express-main\node_modules\express\lib\response.js:794:10)
    at ServerResponse.send (D:\Projects\cpath_all\chrispathway_backendcode_node_express-main (1)\chrispathway_backendcode_node_express-main\node_modules\express\lib\response.js:174:12)
    at ServerResponse.json (D:\Projects\cpath_all\chrispathway_backendcode_node_express-main (1)\chrispathway_backendcode_node_express-main\node_modules\express\lib\response.js:278:15)
    at ServerResponse.send (D:\Projects\cpath_all\chrispathway_backendcode_node_express-main (1)\chrispathway_backendcode_node_express-main\node_modules\express\lib\response.js:162:21)
    at D:\Projects\cpath_all\chrispathway_backendcode_node_express-main (1)\chrispathway_backendcode_node_express-main\controllers\adminCtrl.js:632:13
    at Timeout._onTimeout (D:\Projects\cpath_all\chrispathway_backendcode_node_express-main (1)\chrispathway_backendcode_node_express-main\model\adminModel.js:859:15)
    at listOnTimeout (node:internal/timers:569:17)
    at process.processTimers (node:internal/timers:512:7)
2023-06-02 23:30:22 [31merror[39m: 	uncaughtException: Cannot set headers after they are sent to the client
Error [ERR_HTTP_HEADERS_SENT]: Cannot set headers after they are sent to the client
    at new NodeError (node:internal/errors:399:5)
    at ServerResponse.setHeader (node:_http_outgoing:645:11)
    at ServerResponse.header (D:\Projects\cpath_all\chrispathway_backendcode_node_express-main (1)\chrispathway_backendcode_node_express-main\node_modules\express\lib\response.js:794:10)
    at ServerResponse.send (D:\Projects\cpath_all\chrispathway_backendcode_node_express-main (1)\chrispathway_backendcode_node_express-main\node_modules\express\lib\response.js:174:12)
    at ServerResponse.json (D:\Projects\cpath_all\chrispathway_backendcode_node_express-main (1)\chrispathway_backendcode_node_express-main\node_modules\express\lib\response.js:278:15)
    at ServerResponse.send (D:\Projects\cpath_all\chrispathway_backendcode_node_express-main (1)\chrispathway_backendcode_node_express-main\node_modules\express\lib\response.js:162:21)
    at D:\Projects\cpath_all\chrispathway_backendcode_node_express-main (1)\chrispathway_backendcode_node_express-main\controllers\adminCtrl.js:632:13
    at Timeout._onTimeout (D:\Projects\cpath_all\chrispathway_backendcode_node_express-main (1)\chrispathway_backendcode_node_express-main\model\adminModel.js:859:15)
    at listOnTimeout (node:internal/timers:569:17)
    at process.processTimers (node:internal/timers:512:7)
2023-06-02 23:35:57 [32minfo[39m: 	Requested URL : 
2023-06-02 23:35:57 [32minfo[39m: 	/names_basedon_role
2023-06-02 23:35:57 [32minfo[39m: 	Requested URL : 
2023-06-02 23:35:57 [32minfo[39m: 	/names_basedon_role
2023-06-02 23:35:57 [32minfo[39m: 	Requested URL : 
2023-06-02 23:35:57 [32minfo[39m: 	/names_basedon_role
2023-06-02 23:35:57 [32minfo[39m: 	Requested URL : 
2023-06-02 23:35:57 [32minfo[39m: 	/notification_display
2023-06-02 23:35:57 [32minfo[39m: 	Requested URL : 
2023-06-02 23:35:57 [32minfo[39m: 	/roles
2023-06-02 23:35:57 [32minfo[39m: 	Requested URL : 
2023-06-02 23:35:57 [32minfo[39m: 	/names_basedon_role
2023-06-02 23:35:57 [32minfo[39m: 	Requested URL : 
2023-06-02 23:35:57 [32minfo[39m: 	/names_basedon_role
2023-06-02 23:35:57 [32minfo[39m: 	Requested URL : 
2023-06-02 23:35:57 [32minfo[39m: 	/names_basedon_role
2023-06-02 23:35:57 [32minfo[39m: 	Requested URL : 
2023-06-02 23:35:57 [32minfo[39m: 	/admin_reverted_list_get
2023-06-02 23:35:57 [32minfo[39m: 	Requested URL : 
2023-06-02 23:35:57 [32minfo[39m: 	/notification_display
2023-06-02 23:35:57 [32minfo[39m: 	SELECT id,user_name,email FROM users_dtl_t where role=2 and is_active=1;
2023-06-02 23:35:57 [32minfo[39m: 	SELECT id,user_name,email FROM users_dtl_t where role=3 and is_active=1;
2023-06-02 23:35:57 [32minfo[39m: 	SELECT id,user_name,email FROM users_dtl_t where role=4 and is_active=1;
2023-06-02 23:35:57 [32minfo[39m: 	SELECT * FROM roles_table where status=1;
2023-06-02 23:35:57 [32minfo[39m: 	select s.message,u.user_name as createdby,s.c_ts as createdtime,s.created_by as reciever_id,u.role as roleid from send_message_dtl_t as s 
join users_dtl_t as u on u.id=s.created_by
 where role_id=1  and name=1 order by s.id desc;
2023-06-02 23:35:57 [32minfo[39m: 	SELECT * FROM reverted_stud_csv_admin_t 
    where  student_interest='Future Followup' and is_active=1 order by checkbox_save desc;
2023-06-02 23:35:57 [32minfo[39m: 	Requested URL : 
2023-06-02 23:35:57 [32minfo[39m: 	/notification_display
2023-06-02 23:35:57 [32minfo[39m: 	Requested URL : 
2023-06-02 23:35:57 [32minfo[39m: 	/names_basedon_role
2023-06-02 23:35:57 [32minfo[39m: 	Requested URL : 
2023-06-02 23:35:57 [32minfo[39m: 	/names_basedon_role
2023-06-02 23:35:57 [32minfo[39m: 	Requested URL : 
2023-06-02 23:35:57 [32minfo[39m: 	/notification_display
2023-06-02 23:35:57 [32minfo[39m: 	Requested URL : 
2023-06-02 23:35:57 [32minfo[39m: 	/names_basedon_role
2023-06-02 23:35:57 [32minfo[39m: 	Requested URL : 
2023-06-02 23:35:57 [32minfo[39m: 	/names_basedon_role
2023-06-02 23:35:57 [32minfo[39m: 	select s.message,u.user_name as createdby,s.c_ts as createdtime,s.created_by as reciever_id,u.role as roleid from send_message_dtl_t as s 
join users_dtl_t as u on u.id=s.created_by
 where role_id=2  and name=115 order by s.id desc;
2023-06-02 23:35:57 [32minfo[39m: 	SELECT id,user_name,email FROM users_dtl_t where role=3 and is_active=1;
2023-06-02 23:35:57 [32minfo[39m: 	SELECT id,user_name,email FROM users_dtl_t where role=2 and is_active=1;
2023-06-02 23:35:58 [32minfo[39m: 	Requested URL : 
2023-06-02 23:35:58 [32minfo[39m: 	/notification_display
2023-06-02 23:35:58 [32minfo[39m: 	Requested URL : 
2023-06-02 23:35:58 [32minfo[39m: 	/notification_display
2023-06-02 23:35:58 [32minfo[39m: 	select s.message,u.user_name as createdby,s.c_ts as createdtime,s.created_by as reciever_id,u.role as roleid from send_message_dtl_t as s 
join users_dtl_t as u on u.id=s.created_by
 where role_id=4  and name=133 order by s.id desc;
2023-06-02 23:35:58 [32minfo[39m: 	Requested URL : 
2023-06-02 23:35:58 [32minfo[39m: 	/student_profile_get
2023-06-02 23:35:58 [32minfo[39m: 	Requested URL : 
2023-06-02 23:35:58 [32minfo[39m: 	/student_profile_get
2023-06-02 23:35:58 [32minfo[39m: 	SELECT us.email,us.phone_no,r.country_interested,us.passed_year,
  TOFEL_SCORE,IELTS_SCORE,GPA_SCORE,DULINGO_SCORE,GRE_SCORE,us.c_by,
  r.assigned_to as assign_consultant,r.assigned_by as assigned_advisor
  FROM users_dtl_t as us
  join reverted_stud_csv_admin_t as r on r.email_id=us.email
  left join student_dtl_t as s on s.c_by=us.id
  where us.email="reema@gmail.com";
2023-06-02 23:35:58 [32minfo[39m: 	select user_name from users_dtl_t where id=115;
        select user_name from users_dtl_t where id=1
2023-06-02 23:35:59 [32minfo[39m: 	Requested URL : 
2023-06-02 23:35:59 [32minfo[39m: 	/notification_display
2023-06-02 23:35:59 [32minfo[39m: 	Requested URL : 
2023-06-02 23:35:59 [32minfo[39m: 	/notification_display
2023-06-02 23:35:59 [32minfo[39m: 	select s.message,u.user_name as createdby,s.c_ts as createdtime,s.created_by as reciever_id,u.role as roleid from send_message_dtl_t as s 
join users_dtl_t as u on u.id=s.created_by
 where role_id=3  and name=116 order by s.id desc;
2023-06-02 23:36:02 [32minfo[39m: 	Requested URL : 
2023-06-02 23:36:02 [32minfo[39m: 	/trackProcess
2023-06-02 23:36:02 [32minfo[39m: 	Requested URL : 
2023-06-02 23:36:02 [32minfo[39m: 	/trackProcess
2023-06-02 23:36:02 [32minfo[39m: 	 SELECT r.id as prima,r.phone_no as pho,r.*,u.*,stu.* FROM reverted_stud_csv_admin_t  as r
  left join users_dtl_t as u on u.email=r.email_id
  left join student_dtl_t as stu on stu.c_by=u.id
where student_interest="Yes" and assign_indicator=1 and assigned_to=115;
2023-06-02 23:36:04 [31merror[39m: 	uncaughtException: Cannot set headers after they are sent to the client
Error [ERR_HTTP_HEADERS_SENT]: Cannot set headers after they are sent to the client
    at new NodeError (node:internal/errors:399:5)
    at ServerResponse.setHeader (node:_http_outgoing:645:11)
    at ServerResponse.header (D:\Projects\cpath_all\chrispathway_backendcode_node_express-main (1)\chrispathway_backendcode_node_express-main\node_modules\express\lib\response.js:794:10)
    at ServerResponse.send (D:\Projects\cpath_all\chrispathway_backendcode_node_express-main (1)\chrispathway_backendcode_node_express-main\node_modules\express\lib\response.js:174:12)
    at ServerResponse.json (D:\Projects\cpath_all\chrispathway_backendcode_node_express-main (1)\chrispathway_backendcode_node_express-main\node_modules\express\lib\response.js:278:15)
    at ServerResponse.send (D:\Projects\cpath_all\chrispathway_backendcode_node_express-main (1)\chrispathway_backendcode_node_express-main\node_modules\express\lib\response.js:162:21)
    at D:\Projects\cpath_all\chrispathway_backendcode_node_express-main (1)\chrispathway_backendcode_node_express-main\controllers\adminCtrl.js:632:13
    at Timeout._onTimeout (D:\Projects\cpath_all\chrispathway_backendcode_node_express-main (1)\chrispathway_backendcode_node_express-main\model\adminModel.js:859:15)
    at listOnTimeout (node:internal/timers:569:17)
    at process.processTimers (node:internal/timers:512:7)
2023-06-02 23:36:04 [31merror[39m: 	uncaughtException: Cannot set headers after they are sent to the client
Error [ERR_HTTP_HEADERS_SENT]: Cannot set headers after they are sent to the client
    at new NodeError (node:internal/errors:399:5)
    at ServerResponse.setHeader (node:_http_outgoing:645:11)
    at ServerResponse.header (D:\Projects\cpath_all\chrispathway_backendcode_node_express-main (1)\chrispathway_backendcode_node_express-main\node_modules\express\lib\response.js:794:10)
    at ServerResponse.send (D:\Projects\cpath_all\chrispathway_backendcode_node_express-main (1)\chrispathway_backendcode_node_express-main\node_modules\express\lib\response.js:174:12)
    at ServerResponse.json (D:\Projects\cpath_all\chrispathway_backendcode_node_express-main (1)\chrispathway_backendcode_node_express-main\node_modules\express\lib\response.js:278:15)
    at ServerResponse.send (D:\Projects\cpath_all\chrispathway_backendcode_node_express-main (1)\chrispathway_backendcode_node_express-main\node_modules\express\lib\response.js:162:21)
    at D:\Projects\cpath_all\chrispathway_backendcode_node_express-main (1)\chrispathway_backendcode_node_express-main\controllers\adminCtrl.js:632:13
    at Timeout._onTimeout (D:\Projects\cpath_all\chrispathway_backendcode_node_express-main (1)\chrispathway_backendcode_node_express-main\model\adminModel.js:859:15)
    at listOnTimeout (node:internal/timers:569:17)
    at process.processTimers (node:internal/timers:512:7)
2023-06-02 23:36:17 [32minfo[39m: 	Requested URL : 
2023-06-02 23:36:17 [32minfo[39m: 	/favicon.ico
2023-06-02 23:46:18 [32minfo[39m: 	Requested URL : 
2023-06-02 23:46:18 [32minfo[39m: 	/names_basedon_role
2023-06-02 23:46:18 [32minfo[39m: 	Requested URL : 
2023-06-02 23:46:18 [32minfo[39m: 	/names_basedon_role
2023-06-02 23:46:18 [32minfo[39m: 	Requested URL : 
2023-06-02 23:46:18 [32minfo[39m: 	/names_basedon_role
2023-06-02 23:46:18 [32minfo[39m: 	Requested URL : 
2023-06-02 23:46:18 [32minfo[39m: 	/notification_display
2023-06-02 23:46:18 [32minfo[39m: 	Requested URL : 
2023-06-02 23:46:18 [32minfo[39m: 	/names_basedon_role
2023-06-02 23:46:18 [32minfo[39m: 	Requested URL : 
2023-06-02 23:46:18 [32minfo[39m: 	/names_basedon_role
2023-06-02 23:46:18 [32minfo[39m: 	Requested URL : 
2023-06-02 23:46:18 [32minfo[39m: 	/admin_reverted_list_get
2023-06-02 23:46:18 [32minfo[39m: 	Requested URL : 
2023-06-02 23:46:18 [32minfo[39m: 	/roles
2023-06-02 23:46:18 [32minfo[39m: 	Requested URL : 
2023-06-02 23:46:18 [32minfo[39m: 	/names_basedon_role
2023-06-02 23:46:18 [32minfo[39m: 	Requested URL : 
2023-06-02 23:46:18 [32minfo[39m: 	/notification_display
2023-06-02 23:46:18 [32minfo[39m: 	SELECT id,user_name,email FROM users_dtl_t where role=2 and is_active=1;
2023-06-02 23:46:18 [32minfo[39m: 	SELECT id,user_name,email FROM users_dtl_t where role=4 and is_active=1;
2023-06-02 23:46:18 [32minfo[39m: 	SELECT id,user_name,email FROM users_dtl_t where role=3 and is_active=1;
2023-06-02 23:46:18 [32minfo[39m: 	SELECT * FROM reverted_stud_csv_admin_t 
    where  student_interest='Future Followup' and is_active=1 order by checkbox_save desc;
2023-06-02 23:46:19 [32minfo[39m: 	SELECT * FROM roles_table where status=1;
2023-06-02 23:46:19 [32minfo[39m: 	select s.message,u.user_name as createdby,s.c_ts as createdtime,s.created_by as reciever_id,u.role as roleid from send_message_dtl_t as s 
join users_dtl_t as u on u.id=s.created_by
 where role_id=1  and name=1 order by s.id desc;
2023-06-02 23:46:21 [32minfo[39m: 	Requested URL : 
2023-06-02 23:46:21 [32minfo[39m: 	/notification_display
2023-06-02 23:46:21 [32minfo[39m: 	Requested URL : 
2023-06-02 23:46:21 [32minfo[39m: 	/notification_display
2023-06-02 23:46:21 [32minfo[39m: 	select s.message,u.user_name as createdby,s.c_ts as createdtime,s.created_by as reciever_id,u.role as roleid from send_message_dtl_t as s 
join users_dtl_t as u on u.id=s.created_by
 where role_id=3  and name=116 order by s.id desc;
2023-06-02 23:46:21 [32minfo[39m: 	Requested URL : 
2023-06-02 23:46:21 [32minfo[39m: 	/notification_display
2023-06-02 23:46:21 [32minfo[39m: 	Requested URL : 
2023-06-02 23:46:21 [32minfo[39m: 	/student_profile_get
2023-06-02 23:46:21 [32minfo[39m: 	Requested URL : 
2023-06-02 23:46:21 [32minfo[39m: 	/notification_display
2023-06-02 23:46:21 [32minfo[39m: 	Requested URL : 
2023-06-02 23:46:21 [32minfo[39m: 	/student_profile_get
2023-06-02 23:46:21 [32minfo[39m: 	select s.message,u.user_name as createdby,s.c_ts as createdtime,s.created_by as reciever_id,u.role as roleid from send_message_dtl_t as s 
join users_dtl_t as u on u.id=s.created_by
 where role_id=4  and name=133 order by s.id desc;
2023-06-02 23:46:21 [32minfo[39m: 	SELECT us.email,us.phone_no,r.country_interested,us.passed_year,
  TOFEL_SCORE,IELTS_SCORE,GPA_SCORE,DULINGO_SCORE,GRE_SCORE,us.c_by,
  r.assigned_to as assign_consultant,r.assigned_by as assigned_advisor
  FROM users_dtl_t as us
  join reverted_stud_csv_admin_t as r on r.email_id=us.email
  left join student_dtl_t as s on s.c_by=us.id
  where us.email="reema@gmail.com";
2023-06-02 23:46:21 [32minfo[39m: 	select user_name from users_dtl_t where id=115;
        select user_name from users_dtl_t where id=1
2023-06-02 23:46:22 [32minfo[39m: 	Requested URL : 
2023-06-02 23:46:22 [32minfo[39m: 	/names_basedon_role
2023-06-02 23:46:22 [32minfo[39m: 	SELECT id,user_name,email FROM users_dtl_t where role=2 and is_active=1;
2023-06-02 23:46:22 [32minfo[39m: 	Requested URL : 
2023-06-02 23:46:22 [32minfo[39m: 	/names_basedon_role
2023-06-02 23:46:22 [32minfo[39m: 	Requested URL : 
2023-06-02 23:46:22 [32minfo[39m: 	/names_basedon_role
2023-06-02 23:46:22 [32minfo[39m: 	SELECT id,user_name,email FROM users_dtl_t where role=3 and is_active=1;
2023-06-02 23:46:22 [32minfo[39m: 	SELECT id,user_name,email FROM users_dtl_t where role=4 and is_active=1;
2023-06-02 23:46:22 [32minfo[39m: 	Requested URL : 
2023-06-02 23:46:22 [32minfo[39m: 	/roles
2023-06-02 23:46:22 [32minfo[39m: 	SELECT * FROM roles_table where status=1;
2023-06-02 23:46:22 [32minfo[39m: 	Requested URL : 
2023-06-02 23:46:22 [32minfo[39m: 	/notification_display
2023-06-02 23:46:22 [32minfo[39m: 	select s.message,u.user_name as createdby,s.c_ts as createdtime,s.created_by as reciever_id,u.role as roleid from send_message_dtl_t as s 
join users_dtl_t as u on u.id=s.created_by
 where role_id=1  and name=1 order by s.id desc;
2023-06-02 23:46:22 [32minfo[39m: 	Requested URL : 
2023-06-02 23:46:22 [32minfo[39m: 	/admin_reverted_list_get
2023-06-02 23:46:22 [32minfo[39m: 	SELECT * FROM reverted_stud_csv_admin_t 
    where  student_interest='Future Followup' and is_active=1 order by checkbox_save desc;
2023-06-02 23:46:23 [32minfo[39m: 	Requested URL : 
2023-06-02 23:46:23 [32minfo[39m: 	/notification_display
2023-06-02 23:46:23 [32minfo[39m: 	Requested URL : 
2023-06-02 23:46:23 [32minfo[39m: 	/notification_display
2023-06-02 23:46:23 [32minfo[39m: 	select s.message,u.user_name as createdby,s.c_ts as createdtime,s.created_by as reciever_id,u.role as roleid from send_message_dtl_t as s 
join users_dtl_t as u on u.id=s.created_by
 where role_id=2  and name=115 order by s.id desc;
2023-06-02 23:46:23 [32minfo[39m: 	Requested URL : 
2023-06-02 23:46:23 [32minfo[39m: 	/names_basedon_role
2023-06-02 23:46:23 [32minfo[39m: 	Requested URL : 
2023-06-02 23:46:23 [32minfo[39m: 	/names_basedon_role
2023-06-02 23:46:23 [32minfo[39m: 	Requested URL : 
2023-06-02 23:46:23 [32minfo[39m: 	/names_basedon_role
2023-06-02 23:46:23 [32minfo[39m: 	Requested URL : 
2023-06-02 23:46:23 [32minfo[39m: 	/names_basedon_role
2023-06-02 23:46:23 [32minfo[39m: 	SELECT id,user_name,email FROM users_dtl_t where role=3 and is_active=1;
2023-06-02 23:46:23 [32minfo[39m: 	SELECT id,user_name,email FROM users_dtl_t where role=2 and is_active=1;
2023-06-02 23:46:38 [32minfo[39m: 	Requested URL : 
2023-06-02 23:46:38 [32minfo[39m: 	/notification_display
2023-06-02 23:46:38 [32minfo[39m: 	Requested URL : 
2023-06-02 23:46:38 [32minfo[39m: 	/names_basedon_role
2023-06-02 23:46:38 [32minfo[39m: 	Requested URL : 
2023-06-02 23:46:38 [32minfo[39m: 	/names_basedon_role
2023-06-02 23:46:38 [32minfo[39m: 	Requested URL : 
2023-06-02 23:46:38 [32minfo[39m: 	/notification_display
2023-06-02 23:46:38 [32minfo[39m: 	Requested URL : 
2023-06-02 23:46:38 [32minfo[39m: 	/names_basedon_role
2023-06-02 23:46:38 [32minfo[39m: 	Requested URL : 
2023-06-02 23:46:38 [32minfo[39m: 	/names_basedon_role
2023-06-02 23:46:38 [32minfo[39m: 	SELECT id,user_name,email FROM users_dtl_t where role=3 and is_active=1;
2023-06-02 23:46:38 [32minfo[39m: 	select s.message,u.user_name as createdby,s.c_ts as createdtime,s.created_by as reciever_id,u.role as roleid from send_message_dtl_t as s 
join users_dtl_t as u on u.id=s.created_by
 where role_id=2  and name=115 order by s.id desc;
2023-06-02 23:46:38 [32minfo[39m: 	SELECT id,user_name,email FROM users_dtl_t where role=2 and is_active=1;
2023-06-02 23:46:41 [32minfo[39m: 	Requested URL : 
2023-06-02 23:46:41 [32minfo[39m: 	/trackProcess
2023-06-02 23:46:41 [32minfo[39m: 	Requested URL : 
2023-06-02 23:46:41 [32minfo[39m: 	/trackProcess
2023-06-02 23:46:41 [32minfo[39m: 	 SELECT r.id as prima,r.phone_no as pho,r.*,u.*,stu.* FROM reverted_stud_csv_admin_t  as r
  left join users_dtl_t as u on u.email=r.email_id
  left join student_dtl_t as stu on stu.c_by=u.id
where student_interest="Yes" and assign_indicator=1 and assigned_to=115;
2023-06-02 23:46:43 [31merror[39m: 	uncaughtException: Cannot set headers after they are sent to the client
Error [ERR_HTTP_HEADERS_SENT]: Cannot set headers after they are sent to the client
    at new NodeError (node:internal/errors:399:5)
    at ServerResponse.setHeader (node:_http_outgoing:645:11)
    at ServerResponse.header (D:\Projects\cpath_all\chrispathway_backendcode_node_express-main (1)\chrispathway_backendcode_node_express-main\node_modules\express\lib\response.js:794:10)
    at ServerResponse.send (D:\Projects\cpath_all\chrispathway_backendcode_node_express-main (1)\chrispathway_backendcode_node_express-main\node_modules\express\lib\response.js:174:12)
    at ServerResponse.json (D:\Projects\cpath_all\chrispathway_backendcode_node_express-main (1)\chrispathway_backendcode_node_express-main\node_modules\express\lib\response.js:278:15)
    at ServerResponse.send (D:\Projects\cpath_all\chrispathway_backendcode_node_express-main (1)\chrispathway_backendcode_node_express-main\node_modules\express\lib\response.js:162:21)
    at D:\Projects\cpath_all\chrispathway_backendcode_node_express-main (1)\chrispathway_backendcode_node_express-main\controllers\adminCtrl.js:632:13
    at Timeout._onTimeout (D:\Projects\cpath_all\chrispathway_backendcode_node_express-main (1)\chrispathway_backendcode_node_express-main\model\adminModel.js:859:15)
    at listOnTimeout (node:internal/timers:569:17)
    at process.processTimers (node:internal/timers:512:7)
2023-06-02 23:46:43 [31merror[39m: 	uncaughtException: Cannot set headers after they are sent to the client
Error [ERR_HTTP_HEADERS_SENT]: Cannot set headers after they are sent to the client
    at new NodeError (node:internal/errors:399:5)
    at ServerResponse.setHeader (node:_http_outgoing:645:11)
    at ServerResponse.header (D:\Projects\cpath_all\chrispathway_backendcode_node_express-main (1)\chrispathway_backendcode_node_express-main\node_modules\express\lib\response.js:794:10)
    at ServerResponse.send (D:\Projects\cpath_all\chrispathway_backendcode_node_express-main (1)\chrispathway_backendcode_node_express-main\node_modules\express\lib\response.js:174:12)
    at ServerResponse.json (D:\Projects\cpath_all\chrispathway_backendcode_node_express-main (1)\chrispathway_backendcode_node_express-main\node_modules\express\lib\response.js:278:15)
    at ServerResponse.send (D:\Projects\cpath_all\chrispathway_backendcode_node_express-main (1)\chrispathway_backendcode_node_express-main\node_modules\express\lib\response.js:162:21)
    at D:\Projects\cpath_all\chrispathway_backendcode_node_express-main (1)\chrispathway_backendcode_node_express-main\controllers\adminCtrl.js:632:13
    at Timeout._onTimeout (D:\Projects\cpath_all\chrispathway_backendcode_node_express-main (1)\chrispathway_backendcode_node_express-main\model\adminModel.js:859:15)
    at listOnTimeout (node:internal/timers:569:17)
    at process.processTimers (node:internal/timers:512:7)
2023-06-02 23:51:41 [32minfo[39m: 	Requested URL : 
2023-06-02 23:51:41 [32minfo[39m: 	/names_basedon_role
2023-06-02 23:51:41 [32minfo[39m: 	Requested URL : 
2023-06-02 23:51:41 [32minfo[39m: 	/names_basedon_role
2023-06-02 23:51:41 [32minfo[39m: 	Requested URL : 
2023-06-02 23:51:41 [32minfo[39m: 	/names_basedon_role
2023-06-02 23:51:41 [32minfo[39m: 	Requested URL : 
2023-06-02 23:51:41 [32minfo[39m: 	/notification_display
2023-06-02 23:51:41 [32minfo[39m: 	Requested URL : 
2023-06-02 23:51:41 [32minfo[39m: 	/names_basedon_role
2023-06-02 23:51:41 [32minfo[39m: 	Requested URL : 
2023-06-02 23:51:41 [32minfo[39m: 	/roles
2023-06-02 23:51:41 [32minfo[39m: 	Requested URL : 
2023-06-02 23:51:41 [32minfo[39m: 	/admin_reverted_list_get
2023-06-02 23:51:41 [32minfo[39m: 	Requested URL : 
2023-06-02 23:51:41 [32minfo[39m: 	/names_basedon_role
2023-06-02 23:51:41 [32minfo[39m: 	Requested URL : 
2023-06-02 23:51:41 [32minfo[39m: 	/names_basedon_role
2023-06-02 23:51:41 [32minfo[39m: 	Requested URL : 
2023-06-02 23:51:41 [32minfo[39m: 	/notification_display
2023-06-02 23:51:41 [32minfo[39m: 	SELECT id,user_name,email FROM users_dtl_t where role=2 and is_active=1;
2023-06-02 23:51:41 [32minfo[39m: 	SELECT * FROM roles_table where status=1;
2023-06-02 23:51:41 [32minfo[39m: 	SELECT id,user_name,email FROM users_dtl_t where role=4 and is_active=1;
2023-06-02 23:51:41 [32minfo[39m: 	SELECT id,user_name,email FROM users_dtl_t where role=3 and is_active=1;
2023-06-02 23:51:41 [32minfo[39m: 	select s.message,u.user_name as createdby,s.c_ts as createdtime,s.created_by as reciever_id,u.role as roleid from send_message_dtl_t as s 
join users_dtl_t as u on u.id=s.created_by
 where role_id=1  and name=1 order by s.id desc;
2023-06-02 23:51:41 [32minfo[39m: 	SELECT * FROM reverted_stud_csv_admin_t 
    where  student_interest='Future Followup' and is_active=1 order by checkbox_save desc;
2023-06-02 23:51:43 [32minfo[39m: 	Requested URL : 
2023-06-02 23:51:43 [32minfo[39m: 	/assigned_stud_list_csv
2023-06-02 23:51:43 [32minfo[39m: 	Requested URL : 
2023-06-02 23:51:43 [32minfo[39m: 	/assigned_stud_list_csv
2023-06-02 23:51:43 [32minfo[39m: 	select * from reverted_stud_csv_admin_t where is_active=1 and assigned_to is null
2023-06-02 23:51:47 [32minfo[39m: 	Requested URL : 
2023-06-02 23:51:47 [32minfo[39m: 	/admin_trackprocess_get
2023-06-02 23:51:47 [32minfo[39m: 	  SELECT u2.user_name as consultant_name,u1.user_name as advisor_name,re.assigned_time as advisor_submit_toConsultant,re.cons_admin_trackdate as Consultant_submitted_date_toadmin,u.*,re.* FROM reverted_stud_csv_admin_t as re
  left join users_dtl_t as u on u.email = re.email_id
    left join users_dtl_t as u1 on u1.id = re.assigned_by
      left join users_dtl_t as u2 on u2.id = re.assigned_to
  where track_in_progress=2;
2023-06-02 23:52:27 [32minfo[39m: 	Requested URL : 
2023-06-02 23:52:27 [32minfo[39m: 	/login
2023-06-02 23:52:27 [32minfo[39m: 	Requested URL : 
2023-06-02 23:52:27 [32minfo[39m: 	/login
2023-06-02 23:52:27 [32minfo[39m: 	SELECT * FROM users_dtl_t where email='sandeepcharispathway@gmail.com'
2023-06-02 23:52:27 [32minfo[39m: 	SELECT * FROM users_dtl_t where email='sandeepcharispathway@gmail.com' and pwd='FR0k1YHd6M' 
2023-06-02 23:52:27 [32minfo[39m: 	select * from users_dtl_t where id=1
2023-06-02 23:52:28 [32minfo[39m: 	Requested URL : 
2023-06-02 23:52:28 [32minfo[39m: 	/notification_display
2023-06-02 23:52:28 [32minfo[39m: 	Requested URL : 
2023-06-02 23:52:28 [32minfo[39m: 	/names_basedon_role
2023-06-02 23:52:28 [32minfo[39m: 	Requested URL : 
2023-06-02 23:52:28 [32minfo[39m: 	/names_basedon_role
2023-06-02 23:52:28 [32minfo[39m: 	Requested URL : 
2023-06-02 23:52:28 [32minfo[39m: 	/notification_display
2023-06-02 23:52:28 [32minfo[39m: 	Requested URL : 
2023-06-02 23:52:28 [32minfo[39m: 	/names_basedon_role
2023-06-02 23:52:28 [32minfo[39m: 	Requested URL : 
2023-06-02 23:52:28 [32minfo[39m: 	/names_basedon_role
2023-06-02 23:52:28 [32minfo[39m: 	select s.message,u.user_name as createdby,s.c_ts as createdtime,s.created_by as reciever_id,u.role as roleid from send_message_dtl_t as s 
join users_dtl_t as u on u.id=s.created_by
 where role_id=2  and name=115 order by s.id desc;
2023-06-02 23:52:28 [32minfo[39m: 	SELECT id,user_name,email FROM users_dtl_t where role=3 and is_active=1;
2023-06-02 23:52:28 [32minfo[39m: 	SELECT id,user_name,email FROM users_dtl_t where role=2 and is_active=1;
2023-06-02 23:52:33 [32minfo[39m: 	Requested URL : 
2023-06-02 23:52:33 [32minfo[39m: 	/trackProcess
2023-06-02 23:52:33 [32minfo[39m: 	Requested URL : 
2023-06-02 23:52:33 [32minfo[39m: 	/trackProcess
2023-06-02 23:52:33 [32minfo[39m: 	 SELECT r.id as prima,r.phone_no as pho,r.*,u.*,stu.* FROM reverted_stud_csv_admin_t  as r
  left join users_dtl_t as u on u.email=r.email_id
  left join student_dtl_t as stu on stu.c_by=u.id
where student_interest="Yes" and assign_indicator=1 and assigned_to=115;
2023-06-02 23:52:35 [31merror[39m: 	uncaughtException: Cannot set headers after they are sent to the client
Error [ERR_HTTP_HEADERS_SENT]: Cannot set headers after they are sent to the client
    at new NodeError (node:internal/errors:399:5)
    at ServerResponse.setHeader (node:_http_outgoing:645:11)
    at ServerResponse.header (D:\Projects\cpath_all\chrispathway_backendcode_node_express-main (1)\chrispathway_backendcode_node_express-main\node_modules\express\lib\response.js:794:10)
    at ServerResponse.send (D:\Projects\cpath_all\chrispathway_backendcode_node_express-main (1)\chrispathway_backendcode_node_express-main\node_modules\express\lib\response.js:174:12)
    at ServerResponse.json (D:\Projects\cpath_all\chrispathway_backendcode_node_express-main (1)\chrispathway_backendcode_node_express-main\node_modules\express\lib\response.js:278:15)
    at ServerResponse.send (D:\Projects\cpath_all\chrispathway_backendcode_node_express-main (1)\chrispathway_backendcode_node_express-main\node_modules\express\lib\response.js:162:21)
    at D:\Projects\cpath_all\chrispathway_backendcode_node_express-main (1)\chrispathway_backendcode_node_express-main\controllers\adminCtrl.js:632:13
    at Timeout._onTimeout (D:\Projects\cpath_all\chrispathway_backendcode_node_express-main (1)\chrispathway_backendcode_node_express-main\model\adminModel.js:859:15)
    at listOnTimeout (node:internal/timers:569:17)
    at process.processTimers (node:internal/timers:512:7)
2023-06-02 23:52:35 [31merror[39m: 	uncaughtException: Cannot set headers after they are sent to the client
Error [ERR_HTTP_HEADERS_SENT]: Cannot set headers after they are sent to the client
    at new NodeError (node:internal/errors:399:5)
    at ServerResponse.setHeader (node:_http_outgoing:645:11)
    at ServerResponse.header (D:\Projects\cpath_all\chrispathway_backendcode_node_express-main (1)\chrispathway_backendcode_node_express-main\node_modules\express\lib\response.js:794:10)
    at ServerResponse.send (D:\Projects\cpath_all\chrispathway_backendcode_node_express-main (1)\chrispathway_backendcode_node_express-main\node_modules\express\lib\response.js:174:12)
    at ServerResponse.json (D:\Projects\cpath_all\chrispathway_backendcode_node_express-main (1)\chrispathway_backendcode_node_express-main\node_modules\express\lib\response.js:278:15)
    at ServerResponse.send (D:\Projects\cpath_all\chrispathway_backendcode_node_express-main (1)\chrispathway_backendcode_node_express-main\node_modules\express\lib\response.js:162:21)
    at D:\Projects\cpath_all\chrispathway_backendcode_node_express-main (1)\chrispathway_backendcode_node_express-main\controllers\adminCtrl.js:632:13
    at Timeout._onTimeout (D:\Projects\cpath_all\chrispathway_backendcode_node_express-main (1)\chrispathway_backendcode_node_express-main\model\adminModel.js:859:15)
    at listOnTimeout (node:internal/timers:569:17)
    at process.processTimers (node:internal/timers:512:7)
2023-06-02 23:55:15 [34mdebug[39m: 	CharisPathWay API server is listening at http://:::5555
2023-06-02 23:55:55 [32minfo[39m: 	Requested URL : 
2023-06-02 23:55:55 [32minfo[39m: 	/favicon.ico
2023-06-02 23:57:28 [32minfo[39m: 	Requested URL : 
2023-06-02 23:57:28 [32minfo[39m: 	/names_basedon_role
2023-06-02 23:57:28 [32minfo[39m: 	Requested URL : 
2023-06-02 23:57:28 [32minfo[39m: 	/names_basedon_role
2023-06-02 23:57:28 [32minfo[39m: 	Requested URL : 
2023-06-02 23:57:28 [32minfo[39m: 	/names_basedon_role
2023-06-02 23:57:28 [32minfo[39m: 	Requested URL : 
2023-06-02 23:57:28 [32minfo[39m: 	/notification_display
2023-06-02 23:57:28 [32minfo[39m: 	Requested URL : 
2023-06-02 23:57:28 [32minfo[39m: 	/names_basedon_role
2023-06-02 23:57:28 [32minfo[39m: 	Requested URL : 
2023-06-02 23:57:28 [32minfo[39m: 	/admin_reverted_list_get
2023-06-02 23:57:28 [32minfo[39m: 	Requested URL : 
2023-06-02 23:57:28 [32minfo[39m: 	/roles
2023-06-02 23:57:28 [32minfo[39m: 	Requested URL : 
2023-06-02 23:57:28 [32minfo[39m: 	/names_basedon_role
2023-06-02 23:57:28 [32minfo[39m: 	Requested URL : 
2023-06-02 23:57:28 [32minfo[39m: 	/names_basedon_role
2023-06-02 23:57:28 [32minfo[39m: 	Requested URL : 
2023-06-02 23:57:28 [32minfo[39m: 	/notification_display
2023-06-02 23:57:28 [32minfo[39m: 	SELECT id,user_name,email FROM users_dtl_t where role=2 and is_active=1;
2023-06-02 23:57:28 [32minfo[39m: 	select s.message,u.user_name as createdby,s.c_ts as createdtime,s.created_by as reciever_id,u.role as roleid from send_message_dtl_t as s 
join users_dtl_t as u on u.id=s.created_by
 where role_id=1  and name=1 order by s.id desc;
2023-06-02 23:57:28 [32minfo[39m: 	SELECT * FROM roles_table where status=1;
2023-06-02 23:57:28 [32minfo[39m: 	SELECT id,user_name,email FROM users_dtl_t where role=4 and is_active=1;
2023-06-02 23:57:28 [32minfo[39m: 	SELECT id,user_name,email FROM users_dtl_t where role=3 and is_active=1;
2023-06-02 23:57:29 [32minfo[39m: 	SELECT * FROM reverted_stud_csv_admin_t 
    where  student_interest='Future Followup' and is_active=1 order by checkbox_save desc;
2023-06-02 23:57:30 [32minfo[39m: 	Requested URL : 
2023-06-02 23:57:30 [32minfo[39m: 	/notification_display
2023-06-02 23:57:30 [32minfo[39m: 	Requested URL : 
2023-06-02 23:57:30 [32minfo[39m: 	/names_basedon_role
2023-06-02 23:57:30 [32minfo[39m: 	Requested URL : 
2023-06-02 23:57:30 [32minfo[39m: 	/notification_display
2023-06-02 23:57:30 [32minfo[39m: 	Requested URL : 
2023-06-02 23:57:30 [32minfo[39m: 	/names_basedon_role
2023-06-02 23:57:30 [32minfo[39m: 	SELECT id,user_name,email FROM users_dtl_t where role=3 and is_active=1;
2023-06-02 23:57:30 [32minfo[39m: 	select s.message,u.user_name as createdby,s.c_ts as createdtime,s.created_by as reciever_id,u.role as roleid from send_message_dtl_t as s 
join users_dtl_t as u on u.id=s.created_by
 where role_id=2  and name=115 order by s.id desc;
2023-06-02 23:57:30 [32minfo[39m: 	Requested URL : 
2023-06-02 23:57:30 [32minfo[39m: 	/names_basedon_role
2023-06-02 23:57:30 [32minfo[39m: 	SELECT id,user_name,email FROM users_dtl_t where role=2 and is_active=1;
2023-06-02 23:57:39 [32minfo[39m: 	Requested URL : 
2023-06-02 23:57:39 [32minfo[39m: 	/trackProcess
2023-06-02 23:57:39 [32minfo[39m: 	Requested URL : 
2023-06-02 23:57:39 [32minfo[39m: 	/trackProcess
2023-06-02 23:57:39 [32minfo[39m: 	 SELECT r.id as prima,r.phone_no as pho,r.*,u.*,stu.* FROM reverted_stud_csv_admin_t  as r
  left join users_dtl_t as u on u.email=r.email_id
  left join student_dtl_t as stu on stu.c_by=u.id
where student_interest="Yes" and assign_indicator=1 and assigned_to=115;
2023-06-02 23:57:41 [31merror[39m: 	uncaughtException: Cannot set headers after they are sent to the client
Error [ERR_HTTP_HEADERS_SENT]: Cannot set headers after they are sent to the client
    at new NodeError (node:internal/errors:399:5)
    at ServerResponse.setHeader (node:_http_outgoing:645:11)
    at ServerResponse.header (D:\Projects\cpath_all\chrispathway_backendcode_node_express-main (1)\chrispathway_backendcode_node_express-main\node_modules\express\lib\response.js:794:10)
    at ServerResponse.send (D:\Projects\cpath_all\chrispathway_backendcode_node_express-main (1)\chrispathway_backendcode_node_express-main\node_modules\express\lib\response.js:174:12)
    at ServerResponse.json (D:\Projects\cpath_all\chrispathway_backendcode_node_express-main (1)\chrispathway_backendcode_node_express-main\node_modules\express\lib\response.js:278:15)
    at ServerResponse.send (D:\Projects\cpath_all\chrispathway_backendcode_node_express-main (1)\chrispathway_backendcode_node_express-main\node_modules\express\lib\response.js:162:21)
    at D:\Projects\cpath_all\chrispathway_backendcode_node_express-main (1)\chrispathway_backendcode_node_express-main\controllers\adminCtrl.js:632:13
    at Timeout._onTimeout (D:\Projects\cpath_all\chrispathway_backendcode_node_express-main (1)\chrispathway_backendcode_node_express-main\model\adminModel.js:859:15)
    at listOnTimeout (node:internal/timers:569:17)
    at process.processTimers (node:internal/timers:512:7)
2023-06-02 23:57:42 [31merror[39m: 	uncaughtException: Cannot set headers after they are sent to the client
Error [ERR_HTTP_HEADERS_SENT]: Cannot set headers after they are sent to the client
    at new NodeError (node:internal/errors:399:5)
    at ServerResponse.setHeader (node:_http_outgoing:645:11)
    at ServerResponse.header (D:\Projects\cpath_all\chrispathway_backendcode_node_express-main (1)\chrispathway_backendcode_node_express-main\node_modules\express\lib\response.js:794:10)
    at ServerResponse.send (D:\Projects\cpath_all\chrispathway_backendcode_node_express-main (1)\chrispathway_backendcode_node_express-main\node_modules\express\lib\response.js:174:12)
    at ServerResponse.json (D:\Projects\cpath_all\chrispathway_backendcode_node_express-main (1)\chrispathway_backendcode_node_express-main\node_modules\express\lib\response.js:278:15)
    at ServerResponse.send (D:\Projects\cpath_all\chrispathway_backendcode_node_express-main (1)\chrispathway_backendcode_node_express-main\node_modules\express\lib\response.js:162:21)
    at D:\Projects\cpath_all\chrispathway_backendcode_node_express-main (1)\chrispathway_backendcode_node_express-main\controllers\adminCtrl.js:632:13
    at Timeout._onTimeout (D:\Projects\cpath_all\chrispathway_backendcode_node_express-main (1)\chrispathway_backendcode_node_express-main\model\adminModel.js:859:15)
    at listOnTimeout (node:internal/timers:569:17)
    at process.processTimers (node:internal/timers:512:7)
