2023-05-22 00:03:28 [32minfo[39m: 	Requested URL : 
2023-05-22 00:03:28 [32minfo[39m: 	/notification_display
2023-05-22 00:03:28 [32minfo[39m: 	Requested URL : 
2023-05-22 00:03:28 [32minfo[39m: 	/names_basedon_role
2023-05-22 00:03:28 [32minfo[39m: 	Requested URL : 
2023-05-22 00:03:28 [32minfo[39m: 	/names_basedon_role
2023-05-22 00:03:28 [32minfo[39m: 	Requested URL : 
2023-05-22 00:03:28 [32minfo[39m: 	/notification_display
2023-05-22 00:03:28 [32minfo[39m: 	Requested URL : 
2023-05-22 00:03:28 [32minfo[39m: 	/names_basedon_role
2023-05-22 00:03:28 [32minfo[39m: 	Requested URL : 
2023-05-22 00:03:28 [32minfo[39m: 	/names_basedon_role
2023-05-22 00:03:28 [32minfo[39m: 	select s.message,u.user_name as createdby,s.c_ts as createdtime,s.created_by as reciever_id,u.role as roleid from send_message_dtl_t as s 
join users_dtl_t as u on u.id=s.created_by
 where role_id=2  and name=115 order by s.id desc;
2023-05-22 00:03:28 [32minfo[39m: 	SELECT id,user_name,email FROM users_dtl_t where role=2 and is_active=1;
2023-05-22 00:03:28 [32minfo[39m: 	SELECT id,user_name,email FROM users_dtl_t where role=3 and is_active=1;
2023-05-22 00:03:29 [32minfo[39m: 	Requested URL : 
2023-05-22 00:03:29 [32minfo[39m: 	/names_basedon_role
2023-05-22 00:03:29 [32minfo[39m: 	Requested URL : 
2023-05-22 00:03:29 [32minfo[39m: 	/names_basedon_role
2023-05-22 00:03:29 [32minfo[39m: 	Requested URL : 
2023-05-22 00:03:29 [32minfo[39m: 	/names_basedon_role
2023-05-22 00:03:29 [32minfo[39m: 	Requested URL : 
2023-05-22 00:03:29 [32minfo[39m: 	/notification_display
2023-05-22 00:03:29 [32minfo[39m: 	Requested URL : 
2023-05-22 00:03:29 [32minfo[39m: 	/names_basedon_role
2023-05-22 00:03:29 [32minfo[39m: 	Requested URL : 
2023-05-22 00:03:29 [32minfo[39m: 	/roles
2023-05-22 00:03:29 [32minfo[39m: 	Requested URL : 
2023-05-22 00:03:29 [32minfo[39m: 	/names_basedon_role
2023-05-22 00:03:29 [32minfo[39m: 	Requested URL : 
2023-05-22 00:03:29 [32minfo[39m: 	/notification_display
2023-05-22 00:03:29 [32minfo[39m: 	Requested URL : 
2023-05-22 00:03:29 [32minfo[39m: 	/names_basedon_role
2023-05-22 00:03:29 [32minfo[39m: 	SELECT id,user_name,email FROM users_dtl_t where role=2 and is_active=1;
2023-05-22 00:03:29 [32minfo[39m: 	SELECT id,user_name,email FROM users_dtl_t where role=3 and is_active=1;
2023-05-22 00:03:29 [32minfo[39m: 	Requested URL : 
2023-05-22 00:03:29 [32minfo[39m: 	/admin_reverted_list_get
2023-05-22 00:03:29 [32minfo[39m: 	SELECT * FROM roles_table where status=1;
2023-05-22 00:03:29 [32minfo[39m: 	select s.message,u.user_name as createdby,s.c_ts as createdtime,s.created_by as reciever_id,u.role as roleid from send_message_dtl_t as s 
join users_dtl_t as u on u.id=s.created_by
 where role_id=1  and name=1 order by s.id desc;
2023-05-22 00:03:29 [32minfo[39m: 	SELECT id,user_name,email FROM users_dtl_t where role=4 and is_active=1;
2023-05-22 00:03:29 [32minfo[39m: 	Requested URL : 
2023-05-22 00:03:29 [32minfo[39m: 	/names_basedon_role
2023-05-22 00:03:29 [32minfo[39m: 	SELECT * FROM reverted_stud_csv_admin_t 
    where  student_interest='Future Followup' and is_active=1 order by checkbox_save desc;
2023-05-22 00:03:29 [32minfo[39m: 	SELECT id,user_name,email FROM users_dtl_t where role=2 and is_active=1;
2023-05-22 00:03:29 [32minfo[39m: 	Requested URL : 
2023-05-22 00:03:29 [32minfo[39m: 	/names_basedon_role
2023-05-22 00:03:29 [32minfo[39m: 	Requested URL : 
2023-05-22 00:03:29 [32minfo[39m: 	/names_basedon_role
2023-05-22 00:03:29 [32minfo[39m: 	Requested URL : 
2023-05-22 00:03:29 [32minfo[39m: 	/notification_display
2023-05-22 00:03:29 [32minfo[39m: 	Requested URL : 
2023-05-22 00:03:29 [32minfo[39m: 	/admin_reverted_list_get
2023-05-22 00:03:29 [32minfo[39m: 	SELECT id,user_name,email FROM users_dtl_t where role=3 and is_active=1;
2023-05-22 00:03:29 [32minfo[39m: 	SELECT id,user_name,email FROM users_dtl_t where role=4 and is_active=1;
2023-05-22 00:03:29 [32minfo[39m: 	Requested URL : 
2023-05-22 00:03:29 [32minfo[39m: 	/roles
2023-05-22 00:03:29 [32minfo[39m: 	select s.message,u.user_name as createdby,s.c_ts as createdtime,s.created_by as reciever_id,u.role as roleid from send_message_dtl_t as s 
join users_dtl_t as u on u.id=s.created_by
 where role_id=1  and name=1 order by s.id desc;
2023-05-22 00:03:29 [32minfo[39m: 	SELECT * FROM roles_table where status=1;
2023-05-22 00:03:29 [32minfo[39m: 	SELECT * FROM reverted_stud_csv_admin_t 
    where  student_interest='Future Followup' and is_active=1 order by checkbox_save desc;
2023-05-22 00:03:30 [32minfo[39m: 	Requested URL : 
2023-05-22 00:03:30 [32minfo[39m: 	/trackProcess
2023-05-22 00:03:30 [32minfo[39m: 	Requested URL : 
2023-05-22 00:03:30 [32minfo[39m: 	/trackProcess
2023-05-22 00:03:30 [32minfo[39m: 	SELECT r.id as prima,r.*,u.*,stu.* FROM reverted_stud_csv_admin_t  as r
left join users_dtl_t as u on u.email=r.email_id
left join student_dtl_t as stu on stu.c_by=u.id
where student_interest="Yes" and assign_indicator=1 and assigned_to=115;
2023-05-22 00:07:23 [32minfo[39m: 	Requested URL : 
2023-05-22 00:07:23 [32minfo[39m: 	/notification_display
2023-05-22 00:07:23 [32minfo[39m: 	Requested URL : 
2023-05-22 00:07:23 [32minfo[39m: 	/names_basedon_role
2023-05-22 00:07:23 [32minfo[39m: 	Requested URL : 
2023-05-22 00:07:23 [32minfo[39m: 	/notification_display
2023-05-22 00:07:23 [32minfo[39m: 	Requested URL : 
2023-05-22 00:07:23 [32minfo[39m: 	/names_basedon_role
2023-05-22 00:07:23 [32minfo[39m: 	Requested URL : 
2023-05-22 00:07:23 [32minfo[39m: 	/names_basedon_role
2023-05-22 00:07:23 [32minfo[39m: 	Requested URL : 
2023-05-22 00:07:23 [32minfo[39m: 	/names_basedon_role
2023-05-22 00:07:23 [32minfo[39m: 	select s.message,u.user_name as createdby,s.c_ts as createdtime,s.created_by as reciever_id,u.role as roleid from send_message_dtl_t as s 
join users_dtl_t as u on u.id=s.created_by
 where role_id=2  and name=115 order by s.id desc;
2023-05-22 00:07:23 [32minfo[39m: 	SELECT id,user_name,email FROM users_dtl_t where role=3 and is_active=1;
2023-05-22 00:07:23 [32minfo[39m: 	SELECT id,user_name,email FROM users_dtl_t where role=2 and is_active=1;
2023-05-22 00:07:24 [32minfo[39m: 	Requested URL : 
2023-05-22 00:07:24 [32minfo[39m: 	/names_basedon_role
2023-05-22 00:07:24 [32minfo[39m: 	Requested URL : 
2023-05-22 00:07:24 [32minfo[39m: 	/names_basedon_role
2023-05-22 00:07:24 [32minfo[39m: 	Requested URL : 
2023-05-22 00:07:24 [32minfo[39m: 	/names_basedon_role
2023-05-22 00:07:24 [32minfo[39m: 	Requested URL : 
2023-05-22 00:07:24 [32minfo[39m: 	/names_basedon_role
2023-05-22 00:07:24 [32minfo[39m: 	Requested URL : 
2023-05-22 00:07:24 [32minfo[39m: 	/names_basedon_role
2023-05-22 00:07:24 [32minfo[39m: 	Requested URL : 
2023-05-22 00:07:24 [32minfo[39m: 	/names_basedon_role
2023-05-22 00:07:24 [32minfo[39m: 	SELECT id,user_name,email FROM users_dtl_t where role=2 and is_active=1;
2023-05-22 00:07:25 [32minfo[39m: 	SELECT id,user_name,email FROM users_dtl_t where role=3 and is_active=1;
2023-05-22 00:07:25 [32minfo[39m: 	SELECT id,user_name,email FROM users_dtl_t where role=4 and is_active=1;
2023-05-22 00:07:25 [32minfo[39m: 	Requested URL : 
2023-05-22 00:07:25 [32minfo[39m: 	/notification_display
2023-05-22 00:07:25 [32minfo[39m: 	Requested URL : 
2023-05-22 00:07:25 [32minfo[39m: 	/roles
2023-05-22 00:07:25 [32minfo[39m: 	Requested URL : 
2023-05-22 00:07:25 [32minfo[39m: 	/admin_reverted_list_get
2023-05-22 00:07:25 [32minfo[39m: 	Requested URL : 
2023-05-22 00:07:25 [32minfo[39m: 	/notification_display
2023-05-22 00:07:25 [32minfo[39m: 	SELECT * FROM roles_table where status=1;
2023-05-22 00:07:25 [32minfo[39m: 	SELECT * FROM reverted_stud_csv_admin_t 
    where  student_interest='Future Followup' and is_active=1 order by checkbox_save desc;
2023-05-22 00:07:25 [32minfo[39m: 	select s.message,u.user_name as createdby,s.c_ts as createdtime,s.created_by as reciever_id,u.role as roleid from send_message_dtl_t as s 
join users_dtl_t as u on u.id=s.created_by
 where role_id=1  and name=1 order by s.id desc;
2023-05-22 00:07:25 [32minfo[39m: 	Requested URL : 
2023-05-22 00:07:25 [32minfo[39m: 	/names_basedon_role
2023-05-22 00:07:25 [32minfo[39m: 	Requested URL : 
2023-05-22 00:07:25 [32minfo[39m: 	/names_basedon_role
2023-05-22 00:07:25 [32minfo[39m: 	Requested URL : 
2023-05-22 00:07:25 [32minfo[39m: 	/names_basedon_role
2023-05-22 00:07:25 [32minfo[39m: 	Requested URL : 
2023-05-22 00:07:25 [32minfo[39m: 	/notification_display
2023-05-22 00:07:25 [32minfo[39m: 	SELECT id,user_name,email FROM users_dtl_t where role=2 and is_active=1;
2023-05-22 00:07:25 [32minfo[39m: 	SELECT id,user_name,email FROM users_dtl_t where role=3 and is_active=1;
2023-05-22 00:07:25 [32minfo[39m: 	SELECT id,user_name,email FROM users_dtl_t where role=4 and is_active=1;
2023-05-22 00:07:25 [32minfo[39m: 	select s.message,u.user_name as createdby,s.c_ts as createdtime,s.created_by as reciever_id,u.role as roleid from send_message_dtl_t as s 
join users_dtl_t as u on u.id=s.created_by
 where role_id=1  and name=1 order by s.id desc;
2023-05-22 00:07:25 [32minfo[39m: 	Requested URL : 
2023-05-22 00:07:25 [32minfo[39m: 	/roles
2023-05-22 00:07:25 [32minfo[39m: 	SELECT * FROM roles_table where status=1;
2023-05-22 00:07:25 [32minfo[39m: 	Requested URL : 
2023-05-22 00:07:25 [32minfo[39m: 	/admin_reverted_list_get
2023-05-22 00:07:25 [32minfo[39m: 	SELECT * FROM reverted_stud_csv_admin_t 
    where  student_interest='Future Followup' and is_active=1 order by checkbox_save desc;
2023-05-22 00:07:26 [32minfo[39m: 	Requested URL : 
2023-05-22 00:07:26 [32minfo[39m: 	/trackProcess
2023-05-22 00:07:26 [32minfo[39m: 	Requested URL : 
2023-05-22 00:07:26 [32minfo[39m: 	/trackProcess
2023-05-22 00:07:26 [32minfo[39m: 	SELECT r.id as prima,r.*,u.*,stu.* FROM reverted_stud_csv_admin_t  as r
left join users_dtl_t as u on u.email=r.email_id
left join student_dtl_t as stu on stu.c_by=u.id
where student_interest="Yes" and assign_indicator=1 and assigned_to=115;
2023-05-22 00:07:51 [32minfo[39m: 	Requested URL : 
2023-05-22 00:07:51 [32minfo[39m: 	/notification_display
2023-05-22 00:07:51 [32minfo[39m: 	Requested URL : 
2023-05-22 00:07:51 [32minfo[39m: 	/names_basedon_role
2023-05-22 00:07:51 [32minfo[39m: 	Requested URL : 
2023-05-22 00:07:51 [32minfo[39m: 	/names_basedon_role
2023-05-22 00:07:51 [32minfo[39m: 	Requested URL : 
2023-05-22 00:07:51 [32minfo[39m: 	/notification_display
2023-05-22 00:07:51 [32minfo[39m: 	Requested URL : 
2023-05-22 00:07:51 [32minfo[39m: 	/names_basedon_role
2023-05-22 00:07:51 [32minfo[39m: 	Requested URL : 
2023-05-22 00:07:51 [32minfo[39m: 	/names_basedon_role
2023-05-22 00:07:51 [32minfo[39m: 	SELECT id,user_name,email FROM users_dtl_t where role=3 and is_active=1;
2023-05-22 00:07:51 [32minfo[39m: 	SELECT id,user_name,email FROM users_dtl_t where role=2 and is_active=1;
2023-05-22 00:07:51 [32minfo[39m: 	select s.message,u.user_name as createdby,s.c_ts as createdtime,s.created_by as reciever_id,u.role as roleid from send_message_dtl_t as s 
join users_dtl_t as u on u.id=s.created_by
 where role_id=2  and name=115 order by s.id desc;
2023-05-22 00:07:52 [32minfo[39m: 	Requested URL : 
2023-05-22 00:07:52 [32minfo[39m: 	/names_basedon_role
2023-05-22 00:07:52 [32minfo[39m: 	Requested URL : 
2023-05-22 00:07:52 [32minfo[39m: 	/names_basedon_role
2023-05-22 00:07:52 [32minfo[39m: 	Requested URL : 
2023-05-22 00:07:52 [32minfo[39m: 	/names_basedon_role
2023-05-22 00:07:52 [32minfo[39m: 	Requested URL : 
2023-05-22 00:07:52 [32minfo[39m: 	/names_basedon_role
2023-05-22 00:07:52 [32minfo[39m: 	Requested URL : 
2023-05-22 00:07:52 [32minfo[39m: 	/notification_display
2023-05-22 00:07:52 [32minfo[39m: 	Requested URL : 
2023-05-22 00:07:52 [32minfo[39m: 	/names_basedon_role
2023-05-22 00:07:52 [32minfo[39m: 	Requested URL : 
2023-05-22 00:07:52 [32minfo[39m: 	/names_basedon_role
2023-05-22 00:07:52 [32minfo[39m: 	Requested URL : 
2023-05-22 00:07:52 [32minfo[39m: 	/notification_display
2023-05-22 00:07:52 [32minfo[39m: 	Requested URL : 
2023-05-22 00:07:52 [32minfo[39m: 	/names_basedon_role
2023-05-22 00:07:52 [32minfo[39m: 	Requested URL : 
2023-05-22 00:07:52 [32minfo[39m: 	/names_basedon_role
2023-05-22 00:07:52 [32minfo[39m: 	Requested URL : 
2023-05-22 00:07:52 [32minfo[39m: 	/names_basedon_role
2023-05-22 00:07:52 [32minfo[39m: 	Requested URL : 
2023-05-22 00:07:52 [32minfo[39m: 	/roles
2023-05-22 00:07:52 [32minfo[39m: 	Requested URL : 
2023-05-22 00:07:52 [32minfo[39m: 	/admin_reverted_list_get
2023-05-22 00:07:52 [32minfo[39m: 	Requested URL : 
2023-05-22 00:07:52 [32minfo[39m: 	/names_basedon_role
2023-05-22 00:07:52 [32minfo[39m: 	SELECT * FROM roles_table where status=1;
2023-05-22 00:07:52 [32minfo[39m: 	SELECT id,user_name,email FROM users_dtl_t where role=3 and is_active=1;
2023-05-22 00:07:52 [32minfo[39m: 	SELECT id,user_name,email FROM users_dtl_t where role=2 and is_active=1;
2023-05-22 00:07:52 [32minfo[39m: 	SELECT id,user_name,email FROM users_dtl_t where role=2 and is_active=1;
2023-05-22 00:07:52 [32minfo[39m: 	SELECT * FROM reverted_stud_csv_admin_t 
    where  student_interest='Future Followup' and is_active=1 order by checkbox_save desc;
2023-05-22 00:07:52 [32minfo[39m: 	SELECT id,user_name,email FROM users_dtl_t where role=4 and is_active=1;
2023-05-22 00:07:52 [32minfo[39m: 	Requested URL : 
2023-05-22 00:07:52 [32minfo[39m: 	/notification_display
2023-05-22 00:07:52 [32minfo[39m: 	Requested URL : 
2023-05-22 00:07:52 [32minfo[39m: 	/names_basedon_role
2023-05-22 00:07:52 [32minfo[39m: 	Requested URL : 
2023-05-22 00:07:52 [32minfo[39m: 	/names_basedon_role
2023-05-22 00:07:52 [32minfo[39m: 	Requested URL : 
2023-05-22 00:07:52 [32minfo[39m: 	/notification_display
2023-05-22 00:07:52 [32minfo[39m: 	Requested URL : 
2023-05-22 00:07:52 [32minfo[39m: 	/roles
2023-05-22 00:07:52 [32minfo[39m: 	Requested URL : 
2023-05-22 00:07:52 [32minfo[39m: 	/admin_reverted_list_get
2023-05-22 00:07:52 [32minfo[39m: 	SELECT id,user_name,email FROM users_dtl_t where role=3 and is_active=1;
2023-05-22 00:07:52 [32minfo[39m: 	select s.message,u.user_name as createdby,s.c_ts as createdtime,s.created_by as reciever_id,u.role as roleid from send_message_dtl_t as s 
join users_dtl_t as u on u.id=s.created_by
 where role_id=1  and name=1 order by s.id desc;
2023-05-22 00:07:52 [32minfo[39m: 	SELECT id,user_name,email FROM users_dtl_t where role=4 and is_active=1;
2023-05-22 00:07:52 [32minfo[39m: 	select s.message,u.user_name as createdby,s.c_ts as createdtime,s.created_by as reciever_id,u.role as roleid from send_message_dtl_t as s 
join users_dtl_t as u on u.id=s.created_by
 where role_id=1  and name=1 order by s.id desc;
2023-05-22 00:07:52 [32minfo[39m: 	SELECT * FROM roles_table where status=1;
2023-05-22 00:07:52 [32minfo[39m: 	SELECT * FROM reverted_stud_csv_admin_t 
    where  student_interest='Future Followup' and is_active=1 order by checkbox_save desc;
2023-05-22 00:09:28 [32minfo[39m: 	Requested URL : 
2023-05-22 00:09:28 [32minfo[39m: 	/notification_display
2023-05-22 00:09:28 [32minfo[39m: 	Requested URL : 
2023-05-22 00:09:28 [32minfo[39m: 	/names_basedon_role
2023-05-22 00:09:28 [32minfo[39m: 	Requested URL : 
2023-05-22 00:09:28 [32minfo[39m: 	/names_basedon_role
2023-05-22 00:09:28 [32minfo[39m: 	Requested URL : 
2023-05-22 00:09:28 [32minfo[39m: 	/notification_display
2023-05-22 00:09:28 [32minfo[39m: 	Requested URL : 
2023-05-22 00:09:28 [32minfo[39m: 	/names_basedon_role
2023-05-22 00:09:28 [32minfo[39m: 	Requested URL : 
2023-05-22 00:09:28 [32minfo[39m: 	/names_basedon_role
2023-05-22 00:09:28 [32minfo[39m: 	select s.message,u.user_name as createdby,s.c_ts as createdtime,s.created_by as reciever_id,u.role as roleid from send_message_dtl_t as s 
join users_dtl_t as u on u.id=s.created_by
 where role_id=2  and name=115 order by s.id desc;
2023-05-22 00:09:28 [32minfo[39m: 	SELECT id,user_name,email FROM users_dtl_t where role=3 and is_active=1;
2023-05-22 00:09:28 [32minfo[39m: 	SELECT id,user_name,email FROM users_dtl_t where role=2 and is_active=1;
2023-05-22 00:09:30 [32minfo[39m: 	Requested URL : 
2023-05-22 00:09:30 [32minfo[39m: 	/assigned_stud_list_csv
2023-05-22 00:09:30 [32minfo[39m: 	Requested URL : 
2023-05-22 00:09:30 [32minfo[39m: 	/assigned_stud_list_csv
2023-05-22 00:09:30 [32minfo[39m: 	 select case when assign_indicator=0 then "true" when assign_indicator=1 then '' else '' end as checked,a.*
        from reverted_stud_csv_admin_t as a 
        where   is_active=1 and assigned_to=115 and (student_interest is null or (student_interest='Yes' and assign_indicator=0));
2023-05-22 00:09:41 [32minfo[39m: 	Requested URL : 
2023-05-22 00:09:41 [32minfo[39m: 	/assigned_stud_list_csv
2023-05-22 00:09:41 [32minfo[39m: 	Requested URL : 
2023-05-22 00:09:41 [32minfo[39m: 	/assigned_stud_list_csv
2023-05-22 00:09:41 [32minfo[39m: 	select * from reverted_stud_csv_admin_t where is_active=1 and assigned_to is null
2023-05-22 00:09:43 [32minfo[39m: 	Requested URL : 
2023-05-22 00:09:43 [32minfo[39m: 	/names_basedon_role
2023-05-22 00:09:43 [32minfo[39m: 	Requested URL : 
2023-05-22 00:09:43 [32minfo[39m: 	/names_basedon_role
2023-05-22 00:09:43 [32minfo[39m: 	Requested URL : 
2023-05-22 00:09:43 [32minfo[39m: 	/names_basedon_role
2023-05-22 00:09:43 [32minfo[39m: 	Requested URL : 
2023-05-22 00:09:43 [32minfo[39m: 	/notification_display
2023-05-22 00:09:43 [32minfo[39m: 	Requested URL : 
2023-05-22 00:09:43 [32minfo[39m: 	/names_basedon_role
2023-05-22 00:09:43 [32minfo[39m: 	Requested URL : 
2023-05-22 00:09:43 [32minfo[39m: 	/names_basedon_role
2023-05-22 00:09:43 [32minfo[39m: 	Requested URL : 
2023-05-22 00:09:43 [32minfo[39m: 	/names_basedon_role
2023-05-22 00:09:43 [32minfo[39m: 	Requested URL : 
2023-05-22 00:09:43 [32minfo[39m: 	/admin_reverted_list_get
2023-05-22 00:09:43 [32minfo[39m: 	Requested URL : 
2023-05-22 00:09:43 [32minfo[39m: 	/roles
2023-05-22 00:09:43 [32minfo[39m: 	Requested URL : 
2023-05-22 00:09:43 [32minfo[39m: 	/notification_display
2023-05-22 00:09:43 [32minfo[39m: 	SELECT id,user_name,email FROM users_dtl_t where role=2 and is_active=1;
2023-05-22 00:09:43 [32minfo[39m: 	SELECT id,user_name,email FROM users_dtl_t where role=4 and is_active=1;
2023-05-22 00:09:43 [32minfo[39m: 	SELECT id,user_name,email FROM users_dtl_t where role=3 and is_active=1;
2023-05-22 00:09:43 [32minfo[39m: 	SELECT * FROM reverted_stud_csv_admin_t 
    where  student_interest='Future Followup' and is_active=1 order by checkbox_save desc;
2023-05-22 00:09:43 [32minfo[39m: 	SELECT * FROM roles_table where status=1;
2023-05-22 00:09:43 [32minfo[39m: 	select s.message,u.user_name as createdby,s.c_ts as createdtime,s.created_by as reciever_id,u.role as roleid from send_message_dtl_t as s 
join users_dtl_t as u on u.id=s.created_by
 where role_id=1  and name=1 order by s.id desc;
2023-05-22 00:09:44 [32minfo[39m: 	Requested URL : 
2023-05-22 00:09:44 [32minfo[39m: 	/assigned_stud_list_csv
2023-05-22 00:09:44 [32minfo[39m: 	select * from reverted_stud_csv_admin_t where is_active=1 and assigned_to is null
2023-05-22 00:09:51 [32minfo[39m: 	Requested URL : 
2023-05-22 00:09:51 [32minfo[39m: 	/admin_csv_upload
2023-05-22 00:09:51 [32minfo[39m: 	SET GLOBAL local_infile=1;
2023-05-22 00:09:51 [32minfo[39m: 	LOAD DATA LOCAL INFILE "filestorage/adminCSV/20230522000951_Bookcopy.csv" INTO TABLE reverted_stud_csv_admin_t 
    FIELDS TERMINATED BY ',' 
    LINES TERMINATED BY '
' 
    IGNORE 1 LINES
    (Studen_Name, phone_no, email_id, country_interested);
2023-05-22 00:09:52 [32minfo[39m: 	Requested URL : 
2023-05-22 00:09:52 [32minfo[39m: 	/assigned_stud_list_csv
2023-05-22 00:09:52 [32minfo[39m: 	Requested URL : 
2023-05-22 00:09:52 [32minfo[39m: 	/assigned_stud_list_csv
2023-05-22 00:09:52 [32minfo[39m: 	select * from reverted_stud_csv_admin_t where is_active=1 and assigned_to is null
2023-05-22 00:10:01 [32minfo[39m: 	Requested URL : 
2023-05-22 00:10:01 [32minfo[39m: 	/assigned_stud_save_button
2023-05-22 00:10:01 [32minfo[39m: 	Requested URL : 
2023-05-22 00:10:01 [32minfo[39m: 	/assigned_stud_save_button
2023-05-22 00:10:01 [32minfo[39m: 	update reverted_stud_csv_admin_t set is_active=1, assigned_to=115,assigned_by=1
    where id in (9023);
2023-05-22 00:10:01 [32minfo[39m: 	Requested URL : 
2023-05-22 00:10:01 [32minfo[39m: 	/assigned_stud_list_csv
2023-05-22 00:10:02 [32minfo[39m: 	Requested URL : 
2023-05-22 00:10:02 [32minfo[39m: 	/assigned_stud_list_csv
2023-05-22 00:10:02 [32minfo[39m: 	select * from reverted_stud_csv_admin_t where is_active=1 and assigned_to is null
2023-05-22 00:10:05 [32minfo[39m: 	Requested URL : 
2023-05-22 00:10:05 [32minfo[39m: 	/assigned_stud_list_csv
2023-05-22 00:10:05 [32minfo[39m: 	Requested URL : 
2023-05-22 00:10:05 [32minfo[39m: 	/assigned_stud_list_csv
2023-05-22 00:10:05 [32minfo[39m: 	 select case when assign_indicator=0 then "true" when assign_indicator=1 then '' else '' end as checked,a.*
        from reverted_stud_csv_admin_t as a 
        where   is_active=1 and assigned_to=115 and (student_interest is null or (student_interest='Yes' and assign_indicator=0));
2023-05-22 00:10:15 [32minfo[39m: 	Requested URL : 
2023-05-22 00:10:15 [32minfo[39m: 	/advisor_todo_row_save
2023-05-22 00:10:15 [32minfo[39m: 	Requested URL : 
2023-05-22 00:10:15 [32minfo[39m: 	/advisor_todo_row_save
2023-05-22 00:10:15 [32minfo[39m: 	update reverted_stud_csv_admin_t set checkbox_save='2023-05-22',u_ts='2023-05-22',student_interest='Future Followup',is_active=1,assigned_to=NULL,assigned_by=NULL,comments='August ' where id in (9023)
2023-05-22 00:10:15 [32minfo[39m: 	Requested URL : 
2023-05-22 00:10:15 [32minfo[39m: 	/assigned_stud_list_csv
2023-05-22 00:10:15 [32minfo[39m: 	Requested URL : 
2023-05-22 00:10:15 [32minfo[39m: 	/assigned_stud_list_csv
2023-05-22 00:10:15 [32minfo[39m: 	 select case when assign_indicator=0 then "true" when assign_indicator=1 then '' else '' end as checked,a.*
        from reverted_stud_csv_admin_t as a 
        where   is_active=1 and assigned_to=115 and (student_interest is null or (student_interest='Yes' and assign_indicator=0));
2023-05-22 00:10:17 [32minfo[39m: 	Requested URL : 
2023-05-22 00:10:17 [32minfo[39m: 	/trackProcess
2023-05-22 00:10:17 [32minfo[39m: 	Requested URL : 
2023-05-22 00:10:17 [32minfo[39m: 	/trackProcess
2023-05-22 00:10:17 [32minfo[39m: 	SELECT r.id as prima,r.*,u.*,stu.* FROM reverted_stud_csv_admin_t  as r
left join users_dtl_t as u on u.email=r.email_id
left join student_dtl_t as stu on stu.c_by=u.id
where student_interest="Yes" and assign_indicator=1 and assigned_to=115;
2023-05-22 00:10:34 [32minfo[39m: 	Requested URL : 
2023-05-22 00:10:34 [32minfo[39m: 	/assigned_stud_list_csv
2023-05-22 00:10:34 [32minfo[39m: 	Requested URL : 
2023-05-22 00:10:34 [32minfo[39m: 	/assigned_stud_list_csv
2023-05-22 00:10:34 [32minfo[39m: 	select * from reverted_stud_csv_admin_t where is_active=1 and assigned_to is null
2023-05-22 00:10:40 [32minfo[39m: 	Requested URL : 
2023-05-22 00:10:40 [32minfo[39m: 	/assigned_stud_save_button
2023-05-22 00:10:40 [32minfo[39m: 	Requested URL : 
2023-05-22 00:10:40 [32minfo[39m: 	/assigned_stud_save_button
2023-05-22 00:10:40 [32minfo[39m: 	update reverted_stud_csv_admin_t set is_active=1, assigned_to=115,assigned_by=1
    where id in (9023);
2023-05-22 00:10:40 [32minfo[39m: 	Requested URL : 
2023-05-22 00:10:40 [32minfo[39m: 	/assigned_stud_list_csv
2023-05-22 00:10:40 [32minfo[39m: 	Requested URL : 
2023-05-22 00:10:40 [32minfo[39m: 	/assigned_stud_list_csv
2023-05-22 00:10:40 [32minfo[39m: 	select * from reverted_stud_csv_admin_t where is_active=1 and assigned_to is null
2023-05-22 00:10:42 [32minfo[39m: 	Requested URL : 
2023-05-22 00:10:42 [32minfo[39m: 	/assigned_stud_list_csv
2023-05-22 00:10:42 [32minfo[39m: 	select * from reverted_stud_csv_admin_t where is_active=1 and assigned_to is null
2023-05-22 00:10:45 [32minfo[39m: 	Requested URL : 
2023-05-22 00:10:45 [32minfo[39m: 	/assigned_stud_list_csv
2023-05-22 00:10:45 [32minfo[39m: 	Requested URL : 
2023-05-22 00:10:45 [32minfo[39m: 	/assigned_stud_list_csv
2023-05-22 00:10:45 [32minfo[39m: 	 select case when assign_indicator=0 then "true" when assign_indicator=1 then '' else '' end as checked,a.*
        from reverted_stud_csv_admin_t as a 
        where   is_active=1 and assigned_to=115 and (student_interest is null or (student_interest='Yes' and assign_indicator=0));
2023-05-22 00:10:48 [32minfo[39m: 	Requested URL : 
2023-05-22 00:10:48 [32minfo[39m: 	/assigned_stud_list_csv
2023-05-22 00:10:48 [32minfo[39m: 	 select case when assign_indicator=0 then "true" when assign_indicator=1 then '' else '' end as checked,a.*
        from reverted_stud_csv_admin_t as a 
        where   is_active=1 and assigned_to=115 and (student_interest is null or (student_interest='Yes' and assign_indicator=0));
2023-05-22 00:10:50 [32minfo[39m: 	Requested URL : 
2023-05-22 00:10:50 [32minfo[39m: 	/notification_display
2023-05-22 00:10:50 [32minfo[39m: 	Requested URL : 
2023-05-22 00:10:50 [32minfo[39m: 	/names_basedon_role
2023-05-22 00:10:50 [32minfo[39m: 	Requested URL : 
2023-05-22 00:10:50 [32minfo[39m: 	/names_basedon_role
2023-05-22 00:10:50 [32minfo[39m: 	Requested URL : 
2023-05-22 00:10:50 [32minfo[39m: 	/notification_display
2023-05-22 00:10:50 [32minfo[39m: 	Requested URL : 
2023-05-22 00:10:50 [32minfo[39m: 	/names_basedon_role
2023-05-22 00:10:50 [32minfo[39m: 	Requested URL : 
2023-05-22 00:10:50 [32minfo[39m: 	/names_basedon_role
2023-05-22 00:10:50 [32minfo[39m: 	SELECT id,user_name,email FROM users_dtl_t where role=3 and is_active=1;
2023-05-22 00:10:50 [32minfo[39m: 	select s.message,u.user_name as createdby,s.c_ts as createdtime,s.created_by as reciever_id,u.role as roleid from send_message_dtl_t as s 
join users_dtl_t as u on u.id=s.created_by
 where role_id=2  and name=115 order by s.id desc;
2023-05-22 00:10:50 [32minfo[39m: 	SELECT id,user_name,email FROM users_dtl_t where role=2 and is_active=1;
2023-05-22 00:10:52 [32minfo[39m: 	Requested URL : 
2023-05-22 00:10:52 [32minfo[39m: 	/assigned_stud_list_csv
2023-05-22 00:10:52 [32minfo[39m: 	Requested URL : 
2023-05-22 00:10:52 [32minfo[39m: 	/assigned_stud_list_csv
2023-05-22 00:10:52 [32minfo[39m: 	 select case when assign_indicator=0 then "true" when assign_indicator=1 then '' else '' end as checked,a.*
        from reverted_stud_csv_admin_t as a 
        where   is_active=1 and assigned_to=115 and (student_interest is null or (student_interest='Yes' and assign_indicator=0));
2023-05-22 00:10:55 [32minfo[39m: 	Requested URL : 
2023-05-22 00:10:55 [32minfo[39m: 	/assigned_stud_list_csv
2023-05-22 00:10:55 [32minfo[39m: 	Requested URL : 
2023-05-22 00:10:55 [32minfo[39m: 	/assigned_stud_list_csv
2023-05-22 00:10:55 [32minfo[39m: 	select * from reverted_stud_csv_admin_t where is_active=1 and assigned_to is null
2023-05-22 00:10:57 [32minfo[39m: 	Requested URL : 
2023-05-22 00:10:57 [32minfo[39m: 	/names_basedon_role
2023-05-22 00:10:58 [32minfo[39m: 	Requested URL : 
2023-05-22 00:10:58 [32minfo[39m: 	/names_basedon_role
2023-05-22 00:10:58 [32minfo[39m: 	Requested URL : 
2023-05-22 00:10:58 [32minfo[39m: 	/names_basedon_role
2023-05-22 00:10:58 [32minfo[39m: 	Requested URL : 
2023-05-22 00:10:58 [32minfo[39m: 	/notification_display
2023-05-22 00:10:58 [32minfo[39m: 	Requested URL : 
2023-05-22 00:10:58 [32minfo[39m: 	/names_basedon_role
2023-05-22 00:10:58 [32minfo[39m: 	Requested URL : 
2023-05-22 00:10:58 [32minfo[39m: 	/names_basedon_role
2023-05-22 00:10:58 [32minfo[39m: 	Requested URL : 
2023-05-22 00:10:58 [32minfo[39m: 	/names_basedon_role
2023-05-22 00:10:58 [32minfo[39m: 	Requested URL : 
2023-05-22 00:10:58 [32minfo[39m: 	/notification_display
2023-05-22 00:10:58 [32minfo[39m: 	SELECT id,user_name,email FROM users_dtl_t where role=2 and is_active=1;
2023-05-22 00:10:58 [32minfo[39m: 	SELECT id,user_name,email FROM users_dtl_t where role=3 and is_active=1;
2023-05-22 00:10:58 [32minfo[39m: 	SELECT id,user_name,email FROM users_dtl_t where role=4 and is_active=1;
2023-05-22 00:10:58 [32minfo[39m: 	select s.message,u.user_name as createdby,s.c_ts as createdtime,s.created_by as reciever_id,u.role as roleid from send_message_dtl_t as s 
join users_dtl_t as u on u.id=s.created_by
 where role_id=1  and name=1 order by s.id desc;
2023-05-22 00:10:58 [32minfo[39m: 	Requested URL : 
2023-05-22 00:10:58 [32minfo[39m: 	/roles
2023-05-22 00:10:58 [32minfo[39m: 	Requested URL : 
2023-05-22 00:10:58 [32minfo[39m: 	/admin_reverted_list_get
2023-05-22 00:10:58 [32minfo[39m: 	SELECT * FROM roles_table where status=1;
2023-05-22 00:10:58 [32minfo[39m: 	SELECT * FROM reverted_stud_csv_admin_t 
    where  student_interest='Future Followup' and is_active=1 order by checkbox_save desc;
2023-05-22 00:11:01 [32minfo[39m: 	Requested URL : 
2023-05-22 00:11:01 [32minfo[39m: 	/assigned_stud_list_csv
2023-05-22 00:11:01 [32minfo[39m: 	Requested URL : 
2023-05-22 00:11:01 [32minfo[39m: 	/assigned_stud_list_csv
2023-05-22 00:11:01 [32minfo[39m: 	select * from reverted_stud_csv_admin_t where is_active=1 and assigned_to is null
2023-05-22 00:11:06 [32minfo[39m: 	Requested URL : 
2023-05-22 00:11:06 [32minfo[39m: 	/assigned_stud_list_csv
2023-05-22 00:11:06 [32minfo[39m: 	Requested URL : 
2023-05-22 00:11:06 [32minfo[39m: 	/assigned_stud_list_csv
2023-05-22 00:11:06 [32minfo[39m: 	 select case when assign_indicator=0 then "true" when assign_indicator=1 then '' else '' end as checked,a.*
        from reverted_stud_csv_admin_t as a 
        where   is_active=1 and assigned_to=115 and (student_interest is null or (student_interest='Yes' and assign_indicator=0));
2023-05-22 00:12:24 [32minfo[39m: 	Requested URL : 
2023-05-22 00:12:24 [32minfo[39m: 	/admin_trackprocess_get
2023-05-22 00:12:24 [32minfo[39m: 	  SELECT u2.user_name as consultant_name,u1.user_name as advisor_name,re.assigned_time as advisor_submit_toConsultant,re.cons_admin_trackdate as Consultant_submitted_date_toadmin,u.*,re.* FROM reverted_stud_csv_admin_t as re
  left join users_dtl_t as u on u.email = re.email_id
    left join users_dtl_t as u1 on u1.id = re.assigned_by
      left join users_dtl_t as u2 on u2.id = re.assigned_to
  where track_in_progress=2;
2023-05-22 00:12:49 [32minfo[39m: 	Requested URL : 
2023-05-22 00:12:49 [32minfo[39m: 	/assigned_stud_list_csv
2023-05-22 00:12:49 [32minfo[39m: 	Requested URL : 
2023-05-22 00:12:49 [32minfo[39m: 	/assigned_stud_list_csv
2023-05-22 00:12:49 [32minfo[39m: 	select * from reverted_stud_csv_admin_t where is_active=1 and assigned_to is null
2023-05-22 00:12:54 [32minfo[39m: 	Requested URL : 
2023-05-22 00:12:54 [32minfo[39m: 	/assigned_stud_save_button
2023-05-22 00:12:54 [32minfo[39m: 	Requested URL : 
2023-05-22 00:12:54 [32minfo[39m: 	/assigned_stud_save_button
2023-05-22 00:12:54 [32minfo[39m: 	update reverted_stud_csv_admin_t set is_active=1, assigned_to=115,assigned_by=1
    where id in (9024);
2023-05-22 00:12:54 [32minfo[39m: 	Requested URL : 
2023-05-22 00:12:54 [32minfo[39m: 	/assigned_stud_list_csv
2023-05-22 00:12:54 [32minfo[39m: 	Requested URL : 
2023-05-22 00:12:54 [32minfo[39m: 	/assigned_stud_list_csv
2023-05-22 00:12:54 [32minfo[39m: 	select * from reverted_stud_csv_admin_t where is_active=1 and assigned_to is null
2023-05-22 00:12:57 [32minfo[39m: 	Requested URL : 
2023-05-22 00:12:57 [32minfo[39m: 	/assigned_stud_list_csv
2023-05-22 00:12:57 [32minfo[39m: 	Requested URL : 
2023-05-22 00:12:57 [32minfo[39m: 	/assigned_stud_list_csv
2023-05-22 00:12:57 [32minfo[39m: 	 select case when assign_indicator=0 then "true" when assign_indicator=1 then '' else '' end as checked,a.*
        from reverted_stud_csv_admin_t as a 
        where   is_active=1 and assigned_to=115 and (student_interest is null or (student_interest='Yes' and assign_indicator=0));
2023-05-22 00:13:01 [32minfo[39m: 	Requested URL : 
2023-05-22 00:13:01 [32minfo[39m: 	/advisor_todo_row_save
2023-05-22 00:13:01 [32minfo[39m: 	Requested URL : 
2023-05-22 00:13:01 [32minfo[39m: 	/advisor_todo_row_save
2023-05-22 00:13:01 [32minfo[39m: 	update reverted_stud_csv_admin_t set row_time_save='2023-05-22',u_ts='2023-05-22',student_interest='Yes',assign_indicator='1',comments=NULL where id in (9024)
2023-05-22 00:13:01 [32minfo[39m: 	Requested URL : 
2023-05-22 00:13:01 [32minfo[39m: 	/assigned_stud_list_csv
2023-05-22 00:13:01 [32minfo[39m: 	 select case when assign_indicator=0 then "true" when assign_indicator=1 then '' else '' end as checked,a.*
        from reverted_stud_csv_admin_t as a 
        where   is_active=1 and assigned_to=115 and (student_interest is null or (student_interest='Yes' and assign_indicator=0));
2023-05-22 00:13:03 [32minfo[39m: 	Requested URL : 
2023-05-22 00:13:03 [32minfo[39m: 	/trackProcess
2023-05-22 00:13:03 [32minfo[39m: 	Requested URL : 
2023-05-22 00:13:03 [32minfo[39m: 	/trackProcess
2023-05-22 00:13:03 [32minfo[39m: 	SELECT r.id as prima,r.*,u.*,stu.* FROM reverted_stud_csv_admin_t  as r
left join users_dtl_t as u on u.email=r.email_id
left join student_dtl_t as stu on stu.c_by=u.id
where student_interest="Yes" and assign_indicator=1 and assigned_to=115;
2023-05-22 00:13:23 [32minfo[39m: 	Requested URL : 
2023-05-22 00:13:23 [32minfo[39m: 	/admincreateUser
2023-05-22 00:13:23 [32minfo[39m: 	Requested URL : 
2023-05-22 00:13:23 [32minfo[39m: 	/admincreateUser
2023-05-22 00:13:23 [32minfo[39m: 	SELECT * FROM users_dtl_t where email='beula@gmail.com' and role=4 and phone_no='1212121212';
2023-05-22 00:13:23 [32minfo[39m: 	insert into users_dtl_t (email, pwd, role, user_name,designation, phone_no, joined_on,offerletter_upload,c_by) 
                values("beula@gmail.com","$W@3s1$l8#","4","beula","undefined","1212121212","undefined","",115);
2023-05-22 00:13:23 [32minfo[39m: 	select * from users_dtl_t where id=128;
2023-05-22 00:13:23 [32minfo[39m: 	select * from users_dtl_t where id=115
2023-05-22 00:13:33 [32minfo[39m: 	Requested URL : 
2023-05-22 00:13:33 [32minfo[39m: 	/notification_display
2023-05-22 00:13:33 [32minfo[39m: 	Requested URL : 
2023-05-22 00:13:33 [32minfo[39m: 	/notification_display
2023-05-22 00:13:33 [32minfo[39m: 	select s.message,u.user_name as createdby,s.c_ts as createdtime,s.created_by as reciever_id,u.role as roleid from send_message_dtl_t as s 
join users_dtl_t as u on u.id=s.created_by
 where role_id=4  and name=127 order by s.id desc;
2023-05-22 00:13:50 [32minfo[39m: 	Requested URL : 
2023-05-22 00:13:50 [32minfo[39m: 	/login
2023-05-22 00:13:50 [32minfo[39m: 	Requested URL : 
2023-05-22 00:13:50 [32minfo[39m: 	/login
2023-05-22 00:13:50 [32minfo[39m: 	SELECT * FROM users_dtl_t where email='beula@gmail.com'
2023-05-22 00:13:50 [32minfo[39m: 	SELECT * FROM users_dtl_t where email='beula@gmail.com' and pwd='$W@3s1$l8#' 
2023-05-22 00:13:50 [32minfo[39m: 	select * from users_dtl_t where id=115
2023-05-22 00:13:51 [32minfo[39m: 	Requested URL : 
2023-05-22 00:13:51 [32minfo[39m: 	/notification_display
2023-05-22 00:13:51 [32minfo[39m: 	Requested URL : 
2023-05-22 00:13:51 [32minfo[39m: 	/notification_display
2023-05-22 00:13:51 [32minfo[39m: 	select s.message,u.user_name as createdby,s.c_ts as createdtime,s.created_by as reciever_id,u.role as roleid from send_message_dtl_t as s 
join users_dtl_t as u on u.id=s.created_by
 where role_id=4  and name=128 order by s.id desc;
2023-05-22 00:13:58 [32minfo[39m: 	Requested URL : 
2023-05-22 00:13:58 [32minfo[39m: 	/student_upload_get
2023-05-22 00:13:58 [32minfo[39m: 	Requested URL : 
2023-05-22 00:13:58 [32minfo[39m: 	/student_upload_get
2023-05-22 00:13:58 [32minfo[39m: 	select * from student_dtl_t where c_by='128'
2023-05-22 00:14:08 [32minfo[39m: 	Requested URL : 
2023-05-22 00:14:08 [32minfo[39m: 	/student_upload_submit
2023-05-22 00:14:08 [32minfo[39m: 	select * from student_dtl_t where c_by=128
2023-05-22 00:14:08 [32minfo[39m: 	insert into student_dtl_t (Process_fee,c_by) values('0_20230522001408_done.png', '128')
2023-05-22 00:14:08 [32minfo[39m: 	select * from student_dtl_t where c_by=128 and
(SSC is  not null and Intermediate is not null)
2023-05-22 00:14:08 [32minfo[39m: 	Requested URL : 
2023-05-22 00:14:08 [32minfo[39m: 	/student_upload_get
2023-05-22 00:14:08 [32minfo[39m: 	Requested URL : 
2023-05-22 00:14:08 [32minfo[39m: 	/student_upload_get
2023-05-22 00:14:08 [32minfo[39m: 	Requested URL : 
2023-05-22 00:14:08 [32minfo[39m: 	/student_upload_get
2023-05-22 00:14:08 [32minfo[39m: 	Requested URL : 
2023-05-22 00:14:08 [32minfo[39m: 	/student_upload_get
2023-05-22 00:14:08 [32minfo[39m: 	select * from student_dtl_t where c_by='128'
2023-05-22 00:14:08 [32minfo[39m: 	select * from student_dtl_t where c_by='128'
2023-05-22 00:14:15 [32minfo[39m: 	Requested URL : 
2023-05-22 00:14:15 [32minfo[39m: 	/student_upload_submit
2023-05-22 00:14:15 [32minfo[39m: 	select * from student_dtl_t where c_by=128
2023-05-22 00:14:15 [32minfo[39m: 	update student_dtl_t set c_ts="2023-05-22 00:14:15" ,SSC='1_20230522001415_download.png' where c_by=128
2023-05-22 00:14:15 [32minfo[39m: 	select * from student_dtl_t where c_by=128 and
(SSC is  not null and Intermediate is not null)
2023-05-22 00:14:15 [32minfo[39m: 	Requested URL : 
2023-05-22 00:14:15 [32minfo[39m: 	/student_upload_get
2023-05-22 00:14:15 [32minfo[39m: 	Requested URL : 
2023-05-22 00:14:15 [32minfo[39m: 	/student_upload_get
2023-05-22 00:14:15 [32minfo[39m: 	Requested URL : 
2023-05-22 00:14:15 [32minfo[39m: 	/student_upload_get
2023-05-22 00:14:15 [32minfo[39m: 	Requested URL : 
2023-05-22 00:14:15 [32minfo[39m: 	/student_upload_get
2023-05-22 00:14:15 [32minfo[39m: 	select * from student_dtl_t where c_by='128'
2023-05-22 00:14:15 [32minfo[39m: 	select * from student_dtl_t where c_by='128'
2023-05-22 00:14:22 [32minfo[39m: 	Requested URL : 
2023-05-22 00:14:22 [32minfo[39m: 	/student_upload_submit
2023-05-22 00:14:22 [32minfo[39m: 	select * from student_dtl_t where c_by=128
2023-05-22 00:14:22 [32minfo[39m: 	update student_dtl_t set c_ts="2023-05-22 00:14:22" ,Intermediate='0_20230522001422_download.png' where c_by=128
2023-05-22 00:14:22 [32minfo[39m: 	select * from student_dtl_t where c_by=128 and
(SSC is  not null and Intermediate is not null)
2023-05-22 00:14:22 [32minfo[39m: 	update student_dtl_t set status="Submitted" where c_by=128
2023-05-22 00:14:22 [32minfo[39m: 	Requested URL : 
2023-05-22 00:14:22 [32minfo[39m: 	/student_upload_get
2023-05-22 00:14:22 [32minfo[39m: 	Requested URL : 
2023-05-22 00:14:22 [32minfo[39m: 	/student_upload_get
2023-05-22 00:14:22 [32minfo[39m: 	Requested URL : 
2023-05-22 00:14:22 [32minfo[39m: 	/student_upload_get
2023-05-22 00:14:22 [32minfo[39m: 	Requested URL : 
2023-05-22 00:14:22 [32minfo[39m: 	/student_upload_get
2023-05-22 00:14:22 [32minfo[39m: 	select * from student_dtl_t where c_by='128'
2023-05-22 00:14:22 [32minfo[39m: 	select * from student_dtl_t where c_by='128'
2023-05-22 00:14:29 [32minfo[39m: 	Requested URL : 
2023-05-22 00:14:29 [32minfo[39m: 	/student_upload_submit
2023-05-22 00:14:29 [32minfo[39m: 	select * from student_dtl_t where c_by=128
2023-05-22 00:14:29 [32minfo[39m: 	update student_dtl_t set c_ts="2023-05-22 00:14:29" ,Btech_Degree_PC='0_20230522001429_download.png' where c_by=128
2023-05-22 00:14:29 [32minfo[39m: 	select * from student_dtl_t where c_by=128 and
(SSC is  not null and Intermediate is not null)
2023-05-22 00:14:29 [32minfo[39m: 	update student_dtl_t set status="Submitted" where c_by=128
2023-05-22 00:14:29 [32minfo[39m: 	Requested URL : 
2023-05-22 00:14:29 [32minfo[39m: 	/student_upload_get
2023-05-22 00:14:29 [32minfo[39m: 	Requested URL : 
2023-05-22 00:14:29 [32minfo[39m: 	/student_upload_get
2023-05-22 00:14:29 [32minfo[39m: 	Requested URL : 
2023-05-22 00:14:29 [32minfo[39m: 	/student_upload_get
2023-05-22 00:14:29 [32minfo[39m: 	Requested URL : 
2023-05-22 00:14:29 [32minfo[39m: 	/student_upload_get
2023-05-22 00:14:29 [32minfo[39m: 	select * from student_dtl_t where c_by='128'
2023-05-22 00:14:29 [32minfo[39m: 	select * from student_dtl_t where c_by='128'
2023-05-22 00:14:37 [32minfo[39m: 	Requested URL : 
2023-05-22 00:14:37 [32minfo[39m: 	/trackProcess
2023-05-22 00:14:37 [32minfo[39m: 	Requested URL : 
2023-05-22 00:14:37 [32minfo[39m: 	/trackProcess
2023-05-22 00:14:37 [32minfo[39m: 	SELECT r.id as prima,r.*,u.*,stu.* FROM reverted_stud_csv_admin_t  as r
left join users_dtl_t as u on u.email=r.email_id
left join student_dtl_t as stu on stu.c_by=u.id
where student_interest="Yes" and assign_indicator=1 and assigned_to=115;
2023-05-22 00:14:49 [32minfo[39m: 	Requested URL : 
2023-05-22 00:14:49 [32minfo[39m: 	/student_payment_mode
2023-05-22 00:14:49 [32minfo[39m: 	Requested URL : 
2023-05-22 00:14:49 [32minfo[39m: 	/student_payment_mode
2023-05-22 00:14:49 [32minfo[39m: 	update users_dtl_t set payment_mode="Basic" where id=127;
2023-05-22 00:14:57 [32minfo[39m: 	Requested URL : 
2023-05-22 00:14:57 [32minfo[39m: 	/trackProcess
2023-05-22 00:14:57 [32minfo[39m: 	Requested URL : 
2023-05-22 00:14:57 [32minfo[39m: 	/trackProcess
2023-05-22 00:14:57 [32minfo[39m: 	SELECT r.id as prima,r.*,u.*,stu.* FROM reverted_stud_csv_admin_t  as r
left join users_dtl_t as u on u.email=r.email_id
left join student_dtl_t as stu on stu.c_by=u.id
where student_interest="Yes" and assign_indicator=1 and assigned_to=115;
2023-05-22 00:15:02 [32minfo[39m: 	Requested URL : 
2023-05-22 00:15:02 [32minfo[39m: 	/trackProcess
2023-05-22 00:15:02 [32minfo[39m: 	SELECT r.id as prima,r.*,u.*,stu.* FROM reverted_stud_csv_admin_t  as r
left join users_dtl_t as u on u.email=r.email_id
left join student_dtl_t as stu on stu.c_by=u.id
where student_interest="Yes" and assign_indicator=1 and assigned_to=115;
2023-05-22 00:15:12 [32minfo[39m: 	Requested URL : 
2023-05-22 00:15:12 [32minfo[39m: 	/student_upload_get
2023-05-22 00:15:12 [32minfo[39m: 	Requested URL : 
2023-05-22 00:15:12 [32minfo[39m: 	/student_upload_get
2023-05-22 00:15:12 [32minfo[39m: 	select * from student_dtl_t where c_by='128'
2023-05-22 00:15:17 [32minfo[39m: 	Requested URL : 
2023-05-22 00:15:17 [32minfo[39m: 	/student_payment_mode
2023-05-22 00:15:17 [32minfo[39m: 	Requested URL : 
2023-05-22 00:15:17 [32minfo[39m: 	/student_payment_mode
2023-05-22 00:15:17 [32minfo[39m: 	update users_dtl_t set payment_mode="Standard" where id=128;
2023-05-22 00:15:22 [32minfo[39m: 	Requested URL : 
2023-05-22 00:15:22 [32minfo[39m: 	/assigned_stud_list_csv
2023-05-22 00:15:22 [32minfo[39m: 	Requested URL : 
2023-05-22 00:15:22 [32minfo[39m: 	/assigned_stud_list_csv
2023-05-22 00:15:22 [32minfo[39m: 	 select case when assign_indicator=0 then "true" when assign_indicator=1 then '' else '' end as checked,a.*
        from reverted_stud_csv_admin_t as a 
        where   is_active=1 and assigned_to=115 and (student_interest is null or (student_interest='Yes' and assign_indicator=0));
2023-05-22 00:15:24 [32minfo[39m: 	Requested URL : 
2023-05-22 00:15:24 [32minfo[39m: 	/trackProcess
2023-05-22 00:15:24 [32minfo[39m: 	Requested URL : 
2023-05-22 00:15:24 [32minfo[39m: 	/trackProcess
2023-05-22 00:15:24 [32minfo[39m: 	SELECT r.id as prima,r.*,u.*,stu.* FROM reverted_stud_csv_admin_t  as r
left join users_dtl_t as u on u.email=r.email_id
left join student_dtl_t as stu on stu.c_by=u.id
where student_interest="Yes" and assign_indicator=1 and assigned_to=115;
2023-05-22 00:15:29 [32minfo[39m: 	Requested URL : 
2023-05-22 00:15:29 [32minfo[39m: 	/advisor_approve_reject_documents
2023-05-22 00:15:29 [32minfo[39m: 	Requested URL : 
2023-05-22 00:15:29 [32minfo[39m: 	/advisor_approve_reject_documents
2023-05-22 00:15:29 [32minfo[39m: 	update student_dtl_t  set status='Approved' where c_by=128;
2023-05-22 00:15:29 [32minfo[39m: 	Requested URL : 
2023-05-22 00:15:29 [32minfo[39m: 	/trackProcess
2023-05-22 00:15:29 [32minfo[39m: 	Requested URL : 
2023-05-22 00:15:29 [32minfo[39m: 	/trackProcess
2023-05-22 00:15:29 [32minfo[39m: 	SELECT r.id as prima,r.*,u.*,stu.* FROM reverted_stud_csv_admin_t  as r
left join users_dtl_t as u on u.email=r.email_id
left join student_dtl_t as stu on stu.c_by=u.id
where student_interest="Yes" and assign_indicator=1 and assigned_to=115;
2023-05-22 00:15:42 [32minfo[39m: 	Requested URL : 
2023-05-22 00:15:42 [32minfo[39m: 	/advisor_assignto_consultant
2023-05-22 00:15:42 [32minfo[39m: 	Requested URL : 
2023-05-22 00:15:42 [32minfo[39m: 	/advisor_assignto_consultant
2023-05-22 00:15:42 [32minfo[39m: 	update reverted_stud_csv_admin_t  set assigned_to='116',assigned_by='115', assigned_time="2023-05-22"
     where id=9024;
2023-05-22 00:15:42 [32minfo[39m: 	Requested URL : 
2023-05-22 00:15:42 [32minfo[39m: 	/trackProcess
2023-05-22 00:15:42 [32minfo[39m: 	Requested URL : 
2023-05-22 00:15:42 [32minfo[39m: 	/trackProcess
2023-05-22 00:15:42 [32minfo[39m: 	SELECT r.id as prima,r.*,u.*,stu.* FROM reverted_stud_csv_admin_t  as r
left join users_dtl_t as u on u.email=r.email_id
left join student_dtl_t as stu on stu.c_by=u.id
where student_interest="Yes" and assign_indicator=1 and assigned_to=115;
2023-05-22 00:16:08 [32minfo[39m: 	Requested URL : 
2023-05-22 00:16:08 [32minfo[39m: 	/login
2023-05-22 00:16:08 [32minfo[39m: 	Requested URL : 
2023-05-22 00:16:08 [32minfo[39m: 	/login
2023-05-22 00:16:08 [32minfo[39m: 	SELECT * FROM users_dtl_t where email='Lekha.charispathway@gmail.com'
2023-05-22 00:16:08 [32minfo[39m: 	SELECT * FROM users_dtl_t where email='Lekha.charispathway@gmail.com' and pwd='ag6B5!kB0i' 
2023-05-22 00:16:08 [32minfo[39m: 	select * from users_dtl_t where id=1
2023-05-22 00:16:09 [32minfo[39m: 	Requested URL : 
2023-05-22 00:16:09 [32minfo[39m: 	/notification_display
2023-05-22 00:16:09 [32minfo[39m: 	Requested URL : 
2023-05-22 00:16:09 [32minfo[39m: 	/notification_display
2023-05-22 00:16:09 [32minfo[39m: 	select s.message,u.user_name as createdby,s.c_ts as createdtime,s.created_by as reciever_id,u.role as roleid from send_message_dtl_t as s 
join users_dtl_t as u on u.id=s.created_by
 where role_id=3  and name=116 order by s.id desc;
2023-05-22 00:16:11 [32minfo[39m: 	Requested URL : 
2023-05-22 00:16:11 [32minfo[39m: 	/consultant_get_details
2023-05-22 00:16:11 [32minfo[39m: 	Requested URL : 
2023-05-22 00:16:11 [32minfo[39m: 	/consultant_get_details
2023-05-22 00:16:11 [32minfo[39m: 	 SELECT r.id as primarykey,u1.role as assigned_role,u1.user_name as assigned_by_name,u1.id as assigned_id,r.assigned_time,r.*, u.*, stu.* FROM reverted_stud_csv_admin_t as r
  left join users_dtl_t as u on u.email = r.email_id
  left join users_dtl_t as u1 on u1.id = r.assigned_by
  left join student_dtl_t as stu on stu.c_by = u.id
where student_interest = "Yes" and assign_indicator = 1 and track_in_progress=0 and assigned_to =116;
2023-05-22 00:16:59 [32minfo[39m: 	Requested URL : 
2023-05-22 00:16:59 [32minfo[39m: 	/notification_display
2023-05-22 00:16:59 [32minfo[39m: 	Requested URL : 
2023-05-22 00:16:59 [32minfo[39m: 	/names_basedon_role
2023-05-22 00:16:59 [32minfo[39m: 	Requested URL : 
2023-05-22 00:16:59 [32minfo[39m: 	/names_basedon_role
2023-05-22 00:16:59 [32minfo[39m: 	Requested URL : 
2023-05-22 00:16:59 [32minfo[39m: 	/notification_display
2023-05-22 00:16:59 [32minfo[39m: 	Requested URL : 
2023-05-22 00:16:59 [32minfo[39m: 	/names_basedon_role
2023-05-22 00:16:59 [32minfo[39m: 	Requested URL : 
2023-05-22 00:16:59 [32minfo[39m: 	/names_basedon_role
2023-05-22 00:16:59 [32minfo[39m: 	SELECT id,user_name,email FROM users_dtl_t where role=3 and is_active=1;
2023-05-22 00:16:59 [32minfo[39m: 	select s.message,u.user_name as createdby,s.c_ts as createdtime,s.created_by as reciever_id,u.role as roleid from send_message_dtl_t as s 
join users_dtl_t as u on u.id=s.created_by
 where role_id=2  and name=115 order by s.id desc;
2023-05-22 00:16:59 [32minfo[39m: 	SELECT id,user_name,email FROM users_dtl_t where role=2 and is_active=1;
2023-05-22 00:17:01 [32minfo[39m: 	Requested URL : 
2023-05-22 00:17:01 [32minfo[39m: 	/notification_display
2023-05-22 00:17:01 [32minfo[39m: 	Requested URL : 
2023-05-22 00:17:01 [32minfo[39m: 	/notification_display
2023-05-22 00:17:01 [32minfo[39m: 	select s.message,u.user_name as createdby,s.c_ts as createdtime,s.created_by as reciever_id,u.role as roleid from send_message_dtl_t as s 
join users_dtl_t as u on u.id=s.created_by
 where role_id=3  and name=116 order by s.id desc;
2023-05-22 00:17:02 [32minfo[39m: 	Requested URL : 
2023-05-22 00:17:02 [32minfo[39m: 	/notification_display
2023-05-22 00:17:02 [32minfo[39m: 	Requested URL : 
2023-05-22 00:17:02 [32minfo[39m: 	/notification_display
2023-05-22 00:17:02 [32minfo[39m: 	select s.message,u.user_name as createdby,s.c_ts as createdtime,s.created_by as reciever_id,u.role as roleid from send_message_dtl_t as s 
join users_dtl_t as u on u.id=s.created_by
 where role_id=4  and name=128 order by s.id desc;
2023-05-22 00:17:03 [32minfo[39m: 	Requested URL : 
2023-05-22 00:17:03 [32minfo[39m: 	/names_basedon_role
2023-05-22 00:17:03 [32minfo[39m: 	Requested URL : 
2023-05-22 00:17:03 [32minfo[39m: 	/names_basedon_role
2023-05-22 00:17:03 [32minfo[39m: 	Requested URL : 
2023-05-22 00:17:03 [32minfo[39m: 	/names_basedon_role
2023-05-22 00:17:03 [32minfo[39m: 	Requested URL : 
2023-05-22 00:17:03 [32minfo[39m: 	/notification_display
2023-05-22 00:17:03 [32minfo[39m: 	Requested URL : 
2023-05-22 00:17:03 [32minfo[39m: 	/names_basedon_role
2023-05-22 00:17:03 [32minfo[39m: 	Requested URL : 
2023-05-22 00:17:03 [32minfo[39m: 	/names_basedon_role
2023-05-22 00:17:03 [32minfo[39m: 	Requested URL : 
2023-05-22 00:17:03 [32minfo[39m: 	/names_basedon_role
2023-05-22 00:17:03 [32minfo[39m: 	Requested URL : 
2023-05-22 00:17:03 [32minfo[39m: 	/notification_display
2023-05-22 00:17:03 [32minfo[39m: 	SELECT id,user_name,email FROM users_dtl_t where role=2 and is_active=1;
2023-05-22 00:17:03 [32minfo[39m: 	Requested URL : 
2023-05-22 00:17:03 [32minfo[39m: 	/admin_reverted_list_get
2023-05-22 00:17:03 [32minfo[39m: 	SELECT id,user_name,email FROM users_dtl_t where role=3 and is_active=1;
2023-05-22 00:17:03 [32minfo[39m: 	SELECT id,user_name,email FROM users_dtl_t where role=4 and is_active=1;
2023-05-22 00:17:03 [32minfo[39m: 	select s.message,u.user_name as createdby,s.c_ts as createdtime,s.created_by as reciever_id,u.role as roleid from send_message_dtl_t as s 
join users_dtl_t as u on u.id=s.created_by
 where role_id=1  and name=1 order by s.id desc;
2023-05-22 00:17:03 [32minfo[39m: 	Requested URL : 
2023-05-22 00:17:03 [32minfo[39m: 	/roles
2023-05-22 00:17:03 [32minfo[39m: 	SELECT * FROM reverted_stud_csv_admin_t 
    where  student_interest='Future Followup' and is_active=1 order by checkbox_save desc;
2023-05-22 00:17:03 [32minfo[39m: 	SELECT * FROM roles_table where status=1;
2023-05-22 00:17:03 [32minfo[39m: 	Requested URL : 
2023-05-22 00:17:03 [32minfo[39m: 	/names_basedon_role
2023-05-22 00:17:03 [32minfo[39m: 	Requested URL : 
2023-05-22 00:17:03 [32minfo[39m: 	/names_basedon_role
2023-05-22 00:17:03 [32minfo[39m: 	Requested URL : 
2023-05-22 00:17:03 [32minfo[39m: 	/names_basedon_role
2023-05-22 00:17:03 [32minfo[39m: 	SELECT id,user_name,email FROM users_dtl_t where role=2 and is_active=1;
2023-05-22 00:17:03 [32minfo[39m: 	SELECT id,user_name,email FROM users_dtl_t where role=3 and is_active=1;
2023-05-22 00:17:03 [32minfo[39m: 	Requested URL : 
2023-05-22 00:17:03 [32minfo[39m: 	/notification_display
2023-05-22 00:17:03 [32minfo[39m: 	SELECT id,user_name,email FROM users_dtl_t where role=4 and is_active=1;
2023-05-22 00:17:03 [32minfo[39m: 	select s.message,u.user_name as createdby,s.c_ts as createdtime,s.created_by as reciever_id,u.role as roleid from send_message_dtl_t as s 
join users_dtl_t as u on u.id=s.created_by
 where role_id=1  and name=1 order by s.id desc;
2023-05-22 00:17:03 [32minfo[39m: 	Requested URL : 
2023-05-22 00:17:03 [32minfo[39m: 	/admin_reverted_list_get
2023-05-22 00:17:03 [32minfo[39m: 	SELECT * FROM reverted_stud_csv_admin_t 
    where  student_interest='Future Followup' and is_active=1 order by checkbox_save desc;
2023-05-22 00:17:03 [32minfo[39m: 	Requested URL : 
2023-05-22 00:17:03 [32minfo[39m: 	/roles
2023-05-22 00:17:03 [32minfo[39m: 	SELECT * FROM roles_table where status=1;
2023-05-22 00:17:03 [32minfo[39m: 	Requested URL : 
2023-05-22 00:17:03 [32minfo[39m: 	/consultant_get_details
2023-05-22 00:17:03 [32minfo[39m: 	Requested URL : 
2023-05-22 00:17:03 [32minfo[39m: 	/consultant_get_details
2023-05-22 00:17:03 [32minfo[39m: 	 SELECT r.id as primarykey,u1.role as assigned_role,u1.user_name as assigned_by_name,u1.id as assigned_id,r.assigned_time,r.*, u.*, stu.* FROM reverted_stud_csv_admin_t as r
  left join users_dtl_t as u on u.email = r.email_id
  left join users_dtl_t as u1 on u1.id = r.assigned_by
  left join student_dtl_t as stu on stu.c_by = u.id
where student_interest = "Yes" and assign_indicator = 1 and track_in_progress=0 and assigned_to =116;
2023-05-22 00:17:15 [32minfo[39m: 	Requested URL : 
2023-05-22 00:17:15 [32minfo[39m: 	/consultant_track_progress_button
2023-05-22 00:17:15 [32minfo[39m: 	Requested URL : 
2023-05-22 00:17:15 [32minfo[39m: 	/consultant_track_progress_button
2023-05-22 00:17:15 [32minfo[39m: 	update reverted_stud_csv_admin_t set track_in_progress=1 where id=9024;
2023-05-22 00:17:15 [32minfo[39m: 	Requested URL : 
2023-05-22 00:17:15 [32minfo[39m: 	/consultant_get_details
2023-05-22 00:17:15 [32minfo[39m: 	Requested URL : 
2023-05-22 00:17:15 [32minfo[39m: 	/consultant_get_details
2023-05-22 00:17:15 [32minfo[39m: 	 SELECT r.id as primarykey,u1.role as assigned_role,u1.user_name as assigned_by_name,u1.id as assigned_id,r.assigned_time,r.*, u.*, stu.* FROM reverted_stud_csv_admin_t as r
  left join users_dtl_t as u on u.email = r.email_id
  left join users_dtl_t as u1 on u1.id = r.assigned_by
  left join student_dtl_t as stu on stu.c_by = u.id
where student_interest = "Yes" and assign_indicator = 1 and track_in_progress=0 and assigned_to =116;
2023-05-22 00:17:16 [32minfo[39m: 	Requested URL : 
2023-05-22 00:17:16 [32minfo[39m: 	/track_progress_get
2023-05-22 00:17:16 [32minfo[39m: 	SELECT re.id as primaryKey,u1.role as assigned_role,u1.user_name as assigned_by_name,u1.id as assigned_id,re.assigned_time,re.*, u.* FROM reverted_stud_csv_admin_t as re
  left join users_dtl_t as u on u.email = re.email_id
  left join users_dtl_t as u1 on u1.id = re.assigned_by
  where track_in_progress=1;
2023-05-22 00:18:26 [32minfo[39m: 	Requested URL : 
2023-05-22 00:18:26 [32minfo[39m: 	/notification_display
2023-05-22 00:18:26 [32minfo[39m: 	Requested URL : 
2023-05-22 00:18:26 [32minfo[39m: 	/names_basedon_role
2023-05-22 00:18:26 [32minfo[39m: 	Requested URL : 
2023-05-22 00:18:26 [32minfo[39m: 	/names_basedon_role
2023-05-22 00:18:26 [32minfo[39m: 	Requested URL : 
2023-05-22 00:18:26 [32minfo[39m: 	/notification_display
2023-05-22 00:18:26 [32minfo[39m: 	Requested URL : 
2023-05-22 00:18:26 [32minfo[39m: 	/names_basedon_role
2023-05-22 00:18:26 [32minfo[39m: 	Requested URL : 
2023-05-22 00:18:26 [32minfo[39m: 	/names_basedon_role
2023-05-22 00:18:26 [32minfo[39m: 	SELECT id,user_name,email FROM users_dtl_t where role=3 and is_active=1;
2023-05-22 00:18:26 [32minfo[39m: 	select s.message,u.user_name as createdby,s.c_ts as createdtime,s.created_by as reciever_id,u.role as roleid from send_message_dtl_t as s 
join users_dtl_t as u on u.id=s.created_by
 where role_id=2  and name=115 order by s.id desc;
2023-05-22 00:18:26 [32minfo[39m: 	SELECT id,user_name,email FROM users_dtl_t where role=2 and is_active=1;
2023-05-22 00:18:28 [32minfo[39m: 	Requested URL : 
2023-05-22 00:18:28 [32minfo[39m: 	/notification_display
2023-05-22 00:18:28 [32minfo[39m: 	Requested URL : 
2023-05-22 00:18:28 [32minfo[39m: 	/notification_display
2023-05-22 00:18:28 [32minfo[39m: 	select s.message,u.user_name as createdby,s.c_ts as createdtime,s.created_by as reciever_id,u.role as roleid from send_message_dtl_t as s 
join users_dtl_t as u on u.id=s.created_by
 where role_id=3  and name=116 order by s.id desc;
2023-05-22 00:18:28 [32minfo[39m: 	Requested URL : 
2023-05-22 00:18:28 [32minfo[39m: 	/notification_display
2023-05-22 00:18:28 [32minfo[39m: 	Requested URL : 
2023-05-22 00:18:28 [32minfo[39m: 	/notification_display
2023-05-22 00:18:28 [32minfo[39m: 	select s.message,u.user_name as createdby,s.c_ts as createdtime,s.created_by as reciever_id,u.role as roleid from send_message_dtl_t as s 
join users_dtl_t as u on u.id=s.created_by
 where role_id=4  and name=128 order by s.id desc;
2023-05-22 00:18:29 [32minfo[39m: 	Requested URL : 
2023-05-22 00:18:29 [32minfo[39m: 	/names_basedon_role
2023-05-22 00:18:29 [32minfo[39m: 	Requested URL : 
2023-05-22 00:18:29 [32minfo[39m: 	/names_basedon_role
2023-05-22 00:18:29 [32minfo[39m: 	Requested URL : 
2023-05-22 00:18:29 [32minfo[39m: 	/names_basedon_role
2023-05-22 00:18:29 [32minfo[39m: 	Requested URL : 
2023-05-22 00:18:29 [32minfo[39m: 	/names_basedon_role
2023-05-22 00:18:29 [32minfo[39m: 	Requested URL : 
2023-05-22 00:18:29 [32minfo[39m: 	/names_basedon_role
2023-05-22 00:18:29 [32minfo[39m: 	Requested URL : 
2023-05-22 00:18:29 [32minfo[39m: 	/notification_display
2023-05-22 00:18:29 [32minfo[39m: 	Requested URL : 
2023-05-22 00:18:29 [32minfo[39m: 	/names_basedon_role
2023-05-22 00:18:29 [32minfo[39m: 	Requested URL : 
2023-05-22 00:18:29 [32minfo[39m: 	/notification_display
2023-05-22 00:18:29 [32minfo[39m: 	SELECT id,user_name,email FROM users_dtl_t where role=2 and is_active=1;
2023-05-22 00:18:29 [32minfo[39m: 	SELECT id,user_name,email FROM users_dtl_t where role=3 and is_active=1;
2023-05-22 00:18:29 [32minfo[39m: 	SELECT id,user_name,email FROM users_dtl_t where role=4 and is_active=1;
2023-05-22 00:18:29 [32minfo[39m: 	Requested URL : 
2023-05-22 00:18:29 [32minfo[39m: 	/admin_reverted_list_get
2023-05-22 00:18:29 [32minfo[39m: 	Requested URL : 
2023-05-22 00:18:29 [32minfo[39m: 	/roles
2023-05-22 00:18:29 [32minfo[39m: 	select s.message,u.user_name as createdby,s.c_ts as createdtime,s.created_by as reciever_id,u.role as roleid from send_message_dtl_t as s 
join users_dtl_t as u on u.id=s.created_by
 where role_id=1  and name=1 order by s.id desc;
2023-05-22 00:18:29 [32minfo[39m: 	SELECT * FROM roles_table where status=1;
2023-05-22 00:18:29 [32minfo[39m: 	SELECT * FROM reverted_stud_csv_admin_t 
    where  student_interest='Future Followup' and is_active=1 order by checkbox_save desc;
2023-05-22 00:18:30 [32minfo[39m: 	Requested URL : 
2023-05-22 00:18:30 [32minfo[39m: 	/names_basedon_role
2023-05-22 00:18:30 [32minfo[39m: 	Requested URL : 
2023-05-22 00:18:30 [32minfo[39m: 	/names_basedon_role
2023-05-22 00:18:30 [32minfo[39m: 	Requested URL : 
2023-05-22 00:18:30 [32minfo[39m: 	/names_basedon_role
2023-05-22 00:18:30 [32minfo[39m: 	Requested URL : 
2023-05-22 00:18:30 [32minfo[39m: 	/notification_display
2023-05-22 00:18:30 [32minfo[39m: 	SELECT id,user_name,email FROM users_dtl_t where role=2 and is_active=1;
2023-05-22 00:18:30 [32minfo[39m: 	SELECT id,user_name,email FROM users_dtl_t where role=3 and is_active=1;
2023-05-22 00:18:30 [32minfo[39m: 	Requested URL : 
2023-05-22 00:18:30 [32minfo[39m: 	/roles
2023-05-22 00:18:30 [32minfo[39m: 	Requested URL : 
2023-05-22 00:18:30 [32minfo[39m: 	/admin_reverted_list_get
2023-05-22 00:18:30 [32minfo[39m: 	SELECT id,user_name,email FROM users_dtl_t where role=4 and is_active=1;
2023-05-22 00:18:30 [32minfo[39m: 	select s.message,u.user_name as createdby,s.c_ts as createdtime,s.created_by as reciever_id,u.role as roleid from send_message_dtl_t as s 
join users_dtl_t as u on u.id=s.created_by
 where role_id=1  and name=1 order by s.id desc;
2023-05-22 00:18:30 [32minfo[39m: 	SELECT * FROM roles_table where status=1;
2023-05-22 00:18:30 [32minfo[39m: 	SELECT * FROM reverted_stud_csv_admin_t 
    where  student_interest='Future Followup' and is_active=1 order by checkbox_save desc;
2023-05-22 00:18:30 [32minfo[39m: 	Requested URL : 
2023-05-22 00:18:30 [32minfo[39m: 	/track_progress_get
2023-05-22 00:18:30 [32minfo[39m: 	SELECT re.id as primaryKey,u1.role as assigned_role,u1.user_name as assigned_by_name,u1.id as assigned_id,re.assigned_time,re.*, u.* FROM reverted_stud_csv_admin_t as re
  left join users_dtl_t as u on u.email = re.email_id
  left join users_dtl_t as u1 on u1.id = re.assigned_by
  where track_in_progress=1;
2023-05-22 00:18:38 [32minfo[39m: 	Requested URL : 
2023-05-22 00:18:38 [32minfo[39m: 	/track_progress_save
2023-05-22 00:18:38 [32minfo[39m: 	Requested URL : 
2023-05-22 00:18:38 [32minfo[39m: 	/track_progress_save
2023-05-22 00:18:38 [32minfo[39m: 	update reverted_stud_csv_admin_t set choosen_universites="asd",choosen_comments="asd" where id=9024
2023-05-22 00:18:38 [32minfo[39m: 	SELECT re.id as primaryKey,u1.role as assigned_role,u1.user_name as assigned_by_name,u1.id as assigned_id,re.assigned_time,re.*, u.* FROM reverted_stud_csv_admin_t as re
        left join users_dtl_t as u on u.email = re.email_id
        left join users_dtl_t as u1 on u1.id = re.assigned_by
        where track_in_progress=1;
2023-05-22 00:18:41 [32minfo[39m: 	Requested URL : 
2023-05-22 00:18:41 [32minfo[39m: 	/track_progress_get
2023-05-22 00:18:41 [32minfo[39m: 	SELECT re.id as primaryKey,u1.role as assigned_role,u1.user_name as assigned_by_name,u1.id as assigned_id,re.assigned_time,re.*, u.* FROM reverted_stud_csv_admin_t as re
  left join users_dtl_t as u on u.email = re.email_id
  left join users_dtl_t as u1 on u1.id = re.assigned_by
  where track_in_progress=1;
2023-05-22 00:18:50 [32minfo[39m: 	Requested URL : 
2023-05-22 00:18:50 [32minfo[39m: 	/track_progress_get
2023-05-22 00:18:50 [32minfo[39m: 	SELECT re.id as primaryKey,u1.role as assigned_role,u1.user_name as assigned_by_name,u1.id as assigned_id,re.assigned_time,re.*, u.* FROM reverted_stud_csv_admin_t as re
  left join users_dtl_t as u on u.email = re.email_id
  left join users_dtl_t as u1 on u1.id = re.assigned_by
  where track_in_progress=1;
2023-05-22 00:18:55 [32minfo[39m: 	Requested URL : 
2023-05-22 00:18:55 [32minfo[39m: 	/track_progress_save_button
2023-05-22 00:18:55 [32minfo[39m: 	Requested URL : 
2023-05-22 00:18:55 [32minfo[39m: 	/track_progress_save_button
2023-05-22 00:18:55 [32minfo[39m: 	update reverted_stud_csv_admin_t set track_in_progress=2,choosen_universites="asd",choosen_comments="asd",cons_admin_trackdate="2023-05-22"
   where id=9024;
2023-05-22 00:18:55 [32minfo[39m: 	Requested URL : 
2023-05-22 00:18:55 [32minfo[39m: 	/track_progress_get
2023-05-22 00:18:55 [32minfo[39m: 	SELECT re.id as primaryKey,u1.role as assigned_role,u1.user_name as assigned_by_name,u1.id as assigned_id,re.assigned_time,re.*, u.* FROM reverted_stud_csv_admin_t as re
  left join users_dtl_t as u on u.email = re.email_id
  left join users_dtl_t as u1 on u1.id = re.assigned_by
  where track_in_progress=1;
2023-05-22 00:19:04 [32minfo[39m: 	Requested URL : 
2023-05-22 00:19:04 [32minfo[39m: 	/admin_trackprocess_get
2023-05-22 00:19:04 [32minfo[39m: 	  SELECT u2.user_name as consultant_name,u1.user_name as advisor_name,re.assigned_time as advisor_submit_toConsultant,re.cons_admin_trackdate as Consultant_submitted_date_toadmin,u.*,re.* FROM reverted_stud_csv_admin_t as re
  left join users_dtl_t as u on u.email = re.email_id
    left join users_dtl_t as u1 on u1.id = re.assigned_by
      left join users_dtl_t as u2 on u2.id = re.assigned_to
  where track_in_progress=2;
2023-05-22 00:19:49 [32minfo[39m: 	Requested URL : 
2023-05-22 00:19:49 [32minfo[39m: 	/view_task
2023-05-22 00:19:49 [32minfo[39m: 	Requested URL : 
2023-05-22 00:19:49 [32minfo[39m: 	/view_task
2023-05-22 00:19:49 [32minfo[39m: 	SELECT * FROM tasks_dlt_t where c_by=1 and status="In Progress" and is_active=1 order by id desc;
2023-05-22 00:19:51 [32minfo[39m: 	Requested URL : 
2023-05-22 00:19:51 [32minfo[39m: 	/manage_roles_get
2023-05-22 00:19:51 [32minfo[39m: 	SELECT u.id,user_name,role,r.role_name,email,pwd,designation,c_ts as joined_date,phone_no,u.is_active
FROM users_dtl_t as u
join roles_table as r on r.id=u.role where role!=1 and u.is_active=1;
2023-05-22 00:19:58 [32minfo[39m: 	Requested URL : 
2023-05-22 00:19:58 [32minfo[39m: 	/manage_roles_get
2023-05-22 00:19:58 [32minfo[39m: 	SELECT u.id,user_name,role,r.role_name,email,pwd,designation,c_ts as joined_date,phone_no,u.is_active
FROM users_dtl_t as u
join roles_table as r on r.id=u.role where role!=1 and u.is_active=1;
2023-05-22 00:20:03 [32minfo[39m: 	Requested URL : 
2023-05-22 00:20:03 [32minfo[39m: 	/names_basedon_role
2023-05-22 00:20:03 [32minfo[39m: 	Requested URL : 
2023-05-22 00:20:03 [32minfo[39m: 	/names_basedon_role
2023-05-22 00:20:03 [32minfo[39m: 	Requested URL : 
2023-05-22 00:20:03 [32minfo[39m: 	/names_basedon_role
2023-05-22 00:20:03 [32minfo[39m: 	Requested URL : 
2023-05-22 00:20:03 [32minfo[39m: 	/notification_display
2023-05-22 00:20:03 [32minfo[39m: 	Requested URL : 
2023-05-22 00:20:03 [32minfo[39m: 	/names_basedon_role
2023-05-22 00:20:03 [32minfo[39m: 	Requested URL : 
2023-05-22 00:20:03 [32minfo[39m: 	/names_basedon_role
2023-05-22 00:20:03 [32minfo[39m: 	Requested URL : 
2023-05-22 00:20:03 [32minfo[39m: 	/names_basedon_role
2023-05-22 00:20:03 [32minfo[39m: 	Requested URL : 
2023-05-22 00:20:03 [32minfo[39m: 	/roles
2023-05-22 00:20:03 [32minfo[39m: 	Requested URL : 
2023-05-22 00:20:03 [32minfo[39m: 	/admin_reverted_list_get
2023-05-22 00:20:03 [32minfo[39m: 	Requested URL : 
2023-05-22 00:20:03 [32minfo[39m: 	/notification_display
2023-05-22 00:20:03 [32minfo[39m: 	SELECT id,user_name,email FROM users_dtl_t where role=3 and is_active=1;
2023-05-22 00:20:03 [32minfo[39m: 	SELECT id,user_name,email FROM users_dtl_t where role=2 and is_active=1;
2023-05-22 00:20:03 [32minfo[39m: 	SELECT id,user_name,email FROM users_dtl_t where role=4 and is_active=1;
2023-05-22 00:20:03 [32minfo[39m: 	SELECT * FROM roles_table where status=1;
2023-05-22 00:20:03 [32minfo[39m: 	SELECT * FROM reverted_stud_csv_admin_t 
    where  student_interest='Future Followup' and is_active=1 order by checkbox_save desc;
2023-05-22 00:20:03 [32minfo[39m: 	select s.message,u.user_name as createdby,s.c_ts as createdtime,s.created_by as reciever_id,u.role as roleid from send_message_dtl_t as s 
join users_dtl_t as u on u.id=s.created_by
 where role_id=1  and name=1 order by s.id desc;
