2023-05-29 23:01:34 [34mdebug[39m: 	CharisPathWay API server is listening at http://:::5555
2023-05-29 23:03:07 [31merror[39m: 	uncaughtException: ENOENT: no such file or directory, open 'ca_bundle.crt'
Error: ENOENT: no such file or directory, open 'ca_bundle.crt'
    at Object.openSync (node:fs:601:3)
    at Object.readFileSync (node:fs:469:35)
    at Object.<anonymous> (D:\Projects\cpath_all\chrispathway_backendcode_node_express-main (1)\chrispathway_backendcode_node_express-main\app.js:25:10)
    at Module._compile (node:internal/modules/cjs/loader:1254:14)
    at Module._extensions..js (node:internal/modules/cjs/loader:1308:10)
    at Module.load (node:internal/modules/cjs/loader:1117:32)
    at Module._load (node:internal/modules/cjs/loader:958:12)
    at Function.executeUserEntryPoint [as runMain] (node:internal/modules/run_main:81:12)
    at node:internal/main/run_main_module:23:47
2023-05-29 23:03:15 [31merror[39m: 	uncaughtException: ENOENT: no such file or directory, open 'ca_bundle.crt'
Error: ENOENT: no such file or directory, open 'ca_bundle.crt'
    at Object.openSync (node:fs:601:3)
    at Object.readFileSync (node:fs:469:35)
    at Object.<anonymous> (D:\Projects\cpath_all\chrispathway_backendcode_node_express-main (1)\chrispathway_backendcode_node_express-main\app.js:25:10)
    at Module._compile (node:internal/modules/cjs/loader:1254:14)
    at Module._extensions..js (node:internal/modules/cjs/loader:1308:10)
    at Module.load (node:internal/modules/cjs/loader:1117:32)
    at Module._load (node:internal/modules/cjs/loader:958:12)
    at Function.executeUserEntryPoint [as runMain] (node:internal/modules/run_main:81:12)
    at node:internal/main/run_main_module:23:47
2023-05-29 23:03:24 [31merror[39m: 	uncaughtException: ENOENT: no such file or directory, open 'ca_bundle.crt'
Error: ENOENT: no such file or directory, open 'ca_bundle.crt'
    at Object.openSync (node:fs:601:3)
    at Object.readFileSync (node:fs:469:35)
    at Object.<anonymous> (D:\Projects\cpath_all\chrispathway_backendcode_node_express-main (1)\chrispathway_backendcode_node_express-main\app.js:25:10)
    at Module._compile (node:internal/modules/cjs/loader:1254:14)
    at Module._extensions..js (node:internal/modules/cjs/loader:1308:10)
    at Module.load (node:internal/modules/cjs/loader:1117:32)
    at Module._load (node:internal/modules/cjs/loader:958:12)
    at Function.executeUserEntryPoint [as runMain] (node:internal/modules/run_main:81:12)
    at node:internal/main/run_main_module:23:47
2023-05-29 23:03:36 [31merror[39m: 	uncaughtException: ENOENT: no such file or directory, open 'ca_bundle.crt'
Error: ENOENT: no such file or directory, open 'ca_bundle.crt'
    at Object.openSync (node:fs:601:3)
    at Object.readFileSync (node:fs:469:35)
    at Object.<anonymous> (D:\Projects\cpath_all\chrispathway_backendcode_node_express-main (1)\chrispathway_backendcode_node_express-main\app.js:25:10)
    at Module._compile (node:internal/modules/cjs/loader:1254:14)
    at Module._extensions..js (node:internal/modules/cjs/loader:1308:10)
    at Module.load (node:internal/modules/cjs/loader:1117:32)
    at Module._load (node:internal/modules/cjs/loader:958:12)
    at Function.executeUserEntryPoint [as runMain] (node:internal/modules/run_main:81:12)
    at node:internal/main/run_main_module:23:47
2023-05-29 23:06:26 [31merror[39m: 	uncaughtException: ENOENT: no such file or directory, open 'ca_bundle.crt'
Error: ENOENT: no such file or directory, open 'ca_bundle.crt'
    at Object.openSync (node:fs:601:3)
    at Object.readFileSync (node:fs:469:35)
    at Object.<anonymous> (D:\Projects\cpath_all\chrispathway_backendcode_node_express-main (1)\chrispathway_backendcode_node_express-main\app.js:30:11)
    at Module._compile (node:internal/modules/cjs/loader:1254:14)
    at Module._extensions..js (node:internal/modules/cjs/loader:1308:10)
    at Module.load (node:internal/modules/cjs/loader:1117:32)
    at Module._load (node:internal/modules/cjs/loader:958:12)
    at Function.executeUserEntryPoint [as runMain] (node:internal/modules/run_main:81:12)
    at node:internal/main/run_main_module:23:47
2023-05-29 23:06:36 [31merror[39m: 	uncaughtException: ENOENT: no such file or directory, open 'ca_bundle.crt'
Error: ENOENT: no such file or directory, open 'ca_bundle.crt'
    at Object.openSync (node:fs:601:3)
    at Object.readFileSync (node:fs:469:35)
    at Object.<anonymous> (D:\Projects\cpath_all\chrispathway_backendcode_node_express-main (1)\chrispathway_backendcode_node_express-main\app.js:30:11)
    at Module._compile (node:internal/modules/cjs/loader:1254:14)
    at Module._extensions..js (node:internal/modules/cjs/loader:1308:10)
    at Module.load (node:internal/modules/cjs/loader:1117:32)
    at Module._load (node:internal/modules/cjs/loader:958:12)
    at Function.executeUserEntryPoint [as runMain] (node:internal/modules/run_main:81:12)
    at node:internal/main/run_main_module:23:47
2023-05-29 23:18:42 [34mdebug[39m: 	CharisPathWay API server is listening at http://:::5555
2023-05-29 23:18:42 [34mdebug[39m: 	CharisPathWay API server is listening at http://:::5555
