2023-05-23 20:24:21 [34mdebug[39m: 	CharisPathWay API server is listening at http://:::5555
2023-05-23 20:25:09 [32minfo[39m: 	Requested URL : 
2023-05-23 20:25:09 [32minfo[39m: 	/names_basedon_role
2023-05-23 20:25:09 [32minfo[39m: 	Requested URL : 
2023-05-23 20:25:09 [32minfo[39m: 	/names_basedon_role
2023-05-23 20:25:09 [32minfo[39m: 	Requested URL : 
2023-05-23 20:25:09 [32minfo[39m: 	/names_basedon_role
2023-05-23 20:25:09 [32minfo[39m: 	Requested URL : 
2023-05-23 20:25:09 [32minfo[39m: 	/names_basedon_role
2023-05-23 20:25:09 [32minfo[39m: 	Requested URL : 
2023-05-23 20:25:09 [32minfo[39m: 	/notification_display
2023-05-23 20:25:09 [32minfo[39m: 	Requested URL : 
2023-05-23 20:25:09 [32minfo[39m: 	/roles
2023-05-23 20:25:09 [32minfo[39m: 	Requested URL : 
2023-05-23 20:25:09 [32minfo[39m: 	/admin_reverted_list_get
2023-05-23 20:25:09 [32minfo[39m: 	Requested URL : 
2023-05-23 20:25:09 [32minfo[39m: 	/names_basedon_role
2023-05-23 20:25:09 [32minfo[39m: 	Requested URL : 
2023-05-23 20:25:09 [32minfo[39m: 	/names_basedon_role
2023-05-23 20:25:09 [32minfo[39m: 	Requested URL : 
2023-05-23 20:25:09 [32minfo[39m: 	/notification_display
2023-05-23 20:25:09 [32minfo[39m: 	SELECT id,user_name,email FROM users_dtl_t where role=3 and is_active=1;
2023-05-23 20:25:09 [32minfo[39m: 	SELECT id,user_name,email FROM users_dtl_t where role=4 and is_active=1;
2023-05-23 20:25:09 [32minfo[39m: 	select s.message,u.user_name as createdby,s.c_ts as createdtime,s.created_by as reciever_id,u.role as roleid from send_message_dtl_t as s 
join users_dtl_t as u on u.id=s.created_by
 where role_id=1  and name=1 order by s.id desc;
2023-05-23 20:25:09 [32minfo[39m: 	SELECT id,user_name,email FROM users_dtl_t where role=2 and is_active=1;
2023-05-23 20:25:09 [32minfo[39m: 	SELECT * FROM reverted_stud_csv_admin_t 
    where  student_interest='Future Followup' and is_active=1 order by checkbox_save desc;
2023-05-23 20:25:09 [32minfo[39m: 	SELECT * FROM roles_table where status=1;
2023-05-23 20:25:20 [32minfo[39m: 	Requested URL : 
2023-05-23 20:25:20 [32minfo[39m: 	/view_task
2023-05-23 20:25:20 [32minfo[39m: 	Requested URL : 
2023-05-23 20:25:20 [32minfo[39m: 	/view_task
2023-05-23 20:25:20 [32minfo[39m: 	SELECT * FROM tasks_dlt_t where c_by=1 and status="In Progress" and is_active=1 order by id desc;
2023-05-23 20:25:21 [32minfo[39m: 	Requested URL : 
2023-05-23 20:25:21 [32minfo[39m: 	/manage_roles_get
2023-05-23 20:25:21 [32minfo[39m: 	SELECT u.id,user_name,role,r.role_name,email,pwd,designation,c_ts as joined_date,phone_no,u.is_active
FROM users_dtl_t as u
join roles_table as r on r.id=u.role where role!=1 and u.is_active=1;
2023-05-23 20:25:41 [32minfo[39m: 	Requested URL : 
2023-05-23 20:25:41 [32minfo[39m: 	/view_task
2023-05-23 20:25:41 [32minfo[39m: 	Requested URL : 
2023-05-23 20:25:41 [32minfo[39m: 	/view_task
2023-05-23 20:25:41 [32minfo[39m: 	SELECT * FROM tasks_dlt_t where c_by=1 and status="In Progress" and is_active=1 order by id desc;
2023-05-23 20:25:51 [32minfo[39m: 	Requested URL : 
2023-05-23 20:25:51 [32minfo[39m: 	/view_task
2023-05-23 20:25:51 [32minfo[39m: 	Requested URL : 
2023-05-23 20:25:51 [32minfo[39m: 	/view_task
2023-05-23 20:25:51 [32minfo[39m: 	SELECT * FROM tasks_dlt_t where c_by=1 and status="In Progress" and is_active=1 order by id desc;
2023-05-23 20:28:05 [32minfo[39m: 	Requested URL : 
2023-05-23 20:28:05 [32minfo[39m: 	/view_task
2023-05-23 20:28:05 [32minfo[39m: 	SELECT * FROM tasks_dlt_t where c_by=1  and   is_active=1 and year(c_ts)='2023' and status='Progress' order by id desc;
2023-05-23 20:28:11 [32minfo[39m: 	Requested URL : 
2023-05-23 20:28:11 [32minfo[39m: 	/view_task
2023-05-23 20:28:11 [32minfo[39m: 	SELECT * FROM tasks_dlt_t where c_by=1  and   is_active=1 and year(c_ts)='2023' and status='progress' order by id desc;
2023-05-23 20:28:21 [32minfo[39m: 	Requested URL : 
2023-05-23 20:28:21 [32minfo[39m: 	/view_task
2023-05-23 20:28:21 [32minfo[39m: 	SELECT * FROM tasks_dlt_t where c_by=1  and   is_active=1 and year(c_ts)='2023' and status='In Progress' order by id desc;
2023-05-23 20:28:27 [32minfo[39m: 	Requested URL : 
2023-05-23 20:28:27 [32minfo[39m: 	/view_task
2023-05-23 20:28:27 [32minfo[39m: 	SELECT * FROM tasks_dlt_t where c_by=1  and   is_active=1 and year(c_ts)='2023' and status='In Progress' order by id desc;
2023-05-23 20:28:30 [32minfo[39m: 	Requested URL : 
2023-05-23 20:28:30 [32minfo[39m: 	/view_task
2023-05-23 20:28:30 [32minfo[39m: 	Requested URL : 
2023-05-23 20:28:30 [32minfo[39m: 	/view_task
2023-05-23 20:28:30 [32minfo[39m: 	SELECT * FROM tasks_dlt_t where c_by=1 and status="In Progress" and is_active=1 order by id desc;
2023-05-23 20:28:35 [32minfo[39m: 	Requested URL : 
2023-05-23 20:28:35 [32minfo[39m: 	/creating_task
2023-05-23 20:28:35 [32minfo[39m: 	Requested URL : 
2023-05-23 20:28:35 [32minfo[39m: 	/creating_task
2023-05-23 20:28:35 [32minfo[39m: 	select * from tasks_dlt_t where task_name='ra' and task_desc='sa'
2023-05-23 20:28:35 [32minfo[39m: 	insert into tasks_dlt_t(task_name, task_desc, created_role_id, c_by) values('ra', 'sa', 1, 1)
2023-05-23 20:28:35 [32minfo[39m: 	select * from tasks_dlt_t where id=80
2023-05-23 20:28:36 [32minfo[39m: 	Requested URL : 
2023-05-23 20:28:36 [32minfo[39m: 	/view_task
2023-05-23 20:28:36 [32minfo[39m: 	Requested URL : 
2023-05-23 20:28:36 [32minfo[39m: 	/view_task
2023-05-23 20:28:36 [32minfo[39m: 	SELECT * FROM tasks_dlt_t where c_by=1 and status="In Progress" and is_active=1 order by id desc;
2023-05-23 20:28:39 [32minfo[39m: 	Requested URL : 
2023-05-23 20:28:39 [32minfo[39m: 	/view_task_status_update
2023-05-23 20:28:39 [32minfo[39m: 	Requested URL : 
2023-05-23 20:28:39 [32minfo[39m: 	/view_task_status_update
2023-05-23 20:28:39 [32minfo[39m: 	update tasks_dlt_t set status='progress' ,u_by =1 where id=80;
2023-05-23 20:28:39 [32minfo[39m: 	Requested URL : 
2023-05-23 20:28:39 [32minfo[39m: 	/view_task
2023-05-23 20:28:39 [32minfo[39m: 	SELECT * FROM tasks_dlt_t where c_by=1 and status="In Progress" and is_active=1 order by id desc;
2023-05-23 20:28:42 [32minfo[39m: 	Requested URL : 
2023-05-23 20:28:42 [32minfo[39m: 	/view_task
2023-05-23 20:28:42 [32minfo[39m: 	Requested URL : 
2023-05-23 20:28:42 [32minfo[39m: 	/view_task
2023-05-23 20:28:42 [32minfo[39m: 	SELECT * FROM tasks_dlt_t where c_by=1 and status="In Progress" and is_active=1 order by id desc;
2023-05-23 20:28:48 [32minfo[39m: 	Requested URL : 
2023-05-23 20:28:48 [32minfo[39m: 	/view_task
2023-05-23 20:28:48 [32minfo[39m: 	SELECT * FROM tasks_dlt_t where c_by=1  and   is_active=1 and year(c_ts)='2023' and status='Progress' order by id desc;
2023-05-23 20:29:21 [32minfo[39m: 	Requested URL : 
2023-05-23 20:29:21 [32minfo[39m: 	/names_basedon_role
2023-05-23 20:29:21 [32minfo[39m: 	Requested URL : 
2023-05-23 20:29:21 [32minfo[39m: 	/names_basedon_role
2023-05-23 20:29:21 [32minfo[39m: 	Requested URL : 
2023-05-23 20:29:21 [32minfo[39m: 	/names_basedon_role
2023-05-23 20:29:21 [32minfo[39m: 	Requested URL : 
2023-05-23 20:29:21 [32minfo[39m: 	/notification_display
2023-05-23 20:29:21 [32minfo[39m: 	Requested URL : 
2023-05-23 20:29:21 [32minfo[39m: 	/roles
2023-05-23 20:29:21 [32minfo[39m: 	Requested URL : 
2023-05-23 20:29:21 [32minfo[39m: 	/names_basedon_role
2023-05-23 20:29:21 [32minfo[39m: 	Requested URL : 
2023-05-23 20:29:21 [32minfo[39m: 	/names_basedon_role
2023-05-23 20:29:21 [32minfo[39m: 	Requested URL : 
2023-05-23 20:29:21 [32minfo[39m: 	/names_basedon_role
2023-05-23 20:29:21 [32minfo[39m: 	Requested URL : 
2023-05-23 20:29:21 [32minfo[39m: 	/admin_reverted_list_get
2023-05-23 20:29:21 [32minfo[39m: 	Requested URL : 
2023-05-23 20:29:21 [32minfo[39m: 	/notification_display
2023-05-23 20:29:21 [32minfo[39m: 	SELECT * FROM roles_table where status=1;
2023-05-23 20:29:21 [32minfo[39m: 	SELECT id,user_name,email FROM users_dtl_t where role=2 and is_active=1;
2023-05-23 20:29:21 [32minfo[39m: 	SELECT id,user_name,email FROM users_dtl_t where role=4 and is_active=1;
2023-05-23 20:29:21 [32minfo[39m: 	SELECT id,user_name,email FROM users_dtl_t where role=3 and is_active=1;
2023-05-23 20:29:21 [32minfo[39m: 	select s.message,u.user_name as createdby,s.c_ts as createdtime,s.created_by as reciever_id,u.role as roleid from send_message_dtl_t as s 
join users_dtl_t as u on u.id=s.created_by
 where role_id=1  and name=1 order by s.id desc;
2023-05-23 20:29:21 [32minfo[39m: 	SELECT * FROM reverted_stud_csv_admin_t 
    where  student_interest='Future Followup' and is_active=1 order by checkbox_save desc;
2023-05-23 20:29:23 [32minfo[39m: 	Requested URL : 
2023-05-23 20:29:23 [32minfo[39m: 	/view_task
2023-05-23 20:29:23 [32minfo[39m: 	Requested URL : 
2023-05-23 20:29:23 [32minfo[39m: 	/view_task
2023-05-23 20:29:23 [32minfo[39m: 	SELECT * FROM tasks_dlt_t where c_by=1 and status="In Progress" and is_active=1 order by id desc;
2023-05-23 20:29:30 [32minfo[39m: 	Requested URL : 
2023-05-23 20:29:30 [32minfo[39m: 	/view_task
2023-05-23 20:29:30 [32minfo[39m: 	Requested URL : 
2023-05-23 20:29:30 [32minfo[39m: 	/view_task
2023-05-23 20:29:30 [32minfo[39m: 	SELECT * FROM tasks_dlt_t where c_by=1 and status="In Progress" and is_active=1 order by id desc;
2023-05-23 20:29:32 [32minfo[39m: 	Requested URL : 
2023-05-23 20:29:32 [32minfo[39m: 	/view_task
2023-05-23 20:29:32 [32minfo[39m: 	SELECT * FROM tasks_dlt_t where c_by=1 and status="In Progress" and is_active=1 order by id desc;
2023-05-23 20:29:39 [32minfo[39m: 	Requested URL : 
2023-05-23 20:29:39 [32minfo[39m: 	/view_task
2023-05-23 20:29:39 [32minfo[39m: 	Requested URL : 
2023-05-23 20:29:39 [32minfo[39m: 	/view_task
2023-05-23 20:29:39 [32minfo[39m: 	SELECT * FROM tasks_dlt_t where c_by=1 and status="In Progress" and is_active=1 order by id desc;
2023-05-23 20:29:48 [32minfo[39m: 	Requested URL : 
2023-05-23 20:29:48 [32minfo[39m: 	/view_task
2023-05-23 20:29:48 [32minfo[39m: 	Requested URL : 
2023-05-23 20:29:48 [32minfo[39m: 	/view_task
2023-05-23 20:29:48 [32minfo[39m: 	SELECT * FROM tasks_dlt_t where c_by=1 and status="In Progress" and is_active=1 order by id desc;
2023-05-23 20:30:02 [32minfo[39m: 	Requested URL : 
2023-05-23 20:30:02 [32minfo[39m: 	/names_basedon_role
2023-05-23 20:30:02 [32minfo[39m: 	Requested URL : 
2023-05-23 20:30:02 [32minfo[39m: 	/names_basedon_role
2023-05-23 20:30:02 [32minfo[39m: 	Requested URL : 
2023-05-23 20:30:02 [32minfo[39m: 	/names_basedon_role
2023-05-23 20:30:02 [32minfo[39m: 	Requested URL : 
2023-05-23 20:30:02 [32minfo[39m: 	/names_basedon_role
2023-05-23 20:30:02 [32minfo[39m: 	Requested URL : 
2023-05-23 20:30:02 [32minfo[39m: 	/names_basedon_role
2023-05-23 20:30:02 [32minfo[39m: 	Requested URL : 
2023-05-23 20:30:02 [32minfo[39m: 	/names_basedon_role
2023-05-23 20:30:02 [32minfo[39m: 	Requested URL : 
2023-05-23 20:30:02 [32minfo[39m: 	/notification_display
2023-05-23 20:30:02 [32minfo[39m: 	Requested URL : 
2023-05-23 20:30:02 [32minfo[39m: 	/roles
2023-05-23 20:30:02 [32minfo[39m: 	SELECT id,user_name,email FROM users_dtl_t where role=2 and is_active=1;
2023-05-23 20:30:02 [32minfo[39m: 	SELECT id,user_name,email FROM users_dtl_t where role=3 and is_active=1;
2023-05-23 20:30:02 [32minfo[39m: 	Requested URL : 
2023-05-23 20:30:02 [32minfo[39m: 	/notification_display
2023-05-23 20:30:02 [32minfo[39m: 	SELECT id,user_name,email FROM users_dtl_t where role=4 and is_active=1;
2023-05-23 20:30:02 [32minfo[39m: 	Requested URL : 
2023-05-23 20:30:02 [32minfo[39m: 	/admin_reverted_list_get
2023-05-23 20:30:02 [32minfo[39m: 	SELECT * FROM roles_table where status=1;
2023-05-23 20:30:02 [32minfo[39m: 	select s.message,u.user_name as createdby,s.c_ts as createdtime,s.created_by as reciever_id,u.role as roleid from send_message_dtl_t as s 
join users_dtl_t as u on u.id=s.created_by
 where role_id=1  and name=1 order by s.id desc;
2023-05-23 20:30:02 [32minfo[39m: 	SELECT * FROM reverted_stud_csv_admin_t 
    where  student_interest='Future Followup' and is_active=1 order by checkbox_save desc;
2023-05-23 20:30:05 [32minfo[39m: 	Requested URL : 
2023-05-23 20:30:05 [32minfo[39m: 	/view_task
2023-05-23 20:30:05 [32minfo[39m: 	Requested URL : 
2023-05-23 20:30:05 [32minfo[39m: 	/view_task
2023-05-23 20:30:05 [32minfo[39m: 	SELECT * FROM tasks_dlt_t where c_by=1 and status="In Progress" and is_active=1 order by id desc;
2023-05-23 20:30:11 [32minfo[39m: 	Requested URL : 
2023-05-23 20:30:11 [32minfo[39m: 	/view_task
2023-05-23 20:30:11 [32minfo[39m: 	Requested URL : 
2023-05-23 20:30:11 [32minfo[39m: 	/view_task
2023-05-23 20:30:11 [32minfo[39m: 	SELECT * FROM tasks_dlt_t where c_by=1 and status="In Progress" and is_active=1 order by id desc;
2023-05-23 20:31:05 [32minfo[39m: 	Requested URL : 
2023-05-23 20:31:05 [32minfo[39m: 	/names_basedon_role
2023-05-23 20:31:05 [32minfo[39m: 	Requested URL : 
2023-05-23 20:31:05 [32minfo[39m: 	/names_basedon_role
2023-05-23 20:31:05 [32minfo[39m: 	Requested URL : 
2023-05-23 20:31:05 [32minfo[39m: 	/names_basedon_role
2023-05-23 20:31:05 [32minfo[39m: 	Requested URL : 
2023-05-23 20:31:05 [32minfo[39m: 	/names_basedon_role
2023-05-23 20:31:05 [32minfo[39m: 	Requested URL : 
2023-05-23 20:31:05 [32minfo[39m: 	/notification_display
2023-05-23 20:31:05 [32minfo[39m: 	Requested URL : 
2023-05-23 20:31:05 [32minfo[39m: 	/roles
2023-05-23 20:31:05 [32minfo[39m: 	Requested URL : 
2023-05-23 20:31:05 [32minfo[39m: 	/names_basedon_role
2023-05-23 20:31:05 [32minfo[39m: 	Requested URL : 
2023-05-23 20:31:05 [32minfo[39m: 	/names_basedon_role
2023-05-23 20:31:05 [32minfo[39m: 	Requested URL : 
2023-05-23 20:31:05 [32minfo[39m: 	/admin_reverted_list_get
2023-05-23 20:31:05 [32minfo[39m: 	Requested URL : 
2023-05-23 20:31:05 [32minfo[39m: 	/notification_display
2023-05-23 20:31:05 [32minfo[39m: 	SELECT id,user_name,email FROM users_dtl_t where role=2 and is_active=1;
2023-05-23 20:31:05 [32minfo[39m: 	SELECT * FROM roles_table where status=1;
2023-05-23 20:31:05 [32minfo[39m: 	SELECT id,user_name,email FROM users_dtl_t where role=3 and is_active=1;
2023-05-23 20:31:05 [32minfo[39m: 	SELECT id,user_name,email FROM users_dtl_t where role=4 and is_active=1;
2023-05-23 20:31:05 [32minfo[39m: 	SELECT * FROM reverted_stud_csv_admin_t 
    where  student_interest='Future Followup' and is_active=1 order by checkbox_save desc;
2023-05-23 20:31:05 [32minfo[39m: 	select s.message,u.user_name as createdby,s.c_ts as createdtime,s.created_by as reciever_id,u.role as roleid from send_message_dtl_t as s 
join users_dtl_t as u on u.id=s.created_by
 where role_id=1  and name=1 order by s.id desc;
2023-05-23 20:31:09 [32minfo[39m: 	Requested URL : 
2023-05-23 20:31:09 [32minfo[39m: 	/view_task
2023-05-23 20:31:09 [32minfo[39m: 	Requested URL : 
2023-05-23 20:31:09 [32minfo[39m: 	/view_task
2023-05-23 20:31:09 [32minfo[39m: 	SELECT * FROM tasks_dlt_t where c_by=1 and status="In Progress" and is_active=1 order by id desc;
2023-05-23 20:31:17 [32minfo[39m: 	Requested URL : 
2023-05-23 20:31:17 [32minfo[39m: 	/view_task
2023-05-23 20:31:17 [32minfo[39m: 	Requested URL : 
2023-05-23 20:31:17 [32minfo[39m: 	/view_task
2023-05-23 20:31:17 [32minfo[39m: 	SELECT * FROM tasks_dlt_t where c_by=1  and   is_active=1 and year(c_ts)='2023' and status='Progress' order by id desc;
2023-05-23 20:31:21 [32minfo[39m: 	Requested URL : 
2023-05-23 20:31:21 [32minfo[39m: 	/view_task
2023-05-23 20:31:21 [32minfo[39m: 	SELECT * FROM tasks_dlt_t where c_by=1  and   is_active=1 and year(c_ts)='2023' and status='Done' order by id desc;
2023-05-23 20:31:27 [32minfo[39m: 	Requested URL : 
2023-05-23 20:31:27 [32minfo[39m: 	/view_task
2023-05-23 20:31:27 [32minfo[39m: 	Requested URL : 
2023-05-23 20:31:27 [32minfo[39m: 	/view_task
2023-05-23 20:31:27 [32minfo[39m: 	SELECT * FROM tasks_dlt_t where c_by=1 and status="In Progress" and is_active=1 order by id desc;
2023-05-23 20:31:31 [32minfo[39m: 	Requested URL : 
2023-05-23 20:31:31 [32minfo[39m: 	/view_task
2023-05-23 20:31:31 [32minfo[39m: 	SELECT * FROM tasks_dlt_t where c_by=1  and   is_active=1 and year(c_ts)='2023' and status='Progress' order by id desc;
2023-05-23 20:31:35 [32minfo[39m: 	Requested URL : 
2023-05-23 20:31:35 [32minfo[39m: 	/creating_task
2023-05-23 20:31:35 [32minfo[39m: 	Requested URL : 
2023-05-23 20:31:35 [32minfo[39m: 	/creating_task
2023-05-23 20:31:35 [32minfo[39m: 	select * from tasks_dlt_t where task_name='da' and task_desc='da'
2023-05-23 20:31:35 [32minfo[39m: 	insert into tasks_dlt_t(task_name, task_desc, created_role_id, c_by) values('da', 'da', 1, 1)
2023-05-23 20:31:35 [32minfo[39m: 	select * from tasks_dlt_t where id=81
2023-05-23 20:31:36 [32minfo[39m: 	Requested URL : 
2023-05-23 20:31:36 [32minfo[39m: 	/view_task
2023-05-23 20:31:36 [32minfo[39m: 	Requested URL : 
2023-05-23 20:31:36 [32minfo[39m: 	/view_task
2023-05-23 20:31:36 [32minfo[39m: 	SELECT * FROM tasks_dlt_t where c_by=1 and status="In Progress" and is_active=1 order by id desc;
2023-05-23 20:31:38 [32minfo[39m: 	Requested URL : 
2023-05-23 20:31:38 [32minfo[39m: 	/view_task
2023-05-23 20:31:38 [32minfo[39m: 	SELECT * FROM tasks_dlt_t where c_by=1  and   is_active=1 and year(c_ts)='2023' and status='Done' order by id desc;
2023-05-23 20:31:47 [32minfo[39m: 	Requested URL : 
2023-05-23 20:31:47 [32minfo[39m: 	/view_task
2023-05-23 20:31:47 [32minfo[39m: 	Requested URL : 
2023-05-23 20:31:47 [32minfo[39m: 	/view_task
2023-05-23 20:31:47 [32minfo[39m: 	SELECT * FROM tasks_dlt_t where c_by=1  and   is_active=1 and year(c_ts)='2023' and status='Done' order by id desc;
2023-05-23 20:31:57 [32minfo[39m: 	Requested URL : 
2023-05-23 20:31:57 [32minfo[39m: 	/view_task
2023-05-23 20:31:57 [32minfo[39m: 	Requested URL : 
2023-05-23 20:31:57 [32minfo[39m: 	/view_task
2023-05-23 20:31:57 [32minfo[39m: 	SELECT * FROM tasks_dlt_t where c_by=1 and status="In Progress" and is_active=1 order by id desc;
2023-05-23 20:32:04 [32minfo[39m: 	Requested URL : 
2023-05-23 20:32:04 [32minfo[39m: 	/view_task_status_update
2023-05-23 20:32:04 [32minfo[39m: 	Requested URL : 
2023-05-23 20:32:04 [32minfo[39m: 	/view_task_status_update
2023-05-23 20:32:04 [32minfo[39m: 	update tasks_dlt_t set status='Done' ,u_by =1 where id=81;
2023-05-23 20:32:04 [32minfo[39m: 	Requested URL : 
2023-05-23 20:32:04 [32minfo[39m: 	/view_task
2023-05-23 20:32:04 [32minfo[39m: 	Requested URL : 
2023-05-23 20:32:04 [32minfo[39m: 	/view_task
2023-05-23 20:32:04 [32minfo[39m: 	SELECT * FROM tasks_dlt_t where c_by=1 and status="In Progress" and is_active=1 order by id desc;
2023-05-23 20:32:06 [32minfo[39m: 	Requested URL : 
2023-05-23 20:32:06 [32minfo[39m: 	/view_task
2023-05-23 20:32:06 [32minfo[39m: 	SELECT * FROM tasks_dlt_t where c_by=1  and   is_active=1 and year(c_ts)='2023' and status='Progress' order by id desc;
2023-05-23 20:32:08 [32minfo[39m: 	Requested URL : 
2023-05-23 20:32:08 [32minfo[39m: 	/view_task
2023-05-23 20:32:08 [32minfo[39m: 	SELECT * FROM tasks_dlt_t where c_by=1  and   is_active=1 and year(c_ts)='2023' and status='Done' order by id desc;
2023-05-23 20:32:11 [32minfo[39m: 	Requested URL : 
2023-05-23 20:32:11 [32minfo[39m: 	/view_task
2023-05-23 20:32:11 [32minfo[39m: 	Requested URL : 
2023-05-23 20:32:11 [32minfo[39m: 	/view_task
2023-05-23 20:32:11 [32minfo[39m: 	SELECT * FROM tasks_dlt_t where c_by=1 and status="In Progress" and is_active=1 order by id desc;
2023-05-23 20:32:12 [32minfo[39m: 	Requested URL : 
2023-05-23 20:32:12 [32minfo[39m: 	/view_task
2023-05-23 20:32:12 [32minfo[39m: 	SELECT * FROM tasks_dlt_t where c_by=1  and   is_active=1 and year(c_ts)='2023' and status='Done' order by id desc;
2023-05-23 20:32:15 [32minfo[39m: 	Requested URL : 
2023-05-23 20:32:15 [32minfo[39m: 	/view_task_status_update
2023-05-23 20:32:15 [32minfo[39m: 	Requested URL : 
2023-05-23 20:32:15 [32minfo[39m: 	/view_task_status_update
2023-05-23 20:32:15 [32minfo[39m: 	update tasks_dlt_t set status='Delete' ,u_by =1 , is_active=0 where id=81;
2023-05-23 20:32:18 [32minfo[39m: 	Requested URL : 
2023-05-23 20:32:18 [32minfo[39m: 	/names_basedon_role
2023-05-23 20:32:18 [32minfo[39m: 	Requested URL : 
2023-05-23 20:32:18 [32minfo[39m: 	/names_basedon_role
2023-05-23 20:32:18 [32minfo[39m: 	Requested URL : 
2023-05-23 20:32:18 [32minfo[39m: 	/names_basedon_role
2023-05-23 20:32:18 [32minfo[39m: 	Requested URL : 
2023-05-23 20:32:18 [32minfo[39m: 	/names_basedon_role
2023-05-23 20:32:18 [32minfo[39m: 	Requested URL : 
2023-05-23 20:32:18 [32minfo[39m: 	/names_basedon_role
2023-05-23 20:32:18 [32minfo[39m: 	Requested URL : 
2023-05-23 20:32:18 [32minfo[39m: 	/notification_display
2023-05-23 20:32:18 [32minfo[39m: 	Requested URL : 
2023-05-23 20:32:18 [32minfo[39m: 	/names_basedon_role
2023-05-23 20:32:18 [32minfo[39m: 	SELECT id,user_name,email FROM users_dtl_t where role=2 and is_active=1;
2023-05-23 20:32:18 [32minfo[39m: 	Requested URL : 
2023-05-23 20:32:18 [32minfo[39m: 	/notification_display
2023-05-23 20:32:18 [32minfo[39m: 	SELECT id,user_name,email FROM users_dtl_t where role=3 and is_active=1;
2023-05-23 20:32:18 [32minfo[39m: 	SELECT id,user_name,email FROM users_dtl_t where role=4 and is_active=1;
2023-05-23 20:32:18 [32minfo[39m: 	select s.message,u.user_name as createdby,s.c_ts as createdtime,s.created_by as reciever_id,u.role as roleid from send_message_dtl_t as s 
join users_dtl_t as u on u.id=s.created_by
 where role_id=1  and name=1 order by s.id desc;
2023-05-23 20:32:18 [32minfo[39m: 	Requested URL : 
2023-05-23 20:32:18 [32minfo[39m: 	/roles
2023-05-23 20:32:18 [32minfo[39m: 	Requested URL : 
2023-05-23 20:32:18 [32minfo[39m: 	/admin_reverted_list_get
2023-05-23 20:32:18 [32minfo[39m: 	SELECT * FROM roles_table where status=1;
2023-05-23 20:32:18 [32minfo[39m: 	SELECT * FROM reverted_stud_csv_admin_t 
    where  student_interest='Future Followup' and is_active=1 order by checkbox_save desc;
2023-05-23 20:32:19 [32minfo[39m: 	Requested URL : 
2023-05-23 20:32:19 [32minfo[39m: 	/view_task
2023-05-23 20:32:19 [32minfo[39m: 	Requested URL : 
2023-05-23 20:32:19 [32minfo[39m: 	/view_task
2023-05-23 20:32:19 [32minfo[39m: 	SELECT * FROM tasks_dlt_t where c_by=1 and status="In Progress" and is_active=1 order by id desc;
2023-05-23 20:32:22 [32minfo[39m: 	Requested URL : 
2023-05-23 20:32:22 [32minfo[39m: 	/view_task
2023-05-23 20:32:22 [32minfo[39m: 	SELECT * FROM tasks_dlt_t where c_by=1 and status="In Progress" and is_active=1 order by id desc;
2023-05-23 20:32:26 [32minfo[39m: 	Requested URL : 
2023-05-23 20:32:26 [32minfo[39m: 	/view_task
2023-05-23 20:32:26 [32minfo[39m: 	Requested URL : 
2023-05-23 20:32:26 [32minfo[39m: 	/view_task
2023-05-23 20:32:26 [32minfo[39m: 	SELECT * FROM tasks_dlt_t where c_by=1  and   is_active=1 and year(c_ts)='2023' and status='Done' order by id desc;
2023-05-23 20:32:29 [32minfo[39m: 	Requested URL : 
2023-05-23 20:32:29 [32minfo[39m: 	/view_task
2023-05-23 20:32:29 [32minfo[39m: 	SELECT * FROM tasks_dlt_t where c_by=1  and   is_active=1 and year(c_ts)='2023' and status='Progress' order by id desc;
2023-05-23 20:32:34 [32minfo[39m: 	Requested URL : 
2023-05-23 20:32:34 [32minfo[39m: 	/manage_roles_get
2023-05-23 20:32:34 [32minfo[39m: 	SELECT u.id,user_name,role,r.role_name,email,pwd,designation,c_ts as joined_date,phone_no,u.is_active
FROM users_dtl_t as u
join roles_table as r on r.id=u.role where role!=1 and u.is_active=1;
2023-05-23 20:32:36 [32minfo[39m: 	Requested URL : 
2023-05-23 20:32:36 [32minfo[39m: 	/assigned_stud_list_csv
2023-05-23 20:32:36 [32minfo[39m: 	Requested URL : 
2023-05-23 20:32:36 [32minfo[39m: 	/assigned_stud_list_csv
2023-05-23 20:32:36 [32minfo[39m: 	select * from reverted_stud_csv_admin_t where is_active=1 and assigned_to is null
2023-05-23 20:32:40 [32minfo[39m: 	Requested URL : 
2023-05-23 20:32:40 [32minfo[39m: 	/admin_trackprocess_get
2023-05-23 20:32:40 [32minfo[39m: 	  SELECT u2.user_name as consultant_name,u1.user_name as advisor_name,re.assigned_time as advisor_submit_toConsultant,re.cons_admin_trackdate as Consultant_submitted_date_toadmin,u.*,re.* FROM reverted_stud_csv_admin_t as re
  left join users_dtl_t as u on u.email = re.email_id
    left join users_dtl_t as u1 on u1.id = re.assigned_by
      left join users_dtl_t as u2 on u2.id = re.assigned_to
  where track_in_progress=2;
2023-05-23 21:11:16 [32minfo[39m: 	Requested URL : 
2023-05-23 21:11:16 [32minfo[39m: 	/names_basedon_role
2023-05-23 21:11:16 [32minfo[39m: 	Requested URL : 
2023-05-23 21:11:16 [32minfo[39m: 	/names_basedon_role
2023-05-23 21:11:16 [32minfo[39m: 	Requested URL : 
2023-05-23 21:11:16 [32minfo[39m: 	/names_basedon_role
2023-05-23 21:11:16 [32minfo[39m: 	Requested URL : 
2023-05-23 21:11:16 [32minfo[39m: 	/notification_display
2023-05-23 21:11:16 [32minfo[39m: 	Requested URL : 
2023-05-23 21:11:16 [32minfo[39m: 	/names_basedon_role
2023-05-23 21:11:16 [32minfo[39m: 	Requested URL : 
2023-05-23 21:11:16 [32minfo[39m: 	/roles
2023-05-23 21:11:16 [32minfo[39m: 	Requested URL : 
2023-05-23 21:11:16 [32minfo[39m: 	/admin_reverted_list_get
2023-05-23 21:11:16 [32minfo[39m: 	Requested URL : 
2023-05-23 21:11:16 [32minfo[39m: 	/names_basedon_role
2023-05-23 21:11:16 [32minfo[39m: 	Requested URL : 
2023-05-23 21:11:16 [32minfo[39m: 	/names_basedon_role
2023-05-23 21:11:16 [32minfo[39m: 	Requested URL : 
2023-05-23 21:11:16 [32minfo[39m: 	/notification_display
2023-05-23 21:11:16 [32minfo[39m: 	SELECT * FROM roles_table where status=1;
2023-05-23 21:11:16 [32minfo[39m: 	SELECT id,user_name,email FROM users_dtl_t where role=3 and is_active=1;
2023-05-23 21:11:16 [32minfo[39m: 	SELECT id,user_name,email FROM users_dtl_t where role=2 and is_active=1;
2023-05-23 21:11:16 [32minfo[39m: 	select s.message,u.user_name as createdby,s.c_ts as createdtime,s.created_by as reciever_id,u.role as roleid from send_message_dtl_t as s 
join users_dtl_t as u on u.id=s.created_by
 where role_id=1  and name=1 order by s.id desc;
2023-05-23 21:11:16 [32minfo[39m: 	SELECT id,user_name,email FROM users_dtl_t where role=4 and is_active=1;
2023-05-23 21:11:16 [32minfo[39m: 	SELECT * FROM reverted_stud_csv_admin_t 
    where  student_interest='Future Followup' and is_active=1 order by checkbox_save desc;
2023-05-23 21:11:21 [32minfo[39m: 	Requested URL : 
2023-05-23 21:11:21 [32minfo[39m: 	/names_basedon_role
2023-05-23 21:11:21 [32minfo[39m: 	Requested URL : 
2023-05-23 21:11:21 [32minfo[39m: 	/names_basedon_role
2023-05-23 21:11:21 [32minfo[39m: 	Requested URL : 
2023-05-23 21:11:21 [32minfo[39m: 	/names_basedon_role
2023-05-23 21:11:21 [32minfo[39m: 	SELECT id,user_name,email FROM users_dtl_t where role=2 and is_active=1;
2023-05-23 21:11:21 [32minfo[39m: 	Requested URL : 
2023-05-23 21:11:21 [32minfo[39m: 	/notification_display
2023-05-23 21:11:21 [32minfo[39m: 	Requested URL : 
2023-05-23 21:11:21 [32minfo[39m: 	/roles
2023-05-23 21:11:21 [32minfo[39m: 	SELECT id,user_name,email FROM users_dtl_t where role=4 and is_active=1;
2023-05-23 21:11:21 [32minfo[39m: 	SELECT id,user_name,email FROM users_dtl_t where role=3 and is_active=1;
2023-05-23 21:11:21 [32minfo[39m: 	Requested URL : 
2023-05-23 21:11:21 [32minfo[39m: 	/admin_reverted_list_get
2023-05-23 21:11:21 [32minfo[39m: 	select s.message,u.user_name as createdby,s.c_ts as createdtime,s.created_by as reciever_id,u.role as roleid from send_message_dtl_t as s 
join users_dtl_t as u on u.id=s.created_by
 where role_id=1  and name=1 order by s.id desc;
2023-05-23 21:11:21 [32minfo[39m: 	SELECT * FROM roles_table where status=1;
2023-05-23 21:11:21 [32minfo[39m: 	SELECT * FROM reverted_stud_csv_admin_t 
    where  student_interest='Future Followup' and is_active=1 order by checkbox_save desc;
2023-05-23 21:11:34 [32minfo[39m: 	Requested URL : 
2023-05-23 21:11:34 [32minfo[39m: 	/names_basedon_role
2023-05-23 21:11:34 [32minfo[39m: 	Requested URL : 
2023-05-23 21:11:34 [32minfo[39m: 	/names_basedon_role
2023-05-23 21:11:34 [32minfo[39m: 	Requested URL : 
2023-05-23 21:11:34 [32minfo[39m: 	/names_basedon_role
2023-05-23 21:11:34 [32minfo[39m: 	Requested URL : 
2023-05-23 21:11:34 [32minfo[39m: 	/notification_display
2023-05-23 21:11:34 [32minfo[39m: 	Requested URL : 
2023-05-23 21:11:34 [32minfo[39m: 	/roles
2023-05-23 21:11:34 [32minfo[39m: 	Requested URL : 
2023-05-23 21:11:34 [32minfo[39m: 	/names_basedon_role
2023-05-23 21:11:34 [32minfo[39m: 	Requested URL : 
2023-05-23 21:11:34 [32minfo[39m: 	/names_basedon_role
2023-05-23 21:11:34 [32minfo[39m: 	Requested URL : 
2023-05-23 21:11:34 [32minfo[39m: 	/names_basedon_role
2023-05-23 21:11:34 [32minfo[39m: 	Requested URL : 
2023-05-23 21:11:34 [32minfo[39m: 	/admin_reverted_list_get
2023-05-23 21:11:34 [32minfo[39m: 	Requested URL : 
2023-05-23 21:11:34 [32minfo[39m: 	/notification_display
2023-05-23 21:11:34 [32minfo[39m: 	SELECT id,user_name,email FROM users_dtl_t where role=2 and is_active=1;
2023-05-23 21:11:34 [32minfo[39m: 	SELECT * FROM roles_table where status=1;
2023-05-23 21:11:34 [32minfo[39m: 	SELECT id,user_name,email FROM users_dtl_t where role=3 and is_active=1;
2023-05-23 21:11:34 [32minfo[39m: 	SELECT id,user_name,email FROM users_dtl_t where role=4 and is_active=1;
2023-05-23 21:11:34 [32minfo[39m: 	SELECT * FROM reverted_stud_csv_admin_t 
    where  student_interest='Future Followup' and is_active=1 order by checkbox_save desc;
2023-05-23 21:11:34 [32minfo[39m: 	select s.message,u.user_name as createdby,s.c_ts as createdtime,s.created_by as reciever_id,u.role as roleid from send_message_dtl_t as s 
join users_dtl_t as u on u.id=s.created_by
 where role_id=1  and name=1 order by s.id desc;
2023-05-23 21:12:05 [32minfo[39m: 	Requested URL : 
2023-05-23 21:12:05 [32minfo[39m: 	/login
2023-05-23 21:12:05 [32minfo[39m: 	Requested URL : 
2023-05-23 21:12:05 [32minfo[39m: 	/login
2023-05-23 21:12:05 [32minfo[39m: 	SELECT * FROM users_dtl_t where email='sandeepcharispathway@gmail.com'
2023-05-23 21:12:05 [32minfo[39m: 	SELECT * FROM users_dtl_t where email='sandeepcharispathway@gmail.com' and pwd='FR0k1YHd6M' 
2023-05-23 21:12:05 [32minfo[39m: 	select * from users_dtl_t where id=1
2023-05-23 21:12:06 [32minfo[39m: 	Requested URL : 
2023-05-23 21:12:06 [32minfo[39m: 	/notification_display
2023-05-23 21:12:06 [32minfo[39m: 	Requested URL : 
2023-05-23 21:12:06 [32minfo[39m: 	/names_basedon_role
2023-05-23 21:12:06 [32minfo[39m: 	Requested URL : 
2023-05-23 21:12:06 [32minfo[39m: 	/names_basedon_role
2023-05-23 21:12:06 [32minfo[39m: 	Requested URL : 
2023-05-23 21:12:06 [32minfo[39m: 	/notification_display
2023-05-23 21:12:06 [32minfo[39m: 	Requested URL : 
2023-05-23 21:12:06 [32minfo[39m: 	/names_basedon_role
2023-05-23 21:12:06 [32minfo[39m: 	Requested URL : 
2023-05-23 21:12:06 [32minfo[39m: 	/names_basedon_role
2023-05-23 21:12:06 [32minfo[39m: 	select s.message,u.user_name as createdby,s.c_ts as createdtime,s.created_by as reciever_id,u.role as roleid from send_message_dtl_t as s 
join users_dtl_t as u on u.id=s.created_by
 where role_id=2  and name=115 order by s.id desc;
2023-05-23 21:12:06 [32minfo[39m: 	SELECT id,user_name,email FROM users_dtl_t where role=3 and is_active=1;
2023-05-23 21:12:06 [32minfo[39m: 	SELECT id,user_name,email FROM users_dtl_t where role=2 and is_active=1;
2023-05-23 21:12:09 [32minfo[39m: 	Requested URL : 
2023-05-23 21:12:09 [32minfo[39m: 	/assigned_stud_list_csv
2023-05-23 21:12:09 [32minfo[39m: 	Requested URL : 
2023-05-23 21:12:09 [32minfo[39m: 	/assigned_stud_list_csv
2023-05-23 21:12:09 [32minfo[39m: 	 select case when assign_indicator=0 then "true" when assign_indicator=1 then '' else '' end as checked,a.*
        from reverted_stud_csv_admin_t as a 
        where   is_active=1 and assigned_to=115 and (student_interest is null or (student_interest='Yes' and assign_indicator=0));
2023-05-23 21:12:11 [32minfo[39m: 	Requested URL : 
2023-05-23 21:12:11 [32minfo[39m: 	/assigned_stud_list_csv
2023-05-23 21:12:11 [32minfo[39m: 	 select case when assign_indicator=0 then "true" when assign_indicator=1 then '' else '' end as checked,a.*
        from reverted_stud_csv_admin_t as a 
        where   is_active=1 and assigned_to=115 and (student_interest is null or (student_interest='Yes' and assign_indicator=0));
2023-05-23 21:12:14 [32minfo[39m: 	Requested URL : 
2023-05-23 21:12:14 [32minfo[39m: 	/trackProcess
2023-05-23 21:12:14 [32minfo[39m: 	Requested URL : 
2023-05-23 21:12:14 [32minfo[39m: 	/trackProcess
2023-05-23 21:12:14 [32minfo[39m: 	SELECT r.id as prima,r.*,u.*,stu.* FROM reverted_stud_csv_admin_t  as r
left join users_dtl_t as u on u.email=r.email_id
left join student_dtl_t as stu on stu.c_by=u.id
where student_interest="Yes" and assign_indicator=1 and assigned_to=115;
2023-05-23 21:12:19 [32minfo[39m: 	Requested URL : 
2023-05-23 21:12:19 [32minfo[39m: 	/assigned_stud_list_csv
2023-05-23 21:12:19 [32minfo[39m: 	Requested URL : 
2023-05-23 21:12:19 [32minfo[39m: 	/assigned_stud_list_csv
2023-05-23 21:12:19 [32minfo[39m: 	select * from reverted_stud_csv_admin_t where is_active=1 and assigned_to is null
2023-05-23 21:12:24 [32minfo[39m: 	Requested URL : 
2023-05-23 21:12:24 [32minfo[39m: 	/assigned_stud_save_button
2023-05-23 21:12:24 [32minfo[39m: 	Requested URL : 
2023-05-23 21:12:24 [32minfo[39m: 	/assigned_stud_save_button
2023-05-23 21:12:24 [32minfo[39m: 	Requested URL : 
2023-05-23 21:12:24 [32minfo[39m: 	/assigned_stud_save_button
2023-05-23 21:12:24 [32minfo[39m: 	Requested URL : 
2023-05-23 21:12:24 [32minfo[39m: 	/assigned_stud_save_button
2023-05-23 21:12:25 [32minfo[39m: 	update reverted_stud_csv_admin_t set is_active=1, assigned_to=115,assigned_by=1
    where id in (9025);
2023-05-23 21:12:25 [32minfo[39m: 	update reverted_stud_csv_admin_t set is_active=1, assigned_to=115,assigned_by=1
    where id in (9026);
2023-05-23 21:12:25 [32minfo[39m: 	Requested URL : 
2023-05-23 21:12:25 [32minfo[39m: 	/assigned_stud_list_csv
2023-05-23 21:12:25 [32minfo[39m: 	Requested URL : 
2023-05-23 21:12:25 [32minfo[39m: 	/assigned_stud_list_csv
2023-05-23 21:12:25 [32minfo[39m: 	select * from reverted_stud_csv_admin_t where is_active=1 and assigned_to is null
2023-05-23 21:12:25 [32minfo[39m: 	Requested URL : 
2023-05-23 21:12:25 [32minfo[39m: 	/assigned_stud_list_csv
2023-05-23 21:12:25 [32minfo[39m: 	select * from reverted_stud_csv_admin_t where is_active=1 and assigned_to is null
2023-05-23 21:12:26 [32minfo[39m: 	Requested URL : 
2023-05-23 21:12:26 [32minfo[39m: 	/admin_trackprocess_get
2023-05-23 21:12:26 [32minfo[39m: 	  SELECT u2.user_name as consultant_name,u1.user_name as advisor_name,re.assigned_time as advisor_submit_toConsultant,re.cons_admin_trackdate as Consultant_submitted_date_toadmin,u.*,re.* FROM reverted_stud_csv_admin_t as re
  left join users_dtl_t as u on u.email = re.email_id
    left join users_dtl_t as u1 on u1.id = re.assigned_by
      left join users_dtl_t as u2 on u2.id = re.assigned_to
  where track_in_progress=2;
2023-05-23 21:12:30 [32minfo[39m: 	Requested URL : 
2023-05-23 21:12:30 [32minfo[39m: 	/assigned_stud_list_csv
2023-05-23 21:12:30 [32minfo[39m: 	Requested URL : 
2023-05-23 21:12:30 [32minfo[39m: 	/assigned_stud_list_csv
2023-05-23 21:12:30 [32minfo[39m: 	 select case when assign_indicator=0 then "true" when assign_indicator=1 then '' else '' end as checked,a.*
        from reverted_stud_csv_admin_t as a 
        where   is_active=1 and assigned_to=115 and (student_interest is null or (student_interest='Yes' and assign_indicator=0));
2023-05-23 21:12:33 [32minfo[39m: 	Requested URL : 
2023-05-23 21:12:33 [32minfo[39m: 	/assigned_stud_list_csv
2023-05-23 21:12:33 [32minfo[39m: 	 select case when assign_indicator=0 then "true" when assign_indicator=1 then '' else '' end as checked,a.*
        from reverted_stud_csv_admin_t as a 
        where   is_active=1 and assigned_to=115 and (student_interest is null or (student_interest='Yes' and assign_indicator=0));
2023-05-23 21:12:37 [32minfo[39m: 	Requested URL : 
2023-05-23 21:12:37 [32minfo[39m: 	/advisor_todo_row_save
2023-05-23 21:12:37 [32minfo[39m: 	Requested URL : 
2023-05-23 21:12:37 [32minfo[39m: 	/advisor_todo_row_save
2023-05-23 21:12:37 [32minfo[39m: 	update reverted_stud_csv_admin_t set row_time_save='2023-05-23',u_ts='2023-05-23',student_interest='Yes',assign_indicator='1',comments=NULL where id in (9025)
2023-05-23 21:12:37 [32minfo[39m: 	Requested URL : 
2023-05-23 21:12:37 [32minfo[39m: 	/assigned_stud_list_csv
2023-05-23 21:12:37 [32minfo[39m: 	Requested URL : 
2023-05-23 21:12:37 [32minfo[39m: 	/assigned_stud_list_csv
2023-05-23 21:12:37 [32minfo[39m: 	 select case when assign_indicator=0 then "true" when assign_indicator=1 then '' else '' end as checked,a.*
        from reverted_stud_csv_admin_t as a 
        where   is_active=1 and assigned_to=115 and (student_interest is null or (student_interest='Yes' and assign_indicator=0));
2023-05-23 21:12:42 [32minfo[39m: 	Requested URL : 
2023-05-23 21:12:42 [32minfo[39m: 	/advisor_todo_row_save
2023-05-23 21:12:42 [32minfo[39m: 	update reverted_stud_csv_admin_t set row_time_save='2023-05-23',u_ts='2023-05-23',student_interest='Yes',assign_indicator='1',comments=NULL where id in (9026)
2023-05-23 21:12:42 [32minfo[39m: 	Requested URL : 
2023-05-23 21:12:42 [32minfo[39m: 	/assigned_stud_list_csv
2023-05-23 21:12:42 [32minfo[39m: 	 select case when assign_indicator=0 then "true" when assign_indicator=1 then '' else '' end as checked,a.*
        from reverted_stud_csv_admin_t as a 
        where   is_active=1 and assigned_to=115 and (student_interest is null or (student_interest='Yes' and assign_indicator=0));
2023-05-23 21:12:44 [32minfo[39m: 	Requested URL : 
2023-05-23 21:12:44 [32minfo[39m: 	/trackProcess
2023-05-23 21:12:44 [32minfo[39m: 	Requested URL : 
2023-05-23 21:12:44 [32minfo[39m: 	/trackProcess
2023-05-23 21:12:44 [32minfo[39m: 	SELECT r.id as prima,r.*,u.*,stu.* FROM reverted_stud_csv_admin_t  as r
left join users_dtl_t as u on u.email=r.email_id
left join student_dtl_t as stu on stu.c_by=u.id
where student_interest="Yes" and assign_indicator=1 and assigned_to=115;
2023-05-23 21:12:46 [31merror[39m: 	uncaughtException: Cannot set headers after they are sent to the client
Error [ERR_HTTP_HEADERS_SENT]: Cannot set headers after they are sent to the client
    at new NodeError (node:internal/errors:399:5)
    at ServerResponse.setHeader (node:_http_outgoing:645:11)
    at ServerResponse.header (D:\Projects\cpath_all\chrispathway_backendcode_node_express-main (1)\chrispathway_backendcode_node_express-main\node_modules\express\lib\response.js:794:10)
    at ServerResponse.send (D:\Projects\cpath_all\chrispathway_backendcode_node_express-main (1)\chrispathway_backendcode_node_express-main\node_modules\express\lib\response.js:174:12)
    at ServerResponse.json (D:\Projects\cpath_all\chrispathway_backendcode_node_express-main (1)\chrispathway_backendcode_node_express-main\node_modules\express\lib\response.js:278:15)
    at ServerResponse.send (D:\Projects\cpath_all\chrispathway_backendcode_node_express-main (1)\chrispathway_backendcode_node_express-main\node_modules\express\lib\response.js:162:21)
    at D:\Projects\cpath_all\chrispathway_backendcode_node_express-main (1)\chrispathway_backendcode_node_express-main\controllers\adminCtrl.js:600:13
    at Timeout._onTimeout (D:\Projects\cpath_all\chrispathway_backendcode_node_express-main (1)\chrispathway_backendcode_node_express-main\model\adminModel.js:774:15)
    at listOnTimeout (node:internal/timers:569:17)
    at process.processTimers (node:internal/timers:512:7)
2023-05-23 21:12:58 [32minfo[39m: 	Requested URL : 
2023-05-23 21:12:58 [32minfo[39m: 	/trackProcess
2023-05-23 21:12:58 [32minfo[39m: 	Requested URL : 
2023-05-23 21:12:58 [32minfo[39m: 	/trackProcess
2023-05-23 21:12:58 [32minfo[39m: 	SELECT r.id as prima,r.*,u.*,stu.* FROM reverted_stud_csv_admin_t  as r
left join users_dtl_t as u on u.email=r.email_id
left join student_dtl_t as stu on stu.c_by=u.id
where student_interest="Yes" and assign_indicator=1 and assigned_to=115;
2023-05-23 21:13:00 [31merror[39m: 	uncaughtException: Cannot set headers after they are sent to the client
Error [ERR_HTTP_HEADERS_SENT]: Cannot set headers after they are sent to the client
    at new NodeError (node:internal/errors:399:5)
    at ServerResponse.setHeader (node:_http_outgoing:645:11)
    at ServerResponse.header (D:\Projects\cpath_all\chrispathway_backendcode_node_express-main (1)\chrispathway_backendcode_node_express-main\node_modules\express\lib\response.js:794:10)
    at ServerResponse.send (D:\Projects\cpath_all\chrispathway_backendcode_node_express-main (1)\chrispathway_backendcode_node_express-main\node_modules\express\lib\response.js:174:12)
    at ServerResponse.json (D:\Projects\cpath_all\chrispathway_backendcode_node_express-main (1)\chrispathway_backendcode_node_express-main\node_modules\express\lib\response.js:278:15)
    at ServerResponse.send (D:\Projects\cpath_all\chrispathway_backendcode_node_express-main (1)\chrispathway_backendcode_node_express-main\node_modules\express\lib\response.js:162:21)
    at D:\Projects\cpath_all\chrispathway_backendcode_node_express-main (1)\chrispathway_backendcode_node_express-main\controllers\adminCtrl.js:600:13
    at Timeout._onTimeout (D:\Projects\cpath_all\chrispathway_backendcode_node_express-main (1)\chrispathway_backendcode_node_express-main\model\adminModel.js:774:15)
    at listOnTimeout (node:internal/timers:569:17)
    at process.processTimers (node:internal/timers:512:7)
2023-05-23 21:13:48 [32minfo[39m: 	Requested URL : 
2023-05-23 21:13:48 [32minfo[39m: 	/trackProcess
2023-05-23 21:13:48 [32minfo[39m: 	Requested URL : 
2023-05-23 21:13:48 [32minfo[39m: 	/trackProcess
2023-05-23 21:13:49 [32minfo[39m: 	SELECT r.id as prima,r.*,u.*,stu.* FROM reverted_stud_csv_admin_t  as r
left join users_dtl_t as u on u.email=r.email_id
left join student_dtl_t as stu on stu.c_by=u.id
where student_interest="Yes" and assign_indicator=1 and assigned_to=115;
2023-05-23 21:13:51 [31merror[39m: 	uncaughtException: Cannot set headers after they are sent to the client
Error [ERR_HTTP_HEADERS_SENT]: Cannot set headers after they are sent to the client
    at new NodeError (node:internal/errors:399:5)
    at ServerResponse.setHeader (node:_http_outgoing:645:11)
    at ServerResponse.header (D:\Projects\cpath_all\chrispathway_backendcode_node_express-main (1)\chrispathway_backendcode_node_express-main\node_modules\express\lib\response.js:794:10)
    at ServerResponse.send (D:\Projects\cpath_all\chrispathway_backendcode_node_express-main (1)\chrispathway_backendcode_node_express-main\node_modules\express\lib\response.js:174:12)
    at ServerResponse.json (D:\Projects\cpath_all\chrispathway_backendcode_node_express-main (1)\chrispathway_backendcode_node_express-main\node_modules\express\lib\response.js:278:15)
    at ServerResponse.send (D:\Projects\cpath_all\chrispathway_backendcode_node_express-main (1)\chrispathway_backendcode_node_express-main\node_modules\express\lib\response.js:162:21)
    at D:\Projects\cpath_all\chrispathway_backendcode_node_express-main (1)\chrispathway_backendcode_node_express-main\controllers\adminCtrl.js:600:13
    at Timeout._onTimeout (D:\Projects\cpath_all\chrispathway_backendcode_node_express-main (1)\chrispathway_backendcode_node_express-main\model\adminModel.js:774:15)
    at listOnTimeout (node:internal/timers:569:17)
    at process.processTimers (node:internal/timers:512:7)
2023-05-23 21:14:21 [32minfo[39m: 	Requested URL : 
2023-05-23 21:14:21 [32minfo[39m: 	/admincreateUser
2023-05-23 21:14:21 [32minfo[39m: 	Requested URL : 
2023-05-23 21:14:21 [32minfo[39m: 	/admincreateUser
2023-05-23 21:14:21 [32minfo[39m: 	SELECT * FROM users_dtl_t where email='reena@gmail.com' and role=4 and phone_no='+919704065712';
2023-05-23 21:14:21 [32minfo[39m: 	insert into users_dtl_t (email, pwd, role, user_name,designation, phone_no, joined_on,offerletter_upload,c_by) 
                values("reena@gmail.com","Vty2A~3fRi","4","reena","undefined","+919704065712","undefined","",115);
2023-05-23 21:14:21 [32minfo[39m: 	select * from users_dtl_t where id=129;
2023-05-23 21:14:21 [32minfo[39m: 	select * from users_dtl_t where id=115
2023-05-23 21:14:33 [32minfo[39m: 	Requested URL : 
2023-05-23 21:14:33 [32minfo[39m: 	/notification_display
2023-05-23 21:14:33 [32minfo[39m: 	Requested URL : 
2023-05-23 21:14:33 [32minfo[39m: 	/notification_display
2023-05-23 21:14:33 [32minfo[39m: 	select s.message,u.user_name as createdby,s.c_ts as createdtime,s.created_by as reciever_id,u.role as roleid from send_message_dtl_t as s 
join users_dtl_t as u on u.id=s.created_by
 where role_id=3  and name=116 order by s.id desc;
2023-05-23 21:14:51 [32minfo[39m: 	Requested URL : 
2023-05-23 21:14:51 [32minfo[39m: 	/login
2023-05-23 21:14:51 [32minfo[39m: 	Requested URL : 
2023-05-23 21:14:51 [32minfo[39m: 	/login
2023-05-23 21:14:51 [32minfo[39m: 	SELECT * FROM users_dtl_t where email='reena@gmail.com'
2023-05-23 21:14:51 [32minfo[39m: 	SELECT * FROM users_dtl_t where email='reena@gmail.com' and pwd='Vty2A~3fRi' 
2023-05-23 21:14:51 [32minfo[39m: 	select * from users_dtl_t where id=115
2023-05-23 21:14:52 [32minfo[39m: 	Requested URL : 
2023-05-23 21:14:52 [32minfo[39m: 	/notification_display
2023-05-23 21:14:52 [32minfo[39m: 	Requested URL : 
2023-05-23 21:14:52 [32minfo[39m: 	/notification_display
2023-05-23 21:14:52 [32minfo[39m: 	select s.message,u.user_name as createdby,s.c_ts as createdtime,s.created_by as reciever_id,u.role as roleid from send_message_dtl_t as s 
join users_dtl_t as u on u.id=s.created_by
 where role_id=4  and name=129 order by s.id desc;
2023-05-23 21:15:58 [32minfo[39m: 	Requested URL : 
2023-05-23 21:15:58 [32minfo[39m: 	/notification_display
2023-05-23 21:15:58 [32minfo[39m: 	Requested URL : 
2023-05-23 21:15:58 [32minfo[39m: 	/notification_display
2023-05-23 21:15:58 [32minfo[39m: 	select s.message,u.user_name as createdby,s.c_ts as createdtime,s.created_by as reciever_id,u.role as roleid from send_message_dtl_t as s 
join users_dtl_t as u on u.id=s.created_by
 where role_id=4  and name=129 order by s.id desc;
2023-05-23 21:16:04 [32minfo[39m: 	Requested URL : 
2023-05-23 21:16:04 [32minfo[39m: 	/notification_display
2023-05-23 21:16:04 [32minfo[39m: 	Requested URL : 
2023-05-23 21:16:04 [32minfo[39m: 	/notification_display
2023-05-23 21:16:04 [32minfo[39m: 	select s.message,u.user_name as createdby,s.c_ts as createdtime,s.created_by as reciever_id,u.role as roleid from send_message_dtl_t as s 
join users_dtl_t as u on u.id=s.created_by
 where role_id=3  and name=116 order by s.id desc;
2023-05-23 21:16:08 [32minfo[39m: 	Requested URL : 
2023-05-23 21:16:08 [32minfo[39m: 	/notification_display
2023-05-23 21:16:08 [32minfo[39m: 	Requested URL : 
2023-05-23 21:16:08 [32minfo[39m: 	/notification_display
2023-05-23 21:16:08 [32minfo[39m: 	Requested URL : 
2023-05-23 21:16:08 [32minfo[39m: 	/names_basedon_role
2023-05-23 21:16:08 [32minfo[39m: 	select s.message,u.user_name as createdby,s.c_ts as createdtime,s.created_by as reciever_id,u.role as roleid from send_message_dtl_t as s 
join users_dtl_t as u on u.id=s.created_by
 where role_id=2  and name=115 order by s.id desc;
2023-05-23 21:16:08 [32minfo[39m: 	Requested URL : 
2023-05-23 21:16:08 [32minfo[39m: 	/names_basedon_role
2023-05-23 21:16:08 [32minfo[39m: 	SELECT id,user_name,email FROM users_dtl_t where role=3 and is_active=1;
2023-05-23 21:16:08 [32minfo[39m: 	Requested URL : 
2023-05-23 21:16:08 [32minfo[39m: 	/names_basedon_role
2023-05-23 21:16:08 [32minfo[39m: 	Requested URL : 
2023-05-23 21:16:08 [32minfo[39m: 	/names_basedon_role
2023-05-23 21:16:08 [32minfo[39m: 	Requested URL : 
2023-05-23 21:16:08 [32minfo[39m: 	/names_basedon_role
2023-05-23 21:16:08 [32minfo[39m: 	Requested URL : 
2023-05-23 21:16:08 [32minfo[39m: 	/names_basedon_role
2023-05-23 21:16:08 [32minfo[39m: 	Requested URL : 
2023-05-23 21:16:08 [32minfo[39m: 	/names_basedon_role
2023-05-23 21:16:08 [32minfo[39m: 	Requested URL : 
2023-05-23 21:16:08 [32minfo[39m: 	/notification_display
2023-05-23 21:16:08 [32minfo[39m: 	Requested URL : 
2023-05-23 21:16:08 [32minfo[39m: 	/names_basedon_role
2023-05-23 21:16:08 [32minfo[39m: 	SELECT id,user_name,email FROM users_dtl_t where role=2 and is_active=1;
2023-05-23 21:16:08 [32minfo[39m: 	SELECT id,user_name,email FROM users_dtl_t where role=3 and is_active=1;
2023-05-23 21:16:08 [32minfo[39m: 	Requested URL : 
2023-05-23 21:16:08 [32minfo[39m: 	/notification_display
2023-05-23 21:16:08 [32minfo[39m: 	Requested URL : 
2023-05-23 21:16:08 [32minfo[39m: 	/roles
2023-05-23 21:16:08 [32minfo[39m: 	Requested URL : 
2023-05-23 21:16:08 [32minfo[39m: 	/admin_reverted_list_get
2023-05-23 21:16:08 [32minfo[39m: 	SELECT id,user_name,email FROM users_dtl_t where role=4 and is_active=1;
2023-05-23 21:16:08 [32minfo[39m: 	Requested URL : 
2023-05-23 21:16:08 [32minfo[39m: 	/names_basedon_role
2023-05-23 21:16:08 [32minfo[39m: 	select s.message,u.user_name as createdby,s.c_ts as createdtime,s.created_by as reciever_id,u.role as roleid from send_message_dtl_t as s 
join users_dtl_t as u on u.id=s.created_by
 where role_id=1  and name=1 order by s.id desc;
2023-05-23 21:16:08 [32minfo[39m: 	SELECT * FROM reverted_stud_csv_admin_t 
    where  student_interest='Future Followup' and is_active=1 order by checkbox_save desc;
2023-05-23 21:16:08 [32minfo[39m: 	SELECT * FROM roles_table where status=1;
2023-05-23 21:16:08 [32minfo[39m: 	SELECT id,user_name,email FROM users_dtl_t where role=2 and is_active=1;
2023-05-23 21:16:19 [32minfo[39m: 	Requested URL : 
2023-05-23 21:16:19 [32minfo[39m: 	/notification_display
2023-05-23 21:16:19 [32minfo[39m: 	Requested URL : 
2023-05-23 21:16:19 [32minfo[39m: 	/notification_display
2023-05-23 21:16:19 [32minfo[39m: 	select s.message,u.user_name as createdby,s.c_ts as createdtime,s.created_by as reciever_id,u.role as roleid from send_message_dtl_t as s 
join users_dtl_t as u on u.id=s.created_by
 where role_id=4  and name=129 order by s.id desc;
2023-05-23 21:16:23 [32minfo[39m: 	Requested URL : 
2023-05-23 21:16:23 [32minfo[39m: 	/notification_display
2023-05-23 21:16:23 [32minfo[39m: 	Requested URL : 
2023-05-23 21:16:23 [32minfo[39m: 	/notification_display
2023-05-23 21:16:23 [32minfo[39m: 	select s.message,u.user_name as createdby,s.c_ts as createdtime,s.created_by as reciever_id,u.role as roleid from send_message_dtl_t as s 
join users_dtl_t as u on u.id=s.created_by
 where role_id=3  and name=116 order by s.id desc;
2023-05-23 21:16:24 [32minfo[39m: 	Requested URL : 
2023-05-23 21:16:24 [32minfo[39m: 	/names_basedon_role
2023-05-23 21:16:24 [32minfo[39m: 	Requested URL : 
2023-05-23 21:16:24 [32minfo[39m: 	/names_basedon_role
2023-05-23 21:16:24 [32minfo[39m: 	Requested URL : 
2023-05-23 21:16:24 [32minfo[39m: 	/names_basedon_role
2023-05-23 21:16:24 [32minfo[39m: 	Requested URL : 
2023-05-23 21:16:24 [32minfo[39m: 	/names_basedon_role
2023-05-23 21:16:24 [32minfo[39m: 	Requested URL : 
2023-05-23 21:16:24 [32minfo[39m: 	/names_basedon_role
2023-05-23 21:16:24 [32minfo[39m: 	Requested URL : 
2023-05-23 21:16:24 [32minfo[39m: 	/names_basedon_role
2023-05-23 21:16:24 [32minfo[39m: 	SELECT id,user_name,email FROM users_dtl_t where role=2 and is_active=1;
2023-05-23 21:16:24 [32minfo[39m: 	SELECT id,user_name,email FROM users_dtl_t where role=3 and is_active=1;
2023-05-23 21:16:24 [32minfo[39m: 	SELECT id,user_name,email FROM users_dtl_t where role=4 and is_active=1;
2023-05-23 21:16:24 [32minfo[39m: 	Requested URL : 
2023-05-23 21:16:24 [32minfo[39m: 	/roles
2023-05-23 21:16:24 [32minfo[39m: 	Requested URL : 
2023-05-23 21:16:24 [32minfo[39m: 	/notification_display
2023-05-23 21:16:24 [32minfo[39m: 	SELECT * FROM roles_table where status=1;
2023-05-23 21:16:24 [32minfo[39m: 	Requested URL : 
2023-05-23 21:16:24 [32minfo[39m: 	/notification_display
2023-05-23 21:16:24 [32minfo[39m: 	select s.message,u.user_name as createdby,s.c_ts as createdtime,s.created_by as reciever_id,u.role as roleid from send_message_dtl_t as s 
join users_dtl_t as u on u.id=s.created_by
 where role_id=1  and name=1 order by s.id desc;
2023-05-23 21:16:24 [32minfo[39m: 	Requested URL : 
2023-05-23 21:16:24 [32minfo[39m: 	/admin_reverted_list_get
2023-05-23 21:16:24 [32minfo[39m: 	SELECT * FROM reverted_stud_csv_admin_t 
    where  student_interest='Future Followup' and is_active=1 order by checkbox_save desc;
2023-05-23 21:16:27 [32minfo[39m: 	Requested URL : 
2023-05-23 21:16:27 [32minfo[39m: 	/notification_display
2023-05-23 21:16:27 [32minfo[39m: 	Requested URL : 
2023-05-23 21:16:27 [32minfo[39m: 	/notification_display
2023-05-23 21:16:27 [32minfo[39m: 	Requested URL : 
2023-05-23 21:16:27 [32minfo[39m: 	/names_basedon_role
2023-05-23 21:16:27 [32minfo[39m: 	select s.message,u.user_name as createdby,s.c_ts as createdtime,s.created_by as reciever_id,u.role as roleid from send_message_dtl_t as s 
join users_dtl_t as u on u.id=s.created_by
 where role_id=2  and name=115 order by s.id desc;
2023-05-23 21:16:27 [32minfo[39m: 	Requested URL : 
2023-05-23 21:16:27 [32minfo[39m: 	/names_basedon_role
2023-05-23 21:16:27 [32minfo[39m: 	Requested URL : 
2023-05-23 21:16:27 [32minfo[39m: 	/names_basedon_role
2023-05-23 21:16:27 [32minfo[39m: 	Requested URL : 
2023-05-23 21:16:27 [32minfo[39m: 	/names_basedon_role
2023-05-23 21:16:27 [32minfo[39m: 	SELECT id,user_name,email FROM users_dtl_t where role=3 and is_active=1;
2023-05-23 21:16:27 [32minfo[39m: 	SELECT id,user_name,email FROM users_dtl_t where role=2 and is_active=1;
2023-05-23 21:16:36 [32minfo[39m: 	Requested URL : 
2023-05-23 21:16:36 [32minfo[39m: 	/student_profile_edit
2023-05-23 21:16:36 [32minfo[39m: 	Requested URL : 
2023-05-23 21:16:36 [32minfo[39m: 	/student_profile_edit
2023-05-23 21:16:36 [32minfo[39m: 	update users_dtl_t set user_name="reena",phone_no="+919704065712",
    interest_state="USA",passed_year="2020",
courses ="12,12,12,21,21",course_mark="TOFEL,IELTS,GPA,DULINGO,GRE",u_ts="2023-05-23" where id=129
2023-05-23 21:16:39 [32minfo[39m: 	Requested URL : 
2023-05-23 21:16:39 [32minfo[39m: 	/notification_display
2023-05-23 21:16:39 [32minfo[39m: 	Requested URL : 
2023-05-23 21:16:39 [32minfo[39m: 	/notification_display
2023-05-23 21:16:39 [32minfo[39m: 	select s.message,u.user_name as createdby,s.c_ts as createdtime,s.created_by as reciever_id,u.role as roleid from send_message_dtl_t as s 
join users_dtl_t as u on u.id=s.created_by
 where role_id=4  and name=129 order by s.id desc;
2023-05-23 21:16:41 [32minfo[39m: 	Requested URL : 
2023-05-23 21:16:41 [32minfo[39m: 	/notification_display
2023-05-23 21:16:41 [32minfo[39m: 	select s.message,u.user_name as createdby,s.c_ts as createdtime,s.created_by as reciever_id,u.role as roleid from send_message_dtl_t as s 
join users_dtl_t as u on u.id=s.created_by
 where role_id=4  and name=129 order by s.id desc;
2023-05-23 21:16:44 [32minfo[39m: 	Requested URL : 
2023-05-23 21:16:44 [32minfo[39m: 	/notification_display
2023-05-23 21:16:44 [32minfo[39m: 	Requested URL : 
2023-05-23 21:16:44 [32minfo[39m: 	/notification_display
2023-05-23 21:16:44 [32minfo[39m: 	select s.message,u.user_name as createdby,s.c_ts as createdtime,s.created_by as reciever_id,u.role as roleid from send_message_dtl_t as s 
join users_dtl_t as u on u.id=s.created_by
 where role_id=4  and name=129 order by s.id desc;
2023-05-23 21:16:49 [32minfo[39m: 	Requested URL : 
2023-05-23 21:16:49 [32minfo[39m: 	/notification_display
2023-05-23 21:16:49 [32minfo[39m: 	select s.message,u.user_name as createdby,s.c_ts as createdtime,s.created_by as reciever_id,u.role as roleid from send_message_dtl_t as s 
join users_dtl_t as u on u.id=s.created_by
 where role_id=4  and name=129 order by s.id desc;
2023-05-23 21:17:02 [32minfo[39m: 	Requested URL : 
2023-05-23 21:17:02 [32minfo[39m: 	/login
2023-05-23 21:17:02 [32minfo[39m: 	Requested URL : 
2023-05-23 21:17:02 [32minfo[39m: 	/login
2023-05-23 21:17:02 [32minfo[39m: 	SELECT * FROM users_dtl_t where email='reena@gmail.com'
2023-05-23 21:17:02 [32minfo[39m: 	SELECT * FROM users_dtl_t where email='reena@gmail.com' and pwd='Vty2A~3fRi' 
2023-05-23 21:17:02 [32minfo[39m: 	select * from users_dtl_t where id=115
2023-05-23 21:17:03 [32minfo[39m: 	Requested URL : 
2023-05-23 21:17:03 [32minfo[39m: 	/notification_display
2023-05-23 21:17:03 [32minfo[39m: 	Requested URL : 
2023-05-23 21:17:03 [32minfo[39m: 	/notification_display
2023-05-23 21:17:03 [32minfo[39m: 	select s.message,u.user_name as createdby,s.c_ts as createdtime,s.created_by as reciever_id,u.role as roleid from send_message_dtl_t as s 
join users_dtl_t as u on u.id=s.created_by
 where role_id=4  and name=129 order by s.id desc;
2023-05-23 21:17:40 [32minfo[39m: 	Requested URL : 
2023-05-23 21:17:40 [32minfo[39m: 	/notification_display
2023-05-23 21:17:40 [32minfo[39m: 	Requested URL : 
2023-05-23 21:17:40 [32minfo[39m: 	/notification_display
2023-05-23 21:17:40 [32minfo[39m: 	select s.message,u.user_name as createdby,s.c_ts as createdtime,s.created_by as reciever_id,u.role as roleid from send_message_dtl_t as s 
join users_dtl_t as u on u.id=s.created_by
 where role_id=4  and name=129 order by s.id desc;
2023-05-23 21:17:41 [32minfo[39m: 	Requested URL : 
2023-05-23 21:17:41 [32minfo[39m: 	/notification_display
2023-05-23 21:17:41 [32minfo[39m: 	Requested URL : 
2023-05-23 21:17:41 [32minfo[39m: 	/notification_display
2023-05-23 21:17:41 [32minfo[39m: 	select s.message,u.user_name as createdby,s.c_ts as createdtime,s.created_by as reciever_id,u.role as roleid from send_message_dtl_t as s 
join users_dtl_t as u on u.id=s.created_by
 where role_id=3  and name=116 order by s.id desc;
2023-05-23 21:17:42 [32minfo[39m: 	Requested URL : 
2023-05-23 21:17:42 [32minfo[39m: 	/names_basedon_role
2023-05-23 21:17:42 [32minfo[39m: 	Requested URL : 
2023-05-23 21:17:42 [32minfo[39m: 	/names_basedon_role
2023-05-23 21:17:42 [32minfo[39m: 	Requested URL : 
2023-05-23 21:17:42 [32minfo[39m: 	/names_basedon_role
2023-05-23 21:17:42 [32minfo[39m: 	Requested URL : 
2023-05-23 21:17:42 [32minfo[39m: 	/names_basedon_role
2023-05-23 21:17:42 [32minfo[39m: 	Requested URL : 
2023-05-23 21:17:42 [32minfo[39m: 	/names_basedon_role
2023-05-23 21:17:42 [32minfo[39m: 	Requested URL : 
2023-05-23 21:17:42 [32minfo[39m: 	/notification_display
2023-05-23 21:17:42 [32minfo[39m: 	Requested URL : 
2023-05-23 21:17:42 [32minfo[39m: 	/roles
2023-05-23 21:17:42 [32minfo[39m: 	Requested URL : 
2023-05-23 21:17:42 [32minfo[39m: 	/names_basedon_role
2023-05-23 21:17:42 [32minfo[39m: 	SELECT id,user_name,email FROM users_dtl_t where role=2 and is_active=1;
2023-05-23 21:17:42 [32minfo[39m: 	Requested URL : 
2023-05-23 21:17:42 [32minfo[39m: 	/notification_display
2023-05-23 21:17:42 [32minfo[39m: 	SELECT id,user_name,email FROM users_dtl_t where role=3 and is_active=1;
2023-05-23 21:17:42 [32minfo[39m: 	SELECT * FROM roles_table where status=1;
2023-05-23 21:17:42 [32minfo[39m: 	SELECT id,user_name,email FROM users_dtl_t where role=4 and is_active=1;
2023-05-23 21:17:42 [32minfo[39m: 	select s.message,u.user_name as createdby,s.c_ts as createdtime,s.created_by as reciever_id,u.role as roleid from send_message_dtl_t as s 
join users_dtl_t as u on u.id=s.created_by
 where role_id=1  and name=1 order by s.id desc;
2023-05-23 21:17:42 [32minfo[39m: 	Requested URL : 
2023-05-23 21:17:42 [32minfo[39m: 	/admin_reverted_list_get
2023-05-23 21:17:42 [32minfo[39m: 	SELECT * FROM reverted_stud_csv_admin_t 
    where  student_interest='Future Followup' and is_active=1 order by checkbox_save desc;
2023-05-23 21:17:42 [32minfo[39m: 	Requested URL : 
2023-05-23 21:17:42 [32minfo[39m: 	/notification_display
2023-05-23 21:17:42 [32minfo[39m: 	Requested URL : 
2023-05-23 21:17:42 [32minfo[39m: 	/notification_display
2023-05-23 21:17:42 [32minfo[39m: 	select s.message,u.user_name as createdby,s.c_ts as createdtime,s.created_by as reciever_id,u.role as roleid from send_message_dtl_t as s 
join users_dtl_t as u on u.id=s.created_by
 where role_id=2  and name=115 order by s.id desc;
2023-05-23 21:17:42 [32minfo[39m: 	Requested URL : 
2023-05-23 21:17:42 [32minfo[39m: 	/names_basedon_role
2023-05-23 21:17:42 [32minfo[39m: 	Requested URL : 
2023-05-23 21:17:42 [32minfo[39m: 	/names_basedon_role
2023-05-23 21:17:42 [32minfo[39m: 	Requested URL : 
2023-05-23 21:17:42 [32minfo[39m: 	/names_basedon_role
2023-05-23 21:17:42 [32minfo[39m: 	SELECT id,user_name,email FROM users_dtl_t where role=3 and is_active=1;
2023-05-23 21:17:42 [32minfo[39m: 	SELECT id,user_name,email FROM users_dtl_t where role=2 and is_active=1;
2023-05-23 21:17:57 [32minfo[39m: 	Requested URL : 
2023-05-23 21:17:57 [32minfo[39m: 	/notification_display
2023-05-23 21:17:57 [32minfo[39m: 	Requested URL : 
2023-05-23 21:17:57 [32minfo[39m: 	/notification_display
2023-05-23 21:17:57 [32minfo[39m: 	select s.message,u.user_name as createdby,s.c_ts as createdtime,s.created_by as reciever_id,u.role as roleid from send_message_dtl_t as s 
join users_dtl_t as u on u.id=s.created_by
 where role_id=4  and name=129 order by s.id desc;
2023-05-23 21:18:00 [32minfo[39m: 	Requested URL : 
2023-05-23 21:18:00 [32minfo[39m: 	/notification_display
2023-05-23 21:18:00 [32minfo[39m: 	Requested URL : 
2023-05-23 21:18:00 [32minfo[39m: 	/notification_display
2023-05-23 21:18:00 [32minfo[39m: 	select s.message,u.user_name as createdby,s.c_ts as createdtime,s.created_by as reciever_id,u.role as roleid from send_message_dtl_t as s 
join users_dtl_t as u on u.id=s.created_by
 where role_id=3  and name=116 order by s.id desc;
2023-05-23 21:18:00 [32minfo[39m: 	Requested URL : 
2023-05-23 21:18:00 [32minfo[39m: 	/names_basedon_role
2023-05-23 21:18:00 [32minfo[39m: 	Requested URL : 
2023-05-23 21:18:00 [32minfo[39m: 	/names_basedon_role
2023-05-23 21:18:00 [32minfo[39m: 	Requested URL : 
2023-05-23 21:18:00 [32minfo[39m: 	/names_basedon_role
2023-05-23 21:18:00 [32minfo[39m: 	Requested URL : 
2023-05-23 21:18:00 [32minfo[39m: 	/notification_display
2023-05-23 21:18:00 [32minfo[39m: 	Requested URL : 
2023-05-23 21:18:00 [32minfo[39m: 	/names_basedon_role
2023-05-23 21:18:00 [32minfo[39m: 	Requested URL : 
2023-05-23 21:18:00 [32minfo[39m: 	/names_basedon_role
2023-05-23 21:18:00 [32minfo[39m: 	Requested URL : 
2023-05-23 21:18:00 [32minfo[39m: 	/roles
2023-05-23 21:18:00 [32minfo[39m: 	Requested URL : 
2023-05-23 21:18:00 [32minfo[39m: 	/admin_reverted_list_get
2023-05-23 21:18:00 [32minfo[39m: 	SELECT id,user_name,email FROM users_dtl_t where role=2 and is_active=1;
2023-05-23 21:18:00 [32minfo[39m: 	Requested URL : 
2023-05-23 21:18:01 [32minfo[39m: 	/names_basedon_role
2023-05-23 21:18:01 [32minfo[39m: 	SELECT id,user_name,email FROM users_dtl_t where role=3 and is_active=1;
2023-05-23 21:18:01 [32minfo[39m: 	SELECT * FROM roles_table where status=1;
2023-05-23 21:18:01 [32minfo[39m: 	SELECT * FROM reverted_stud_csv_admin_t 
    where  student_interest='Future Followup' and is_active=1 order by checkbox_save desc;
2023-05-23 21:18:01 [32minfo[39m: 	Requested URL : 
2023-05-23 21:18:01 [32minfo[39m: 	/notification_display
2023-05-23 21:18:01 [32minfo[39m: 	SELECT id,user_name,email FROM users_dtl_t where role=4 and is_active=1;
2023-05-23 21:18:01 [32minfo[39m: 	select s.message,u.user_name as createdby,s.c_ts as createdtime,s.created_by as reciever_id,u.role as roleid from send_message_dtl_t as s 
join users_dtl_t as u on u.id=s.created_by
 where role_id=1  and name=1 order by s.id desc;
2023-05-23 21:18:01 [32minfo[39m: 	Requested URL : 
2023-05-23 21:18:01 [32minfo[39m: 	/notification_display
2023-05-23 21:18:01 [32minfo[39m: 	Requested URL : 
2023-05-23 21:18:01 [32minfo[39m: 	/names_basedon_role
2023-05-23 21:18:01 [32minfo[39m: 	Requested URL : 
2023-05-23 21:18:01 [32minfo[39m: 	/notification_display
2023-05-23 21:18:01 [32minfo[39m: 	Requested URL : 
2023-05-23 21:18:01 [32minfo[39m: 	/names_basedon_role
2023-05-23 21:18:01 [32minfo[39m: 	select s.message,u.user_name as createdby,s.c_ts as createdtime,s.created_by as reciever_id,u.role as roleid from send_message_dtl_t as s 
join users_dtl_t as u on u.id=s.created_by
 where role_id=2  and name=115 order by s.id desc;
2023-05-23 21:18:01 [32minfo[39m: 	SELECT id,user_name,email FROM users_dtl_t where role=3 and is_active=1;
2023-05-23 21:18:01 [32minfo[39m: 	Requested URL : 
2023-05-23 21:18:01 [32minfo[39m: 	/names_basedon_role
2023-05-23 21:18:01 [32minfo[39m: 	SELECT id,user_name,email FROM users_dtl_t where role=2 and is_active=1;
2023-05-23 21:24:08 [32minfo[39m: 	Requested URL : 
2023-05-23 21:24:08 [32minfo[39m: 	/notification_display
2023-05-23 21:24:08 [32minfo[39m: 	Requested URL : 
2023-05-23 21:24:08 [32minfo[39m: 	/notification_display
2023-05-23 21:24:08 [32minfo[39m: 	select s.message,u.user_name as createdby,s.c_ts as createdtime,s.created_by as reciever_id,u.role as roleid from send_message_dtl_t as s 
join users_dtl_t as u on u.id=s.created_by
 where role_id=3  and name=116 order by s.id desc;
2023-05-23 21:24:09 [32minfo[39m: 	Requested URL : 
2023-05-23 21:24:09 [32minfo[39m: 	/names_basedon_role
2023-05-23 21:24:10 [32minfo[39m: 	Requested URL : 
2023-05-23 21:24:10 [32minfo[39m: 	/names_basedon_role
2023-05-23 21:24:10 [32minfo[39m: 	Requested URL : 
2023-05-23 21:24:10 [32minfo[39m: 	/names_basedon_role
2023-05-23 21:24:10 [32minfo[39m: 	Requested URL : 
2023-05-23 21:24:10 [32minfo[39m: 	/notification_display
2023-05-23 21:24:10 [32minfo[39m: 	Requested URL : 
2023-05-23 21:24:10 [32minfo[39m: 	/names_basedon_role
2023-05-23 21:24:10 [32minfo[39m: 	Requested URL : 
2023-05-23 21:24:10 [32minfo[39m: 	/admin_reverted_list_get
2023-05-23 21:24:10 [32minfo[39m: 	Requested URL : 
2023-05-23 21:24:10 [32minfo[39m: 	/roles
2023-05-23 21:24:10 [32minfo[39m: 	Requested URL : 
2023-05-23 21:24:10 [32minfo[39m: 	/names_basedon_role
2023-05-23 21:24:10 [32minfo[39m: 	SELECT id,user_name,email FROM users_dtl_t where role=2 and is_active=1;
2023-05-23 21:24:10 [32minfo[39m: 	SELECT id,user_name,email FROM users_dtl_t where role=3 and is_active=1;
2023-05-23 21:24:10 [32minfo[39m: 	SELECT * FROM roles_table where status=1;
2023-05-23 21:24:10 [32minfo[39m: 	SELECT * FROM reverted_stud_csv_admin_t 
    where  student_interest='Future Followup' and is_active=1 order by checkbox_save desc;
2023-05-23 21:24:10 [32minfo[39m: 	Requested URL : 
2023-05-23 21:24:10 [32minfo[39m: 	/names_basedon_role
2023-05-23 21:24:10 [32minfo[39m: 	Requested URL : 
2023-05-23 21:24:10 [32minfo[39m: 	/notification_display
2023-05-23 21:24:10 [32minfo[39m: 	SELECT id,user_name,email FROM users_dtl_t where role=4 and is_active=1;
2023-05-23 21:24:10 [32minfo[39m: 	select s.message,u.user_name as createdby,s.c_ts as createdtime,s.created_by as reciever_id,u.role as roleid from send_message_dtl_t as s 
join users_dtl_t as u on u.id=s.created_by
 where role_id=1  and name=1 order by s.id desc;
2023-05-23 21:24:12 [32minfo[39m: 	Requested URL : 
2023-05-23 21:24:12 [32minfo[39m: 	/notification_display
2023-05-23 21:24:12 [32minfo[39m: 	Requested URL : 
2023-05-23 21:24:12 [32minfo[39m: 	/notification_display
2023-05-23 21:24:12 [32minfo[39m: 	select s.message,u.user_name as createdby,s.c_ts as createdtime,s.created_by as reciever_id,u.role as roleid from send_message_dtl_t as s 
join users_dtl_t as u on u.id=s.created_by
 where role_id=2  and name=115 order by s.id desc;
2023-05-23 21:24:12 [32minfo[39m: 	Requested URL : 
2023-05-23 21:24:12 [32minfo[39m: 	/names_basedon_role
2023-05-23 21:24:12 [32minfo[39m: 	Requested URL : 
2023-05-23 21:24:12 [32minfo[39m: 	/names_basedon_role
2023-05-23 21:24:12 [32minfo[39m: 	SELECT id,user_name,email FROM users_dtl_t where role=3 and is_active=1;
2023-05-23 21:24:12 [32minfo[39m: 	Requested URL : 
2023-05-23 21:24:12 [32minfo[39m: 	/names_basedon_role
2023-05-23 21:24:12 [32minfo[39m: 	SELECT id,user_name,email FROM users_dtl_t where role=2 and is_active=1;
2023-05-23 21:24:29 [32minfo[39m: 	Requested URL : 
2023-05-23 21:24:29 [32minfo[39m: 	/notification_display
2023-05-23 21:24:29 [32minfo[39m: 	Requested URL : 
2023-05-23 21:24:29 [32minfo[39m: 	/notification_display
2023-05-23 21:24:29 [32minfo[39m: 	select s.message,u.user_name as createdby,s.c_ts as createdtime,s.created_by as reciever_id,u.role as roleid from send_message_dtl_t as s 
join users_dtl_t as u on u.id=s.created_by
 where role_id=3  and name=116 order by s.id desc;
2023-05-23 21:24:31 [32minfo[39m: 	Requested URL : 
2023-05-23 21:24:31 [32minfo[39m: 	/names_basedon_role
2023-05-23 21:24:31 [32minfo[39m: 	Requested URL : 
2023-05-23 21:24:31 [32minfo[39m: 	/names_basedon_role
2023-05-23 21:24:31 [32minfo[39m: 	Requested URL : 
2023-05-23 21:24:31 [32minfo[39m: 	/names_basedon_role
2023-05-23 21:24:31 [32minfo[39m: 	Requested URL : 
2023-05-23 21:24:31 [32minfo[39m: 	/notification_display
2023-05-23 21:24:31 [32minfo[39m: 	Requested URL : 
2023-05-23 21:24:31 [32minfo[39m: 	/roles
2023-05-23 21:24:31 [32minfo[39m: 	Requested URL : 
2023-05-23 21:24:31 [32minfo[39m: 	/names_basedon_role
2023-05-23 21:24:31 [32minfo[39m: 	Requested URL : 
2023-05-23 21:24:31 [32minfo[39m: 	/names_basedon_role
2023-05-23 21:24:31 [32minfo[39m: 	Requested URL : 
2023-05-23 21:24:31 [32minfo[39m: 	/names_basedon_role
2023-05-23 21:24:31 [32minfo[39m: 	Requested URL : 
2023-05-23 21:24:31 [32minfo[39m: 	/notification_display
2023-05-23 21:24:31 [32minfo[39m: 	SELECT * FROM roles_table where status=1;
2023-05-23 21:24:32 [32minfo[39m: 	SELECT id,user_name,email FROM users_dtl_t where role=3 and is_active=1;
2023-05-23 21:24:32 [32minfo[39m: 	SELECT id,user_name,email FROM users_dtl_t where role=2 and is_active=1;
2023-05-23 21:24:32 [32minfo[39m: 	SELECT id,user_name,email FROM users_dtl_t where role=4 and is_active=1;
2023-05-23 21:24:32 [32minfo[39m: 	select s.message,u.user_name as createdby,s.c_ts as createdtime,s.created_by as reciever_id,u.role as roleid from send_message_dtl_t as s 
join users_dtl_t as u on u.id=s.created_by
 where role_id=1  and name=1 order by s.id desc;
2023-05-23 21:24:32 [32minfo[39m: 	Requested URL : 
2023-05-23 21:24:32 [32minfo[39m: 	/admin_reverted_list_get
2023-05-23 21:24:32 [32minfo[39m: 	SELECT * FROM reverted_stud_csv_admin_t 
    where  student_interest='Future Followup' and is_active=1 order by checkbox_save desc;
2023-05-23 21:24:33 [32minfo[39m: 	Requested URL : 
2023-05-23 21:24:33 [32minfo[39m: 	/notification_display
2023-05-23 21:24:33 [32minfo[39m: 	Requested URL : 
2023-05-23 21:24:33 [32minfo[39m: 	/notification_display
2023-05-23 21:24:33 [32minfo[39m: 	select s.message,u.user_name as createdby,s.c_ts as createdtime,s.created_by as reciever_id,u.role as roleid from send_message_dtl_t as s 
join users_dtl_t as u on u.id=s.created_by
 where role_id=2  and name=115 order by s.id desc;
2023-05-23 21:24:33 [32minfo[39m: 	Requested URL : 
2023-05-23 21:24:33 [32minfo[39m: 	/names_basedon_role
2023-05-23 21:24:33 [32minfo[39m: 	Requested URL : 
2023-05-23 21:24:33 [32minfo[39m: 	/names_basedon_role
2023-05-23 21:24:33 [32minfo[39m: 	Requested URL : 
2023-05-23 21:24:33 [32minfo[39m: 	/names_basedon_role
2023-05-23 21:24:33 [32minfo[39m: 	SELECT id,user_name,email FROM users_dtl_t where role=3 and is_active=1;
2023-05-23 21:24:33 [32minfo[39m: 	Requested URL : 
2023-05-23 21:24:33 [32minfo[39m: 	/names_basedon_role
2023-05-23 21:24:33 [32minfo[39m: 	SELECT id,user_name,email FROM users_dtl_t where role=2 and is_active=1;
2023-05-23 21:25:31 [32minfo[39m: 	Requested URL : 
2023-05-23 21:25:31 [32minfo[39m: 	/notification_display
2023-05-23 21:25:31 [32minfo[39m: 	Requested URL : 
2023-05-23 21:25:31 [32minfo[39m: 	/notification_display
2023-05-23 21:25:31 [32minfo[39m: 	select s.message,u.user_name as createdby,s.c_ts as createdtime,s.created_by as reciever_id,u.role as roleid from send_message_dtl_t as s 
join users_dtl_t as u on u.id=s.created_by
 where role_id=4  and name=129 order by s.id desc;
2023-05-23 21:25:35 [32minfo[39m: 	Requested URL : 
2023-05-23 21:25:35 [32minfo[39m: 	/notification_display
2023-05-23 21:25:35 [32minfo[39m: 	Requested URL : 
2023-05-23 21:25:35 [32minfo[39m: 	/notification_display
2023-05-23 21:25:35 [32minfo[39m: 	select s.message,u.user_name as createdby,s.c_ts as createdtime,s.created_by as reciever_id,u.role as roleid from send_message_dtl_t as s 
join users_dtl_t as u on u.id=s.created_by
 where role_id=3  and name=116 order by s.id desc;
2023-05-23 21:25:39 [32minfo[39m: 	Requested URL : 
2023-05-23 21:25:39 [32minfo[39m: 	/names_basedon_role
2023-05-23 21:25:39 [32minfo[39m: 	Requested URL : 
2023-05-23 21:25:39 [32minfo[39m: 	/names_basedon_role
2023-05-23 21:25:39 [32minfo[39m: 	Requested URL : 
2023-05-23 21:25:39 [32minfo[39m: 	/names_basedon_role
2023-05-23 21:25:39 [32minfo[39m: 	Requested URL : 
2023-05-23 21:25:39 [32minfo[39m: 	/names_basedon_role
2023-05-23 21:25:39 [32minfo[39m: 	Requested URL : 
2023-05-23 21:25:39 [32minfo[39m: 	/names_basedon_role
2023-05-23 21:25:39 [32minfo[39m: 	SELECT id,user_name,email FROM users_dtl_t where role=2 and is_active=1;
2023-05-23 21:25:39 [32minfo[39m: 	SELECT id,user_name,email FROM users_dtl_t where role=3 and is_active=1;
2023-05-23 21:25:39 [32minfo[39m: 	Requested URL : 
2023-05-23 21:25:39 [32minfo[39m: 	/names_basedon_role
2023-05-23 21:25:39 [32minfo[39m: 	SELECT id,user_name,email FROM users_dtl_t where role=4 and is_active=1;
2023-05-23 21:25:39 [32minfo[39m: 	Requested URL : 
2023-05-23 21:25:39 [32minfo[39m: 	/notification_display
2023-05-23 21:25:39 [32minfo[39m: 	Requested URL : 
2023-05-23 21:25:39 [32minfo[39m: 	/roles
2023-05-23 21:25:39 [32minfo[39m: 	Requested URL : 
2023-05-23 21:25:39 [32minfo[39m: 	/notification_display
2023-05-23 21:25:40 [32minfo[39m: 	SELECT * FROM roles_table where status=1;
2023-05-23 21:25:40 [32minfo[39m: 	Requested URL : 
2023-05-23 21:25:40 [32minfo[39m: 	/names_basedon_role
2023-05-23 21:25:40 [32minfo[39m: 	Requested URL : 
2023-05-23 21:25:40 [32minfo[39m: 	/notification_display
2023-05-23 21:25:40 [32minfo[39m: 	Requested URL : 
2023-05-23 21:25:40 [32minfo[39m: 	/notification_display
2023-05-23 21:25:40 [32minfo[39m: 	Requested URL : 
2023-05-23 21:25:40 [32minfo[39m: 	/names_basedon_role
2023-05-23 21:25:40 [32minfo[39m: 	Requested URL : 
2023-05-23 21:25:40 [32minfo[39m: 	/names_basedon_role
2023-05-23 21:25:40 [32minfo[39m: 	select s.message,u.user_name as createdby,s.c_ts as createdtime,s.created_by as reciever_id,u.role as roleid from send_message_dtl_t as s 
join users_dtl_t as u on u.id=s.created_by
 where role_id=1  and name=1 order by s.id desc;
2023-05-23 21:25:40 [32minfo[39m: 	Requested URL : 
2023-05-23 21:25:40 [32minfo[39m: 	/names_basedon_role
2023-05-23 21:25:40 [32minfo[39m: 	select s.message,u.user_name as createdby,s.c_ts as createdtime,s.created_by as reciever_id,u.role as roleid from send_message_dtl_t as s 
join users_dtl_t as u on u.id=s.created_by
 where role_id=2  and name=115 order by s.id desc;
2023-05-23 21:25:40 [32minfo[39m: 	SELECT id,user_name,email FROM users_dtl_t where role=3 and is_active=1;
2023-05-23 21:25:40 [32minfo[39m: 	SELECT id,user_name,email FROM users_dtl_t where role=2 and is_active=1;
2023-05-23 21:25:40 [32minfo[39m: 	Requested URL : 
2023-05-23 21:25:40 [32minfo[39m: 	/admin_reverted_list_get
2023-05-23 21:25:40 [32minfo[39m: 	SELECT * FROM reverted_stud_csv_admin_t 
    where  student_interest='Future Followup' and is_active=1 order by checkbox_save desc;
2023-05-23 21:28:29 [32minfo[39m: 	Requested URL : 
2023-05-23 21:28:29 [32minfo[39m: 	/notification_display
2023-05-23 21:28:29 [32minfo[39m: 	Requested URL : 
2023-05-23 21:28:29 [32minfo[39m: 	/notification_display
2023-05-23 21:28:29 [32minfo[39m: 	select s.message,u.user_name as createdby,s.c_ts as createdtime,s.created_by as reciever_id,u.role as roleid from send_message_dtl_t as s 
join users_dtl_t as u on u.id=s.created_by
 where role_id=4  and name=129 order by s.id desc;
2023-05-23 21:49:03 [32minfo[39m: 	Requested URL : 
2023-05-23 21:49:03 [32minfo[39m: 	/student_upload_get
2023-05-23 21:49:03 [32minfo[39m: 	Requested URL : 
2023-05-23 21:49:03 [32minfo[39m: 	/student_upload_get
2023-05-23 21:49:03 [32minfo[39m: 	select * from student_dtl_t where c_by='129'
2023-05-23 21:49:11 [32minfo[39m: 	Requested URL : 
2023-05-23 21:49:11 [32minfo[39m: 	/student_upload_submit
2023-05-23 21:49:11 [32minfo[39m: 	select * from student_dtl_t where c_by=129
2023-05-23 21:49:11 [32minfo[39m: 	insert into student_dtl_t (Process_fee,c_by) values('0_20230523214911_done.png', '129')
2023-05-23 21:49:11 [32minfo[39m: 	select * from student_dtl_t where c_by=129 and
(SSC is  not null and Intermediate is not null)
2023-05-23 21:49:11 [32minfo[39m: 	Requested URL : 
2023-05-23 21:49:11 [32minfo[39m: 	/student_upload_get
2023-05-23 21:49:11 [32minfo[39m: 	Requested URL : 
2023-05-23 21:49:11 [32minfo[39m: 	/student_upload_get
2023-05-23 21:49:11 [32minfo[39m: 	Requested URL : 
2023-05-23 21:49:11 [32minfo[39m: 	/student_upload_get
2023-05-23 21:49:11 [32minfo[39m: 	Requested URL : 
2023-05-23 21:49:11 [32minfo[39m: 	/student_upload_get
2023-05-23 21:49:11 [32minfo[39m: 	select * from student_dtl_t where c_by='129'
2023-05-23 21:49:11 [32minfo[39m: 	select * from student_dtl_t where c_by='129'
2023-05-23 21:49:18 [32minfo[39m: 	Requested URL : 
2023-05-23 21:49:18 [32minfo[39m: 	/student_upload_submit
2023-05-23 21:49:18 [32minfo[39m: 	select * from student_dtl_t where c_by=129
2023-05-23 21:49:18 [32minfo[39m: 	update student_dtl_t set c_ts="2023-05-23 21:49:18" ,Application_Fee='0_20230523214918_done.png' where c_by=129
2023-05-23 21:49:18 [32minfo[39m: 	select * from student_dtl_t where c_by=129 and
(SSC is  not null and Intermediate is not null)
2023-05-23 21:49:18 [32minfo[39m: 	Requested URL : 
2023-05-23 21:49:18 [32minfo[39m: 	/student_upload_get
2023-05-23 21:49:18 [32minfo[39m: 	Requested URL : 
2023-05-23 21:49:18 [32minfo[39m: 	/student_upload_get
2023-05-23 21:49:18 [32minfo[39m: 	Requested URL : 
2023-05-23 21:49:18 [32minfo[39m: 	/student_upload_get
2023-05-23 21:49:18 [32minfo[39m: 	Requested URL : 
2023-05-23 21:49:18 [32minfo[39m: 	/student_upload_get
2023-05-23 21:49:18 [32minfo[39m: 	select * from student_dtl_t where c_by='129'
2023-05-23 21:49:18 [32minfo[39m: 	select * from student_dtl_t where c_by='129'
2023-05-23 21:49:24 [32minfo[39m: 	Requested URL : 
2023-05-23 21:49:24 [32minfo[39m: 	/student_upload_submit
2023-05-23 21:49:24 [32minfo[39m: 	select * from student_dtl_t where c_by=129
2023-05-23 21:49:24 [32minfo[39m: 	update student_dtl_t set c_ts="2023-05-23 21:49:24" ,Application_Fee='0_20230523214924_done.png' where c_by=129
2023-05-23 21:49:24 [32minfo[39m: 	select * from student_dtl_t where c_by=129 and
(SSC is  not null and Intermediate is not null)
2023-05-23 21:49:24 [32minfo[39m: 	Requested URL : 
2023-05-23 21:49:24 [32minfo[39m: 	/student_upload_get
2023-05-23 21:49:24 [32minfo[39m: 	Requested URL : 
2023-05-23 21:49:24 [32minfo[39m: 	/student_upload_get
2023-05-23 21:49:24 [32minfo[39m: 	Requested URL : 
2023-05-23 21:49:24 [32minfo[39m: 	/student_upload_get
2023-05-23 21:49:24 [32minfo[39m: 	Requested URL : 
2023-05-23 21:49:24 [32minfo[39m: 	/student_upload_get
2023-05-23 21:49:24 [32minfo[39m: 	select * from student_dtl_t where c_by='129'
2023-05-23 21:49:24 [32minfo[39m: 	select * from student_dtl_t where c_by='129'
2023-05-23 21:49:29 [32minfo[39m: 	Requested URL : 
2023-05-23 21:49:29 [32minfo[39m: 	/student_upload_submit
2023-05-23 21:49:29 [32minfo[39m: 	select * from student_dtl_t where c_by=129
2023-05-23 21:49:29 [32minfo[39m: 	update student_dtl_t set c_ts="2023-05-23 21:49:29" ,SSC='1_20230523214929_done.png' where c_by=129
2023-05-23 21:49:29 [32minfo[39m: 	select * from student_dtl_t where c_by=129 and
(SSC is  not null and Intermediate is not null)
2023-05-23 21:49:29 [32minfo[39m: 	Requested URL : 
2023-05-23 21:49:29 [32minfo[39m: 	/student_upload_get
2023-05-23 21:49:29 [32minfo[39m: 	Requested URL : 
2023-05-23 21:49:29 [32minfo[39m: 	/student_upload_get
2023-05-23 21:49:29 [32minfo[39m: 	Requested URL : 
2023-05-23 21:49:29 [32minfo[39m: 	/student_upload_get
2023-05-23 21:49:29 [32minfo[39m: 	Requested URL : 
2023-05-23 21:49:29 [32minfo[39m: 	/student_upload_get
2023-05-23 21:49:29 [32minfo[39m: 	select * from student_dtl_t where c_by='129'
2023-05-23 21:49:29 [32minfo[39m: 	select * from student_dtl_t where c_by='129'
2023-05-23 21:49:38 [32minfo[39m: 	Requested URL : 
2023-05-23 21:49:38 [32minfo[39m: 	/student_upload_submit
2023-05-23 21:49:38 [32minfo[39m: 	select * from student_dtl_t where c_by=129
2023-05-23 21:49:38 [32minfo[39m: 	update student_dtl_t set c_ts="2023-05-23 21:49:38" ,Intermediate='0_20230523214938_done.png' where c_by=129
2023-05-23 21:49:38 [32minfo[39m: 	select * from student_dtl_t where c_by=129 and
(SSC is  not null and Intermediate is not null)
2023-05-23 21:49:38 [32minfo[39m: 	update student_dtl_t set status="Submitted" where c_by=129
2023-05-23 21:49:38 [32minfo[39m: 	Requested URL : 
2023-05-23 21:49:38 [32minfo[39m: 	/student_upload_get
2023-05-23 21:49:38 [32minfo[39m: 	Requested URL : 
2023-05-23 21:49:38 [32minfo[39m: 	/student_upload_get
2023-05-23 21:49:38 [32minfo[39m: 	Requested URL : 
2023-05-23 21:49:38 [32minfo[39m: 	/student_upload_get
2023-05-23 21:49:38 [32minfo[39m: 	Requested URL : 
2023-05-23 21:49:38 [32minfo[39m: 	/student_upload_get
2023-05-23 21:49:38 [32minfo[39m: 	select * from student_dtl_t where c_by='129'
2023-05-23 21:49:38 [32minfo[39m: 	select * from student_dtl_t where c_by='129'
2023-05-23 21:50:14 [32minfo[39m: 	Requested URL : 
2023-05-23 21:50:14 [32minfo[39m: 	/trackProcess
2023-05-23 21:50:14 [32minfo[39m: 	Requested URL : 
2023-05-23 21:50:14 [32minfo[39m: 	/trackProcess
2023-05-23 21:50:14 [32minfo[39m: 	SELECT r.id as prima,r.*,u.*,stu.* FROM reverted_stud_csv_admin_t  as r
left join users_dtl_t as u on u.email=r.email_id
left join student_dtl_t as stu on stu.c_by=u.id
where student_interest="Yes" and assign_indicator=1 and assigned_to=115;
2023-05-23 21:50:16 [31merror[39m: 	uncaughtException: Cannot set headers after they are sent to the client
Error [ERR_HTTP_HEADERS_SENT]: Cannot set headers after they are sent to the client
    at new NodeError (node:internal/errors:399:5)
    at ServerResponse.setHeader (node:_http_outgoing:645:11)
    at ServerResponse.header (D:\Projects\cpath_all\chrispathway_backendcode_node_express-main (1)\chrispathway_backendcode_node_express-main\node_modules\express\lib\response.js:794:10)
    at ServerResponse.send (D:\Projects\cpath_all\chrispathway_backendcode_node_express-main (1)\chrispathway_backendcode_node_express-main\node_modules\express\lib\response.js:174:12)
    at ServerResponse.json (D:\Projects\cpath_all\chrispathway_backendcode_node_express-main (1)\chrispathway_backendcode_node_express-main\node_modules\express\lib\response.js:278:15)
    at ServerResponse.send (D:\Projects\cpath_all\chrispathway_backendcode_node_express-main (1)\chrispathway_backendcode_node_express-main\node_modules\express\lib\response.js:162:21)
    at D:\Projects\cpath_all\chrispathway_backendcode_node_express-main (1)\chrispathway_backendcode_node_express-main\controllers\adminCtrl.js:600:13
    at Timeout._onTimeout (D:\Projects\cpath_all\chrispathway_backendcode_node_express-main (1)\chrispathway_backendcode_node_express-main\model\adminModel.js:774:15)
    at listOnTimeout (node:internal/timers:569:17)
    at process.processTimers (node:internal/timers:512:7)
2023-05-23 23:14:33 [32minfo[39m: 	Requested URL : 
2023-05-23 23:14:33 [32minfo[39m: 	/names_basedon_role
2023-05-23 23:14:33 [32minfo[39m: 	Requested URL : 
2023-05-23 23:14:33 [32minfo[39m: 	/names_basedon_role
2023-05-23 23:14:33 [32minfo[39m: 	Requested URL : 
2023-05-23 23:14:33 [32minfo[39m: 	/names_basedon_role
2023-05-23 23:14:33 [32minfo[39m: 	Requested URL : 
2023-05-23 23:14:33 [32minfo[39m: 	/notification_display
2023-05-23 23:14:33 [32minfo[39m: 	Requested URL : 
2023-05-23 23:14:33 [32minfo[39m: 	/names_basedon_role
2023-05-23 23:14:33 [32minfo[39m: 	Requested URL : 
2023-05-23 23:14:33 [32minfo[39m: 	/admin_reverted_list_get
2023-05-23 23:14:33 [32minfo[39m: 	Requested URL : 
2023-05-23 23:14:33 [32minfo[39m: 	/roles
2023-05-23 23:14:33 [32minfo[39m: 	Requested URL : 
2023-05-23 23:14:33 [32minfo[39m: 	/names_basedon_role
2023-05-23 23:14:33 [32minfo[39m: 	Requested URL : 
2023-05-23 23:14:33 [32minfo[39m: 	/names_basedon_role
2023-05-23 23:14:33 [32minfo[39m: 	Requested URL : 
2023-05-23 23:14:33 [32minfo[39m: 	/notification_display
2023-05-23 23:14:33 [32minfo[39m: 	SELECT id,user_name,email FROM users_dtl_t where role=3 and is_active=1;
2023-05-23 23:14:33 [32minfo[39m: 	select s.message,u.user_name as createdby,s.c_ts as createdtime,s.created_by as reciever_id,u.role as roleid from send_message_dtl_t as s 
join users_dtl_t as u on u.id=s.created_by
 where role_id=1  and name=1 order by s.id desc;
2023-05-23 23:14:33 [32minfo[39m: 	SELECT * FROM reverted_stud_csv_admin_t 
    where  student_interest='Future Followup' and is_active=1 order by checkbox_save desc;
2023-05-23 23:14:33 [32minfo[39m: 	SELECT id,user_name,email FROM users_dtl_t where role=4 and is_active=1;
2023-05-23 23:14:33 [32minfo[39m: 	SELECT * FROM roles_table where status=1;
2023-05-23 23:14:33 [32minfo[39m: 	SELECT id,user_name,email FROM users_dtl_t where role=2 and is_active=1;
